[0.511s] Invoking command in '/home/xn/unitree_go2_ws/build/helloworld': CMAKE_PREFIX_PATH=${CMAKE_PREFIX_PATH}:/home/xn/unitree_go2_ws/install/my_test_py:/home/xn/unitree_go2_ws/install/helloworld_py:/home/xn/unitree_go2_ws/install/go2_twist_bridge_py:/home/xn/unitree_go2_ws/install/go2_tutorial_py:/home/xn/unitree_go2_ws/install/go2_teleop_ctrl_keyboard:/home/xn/unitree_go2_ws/install/go2_driver_py:/opt/ros/foxy /usr/bin/cmake /home/xn/unitree_go2_ws/src/helloworld/helloworld -DAMENT_CMAKE_SYMLINK_INSTALL=1 -DCMAKE_INSTALL_PREFIX=/home/xn/unitree_go2_ws/install/helloworld
[0.524s] -- Found ament_cmake: 0.9.12 (/opt/ros/foxy/share/ament_cmake/cmake)
[0.545s] -- Using PYTHON_EXECUTABLE: /usr/bin/python3
[0.715s] -- Override CMake install command with custom implementation using symlinks instead of copying resources
[0.724s] -- Found rclcpp: 2.4.3 (/opt/ros/foxy/share/rclcpp/cmake)
[0.754s] -- Using all available rosidl_typesupport_c: rosidl_typesupport_fastrtps_c;rosidl_typesupport_introspection_c
[0.756s] -- Found rosidl_adapter: 1.3.1 (/opt/ros/foxy/share/rosidl_adapter/cmake)
[0.895s] -- Using all available rosidl_typesupport_cpp: rosidl_typesupport_fastrtps_cpp;rosidl_typesupport_introspection_cpp
[0.946s] -- Found rmw_implementation_cmake: 1.0.4 (/opt/ros/foxy/share/rmw_implementation_cmake/cmake)
[0.946s] -- Using RMW implementation 'rmw_cyclonedds_cpp' as default
[1.121s] -- Found unitree_api: 0.0.0 (/home/xn/unitree_ros2/cyclonedds_ws/install/unitree_api/share/unitree_api/cmake)
[1.221s] -- Found ament_lint_auto: 0.9.8 (/opt/ros/foxy/share/ament_lint_auto/cmake)
[1.297s] -- Added test 'copyright' to check source files copyright and LICENSE
[1.299s] -- Added test 'cppcheck' to perform static code analysis on C / C++ code
[1.300s] -- Configured cppcheck include dirs: $<BUILD_INTERFACE:/home/xn/unitree_go2_ws/src/helloworld/helloworld/include>
[1.300s] -- Configured cppcheck exclude dirs and/or files: 
[1.300s] -- Added test 'cpplint' to check C / C++ code against the Google style
[1.300s] -- Configured cpplint exclude dirs and/or files: 
[1.301s] -- Added test 'lint_cmake' to check CMake code style
[1.301s] -- Added test 'uncrustify' to check C / C++ code style
[1.301s] -- Configured uncrustify additional arguments: 
[1.302s] -- Added test 'xmllint' to check XML markup files
[1.306s] -- Configuring done
[1.330s] -- Generating done
[1.337s] -- Build files have been written to: /home/xn/unitree_go2_ws/build/helloworld
[1.351s] Invoked command in '/home/xn/unitree_go2_ws/build/helloworld' returned '0': CMAKE_PREFIX_PATH=${CMAKE_PREFIX_PATH}:/home/xn/unitree_go2_ws/install/my_test_py:/home/xn/unitree_go2_ws/install/helloworld_py:/home/xn/unitree_go2_ws/install/go2_twist_bridge_py:/home/xn/unitree_go2_ws/install/go2_tutorial_py:/home/xn/unitree_go2_ws/install/go2_teleop_ctrl_keyboard:/home/xn/unitree_go2_ws/install/go2_driver_py:/opt/ros/foxy /usr/bin/cmake /home/xn/unitree_go2_ws/src/helloworld/helloworld -DAMENT_CMAKE_SYMLINK_INSTALL=1 -DCMAKE_INSTALL_PREFIX=/home/xn/unitree_go2_ws/install/helloworld
[1.357s] Invoking command in '/home/xn/unitree_go2_ws/build/helloworld': CMAKE_PREFIX_PATH=${CMAKE_PREFIX_PATH}:/home/xn/unitree_go2_ws/install/my_test_py:/home/xn/unitree_go2_ws/install/helloworld_py:/home/xn/unitree_go2_ws/install/go2_twist_bridge_py:/home/xn/unitree_go2_ws/install/go2_tutorial_py:/home/xn/unitree_go2_ws/install/go2_teleop_ctrl_keyboard:/home/xn/unitree_go2_ws/install/go2_driver_py:/opt/ros/foxy /usr/bin/cmake --build /home/xn/unitree_go2_ws/build/helloworld -- -j8 -l8
[1.438s] [ 50%] [32m[1mLinking CXX executable hello[0m
[1.555s] [100%] Built target hello
[1.780s] Invoked command in '/home/xn/unitree_go2_ws/build/helloworld' returned '0': CMAKE_PREFIX_PATH=${CMAKE_PREFIX_PATH}:/home/xn/unitree_go2_ws/install/my_test_py:/home/xn/unitree_go2_ws/install/helloworld_py:/home/xn/unitree_go2_ws/install/go2_twist_bridge_py:/home/xn/unitree_go2_ws/install/go2_tutorial_py:/home/xn/unitree_go2_ws/install/go2_teleop_ctrl_keyboard:/home/xn/unitree_go2_ws/install/go2_driver_py:/opt/ros/foxy /usr/bin/cmake --build /home/xn/unitree_go2_ws/build/helloworld -- -j8 -l8
[1.782s] Invoking command in '/home/xn/unitree_go2_ws/build/helloworld': CMAKE_PREFIX_PATH=${CMAKE_PREFIX_PATH}:/home/xn/unitree_go2_ws/install/my_test_py:/home/xn/unitree_go2_ws/install/helloworld_py:/home/xn/unitree_go2_ws/install/go2_twist_bridge_py:/home/xn/unitree_go2_ws/install/go2_tutorial_py:/home/xn/unitree_go2_ws/install/go2_teleop_ctrl_keyboard:/home/xn/unitree_go2_ws/install/go2_driver_py:/opt/ros/foxy /usr/bin/cmake --install /home/xn/unitree_go2_ws/build/helloworld
[1.807s] -- Install configuration: ""
[1.807s] -- Execute custom install script
[1.807s] -- Symlinking: /home/xn/unitree_go2_ws/install/helloworld/lib/helloworld/hello
[1.807s] -- Symlinking: /home/xn/unitree_go2_ws/install/helloworld/share/ament_index/resource_index/package_run_dependencies/helloworld
[1.811s] -- Symlinking: /home/xn/unitree_go2_ws/install/helloworld/share/ament_index/resource_index/parent_prefix_path/helloworld
[1.819s] -- Symlinking: /home/xn/unitree_go2_ws/install/helloworld/share/helloworld/environment/ament_prefix_path.sh
[1.849s] -- Symlinking: /home/xn/unitree_go2_ws/install/helloworld/share/helloworld/environment/ament_prefix_path.dsv
[1.860s] -- Symlinking: /home/xn/unitree_go2_ws/install/helloworld/share/helloworld/environment/path.sh
[1.871s] -- Symlinking: /home/xn/unitree_go2_ws/install/helloworld/share/helloworld/environment/path.dsv
[1.877s] -- Symlinking: /home/xn/unitree_go2_ws/install/helloworld/share/helloworld/local_setup.bash
[1.907s] -- Symlinking: /home/xn/unitree_go2_ws/install/helloworld/share/helloworld/local_setup.sh
[1.921s] -- Symlinking: /home/xn/unitree_go2_ws/install/helloworld/share/helloworld/local_setup.zsh
[1.946s] -- Symlinking: /home/xn/unitree_go2_ws/install/helloworld/share/helloworld/local_setup.dsv
[1.960s] -- Symlinking: /home/xn/unitree_go2_ws/install/helloworld/share/helloworld/package.dsv
[1.976s] -- Symlinking: /home/xn/unitree_go2_ws/install/helloworld/share/ament_index/resource_index/packages/helloworld
[1.984s] -- Symlinking: /home/xn/unitree_go2_ws/install/helloworld/share/helloworld/cmake/helloworldConfig.cmake
[2.000s] -- Symlinking: /home/xn/unitree_go2_ws/install/helloworld/share/helloworld/cmake/helloworldConfig-version.cmake
[2.026s] -- Symlinking: /home/xn/unitree_go2_ws/install/helloworld/share/helloworld/package.xml
[2.067s] Invoked command in '/home/xn/unitree_go2_ws/build/helloworld' returned '0': CMAKE_PREFIX_PATH=${CMAKE_PREFIX_PATH}:/home/xn/unitree_go2_ws/install/my_test_py:/home/xn/unitree_go2_ws/install/helloworld_py:/home/xn/unitree_go2_ws/install/go2_twist_bridge_py:/home/xn/unitree_go2_ws/install/go2_tutorial_py:/home/xn/unitree_go2_ws/install/go2_teleop_ctrl_keyboard:/home/xn/unitree_go2_ws/install/go2_driver_py:/opt/ros/foxy /usr/bin/cmake --install /home/xn/unitree_go2_ws/build/helloworld
