[0.109s] DEBUG:colcon:Command line arguments: ['/usr/bin/colcon', 'build']
[0.109s] DEBUG:colcon:Parsed command line arguments: Namespace(allow_overriding=[], ament_cmake_args=None, base_paths=['.'], build_base='build', catkin_cmake_args=None, catkin_skip_building_tests=False, cmake_args=None, cmake_clean_cache=False, cmake_clean_first=False, cmake_force_configure=False, cmake_target=None, cmake_target_skip_unavailable=False, continue_on_error=False, event_handlers=None, executor='parallel', ignore_user_meta=False, install_base='install', log_base=None, log_level=None, main=<bound method BuildVerb.main of <colcon_core.verb.build.BuildVerb object at 0x7fd84dd56520>>, merge_install=False, metas=['./colcon.meta'], mixin=None, mixin_files=None, mixin_verb=('build',), packages_above=None, packages_above_and_dependencies=None, packages_above_depth=None, packages_end=None, packages_ignore=None, packages_ignore_regex=None, packages_select=None, packages_select_build_failed=False, packages_select_by_dep=None, packages_select_regex=None, packages_select_test_failures=False, packages_skip=None, packages_skip_build_finished=False, packages_skip_by_dep=None, packages_skip_regex=None, packages_skip_test_passed=False, packages_skip_up_to=None, packages_start=None, packages_up_to=None, packages_up_to_regex=None, parallel_workers=4, paths=None, symlink_install=False, test_result_base=None, verb_extension=<colcon_core.verb.build.BuildVerb object at 0x7fd84dd56520>, verb_name='build', verb_parser=<colcon_mixin.mixin.mixin_argument.MixinArgumentDecorator object at 0x7fd84dd56a00>)
[0.192s] Level 1:colcon.colcon_core.package_discovery:discover_packages(colcon_meta) check parameters
[0.192s] Level 1:colcon.colcon_core.package_discovery:discover_packages(recursive) check parameters
[0.192s] Level 1:colcon.colcon_core.package_discovery:discover_packages(ignore) check parameters
[0.192s] Level 1:colcon.colcon_core.package_discovery:discover_packages(path) check parameters
[0.192s] Level 1:colcon.colcon_core.package_discovery:discover_packages(colcon_meta) discover
[0.192s] Level 1:colcon.colcon_core.package_discovery:discover_packages(recursive) discover
[0.192s] INFO:colcon.colcon_core.package_discovery:Crawling recursively for packages in '/home/xn/unitree_go2_ws'
[0.192s] Level 1:colcon.colcon_core.package_identification:_identify(.) by extensions ['ignore', 'ignore_ament_install']
[0.192s] Level 1:colcon.colcon_core.package_identification:_identify(.) by extension 'ignore'
[0.192s] Level 1:colcon.colcon_core.package_identification:_identify(.) by extension 'ignore_ament_install'
[0.192s] Level 1:colcon.colcon_core.package_identification:_identify(.) by extensions ['colcon_pkg']
[0.192s] Level 1:colcon.colcon_core.package_identification:_identify(.) by extension 'colcon_pkg'
[0.192s] Level 1:colcon.colcon_core.package_identification:_identify(.) by extensions ['colcon_meta']
[0.192s] Level 1:colcon.colcon_core.package_identification:_identify(.) by extension 'colcon_meta'
[0.192s] Level 1:colcon.colcon_core.package_identification:_identify(.) by extensions ['ros']
[0.192s] Level 1:colcon.colcon_core.package_identification:_identify(.) by extension 'ros'
[0.200s] Level 1:colcon.colcon_core.package_identification:_identify(.) by extensions ['cmake', 'python']
[0.200s] Level 1:colcon.colcon_core.package_identification:_identify(.) by extension 'cmake'
[0.200s] Level 1:colcon.colcon_core.package_identification:_identify(.) by extension 'python'
[0.200s] Level 1:colcon.colcon_core.package_identification:_identify(.) by extensions ['python_setup_py']
[0.200s] Level 1:colcon.colcon_core.package_identification:_identify(.) by extension 'python_setup_py'
[0.201s] Level 1:colcon.colcon_core.package_identification:_identify(build) by extensions ['ignore', 'ignore_ament_install']
[0.201s] Level 1:colcon.colcon_core.package_identification:_identify(build) by extension 'ignore'
[0.201s] Level 1:colcon.colcon_core.package_identification:_identify(build) ignored
[0.201s] Level 1:colcon.colcon_core.package_identification:_identify(install) by extensions ['ignore', 'ignore_ament_install']
[0.201s] Level 1:colcon.colcon_core.package_identification:_identify(install) by extension 'ignore'
[0.201s] Level 1:colcon.colcon_core.package_identification:_identify(install) ignored
[0.201s] Level 1:colcon.colcon_core.package_identification:_identify(log) by extensions ['ignore', 'ignore_ament_install']
[0.201s] Level 1:colcon.colcon_core.package_identification:_identify(log) by extension 'ignore'
[0.201s] Level 1:colcon.colcon_core.package_identification:_identify(log) ignored
[0.201s] Level 1:colcon.colcon_core.package_identification:_identify(src) by extensions ['ignore', 'ignore_ament_install']
[0.201s] Level 1:colcon.colcon_core.package_identification:_identify(src) by extension 'ignore'
[0.201s] Level 1:colcon.colcon_core.package_identification:_identify(src) by extension 'ignore_ament_install'
[0.201s] Level 1:colcon.colcon_core.package_identification:_identify(src) by extensions ['colcon_pkg']
[0.201s] Level 1:colcon.colcon_core.package_identification:_identify(src) by extension 'colcon_pkg'
[0.201s] Level 1:colcon.colcon_core.package_identification:_identify(src) by extensions ['colcon_meta']
[0.201s] Level 1:colcon.colcon_core.package_identification:_identify(src) by extension 'colcon_meta'
[0.201s] Level 1:colcon.colcon_core.package_identification:_identify(src) by extensions ['ros']
[0.201s] Level 1:colcon.colcon_core.package_identification:_identify(src) by extension 'ros'
[0.201s] Level 1:colcon.colcon_core.package_identification:_identify(src) by extensions ['cmake', 'python']
[0.201s] Level 1:colcon.colcon_core.package_identification:_identify(src) by extension 'cmake'
[0.201s] Level 1:colcon.colcon_core.package_identification:_identify(src) by extension 'python'
[0.201s] Level 1:colcon.colcon_core.package_identification:_identify(src) by extensions ['python_setup_py']
[0.201s] Level 1:colcon.colcon_core.package_identification:_identify(src) by extension 'python_setup_py'
[0.201s] Level 1:colcon.colcon_core.package_identification:_identify(src/base) by extensions ['ignore', 'ignore_ament_install']
[0.201s] Level 1:colcon.colcon_core.package_identification:_identify(src/base) by extension 'ignore'
[0.201s] Level 1:colcon.colcon_core.package_identification:_identify(src/base) by extension 'ignore_ament_install'
[0.201s] Level 1:colcon.colcon_core.package_identification:_identify(src/base) by extensions ['colcon_pkg']
[0.201s] Level 1:colcon.colcon_core.package_identification:_identify(src/base) by extension 'colcon_pkg'
[0.202s] Level 1:colcon.colcon_core.package_identification:_identify(src/base) by extensions ['colcon_meta']
[0.202s] Level 1:colcon.colcon_core.package_identification:_identify(src/base) by extension 'colcon_meta'
[0.202s] Level 1:colcon.colcon_core.package_identification:_identify(src/base) by extensions ['ros']
[0.202s] Level 1:colcon.colcon_core.package_identification:_identify(src/base) by extension 'ros'
[0.202s] Level 1:colcon.colcon_core.package_identification:_identify(src/base) by extensions ['cmake', 'python']
[0.202s] Level 1:colcon.colcon_core.package_identification:_identify(src/base) by extension 'cmake'
[0.202s] Level 1:colcon.colcon_core.package_identification:_identify(src/base) by extension 'python'
[0.202s] Level 1:colcon.colcon_core.package_identification:_identify(src/base) by extensions ['python_setup_py']
[0.202s] Level 1:colcon.colcon_core.package_identification:_identify(src/base) by extension 'python_setup_py'
[0.202s] Level 1:colcon.colcon_core.package_identification:_identify(src/base/go2_teleop_ctrl_keyboard) by extensions ['ignore', 'ignore_ament_install']
[0.202s] Level 1:colcon.colcon_core.package_identification:_identify(src/base/go2_teleop_ctrl_keyboard) by extension 'ignore'
[0.202s] Level 1:colcon.colcon_core.package_identification:_identify(src/base/go2_teleop_ctrl_keyboard) by extension 'ignore_ament_install'
[0.202s] Level 1:colcon.colcon_core.package_identification:_identify(src/base/go2_teleop_ctrl_keyboard) by extensions ['colcon_pkg']
[0.202s] Level 1:colcon.colcon_core.package_identification:_identify(src/base/go2_teleop_ctrl_keyboard) by extension 'colcon_pkg'
[0.202s] Level 1:colcon.colcon_core.package_identification:_identify(src/base/go2_teleop_ctrl_keyboard) by extensions ['colcon_meta']
[0.202s] Level 1:colcon.colcon_core.package_identification:_identify(src/base/go2_teleop_ctrl_keyboard) by extension 'colcon_meta'
[0.202s] Level 1:colcon.colcon_core.package_identification:_identify(src/base/go2_teleop_ctrl_keyboard) by extensions ['ros']
[0.202s] Level 1:colcon.colcon_core.package_identification:_identify(src/base/go2_teleop_ctrl_keyboard) by extension 'ros'
[0.204s] DEBUG:colcon.colcon_core.package_identification:Package 'src/base/go2_teleop_ctrl_keyboard' with type 'ros.ament_python' and name 'go2_teleop_ctrl_keyboard'
[0.204s] Level 1:colcon.colcon_core.package_identification:_identify(src/base/go2_twist_bridge) by extensions ['ignore', 'ignore_ament_install']
[0.204s] Level 1:colcon.colcon_core.package_identification:_identify(src/base/go2_twist_bridge) by extension 'ignore'
[0.204s] Level 1:colcon.colcon_core.package_identification:_identify(src/base/go2_twist_bridge) by extension 'ignore_ament_install'
[0.204s] Level 1:colcon.colcon_core.package_identification:_identify(src/base/go2_twist_bridge) by extensions ['colcon_pkg']
[0.204s] Level 1:colcon.colcon_core.package_identification:_identify(src/base/go2_twist_bridge) by extension 'colcon_pkg'
[0.204s] Level 1:colcon.colcon_core.package_identification:_identify(src/base/go2_twist_bridge) by extensions ['colcon_meta']
[0.204s] Level 1:colcon.colcon_core.package_identification:_identify(src/base/go2_twist_bridge) by extension 'colcon_meta'
[0.204s] Level 1:colcon.colcon_core.package_identification:_identify(src/base/go2_twist_bridge) by extensions ['ros']
[0.204s] Level 1:colcon.colcon_core.package_identification:_identify(src/base/go2_twist_bridge) by extension 'ros'
[0.205s] DEBUG:colcon.colcon_core.package_identification:Package 'src/base/go2_twist_bridge' with type 'ros.ament_cmake' and name 'go2_twist_bridge'
[0.205s] Level 1:colcon.colcon_core.package_identification:_identify(src/base/go2_twist_bridge_py) by extensions ['ignore', 'ignore_ament_install']
[0.205s] Level 1:colcon.colcon_core.package_identification:_identify(src/base/go2_twist_bridge_py) by extension 'ignore'
[0.205s] Level 1:colcon.colcon_core.package_identification:_identify(src/base/go2_twist_bridge_py) by extension 'ignore_ament_install'
[0.205s] Level 1:colcon.colcon_core.package_identification:_identify(src/base/go2_twist_bridge_py) by extensions ['colcon_pkg']
[0.205s] Level 1:colcon.colcon_core.package_identification:_identify(src/base/go2_twist_bridge_py) by extension 'colcon_pkg'
[0.205s] Level 1:colcon.colcon_core.package_identification:_identify(src/base/go2_twist_bridge_py) by extensions ['colcon_meta']
[0.205s] Level 1:colcon.colcon_core.package_identification:_identify(src/base/go2_twist_bridge_py) by extension 'colcon_meta'
[0.205s] Level 1:colcon.colcon_core.package_identification:_identify(src/base/go2_twist_bridge_py) by extensions ['ros']
[0.205s] Level 1:colcon.colcon_core.package_identification:_identify(src/base/go2_twist_bridge_py) by extension 'ros'
[0.205s] DEBUG:colcon.colcon_core.package_identification:Package 'src/base/go2_twist_bridge_py' with type 'ros.ament_python' and name 'go2_twist_bridge_py'
[0.206s] Level 1:colcon.colcon_core.package_identification:_identify(src/helloworld) by extensions ['ignore', 'ignore_ament_install']
[0.206s] Level 1:colcon.colcon_core.package_identification:_identify(src/helloworld) by extension 'ignore'
[0.206s] Level 1:colcon.colcon_core.package_identification:_identify(src/helloworld) by extension 'ignore_ament_install'
[0.206s] Level 1:colcon.colcon_core.package_identification:_identify(src/helloworld) by extensions ['colcon_pkg']
[0.206s] Level 1:colcon.colcon_core.package_identification:_identify(src/helloworld) by extension 'colcon_pkg'
[0.206s] Level 1:colcon.colcon_core.package_identification:_identify(src/helloworld) by extensions ['colcon_meta']
[0.206s] Level 1:colcon.colcon_core.package_identification:_identify(src/helloworld) by extension 'colcon_meta'
[0.206s] Level 1:colcon.colcon_core.package_identification:_identify(src/helloworld) by extensions ['ros']
[0.206s] Level 1:colcon.colcon_core.package_identification:_identify(src/helloworld) by extension 'ros'
[0.206s] Level 1:colcon.colcon_core.package_identification:_identify(src/helloworld) by extensions ['cmake', 'python']
[0.206s] Level 1:colcon.colcon_core.package_identification:_identify(src/helloworld) by extension 'cmake'
[0.206s] Level 1:colcon.colcon_core.package_identification:_identify(src/helloworld) by extension 'python'
[0.206s] Level 1:colcon.colcon_core.package_identification:_identify(src/helloworld) by extensions ['python_setup_py']
[0.206s] Level 1:colcon.colcon_core.package_identification:_identify(src/helloworld) by extension 'python_setup_py'
[0.206s] Level 1:colcon.colcon_core.package_identification:_identify(src/helloworld/helloworld) by extensions ['ignore', 'ignore_ament_install']
[0.206s] Level 1:colcon.colcon_core.package_identification:_identify(src/helloworld/helloworld) by extension 'ignore'
[0.206s] Level 1:colcon.colcon_core.package_identification:_identify(src/helloworld/helloworld) by extension 'ignore_ament_install'
[0.206s] Level 1:colcon.colcon_core.package_identification:_identify(src/helloworld/helloworld) by extensions ['colcon_pkg']
[0.206s] Level 1:colcon.colcon_core.package_identification:_identify(src/helloworld/helloworld) by extension 'colcon_pkg'
[0.206s] Level 1:colcon.colcon_core.package_identification:_identify(src/helloworld/helloworld) by extensions ['colcon_meta']
[0.206s] Level 1:colcon.colcon_core.package_identification:_identify(src/helloworld/helloworld) by extension 'colcon_meta'
[0.206s] Level 1:colcon.colcon_core.package_identification:_identify(src/helloworld/helloworld) by extensions ['ros']
[0.206s] Level 1:colcon.colcon_core.package_identification:_identify(src/helloworld/helloworld) by extension 'ros'
[0.207s] DEBUG:colcon.colcon_core.package_identification:Package 'src/helloworld/helloworld' with type 'ros.ament_cmake' and name 'helloworld'
[0.207s] Level 1:colcon.colcon_core.package_identification:_identify(src/helloworld/helloworld_py) by extensions ['ignore', 'ignore_ament_install']
[0.207s] Level 1:colcon.colcon_core.package_identification:_identify(src/helloworld/helloworld_py) by extension 'ignore'
[0.207s] Level 1:colcon.colcon_core.package_identification:_identify(src/helloworld/helloworld_py) by extension 'ignore_ament_install'
[0.207s] Level 1:colcon.colcon_core.package_identification:_identify(src/helloworld/helloworld_py) by extensions ['colcon_pkg']
[0.207s] Level 1:colcon.colcon_core.package_identification:_identify(src/helloworld/helloworld_py) by extension 'colcon_pkg'
[0.207s] Level 1:colcon.colcon_core.package_identification:_identify(src/helloworld/helloworld_py) by extensions ['colcon_meta']
[0.207s] Level 1:colcon.colcon_core.package_identification:_identify(src/helloworld/helloworld_py) by extension 'colcon_meta'
[0.207s] Level 1:colcon.colcon_core.package_identification:_identify(src/helloworld/helloworld_py) by extensions ['ros']
[0.207s] Level 1:colcon.colcon_core.package_identification:_identify(src/helloworld/helloworld_py) by extension 'ros'
[0.207s] DEBUG:colcon.colcon_core.package_identification:Package 'src/helloworld/helloworld_py' with type 'ros.ament_python' and name 'helloworld_py'
[0.207s] Level 1:colcon.colcon_core.package_identification:_identify(src/test) by extensions ['ignore', 'ignore_ament_install']
[0.207s] Level 1:colcon.colcon_core.package_identification:_identify(src/test) by extension 'ignore'
[0.208s] Level 1:colcon.colcon_core.package_identification:_identify(src/test) by extension 'ignore_ament_install'
[0.208s] Level 1:colcon.colcon_core.package_identification:_identify(src/test) by extensions ['colcon_pkg']
[0.208s] Level 1:colcon.colcon_core.package_identification:_identify(src/test) by extension 'colcon_pkg'
[0.208s] Level 1:colcon.colcon_core.package_identification:_identify(src/test) by extensions ['colcon_meta']
[0.208s] Level 1:colcon.colcon_core.package_identification:_identify(src/test) by extension 'colcon_meta'
[0.208s] Level 1:colcon.colcon_core.package_identification:_identify(src/test) by extensions ['ros']
[0.208s] Level 1:colcon.colcon_core.package_identification:_identify(src/test) by extension 'ros'
[0.208s] Level 1:colcon.colcon_core.package_identification:_identify(src/test) by extensions ['cmake', 'python']
[0.208s] Level 1:colcon.colcon_core.package_identification:_identify(src/test) by extension 'cmake'
[0.208s] Level 1:colcon.colcon_core.package_identification:_identify(src/test) by extension 'python'
[0.208s] Level 1:colcon.colcon_core.package_identification:_identify(src/test) by extensions ['python_setup_py']
[0.208s] Level 1:colcon.colcon_core.package_identification:_identify(src/test) by extension 'python_setup_py'
[0.208s] Level 1:colcon.colcon_core.package_identification:_identify(src/test/my_test_py) by extensions ['ignore', 'ignore_ament_install']
[0.208s] Level 1:colcon.colcon_core.package_identification:_identify(src/test/my_test_py) by extension 'ignore'
[0.208s] Level 1:colcon.colcon_core.package_identification:_identify(src/test/my_test_py) by extension 'ignore_ament_install'
[0.208s] Level 1:colcon.colcon_core.package_identification:_identify(src/test/my_test_py) by extensions ['colcon_pkg']
[0.208s] Level 1:colcon.colcon_core.package_identification:_identify(src/test/my_test_py) by extension 'colcon_pkg'
[0.208s] Level 1:colcon.colcon_core.package_identification:_identify(src/test/my_test_py) by extensions ['colcon_meta']
[0.208s] Level 1:colcon.colcon_core.package_identification:_identify(src/test/my_test_py) by extension 'colcon_meta'
[0.208s] Level 1:colcon.colcon_core.package_identification:_identify(src/test/my_test_py) by extensions ['ros']
[0.208s] Level 1:colcon.colcon_core.package_identification:_identify(src/test/my_test_py) by extension 'ros'
[0.208s] DEBUG:colcon.colcon_core.package_identification:Package 'src/test/my_test_py' with type 'ros.ament_python' and name 'my_test_py'
[0.209s] Level 1:colcon.colcon_core.package_identification:_identify(src/tutorial) by extensions ['ignore', 'ignore_ament_install']
[0.209s] Level 1:colcon.colcon_core.package_identification:_identify(src/tutorial) by extension 'ignore'
[0.209s] Level 1:colcon.colcon_core.package_identification:_identify(src/tutorial) by extension 'ignore_ament_install'
[0.209s] Level 1:colcon.colcon_core.package_identification:_identify(src/tutorial) by extensions ['colcon_pkg']
[0.209s] Level 1:colcon.colcon_core.package_identification:_identify(src/tutorial) by extension 'colcon_pkg'
[0.209s] Level 1:colcon.colcon_core.package_identification:_identify(src/tutorial) by extensions ['colcon_meta']
[0.209s] Level 1:colcon.colcon_core.package_identification:_identify(src/tutorial) by extension 'colcon_meta'
[0.209s] Level 1:colcon.colcon_core.package_identification:_identify(src/tutorial) by extensions ['ros']
[0.209s] Level 1:colcon.colcon_core.package_identification:_identify(src/tutorial) by extension 'ros'
[0.209s] Level 1:colcon.colcon_core.package_identification:_identify(src/tutorial) by extensions ['cmake', 'python']
[0.209s] Level 1:colcon.colcon_core.package_identification:_identify(src/tutorial) by extension 'cmake'
[0.209s] Level 1:colcon.colcon_core.package_identification:_identify(src/tutorial) by extension 'python'
[0.209s] Level 1:colcon.colcon_core.package_identification:_identify(src/tutorial) by extensions ['python_setup_py']
[0.209s] Level 1:colcon.colcon_core.package_identification:_identify(src/tutorial) by extension 'python_setup_py'
[0.209s] Level 1:colcon.colcon_core.package_discovery:discover_packages(recursive) using defaults
[0.209s] Level 1:colcon.colcon_core.package_discovery:discover_packages(ignore) discover
[0.209s] Level 1:colcon.colcon_core.package_discovery:discover_packages(ignore) using defaults
[0.209s] Level 1:colcon.colcon_core.package_discovery:discover_packages(path) discover
[0.209s] Level 1:colcon.colcon_core.package_discovery:discover_packages(path) using defaults
[0.220s] Level 1:colcon.colcon_core.package_discovery:discover_packages(prefix_path) check parameters
[0.220s] Level 1:colcon.colcon_core.package_discovery:discover_packages(prefix_path) discover
[0.221s] WARNING:colcon.colcon_core.prefix_path.colcon:The path '/home/xn/unitree_go2_ws/src/base/install' in the environment variable COLCON_PREFIX_PATH doesn't exist
[0.221s] WARNING:colcon.colcon_ros.prefix_path.ament:The path '/home/xn/unitree_go2_ws/src/base/install/go2_twist_bridge_py' in the environment variable AMENT_PREFIX_PATH doesn't exist
[0.221s] WARNING:colcon.colcon_ros.prefix_path.ament:The path '/home/xn/unitree_go2_ws/src/base/install/go2_twist_bridge' in the environment variable AMENT_PREFIX_PATH doesn't exist
[0.221s] WARNING:colcon.colcon_ros.prefix_path.ament:The path '/home/xn/unitree_go2_ws/src/base/install/go2_teleop_ctrl_keyboard' in the environment variable AMENT_PREFIX_PATH doesn't exist
[0.222s] WARNING:colcon.colcon_ros.prefix_path.catkin:The path '/home/xn/unitree_go2_ws/src/base/install/go2_twist_bridge' in the environment variable CMAKE_PREFIX_PATH doesn't exist
[0.222s] DEBUG:colcon.colcon_installed_package_information.package_discovery:Found 6 installed packages in /home/xn/unitree_go2_ws/install
[0.223s] DEBUG:colcon.colcon_installed_package_information.package_discovery:Found 5 installed packages in /home/xn/unitree_ros2/cyclonedds_ws/install
[0.223s] DEBUG:colcon.colcon_installed_package_information.package_discovery:Found 258 installed packages in /opt/ros/foxy
[0.235s] Level 1:colcon.colcon_core.package_discovery:discover_packages(prefix_path) using defaults
[0.269s] Level 5:colcon.colcon_core.verb:set package 'go2_teleop_ctrl_keyboard' build argument 'cmake_args' from command line to 'None'
[0.269s] Level 5:colcon.colcon_core.verb:set package 'go2_teleop_ctrl_keyboard' build argument 'cmake_target' from command line to 'None'
[0.269s] Level 5:colcon.colcon_core.verb:set package 'go2_teleop_ctrl_keyboard' build argument 'cmake_target_skip_unavailable' from command line to 'False'
[0.269s] Level 5:colcon.colcon_core.verb:set package 'go2_teleop_ctrl_keyboard' build argument 'cmake_clean_cache' from command line to 'False'
[0.269s] Level 5:colcon.colcon_core.verb:set package 'go2_teleop_ctrl_keyboard' build argument 'cmake_clean_first' from command line to 'False'
[0.269s] Level 5:colcon.colcon_core.verb:set package 'go2_teleop_ctrl_keyboard' build argument 'cmake_force_configure' from command line to 'False'
[0.269s] Level 5:colcon.colcon_core.verb:set package 'go2_teleop_ctrl_keyboard' build argument 'ament_cmake_args' from command line to 'None'
[0.269s] Level 5:colcon.colcon_core.verb:set package 'go2_teleop_ctrl_keyboard' build argument 'catkin_cmake_args' from command line to 'None'
[0.269s] Level 5:colcon.colcon_core.verb:set package 'go2_teleop_ctrl_keyboard' build argument 'catkin_skip_building_tests' from command line to 'False'
[0.269s] DEBUG:colcon.colcon_core.verb:Building package 'go2_teleop_ctrl_keyboard' with the following arguments: {'ament_cmake_args': None, 'build_base': '/home/xn/unitree_go2_ws/build/go2_teleop_ctrl_keyboard', 'catkin_cmake_args': None, 'catkin_skip_building_tests': False, 'cmake_args': None, 'cmake_clean_cache': False, 'cmake_clean_first': False, 'cmake_force_configure': False, 'cmake_target': None, 'cmake_target_skip_unavailable': False, 'install_base': '/home/xn/unitree_go2_ws/install/go2_teleop_ctrl_keyboard', 'merge_install': False, 'path': '/home/xn/unitree_go2_ws/src/base/go2_teleop_ctrl_keyboard', 'symlink_install': False, 'test_result_base': None}
[0.270s] Level 5:colcon.colcon_core.verb:set package 'go2_twist_bridge' build argument 'cmake_args' from command line to 'None'
[0.270s] Level 5:colcon.colcon_core.verb:set package 'go2_twist_bridge' build argument 'cmake_target' from command line to 'None'
[0.270s] Level 5:colcon.colcon_core.verb:set package 'go2_twist_bridge' build argument 'cmake_target_skip_unavailable' from command line to 'False'
[0.270s] Level 5:colcon.colcon_core.verb:set package 'go2_twist_bridge' build argument 'cmake_clean_cache' from command line to 'False'
[0.270s] Level 5:colcon.colcon_core.verb:set package 'go2_twist_bridge' build argument 'cmake_clean_first' from command line to 'False'
[0.270s] Level 5:colcon.colcon_core.verb:set package 'go2_twist_bridge' build argument 'cmake_force_configure' from command line to 'False'
[0.270s] Level 5:colcon.colcon_core.verb:set package 'go2_twist_bridge' build argument 'ament_cmake_args' from command line to 'None'
[0.270s] Level 5:colcon.colcon_core.verb:set package 'go2_twist_bridge' build argument 'catkin_cmake_args' from command line to 'None'
[0.270s] Level 5:colcon.colcon_core.verb:set package 'go2_twist_bridge' build argument 'catkin_skip_building_tests' from command line to 'False'
[0.270s] DEBUG:colcon.colcon_core.verb:Building package 'go2_twist_bridge' with the following arguments: {'ament_cmake_args': None, 'build_base': '/home/xn/unitree_go2_ws/build/go2_twist_bridge', 'catkin_cmake_args': None, 'catkin_skip_building_tests': False, 'cmake_args': None, 'cmake_clean_cache': False, 'cmake_clean_first': False, 'cmake_force_configure': False, 'cmake_target': None, 'cmake_target_skip_unavailable': False, 'install_base': '/home/xn/unitree_go2_ws/install/go2_twist_bridge', 'merge_install': False, 'path': '/home/xn/unitree_go2_ws/src/base/go2_twist_bridge', 'symlink_install': False, 'test_result_base': None}
[0.270s] Level 5:colcon.colcon_core.verb:set package 'go2_twist_bridge_py' build argument 'cmake_args' from command line to 'None'
[0.270s] Level 5:colcon.colcon_core.verb:set package 'go2_twist_bridge_py' build argument 'cmake_target' from command line to 'None'
[0.270s] Level 5:colcon.colcon_core.verb:set package 'go2_twist_bridge_py' build argument 'cmake_target_skip_unavailable' from command line to 'False'
[0.270s] Level 5:colcon.colcon_core.verb:set package 'go2_twist_bridge_py' build argument 'cmake_clean_cache' from command line to 'False'
[0.270s] Level 5:colcon.colcon_core.verb:set package 'go2_twist_bridge_py' build argument 'cmake_clean_first' from command line to 'False'
[0.270s] Level 5:colcon.colcon_core.verb:set package 'go2_twist_bridge_py' build argument 'cmake_force_configure' from command line to 'False'
[0.270s] Level 5:colcon.colcon_core.verb:set package 'go2_twist_bridge_py' build argument 'ament_cmake_args' from command line to 'None'
[0.270s] Level 5:colcon.colcon_core.verb:set package 'go2_twist_bridge_py' build argument 'catkin_cmake_args' from command line to 'None'
[0.270s] Level 5:colcon.colcon_core.verb:set package 'go2_twist_bridge_py' build argument 'catkin_skip_building_tests' from command line to 'False'
[0.270s] DEBUG:colcon.colcon_core.verb:Building package 'go2_twist_bridge_py' with the following arguments: {'ament_cmake_args': None, 'build_base': '/home/xn/unitree_go2_ws/build/go2_twist_bridge_py', 'catkin_cmake_args': None, 'catkin_skip_building_tests': False, 'cmake_args': None, 'cmake_clean_cache': False, 'cmake_clean_first': False, 'cmake_force_configure': False, 'cmake_target': None, 'cmake_target_skip_unavailable': False, 'install_base': '/home/xn/unitree_go2_ws/install/go2_twist_bridge_py', 'merge_install': False, 'path': '/home/xn/unitree_go2_ws/src/base/go2_twist_bridge_py', 'symlink_install': False, 'test_result_base': None}
[0.270s] Level 5:colcon.colcon_core.verb:set package 'helloworld' build argument 'cmake_args' from command line to 'None'
[0.270s] Level 5:colcon.colcon_core.verb:set package 'helloworld' build argument 'cmake_target' from command line to 'None'
[0.270s] Level 5:colcon.colcon_core.verb:set package 'helloworld' build argument 'cmake_target_skip_unavailable' from command line to 'False'
[0.270s] Level 5:colcon.colcon_core.verb:set package 'helloworld' build argument 'cmake_clean_cache' from command line to 'False'
[0.270s] Level 5:colcon.colcon_core.verb:set package 'helloworld' build argument 'cmake_clean_first' from command line to 'False'
[0.270s] Level 5:colcon.colcon_core.verb:set package 'helloworld' build argument 'cmake_force_configure' from command line to 'False'
[0.270s] Level 5:colcon.colcon_core.verb:set package 'helloworld' build argument 'ament_cmake_args' from command line to 'None'
[0.270s] Level 5:colcon.colcon_core.verb:set package 'helloworld' build argument 'catkin_cmake_args' from command line to 'None'
[0.270s] Level 5:colcon.colcon_core.verb:set package 'helloworld' build argument 'catkin_skip_building_tests' from command line to 'False'
[0.270s] DEBUG:colcon.colcon_core.verb:Building package 'helloworld' with the following arguments: {'ament_cmake_args': None, 'build_base': '/home/xn/unitree_go2_ws/build/helloworld', 'catkin_cmake_args': None, 'catkin_skip_building_tests': False, 'cmake_args': None, 'cmake_clean_cache': False, 'cmake_clean_first': False, 'cmake_force_configure': False, 'cmake_target': None, 'cmake_target_skip_unavailable': False, 'install_base': '/home/xn/unitree_go2_ws/install/helloworld', 'merge_install': False, 'path': '/home/xn/unitree_go2_ws/src/helloworld/helloworld', 'symlink_install': False, 'test_result_base': None}
[0.271s] Level 5:colcon.colcon_core.verb:set package 'helloworld_py' build argument 'cmake_args' from command line to 'None'
[0.271s] Level 5:colcon.colcon_core.verb:set package 'helloworld_py' build argument 'cmake_target' from command line to 'None'
[0.271s] Level 5:colcon.colcon_core.verb:set package 'helloworld_py' build argument 'cmake_target_skip_unavailable' from command line to 'False'
[0.271s] Level 5:colcon.colcon_core.verb:set package 'helloworld_py' build argument 'cmake_clean_cache' from command line to 'False'
[0.271s] Level 5:colcon.colcon_core.verb:set package 'helloworld_py' build argument 'cmake_clean_first' from command line to 'False'
[0.271s] Level 5:colcon.colcon_core.verb:set package 'helloworld_py' build argument 'cmake_force_configure' from command line to 'False'
[0.271s] Level 5:colcon.colcon_core.verb:set package 'helloworld_py' build argument 'ament_cmake_args' from command line to 'None'
[0.271s] Level 5:colcon.colcon_core.verb:set package 'helloworld_py' build argument 'catkin_cmake_args' from command line to 'None'
[0.271s] Level 5:colcon.colcon_core.verb:set package 'helloworld_py' build argument 'catkin_skip_building_tests' from command line to 'False'
[0.271s] DEBUG:colcon.colcon_core.verb:Building package 'helloworld_py' with the following arguments: {'ament_cmake_args': None, 'build_base': '/home/xn/unitree_go2_ws/build/helloworld_py', 'catkin_cmake_args': None, 'catkin_skip_building_tests': False, 'cmake_args': None, 'cmake_clean_cache': False, 'cmake_clean_first': False, 'cmake_force_configure': False, 'cmake_target': None, 'cmake_target_skip_unavailable': False, 'install_base': '/home/xn/unitree_go2_ws/install/helloworld_py', 'merge_install': False, 'path': '/home/xn/unitree_go2_ws/src/helloworld/helloworld_py', 'symlink_install': False, 'test_result_base': None}
[0.271s] Level 5:colcon.colcon_core.verb:set package 'my_test_py' build argument 'cmake_args' from command line to 'None'
[0.271s] Level 5:colcon.colcon_core.verb:set package 'my_test_py' build argument 'cmake_target' from command line to 'None'
[0.271s] Level 5:colcon.colcon_core.verb:set package 'my_test_py' build argument 'cmake_target_skip_unavailable' from command line to 'False'
[0.271s] Level 5:colcon.colcon_core.verb:set package 'my_test_py' build argument 'cmake_clean_cache' from command line to 'False'
[0.271s] Level 5:colcon.colcon_core.verb:set package 'my_test_py' build argument 'cmake_clean_first' from command line to 'False'
[0.271s] Level 5:colcon.colcon_core.verb:set package 'my_test_py' build argument 'cmake_force_configure' from command line to 'False'
[0.271s] Level 5:colcon.colcon_core.verb:set package 'my_test_py' build argument 'ament_cmake_args' from command line to 'None'
[0.271s] Level 5:colcon.colcon_core.verb:set package 'my_test_py' build argument 'catkin_cmake_args' from command line to 'None'
[0.271s] Level 5:colcon.colcon_core.verb:set package 'my_test_py' build argument 'catkin_skip_building_tests' from command line to 'False'
[0.271s] DEBUG:colcon.colcon_core.verb:Building package 'my_test_py' with the following arguments: {'ament_cmake_args': None, 'build_base': '/home/xn/unitree_go2_ws/build/my_test_py', 'catkin_cmake_args': None, 'catkin_skip_building_tests': False, 'cmake_args': None, 'cmake_clean_cache': False, 'cmake_clean_first': False, 'cmake_force_configure': False, 'cmake_target': None, 'cmake_target_skip_unavailable': False, 'install_base': '/home/xn/unitree_go2_ws/install/my_test_py', 'merge_install': False, 'path': '/home/xn/unitree_go2_ws/src/test/my_test_py', 'symlink_install': False, 'test_result_base': None}
[0.271s] INFO:colcon.colcon_core.executor:Executing jobs using 'parallel' executor
[0.273s] DEBUG:colcon.colcon_parallel_executor.executor.parallel:run_until_complete
[0.273s] INFO:colcon.colcon_ros.task.ament_python.build:Building ROS package in '/home/xn/unitree_go2_ws/src/base/go2_teleop_ctrl_keyboard' with build type 'ament_python'
[0.273s] Level 1:colcon.colcon_core.shell:create_environment_hook('go2_teleop_ctrl_keyboard', 'ament_prefix_path')
[0.274s] INFO:colcon.colcon_core.plugin_system:Skipping extension 'colcon_core.shell.bat': Not used on non-Windows systems
[0.275s] INFO:colcon.colcon_core.shell:Creating environment hook '/home/xn/unitree_go2_ws/install/go2_teleop_ctrl_keyboard/share/go2_teleop_ctrl_keyboard/hook/ament_prefix_path.ps1'
[0.275s] INFO:colcon.colcon_core.shell:Creating environment descriptor '/home/xn/unitree_go2_ws/install/go2_teleop_ctrl_keyboard/share/go2_teleop_ctrl_keyboard/hook/ament_prefix_path.dsv'
[0.276s] INFO:colcon.colcon_core.shell:Creating environment hook '/home/xn/unitree_go2_ws/install/go2_teleop_ctrl_keyboard/share/go2_teleop_ctrl_keyboard/hook/ament_prefix_path.sh'
[0.276s] INFO:colcon.colcon_core.shell:Skip shell extension 'powershell' for command environment: Not usable outside of PowerShell
[0.276s] DEBUG:colcon.colcon_core.shell:Skip shell extension 'dsv' for command environment
[0.280s] INFO:colcon.colcon_ros.task.ament_cmake.build:Building ROS package in '/home/xn/unitree_go2_ws/src/base/go2_twist_bridge' with build type 'ament_cmake'
[0.280s] INFO:colcon.colcon_cmake.task.cmake.build:Building CMake package in '/home/xn/unitree_go2_ws/src/base/go2_twist_bridge'
[0.281s] INFO:colcon.colcon_core.shell:Skip shell extension 'powershell' for command environment: Not usable outside of PowerShell
[0.281s] DEBUG:colcon.colcon_core.shell:Skip shell extension 'dsv' for command environment
[0.287s] INFO:colcon.colcon_ros.task.ament_python.build:Building ROS package in '/home/xn/unitree_go2_ws/src/base/go2_twist_bridge_py' with build type 'ament_python'
[0.287s] Level 1:colcon.colcon_core.shell:create_environment_hook('go2_twist_bridge_py', 'ament_prefix_path')
[0.288s] INFO:colcon.colcon_core.shell:Creating environment hook '/home/xn/unitree_go2_ws/install/go2_twist_bridge_py/share/go2_twist_bridge_py/hook/ament_prefix_path.ps1'
[0.288s] INFO:colcon.colcon_core.shell:Creating environment descriptor '/home/xn/unitree_go2_ws/install/go2_twist_bridge_py/share/go2_twist_bridge_py/hook/ament_prefix_path.dsv'
[0.289s] INFO:colcon.colcon_core.shell:Creating environment hook '/home/xn/unitree_go2_ws/install/go2_twist_bridge_py/share/go2_twist_bridge_py/hook/ament_prefix_path.sh'
[0.290s] INFO:colcon.colcon_core.shell:Skip shell extension 'powershell' for command environment: Not usable outside of PowerShell
[0.290s] DEBUG:colcon.colcon_core.shell:Skip shell extension 'dsv' for command environment
[0.293s] INFO:colcon.colcon_ros.task.ament_cmake.build:Building ROS package in '/home/xn/unitree_go2_ws/src/helloworld/helloworld' with build type 'ament_cmake'
[0.294s] INFO:colcon.colcon_cmake.task.cmake.build:Building CMake package in '/home/xn/unitree_go2_ws/src/helloworld/helloworld'
[0.294s] INFO:colcon.colcon_core.shell:Skip shell extension 'powershell' for command environment: Not usable outside of PowerShell
[0.294s] DEBUG:colcon.colcon_core.shell:Skip shell extension 'dsv' for command environment
[0.430s] INFO:colcon.colcon_core.task.python.build:Building Python package in '/home/xn/unitree_go2_ws/src/base/go2_teleop_ctrl_keyboard'
[0.430s] INFO:colcon.colcon_core.shell:Skip shell extension 'powershell' for command environment: Not usable outside of PowerShell
[0.430s] DEBUG:colcon.colcon_core.shell:Skip shell extension 'dsv' for command environment
[0.436s] DEBUG:colcon.colcon_core.event_handler.log_command:Invoking command in '/home/xn/unitree_go2_ws/build/go2_twist_bridge': CMAKE_PREFIX_PATH=${CMAKE_PREFIX_PATH}:/home/xn/unitree_go2_ws/install/my_test_py:/home/xn/unitree_go2_ws/install/helloworld_py:/home/xn/unitree_go2_ws/install/go2_twist_bridge_py:/home/xn/unitree_go2_ws/install/go2_teleop_ctrl_keyboard:/home/xn/unitree_go2_ws/src/base/install/go2_twist_bridge_py:/home/xn/unitree_go2_ws/src/base/install/go2_teleop_ctrl_keyboard:/opt/ros/foxy /usr/bin/cmake --build /home/xn/unitree_go2_ws/build/go2_twist_bridge -- -j4 -l4
[0.569s] INFO:colcon.colcon_core.task.python.build:Building Python package in '/home/xn/unitree_go2_ws/src/base/go2_twist_bridge_py'
[0.570s] INFO:colcon.colcon_core.shell:Skip shell extension 'powershell' for command environment: Not usable outside of PowerShell
[0.570s] DEBUG:colcon.colcon_core.shell:Skip shell extension 'dsv' for command environment
[0.582s] DEBUG:colcon.colcon_core.event_handler.log_command:Invoking command in '/home/xn/unitree_go2_ws/build/helloworld': CMAKE_PREFIX_PATH=${CMAKE_PREFIX_PATH}:/home/xn/unitree_go2_ws/install/my_test_py:/home/xn/unitree_go2_ws/install/helloworld_py:/home/xn/unitree_go2_ws/install/go2_twist_bridge_py:/home/xn/unitree_go2_ws/install/go2_teleop_ctrl_keyboard:/home/xn/unitree_go2_ws/src/base/install/go2_twist_bridge_py:/home/xn/unitree_go2_ws/src/base/install/go2_teleop_ctrl_keyboard:/opt/ros/foxy /usr/bin/cmake --build /home/xn/unitree_go2_ws/build/helloworld -- -j4 -l4
[0.612s] DEBUG:colcon.colcon_core.event_handler.log_command:Invoked command in '/home/xn/unitree_go2_ws/build/go2_twist_bridge' returned '0': CMAKE_PREFIX_PATH=${CMAKE_PREFIX_PATH}:/home/xn/unitree_go2_ws/install/my_test_py:/home/xn/unitree_go2_ws/install/helloworld_py:/home/xn/unitree_go2_ws/install/go2_twist_bridge_py:/home/xn/unitree_go2_ws/install/go2_teleop_ctrl_keyboard:/home/xn/unitree_go2_ws/src/base/install/go2_twist_bridge_py:/home/xn/unitree_go2_ws/src/base/install/go2_teleop_ctrl_keyboard:/opt/ros/foxy /usr/bin/cmake --build /home/xn/unitree_go2_ws/build/go2_twist_bridge -- -j4 -l4
[0.633s] DEBUG:colcon.colcon_core.event_handler.log_command:Invoking command in '/home/xn/unitree_go2_ws/build/go2_twist_bridge': CMAKE_PREFIX_PATH=${CMAKE_PREFIX_PATH}:/home/xn/unitree_go2_ws/install/my_test_py:/home/xn/unitree_go2_ws/install/helloworld_py:/home/xn/unitree_go2_ws/install/go2_twist_bridge_py:/home/xn/unitree_go2_ws/install/go2_teleop_ctrl_keyboard:/home/xn/unitree_go2_ws/src/base/install/go2_twist_bridge_py:/home/xn/unitree_go2_ws/src/base/install/go2_teleop_ctrl_keyboard:/opt/ros/foxy /usr/bin/cmake --install /home/xn/unitree_go2_ws/build/go2_twist_bridge
[0.655s] Level 1:colcon.colcon_core.environment:create_environment_scripts_only(go2_twist_bridge)
[0.657s] Level 1:colcon.colcon_core.environment:checking '/home/xn/unitree_go2_ws/install/go2_twist_bridge' for CMake module files
[0.658s] DEBUG:colcon.colcon_core.event_handler.log_command:Invoked command in '/home/xn/unitree_go2_ws/build/go2_twist_bridge' returned '0': CMAKE_PREFIX_PATH=${CMAKE_PREFIX_PATH}:/home/xn/unitree_go2_ws/install/my_test_py:/home/xn/unitree_go2_ws/install/helloworld_py:/home/xn/unitree_go2_ws/install/go2_twist_bridge_py:/home/xn/unitree_go2_ws/install/go2_teleop_ctrl_keyboard:/home/xn/unitree_go2_ws/src/base/install/go2_twist_bridge_py:/home/xn/unitree_go2_ws/src/base/install/go2_teleop_ctrl_keyboard:/opt/ros/foxy /usr/bin/cmake --install /home/xn/unitree_go2_ws/build/go2_twist_bridge
[0.658s] Level 1:colcon.colcon_core.environment:checking '/home/xn/unitree_go2_ws/install/go2_twist_bridge' for CMake config files
[0.658s] Level 1:colcon.colcon_core.shell:create_environment_hook('go2_twist_bridge', 'cmake_prefix_path')
[0.659s] INFO:colcon.colcon_core.shell:Creating environment hook '/home/xn/unitree_go2_ws/install/go2_twist_bridge/share/go2_twist_bridge/hook/cmake_prefix_path.ps1'
[0.659s] INFO:colcon.colcon_core.shell:Creating environment descriptor '/home/xn/unitree_go2_ws/install/go2_twist_bridge/share/go2_twist_bridge/hook/cmake_prefix_path.dsv'
[0.660s] INFO:colcon.colcon_core.shell:Creating environment hook '/home/xn/unitree_go2_ws/install/go2_twist_bridge/share/go2_twist_bridge/hook/cmake_prefix_path.sh'
[0.661s] Level 1:colcon.colcon_core.environment:checking '/home/xn/unitree_go2_ws/install/go2_twist_bridge/lib'
[0.661s] Level 1:colcon.colcon_core.environment:checking '/home/xn/unitree_go2_ws/install/go2_twist_bridge/bin'
[0.661s] Level 1:colcon.colcon_core.environment:checking '/home/xn/unitree_go2_ws/install/go2_twist_bridge/lib/pkgconfig/go2_twist_bridge.pc'
[0.661s] Level 1:colcon.colcon_core.environment:checking '/home/xn/unitree_go2_ws/install/go2_twist_bridge/lib/python3.8/site-packages'
[0.662s] Level 1:colcon.colcon_core.environment:checking '/home/xn/unitree_go2_ws/install/go2_twist_bridge/bin'
[0.662s] INFO:colcon.colcon_core.shell:Creating package script '/home/xn/unitree_go2_ws/install/go2_twist_bridge/share/go2_twist_bridge/package.ps1'
[0.663s] INFO:colcon.colcon_core.shell:Creating package descriptor '/home/xn/unitree_go2_ws/install/go2_twist_bridge/share/go2_twist_bridge/package.dsv'
[0.663s] INFO:colcon.colcon_core.shell:Creating package script '/home/xn/unitree_go2_ws/install/go2_twist_bridge/share/go2_twist_bridge/package.sh'
[0.664s] INFO:colcon.colcon_core.shell:Creating package script '/home/xn/unitree_go2_ws/install/go2_twist_bridge/share/go2_twist_bridge/package.bash'
[0.665s] INFO:colcon.colcon_core.shell:Creating package script '/home/xn/unitree_go2_ws/install/go2_twist_bridge/share/go2_twist_bridge/package.zsh'
[0.666s] Level 1:colcon.colcon_core.environment:create_file_with_runtime_dependencies(/home/xn/unitree_go2_ws/install/go2_twist_bridge/share/colcon-core/packages/go2_twist_bridge)
[0.666s] Level 1:colcon.colcon_core.environment:create_environment_scripts_only(go2_twist_bridge)
[0.667s] Level 1:colcon.colcon_core.environment:checking '/home/xn/unitree_go2_ws/install/go2_twist_bridge' for CMake module files
[0.667s] Level 1:colcon.colcon_core.environment:checking '/home/xn/unitree_go2_ws/install/go2_twist_bridge' for CMake config files
[0.667s] Level 1:colcon.colcon_core.shell:create_environment_hook('go2_twist_bridge', 'cmake_prefix_path')
[0.667s] INFO:colcon.colcon_core.shell:Creating environment hook '/home/xn/unitree_go2_ws/install/go2_twist_bridge/share/go2_twist_bridge/hook/cmake_prefix_path.ps1'
[0.668s] INFO:colcon.colcon_core.shell:Creating environment descriptor '/home/xn/unitree_go2_ws/install/go2_twist_bridge/share/go2_twist_bridge/hook/cmake_prefix_path.dsv'
[0.669s] INFO:colcon.colcon_core.shell:Creating environment hook '/home/xn/unitree_go2_ws/install/go2_twist_bridge/share/go2_twist_bridge/hook/cmake_prefix_path.sh'
[0.669s] Level 1:colcon.colcon_core.environment:checking '/home/xn/unitree_go2_ws/install/go2_twist_bridge/lib'
[0.669s] Level 1:colcon.colcon_core.environment:checking '/home/xn/unitree_go2_ws/install/go2_twist_bridge/bin'
[0.670s] Level 1:colcon.colcon_core.environment:checking '/home/xn/unitree_go2_ws/install/go2_twist_bridge/lib/pkgconfig/go2_twist_bridge.pc'
[0.670s] Level 1:colcon.colcon_core.environment:checking '/home/xn/unitree_go2_ws/install/go2_twist_bridge/lib/python3.8/site-packages'
[0.670s] Level 1:colcon.colcon_core.environment:checking '/home/xn/unitree_go2_ws/install/go2_twist_bridge/bin'
[0.670s] INFO:colcon.colcon_core.shell:Creating package script '/home/xn/unitree_go2_ws/install/go2_twist_bridge/share/go2_twist_bridge/package.ps1'
[0.671s] INFO:colcon.colcon_core.shell:Creating package descriptor '/home/xn/unitree_go2_ws/install/go2_twist_bridge/share/go2_twist_bridge/package.dsv'
[0.671s] INFO:colcon.colcon_core.shell:Creating package script '/home/xn/unitree_go2_ws/install/go2_twist_bridge/share/go2_twist_bridge/package.sh'
[0.672s] INFO:colcon.colcon_core.shell:Creating package script '/home/xn/unitree_go2_ws/install/go2_twist_bridge/share/go2_twist_bridge/package.bash'
[0.672s] INFO:colcon.colcon_core.shell:Creating package script '/home/xn/unitree_go2_ws/install/go2_twist_bridge/share/go2_twist_bridge/package.zsh'
[0.673s] Level 1:colcon.colcon_core.environment:create_file_with_runtime_dependencies(/home/xn/unitree_go2_ws/install/go2_twist_bridge/share/colcon-core/packages/go2_twist_bridge)
[0.674s] INFO:colcon.colcon_ros.task.ament_python.build:Building ROS package in '/home/xn/unitree_go2_ws/src/helloworld/helloworld_py' with build type 'ament_python'
[0.674s] Level 1:colcon.colcon_core.shell:create_environment_hook('helloworld_py', 'ament_prefix_path')
[0.674s] INFO:colcon.colcon_core.shell:Creating environment hook '/home/xn/unitree_go2_ws/install/helloworld_py/share/helloworld_py/hook/ament_prefix_path.ps1'
[0.684s] INFO:colcon.colcon_core.shell:Creating environment descriptor '/home/xn/unitree_go2_ws/install/helloworld_py/share/helloworld_py/hook/ament_prefix_path.dsv'
[0.684s] INFO:colcon.colcon_core.shell:Creating environment hook '/home/xn/unitree_go2_ws/install/helloworld_py/share/helloworld_py/hook/ament_prefix_path.sh'
[0.685s] INFO:colcon.colcon_core.shell:Skip shell extension 'powershell' for command environment: Not usable outside of PowerShell
[0.685s] DEBUG:colcon.colcon_core.shell:Skip shell extension 'dsv' for command environment
[0.942s] INFO:colcon.colcon_core.task.python.build:Building Python package in '/home/xn/unitree_go2_ws/src/helloworld/helloworld_py'
[0.942s] INFO:colcon.colcon_core.shell:Skip shell extension 'powershell' for command environment: Not usable outside of PowerShell
[0.942s] DEBUG:colcon.colcon_core.shell:Skip shell extension 'dsv' for command environment
[0.951s] DEBUG:colcon.colcon_core.event_handler.log_command:Invoking command in '/home/xn/unitree_go2_ws/src/base/go2_teleop_ctrl_keyboard': PYTHONPATH=/home/xn/unitree_go2_ws/build/go2_teleop_ctrl_keyboard/prefix_override:/usr/lib/python3/dist-packages/colcon_core/task/python/colcon_distutils_commands:/home/xn/unitree_go2_ws/install/go2_teleop_ctrl_keyboard/lib/python3.8/site-packages:${PYTHONPATH} /usr/bin/python3 -W ignore:setup.py install is deprecated -W ignore:easy_install command is deprecated setup.py egg_info --egg-base ../../../build/go2_teleop_ctrl_keyboard build --build-base /home/xn/unitree_go2_ws/build/go2_teleop_ctrl_keyboard/build install --record /home/xn/unitree_go2_ws/build/go2_teleop_ctrl_keyboard/install.log --install-scripts $base/lib/go2_teleop_ctrl_keyboard --single-version-externally-managed install_data
[0.958s] DEBUG:colcon.colcon_core.event_handler.log_command:Invoking command in '/home/xn/unitree_go2_ws/src/base/go2_twist_bridge_py': PYTHONPATH=/home/xn/unitree_go2_ws/build/go2_twist_bridge_py/prefix_override:/usr/lib/python3/dist-packages/colcon_core/task/python/colcon_distutils_commands:/home/xn/unitree_go2_ws/install/go2_twist_bridge_py/lib/python3.8/site-packages:${PYTHONPATH} /usr/bin/python3 -W ignore:setup.py install is deprecated -W ignore:easy_install command is deprecated setup.py egg_info --egg-base ../../../build/go2_twist_bridge_py build --build-base /home/xn/unitree_go2_ws/build/go2_twist_bridge_py/build install --record /home/xn/unitree_go2_ws/build/go2_twist_bridge_py/install.log --install-scripts $base/lib/go2_twist_bridge_py --single-version-externally-managed install_data
[0.958s] DEBUG:colcon.colcon_core.event_handler.log_command:Invoked command in '/home/xn/unitree_go2_ws/build/helloworld' returned '0': CMAKE_PREFIX_PATH=${CMAKE_PREFIX_PATH}:/home/xn/unitree_go2_ws/install/my_test_py:/home/xn/unitree_go2_ws/install/helloworld_py:/home/xn/unitree_go2_ws/install/go2_twist_bridge_py:/home/xn/unitree_go2_ws/install/go2_teleop_ctrl_keyboard:/home/xn/unitree_go2_ws/src/base/install/go2_twist_bridge_py:/home/xn/unitree_go2_ws/src/base/install/go2_teleop_ctrl_keyboard:/opt/ros/foxy /usr/bin/cmake --build /home/xn/unitree_go2_ws/build/helloworld -- -j4 -l4
[0.958s] DEBUG:colcon.colcon_core.event_handler.log_command:Invoking command in '/home/xn/unitree_go2_ws/build/helloworld': CMAKE_PREFIX_PATH=${CMAKE_PREFIX_PATH}:/home/xn/unitree_go2_ws/install/my_test_py:/home/xn/unitree_go2_ws/install/helloworld_py:/home/xn/unitree_go2_ws/install/go2_twist_bridge_py:/home/xn/unitree_go2_ws/install/go2_teleop_ctrl_keyboard:/home/xn/unitree_go2_ws/src/base/install/go2_twist_bridge_py:/home/xn/unitree_go2_ws/src/base/install/go2_teleop_ctrl_keyboard:/opt/ros/foxy /usr/bin/cmake --install /home/xn/unitree_go2_ws/build/helloworld
[0.999s] Level 1:colcon.colcon_core.environment:create_environment_scripts_only(helloworld)
[0.999s] Level 1:colcon.colcon_core.environment:checking '/home/xn/unitree_go2_ws/install/helloworld' for CMake module files
[1.000s] Level 1:colcon.colcon_core.environment:checking '/home/xn/unitree_go2_ws/install/helloworld' for CMake config files
[1.000s] Level 1:colcon.colcon_core.shell:create_environment_hook('helloworld', 'cmake_prefix_path')
[1.000s] INFO:colcon.colcon_core.shell:Creating environment hook '/home/xn/unitree_go2_ws/install/helloworld/share/helloworld/hook/cmake_prefix_path.ps1'
[1.001s] INFO:colcon.colcon_core.shell:Creating environment descriptor '/home/xn/unitree_go2_ws/install/helloworld/share/helloworld/hook/cmake_prefix_path.dsv'
[1.001s] INFO:colcon.colcon_core.shell:Creating environment hook '/home/xn/unitree_go2_ws/install/helloworld/share/helloworld/hook/cmake_prefix_path.sh'
[1.002s] Level 1:colcon.colcon_core.environment:checking '/home/xn/unitree_go2_ws/install/helloworld/lib'
[1.002s] Level 1:colcon.colcon_core.environment:checking '/home/xn/unitree_go2_ws/install/helloworld/bin'
[1.002s] Level 1:colcon.colcon_core.environment:checking '/home/xn/unitree_go2_ws/install/helloworld/lib/pkgconfig/helloworld.pc'
[1.002s] Level 1:colcon.colcon_core.environment:checking '/home/xn/unitree_go2_ws/install/helloworld/lib/python3.8/site-packages'
[1.002s] Level 1:colcon.colcon_core.environment:checking '/home/xn/unitree_go2_ws/install/helloworld/bin'
[1.002s] INFO:colcon.colcon_core.shell:Creating package script '/home/xn/unitree_go2_ws/install/helloworld/share/helloworld/package.ps1'
[1.003s] INFO:colcon.colcon_core.shell:Creating package descriptor '/home/xn/unitree_go2_ws/install/helloworld/share/helloworld/package.dsv'
[1.004s] INFO:colcon.colcon_core.shell:Creating package script '/home/xn/unitree_go2_ws/install/helloworld/share/helloworld/package.sh'
[1.004s] INFO:colcon.colcon_core.shell:Creating package script '/home/xn/unitree_go2_ws/install/helloworld/share/helloworld/package.bash'
[1.004s] DEBUG:colcon.colcon_core.event_handler.log_command:Invoked command in '/home/xn/unitree_go2_ws/build/helloworld' returned '0': CMAKE_PREFIX_PATH=${CMAKE_PREFIX_PATH}:/home/xn/unitree_go2_ws/install/my_test_py:/home/xn/unitree_go2_ws/install/helloworld_py:/home/xn/unitree_go2_ws/install/go2_twist_bridge_py:/home/xn/unitree_go2_ws/install/go2_teleop_ctrl_keyboard:/home/xn/unitree_go2_ws/src/base/install/go2_twist_bridge_py:/home/xn/unitree_go2_ws/src/base/install/go2_teleop_ctrl_keyboard:/opt/ros/foxy /usr/bin/cmake --install /home/xn/unitree_go2_ws/build/helloworld
[1.005s] INFO:colcon.colcon_core.shell:Creating package script '/home/xn/unitree_go2_ws/install/helloworld/share/helloworld/package.zsh'
[1.005s] Level 1:colcon.colcon_core.environment:create_file_with_runtime_dependencies(/home/xn/unitree_go2_ws/install/helloworld/share/colcon-core/packages/helloworld)
[1.006s] Level 1:colcon.colcon_core.environment:create_environment_scripts_only(helloworld)
[1.006s] Level 1:colcon.colcon_core.environment:checking '/home/xn/unitree_go2_ws/install/helloworld' for CMake module files
[1.006s] Level 1:colcon.colcon_core.environment:checking '/home/xn/unitree_go2_ws/install/helloworld' for CMake config files
[1.006s] Level 1:colcon.colcon_core.shell:create_environment_hook('helloworld', 'cmake_prefix_path')
[1.006s] INFO:colcon.colcon_core.shell:Creating environment hook '/home/xn/unitree_go2_ws/install/helloworld/share/helloworld/hook/cmake_prefix_path.ps1'
[1.007s] INFO:colcon.colcon_core.shell:Creating environment descriptor '/home/xn/unitree_go2_ws/install/helloworld/share/helloworld/hook/cmake_prefix_path.dsv'
[1.007s] INFO:colcon.colcon_core.shell:Creating environment hook '/home/xn/unitree_go2_ws/install/helloworld/share/helloworld/hook/cmake_prefix_path.sh'
[1.007s] Level 1:colcon.colcon_core.environment:checking '/home/xn/unitree_go2_ws/install/helloworld/lib'
[1.007s] Level 1:colcon.colcon_core.environment:checking '/home/xn/unitree_go2_ws/install/helloworld/bin'
[1.007s] Level 1:colcon.colcon_core.environment:checking '/home/xn/unitree_go2_ws/install/helloworld/lib/pkgconfig/helloworld.pc'
[1.008s] Level 1:colcon.colcon_core.environment:checking '/home/xn/unitree_go2_ws/install/helloworld/lib/python3.8/site-packages'
[1.008s] Level 1:colcon.colcon_core.environment:checking '/home/xn/unitree_go2_ws/install/helloworld/bin'
[1.008s] INFO:colcon.colcon_core.shell:Creating package script '/home/xn/unitree_go2_ws/install/helloworld/share/helloworld/package.ps1'
[1.008s] INFO:colcon.colcon_core.shell:Creating package descriptor '/home/xn/unitree_go2_ws/install/helloworld/share/helloworld/package.dsv'
[1.009s] INFO:colcon.colcon_core.shell:Creating package script '/home/xn/unitree_go2_ws/install/helloworld/share/helloworld/package.sh'
[1.009s] INFO:colcon.colcon_core.shell:Creating package script '/home/xn/unitree_go2_ws/install/helloworld/share/helloworld/package.bash'
[1.009s] INFO:colcon.colcon_core.shell:Creating package script '/home/xn/unitree_go2_ws/install/helloworld/share/helloworld/package.zsh'
[1.010s] Level 1:colcon.colcon_core.environment:create_file_with_runtime_dependencies(/home/xn/unitree_go2_ws/install/helloworld/share/colcon-core/packages/helloworld)
[1.029s] INFO:colcon.colcon_ros.task.ament_python.build:Building ROS package in '/home/xn/unitree_go2_ws/src/test/my_test_py' with build type 'ament_python'
[1.030s] Level 1:colcon.colcon_core.shell:create_environment_hook('my_test_py', 'ament_prefix_path')
[1.030s] INFO:colcon.colcon_core.shell:Creating environment hook '/home/xn/unitree_go2_ws/install/my_test_py/share/my_test_py/hook/ament_prefix_path.ps1'
[1.030s] INFO:colcon.colcon_core.shell:Creating environment descriptor '/home/xn/unitree_go2_ws/install/my_test_py/share/my_test_py/hook/ament_prefix_path.dsv'
[1.031s] INFO:colcon.colcon_core.shell:Creating environment hook '/home/xn/unitree_go2_ws/install/my_test_py/share/my_test_py/hook/ament_prefix_path.sh'
[1.031s] INFO:colcon.colcon_core.shell:Skip shell extension 'powershell' for command environment: Not usable outside of PowerShell
[1.031s] DEBUG:colcon.colcon_core.shell:Skip shell extension 'dsv' for command environment
[1.299s] INFO:colcon.colcon_core.task.python.build:Building Python package in '/home/xn/unitree_go2_ws/src/test/my_test_py'
[1.299s] INFO:colcon.colcon_core.shell:Skip shell extension 'powershell' for command environment: Not usable outside of PowerShell
[1.300s] DEBUG:colcon.colcon_core.shell:Skip shell extension 'dsv' for command environment
[1.305s] Level 1:colcon.colcon_core.environment:checking '/home/xn/unitree_go2_ws/install/go2_twist_bridge_py' for CMake module files
[1.306s] DEBUG:colcon.colcon_core.event_handler.log_command:Invoked command in '/home/xn/unitree_go2_ws/src/base/go2_twist_bridge_py' returned '0': PYTHONPATH=/home/xn/unitree_go2_ws/build/go2_twist_bridge_py/prefix_override:/usr/lib/python3/dist-packages/colcon_core/task/python/colcon_distutils_commands:/home/xn/unitree_go2_ws/install/go2_twist_bridge_py/lib/python3.8/site-packages:${PYTHONPATH} /usr/bin/python3 -W ignore:setup.py install is deprecated -W ignore:easy_install command is deprecated setup.py egg_info --egg-base ../../../build/go2_twist_bridge_py build --build-base /home/xn/unitree_go2_ws/build/go2_twist_bridge_py/build install --record /home/xn/unitree_go2_ws/build/go2_twist_bridge_py/install.log --install-scripts $base/lib/go2_twist_bridge_py --single-version-externally-managed install_data
[1.307s] Level 1:colcon.colcon_core.environment:checking '/home/xn/unitree_go2_ws/install/go2_twist_bridge_py' for CMake config files
[1.307s] Level 1:colcon.colcon_core.environment:checking '/home/xn/unitree_go2_ws/install/go2_twist_bridge_py/lib'
[1.307s] Level 1:colcon.colcon_core.environment:checking '/home/xn/unitree_go2_ws/install/go2_twist_bridge_py/bin'
[1.307s] Level 1:colcon.colcon_core.environment:checking '/home/xn/unitree_go2_ws/install/go2_twist_bridge_py/lib/pkgconfig/go2_twist_bridge_py.pc'
[1.307s] Level 1:colcon.colcon_core.environment:checking '/home/xn/unitree_go2_ws/install/go2_twist_bridge_py/lib/python3.8/site-packages'
[1.307s] Level 1:colcon.colcon_core.shell:create_environment_hook('go2_twist_bridge_py', 'pythonpath')
[1.307s] INFO:colcon.colcon_core.shell:Creating environment hook '/home/xn/unitree_go2_ws/install/go2_twist_bridge_py/share/go2_twist_bridge_py/hook/pythonpath.ps1'
[1.308s] INFO:colcon.colcon_core.shell:Creating environment descriptor '/home/xn/unitree_go2_ws/install/go2_twist_bridge_py/share/go2_twist_bridge_py/hook/pythonpath.dsv'
[1.308s] INFO:colcon.colcon_core.shell:Creating environment hook '/home/xn/unitree_go2_ws/install/go2_twist_bridge_py/share/go2_twist_bridge_py/hook/pythonpath.sh'
[1.309s] Level 1:colcon.colcon_core.environment:checking '/home/xn/unitree_go2_ws/install/go2_twist_bridge_py/bin'
[1.309s] Level 1:colcon.colcon_core.environment:create_environment_scripts_only(go2_twist_bridge_py)
[1.309s] INFO:colcon.colcon_core.shell:Creating package script '/home/xn/unitree_go2_ws/install/go2_twist_bridge_py/share/go2_twist_bridge_py/package.ps1'
[1.309s] INFO:colcon.colcon_core.shell:Creating package descriptor '/home/xn/unitree_go2_ws/install/go2_twist_bridge_py/share/go2_twist_bridge_py/package.dsv'
[1.310s] INFO:colcon.colcon_core.shell:Creating package script '/home/xn/unitree_go2_ws/install/go2_twist_bridge_py/share/go2_twist_bridge_py/package.sh'
[1.310s] INFO:colcon.colcon_core.shell:Creating package script '/home/xn/unitree_go2_ws/install/go2_twist_bridge_py/share/go2_twist_bridge_py/package.bash'
[1.310s] INFO:colcon.colcon_core.shell:Creating package script '/home/xn/unitree_go2_ws/install/go2_twist_bridge_py/share/go2_twist_bridge_py/package.zsh'
[1.311s] Level 1:colcon.colcon_core.environment:create_file_with_runtime_dependencies(/home/xn/unitree_go2_ws/install/go2_twist_bridge_py/share/colcon-core/packages/go2_twist_bridge_py)
[1.311s] Level 1:colcon.colcon_core.environment:checking '/home/xn/unitree_go2_ws/install/go2_teleop_ctrl_keyboard' for CMake module files
[1.312s] DEBUG:colcon.colcon_core.event_handler.log_command:Invoked command in '/home/xn/unitree_go2_ws/src/base/go2_teleop_ctrl_keyboard' returned '0': PYTHONPATH=/home/xn/unitree_go2_ws/build/go2_teleop_ctrl_keyboard/prefix_override:/usr/lib/python3/dist-packages/colcon_core/task/python/colcon_distutils_commands:/home/xn/unitree_go2_ws/install/go2_teleop_ctrl_keyboard/lib/python3.8/site-packages:${PYTHONPATH} /usr/bin/python3 -W ignore:setup.py install is deprecated -W ignore:easy_install command is deprecated setup.py egg_info --egg-base ../../../build/go2_teleop_ctrl_keyboard build --build-base /home/xn/unitree_go2_ws/build/go2_teleop_ctrl_keyboard/build install --record /home/xn/unitree_go2_ws/build/go2_teleop_ctrl_keyboard/install.log --install-scripts $base/lib/go2_teleop_ctrl_keyboard --single-version-externally-managed install_data
[1.312s] Level 1:colcon.colcon_core.environment:checking '/home/xn/unitree_go2_ws/install/go2_teleop_ctrl_keyboard' for CMake config files
[1.313s] Level 1:colcon.colcon_core.environment:checking '/home/xn/unitree_go2_ws/install/go2_teleop_ctrl_keyboard/lib'
[1.313s] Level 1:colcon.colcon_core.environment:checking '/home/xn/unitree_go2_ws/install/go2_teleop_ctrl_keyboard/bin'
[1.313s] Level 1:colcon.colcon_core.environment:checking '/home/xn/unitree_go2_ws/install/go2_teleop_ctrl_keyboard/lib/pkgconfig/go2_teleop_ctrl_keyboard.pc'
[1.313s] Level 1:colcon.colcon_core.environment:checking '/home/xn/unitree_go2_ws/install/go2_teleop_ctrl_keyboard/lib/python3.8/site-packages'
[1.313s] Level 1:colcon.colcon_core.shell:create_environment_hook('go2_teleop_ctrl_keyboard', 'pythonpath')
[1.313s] INFO:colcon.colcon_core.shell:Creating environment hook '/home/xn/unitree_go2_ws/install/go2_teleop_ctrl_keyboard/share/go2_teleop_ctrl_keyboard/hook/pythonpath.ps1'
[1.314s] INFO:colcon.colcon_core.shell:Creating environment descriptor '/home/xn/unitree_go2_ws/install/go2_teleop_ctrl_keyboard/share/go2_teleop_ctrl_keyboard/hook/pythonpath.dsv'
[1.314s] INFO:colcon.colcon_core.shell:Creating environment hook '/home/xn/unitree_go2_ws/install/go2_teleop_ctrl_keyboard/share/go2_teleop_ctrl_keyboard/hook/pythonpath.sh'
[1.314s] Level 1:colcon.colcon_core.environment:checking '/home/xn/unitree_go2_ws/install/go2_teleop_ctrl_keyboard/bin'
[1.314s] Level 1:colcon.colcon_core.environment:create_environment_scripts_only(go2_teleop_ctrl_keyboard)
[1.315s] INFO:colcon.colcon_core.shell:Creating package script '/home/xn/unitree_go2_ws/install/go2_teleop_ctrl_keyboard/share/go2_teleop_ctrl_keyboard/package.ps1'
[1.315s] INFO:colcon.colcon_core.shell:Creating package descriptor '/home/xn/unitree_go2_ws/install/go2_teleop_ctrl_keyboard/share/go2_teleop_ctrl_keyboard/package.dsv'
[1.315s] INFO:colcon.colcon_core.shell:Creating package script '/home/xn/unitree_go2_ws/install/go2_teleop_ctrl_keyboard/share/go2_teleop_ctrl_keyboard/package.sh'
[1.316s] INFO:colcon.colcon_core.shell:Creating package script '/home/xn/unitree_go2_ws/install/go2_teleop_ctrl_keyboard/share/go2_teleop_ctrl_keyboard/package.bash'
[1.316s] INFO:colcon.colcon_core.shell:Creating package script '/home/xn/unitree_go2_ws/install/go2_teleop_ctrl_keyboard/share/go2_teleop_ctrl_keyboard/package.zsh'
[1.316s] Level 1:colcon.colcon_core.environment:create_file_with_runtime_dependencies(/home/xn/unitree_go2_ws/install/go2_teleop_ctrl_keyboard/share/colcon-core/packages/go2_teleop_ctrl_keyboard)
[1.318s] DEBUG:colcon.colcon_core.event_handler.log_command:Invoking command in '/home/xn/unitree_go2_ws/src/helloworld/helloworld_py': PYTHONPATH=/home/xn/unitree_go2_ws/build/helloworld_py/prefix_override:/usr/lib/python3/dist-packages/colcon_core/task/python/colcon_distutils_commands:/home/xn/unitree_go2_ws/install/helloworld_py/lib/python3.8/site-packages:${PYTHONPATH} /usr/bin/python3 -W ignore:setup.py install is deprecated -W ignore:easy_install command is deprecated setup.py egg_info --egg-base ../../../build/helloworld_py build --build-base /home/xn/unitree_go2_ws/build/helloworld_py/build install --record /home/xn/unitree_go2_ws/build/helloworld_py/install.log --install-scripts $base/lib/helloworld_py --single-version-externally-managed install_data
[1.513s] Level 1:colcon.colcon_core.environment:checking '/home/xn/unitree_go2_ws/install/helloworld_py' for CMake module files
[1.514s] DEBUG:colcon.colcon_core.event_handler.log_command:Invoked command in '/home/xn/unitree_go2_ws/src/helloworld/helloworld_py' returned '0': PYTHONPATH=/home/xn/unitree_go2_ws/build/helloworld_py/prefix_override:/usr/lib/python3/dist-packages/colcon_core/task/python/colcon_distutils_commands:/home/xn/unitree_go2_ws/install/helloworld_py/lib/python3.8/site-packages:${PYTHONPATH} /usr/bin/python3 -W ignore:setup.py install is deprecated -W ignore:easy_install command is deprecated setup.py egg_info --egg-base ../../../build/helloworld_py build --build-base /home/xn/unitree_go2_ws/build/helloworld_py/build install --record /home/xn/unitree_go2_ws/build/helloworld_py/install.log --install-scripts $base/lib/helloworld_py --single-version-externally-managed install_data
[1.514s] Level 1:colcon.colcon_core.environment:checking '/home/xn/unitree_go2_ws/install/helloworld_py' for CMake config files
[1.515s] Level 1:colcon.colcon_core.environment:checking '/home/xn/unitree_go2_ws/install/helloworld_py/lib'
[1.515s] Level 1:colcon.colcon_core.environment:checking '/home/xn/unitree_go2_ws/install/helloworld_py/bin'
[1.515s] Level 1:colcon.colcon_core.environment:checking '/home/xn/unitree_go2_ws/install/helloworld_py/lib/pkgconfig/helloworld_py.pc'
[1.515s] Level 1:colcon.colcon_core.environment:checking '/home/xn/unitree_go2_ws/install/helloworld_py/lib/python3.8/site-packages'
[1.515s] Level 1:colcon.colcon_core.shell:create_environment_hook('helloworld_py', 'pythonpath')
[1.515s] INFO:colcon.colcon_core.shell:Creating environment hook '/home/xn/unitree_go2_ws/install/helloworld_py/share/helloworld_py/hook/pythonpath.ps1'
[1.516s] INFO:colcon.colcon_core.shell:Creating environment descriptor '/home/xn/unitree_go2_ws/install/helloworld_py/share/helloworld_py/hook/pythonpath.dsv'
[1.516s] INFO:colcon.colcon_core.shell:Creating environment hook '/home/xn/unitree_go2_ws/install/helloworld_py/share/helloworld_py/hook/pythonpath.sh'
[1.517s] Level 1:colcon.colcon_core.environment:checking '/home/xn/unitree_go2_ws/install/helloworld_py/bin'
[1.517s] Level 1:colcon.colcon_core.environment:create_environment_scripts_only(helloworld_py)
[1.517s] INFO:colcon.colcon_core.shell:Creating package script '/home/xn/unitree_go2_ws/install/helloworld_py/share/helloworld_py/package.ps1'
[1.517s] INFO:colcon.colcon_core.shell:Creating package descriptor '/home/xn/unitree_go2_ws/install/helloworld_py/share/helloworld_py/package.dsv'
[1.518s] INFO:colcon.colcon_core.shell:Creating package script '/home/xn/unitree_go2_ws/install/helloworld_py/share/helloworld_py/package.sh'
[1.518s] INFO:colcon.colcon_core.shell:Creating package script '/home/xn/unitree_go2_ws/install/helloworld_py/share/helloworld_py/package.bash'
[1.519s] INFO:colcon.colcon_core.shell:Creating package script '/home/xn/unitree_go2_ws/install/helloworld_py/share/helloworld_py/package.zsh'
[1.519s] Level 1:colcon.colcon_core.environment:create_file_with_runtime_dependencies(/home/xn/unitree_go2_ws/install/helloworld_py/share/colcon-core/packages/helloworld_py)
[1.594s] DEBUG:colcon.colcon_core.event_handler.log_command:Invoking command in '/home/xn/unitree_go2_ws/src/test/my_test_py': PYTHONPATH=/home/xn/unitree_go2_ws/build/my_test_py/prefix_override:/usr/lib/python3/dist-packages/colcon_core/task/python/colcon_distutils_commands:/home/xn/unitree_go2_ws/install/my_test_py/lib/python3.8/site-packages:${PYTHONPATH} /usr/bin/python3 -W ignore:setup.py install is deprecated -W ignore:easy_install command is deprecated setup.py egg_info --egg-base ../../../build/my_test_py build --build-base /home/xn/unitree_go2_ws/build/my_test_py/build install --record /home/xn/unitree_go2_ws/build/my_test_py/install.log --install-scripts $base/lib/my_test_py --single-version-externally-managed install_data
[1.770s] Level 1:colcon.colcon_core.environment:checking '/home/xn/unitree_go2_ws/install/my_test_py' for CMake module files
[1.770s] DEBUG:colcon.colcon_core.event_handler.log_command:Invoked command in '/home/xn/unitree_go2_ws/src/test/my_test_py' returned '0': PYTHONPATH=/home/xn/unitree_go2_ws/build/my_test_py/prefix_override:/usr/lib/python3/dist-packages/colcon_core/task/python/colcon_distutils_commands:/home/xn/unitree_go2_ws/install/my_test_py/lib/python3.8/site-packages:${PYTHONPATH} /usr/bin/python3 -W ignore:setup.py install is deprecated -W ignore:easy_install command is deprecated setup.py egg_info --egg-base ../../../build/my_test_py build --build-base /home/xn/unitree_go2_ws/build/my_test_py/build install --record /home/xn/unitree_go2_ws/build/my_test_py/install.log --install-scripts $base/lib/my_test_py --single-version-externally-managed install_data
[1.771s] Level 1:colcon.colcon_core.environment:checking '/home/xn/unitree_go2_ws/install/my_test_py' for CMake config files
[1.771s] Level 1:colcon.colcon_core.environment:checking '/home/xn/unitree_go2_ws/install/my_test_py/lib'
[1.771s] Level 1:colcon.colcon_core.environment:checking '/home/xn/unitree_go2_ws/install/my_test_py/bin'
[1.771s] Level 1:colcon.colcon_core.environment:checking '/home/xn/unitree_go2_ws/install/my_test_py/lib/pkgconfig/my_test_py.pc'
[1.771s] Level 1:colcon.colcon_core.environment:checking '/home/xn/unitree_go2_ws/install/my_test_py/lib/python3.8/site-packages'
[1.771s] Level 1:colcon.colcon_core.shell:create_environment_hook('my_test_py', 'pythonpath')
[1.772s] INFO:colcon.colcon_core.shell:Creating environment hook '/home/xn/unitree_go2_ws/install/my_test_py/share/my_test_py/hook/pythonpath.ps1'
[1.772s] INFO:colcon.colcon_core.shell:Creating environment descriptor '/home/xn/unitree_go2_ws/install/my_test_py/share/my_test_py/hook/pythonpath.dsv'
[1.772s] INFO:colcon.colcon_core.shell:Creating environment hook '/home/xn/unitree_go2_ws/install/my_test_py/share/my_test_py/hook/pythonpath.sh'
[1.773s] Level 1:colcon.colcon_core.environment:checking '/home/xn/unitree_go2_ws/install/my_test_py/bin'
[1.773s] Level 1:colcon.colcon_core.environment:create_environment_scripts_only(my_test_py)
[1.773s] INFO:colcon.colcon_core.shell:Creating package script '/home/xn/unitree_go2_ws/install/my_test_py/share/my_test_py/package.ps1'
[1.774s] INFO:colcon.colcon_core.shell:Creating package descriptor '/home/xn/unitree_go2_ws/install/my_test_py/share/my_test_py/package.dsv'
[1.774s] INFO:colcon.colcon_core.shell:Creating package script '/home/xn/unitree_go2_ws/install/my_test_py/share/my_test_py/package.sh'
[1.774s] INFO:colcon.colcon_core.shell:Creating package script '/home/xn/unitree_go2_ws/install/my_test_py/share/my_test_py/package.bash'
[1.775s] INFO:colcon.colcon_core.shell:Creating package script '/home/xn/unitree_go2_ws/install/my_test_py/share/my_test_py/package.zsh'
[1.775s] Level 1:colcon.colcon_core.environment:create_file_with_runtime_dependencies(/home/xn/unitree_go2_ws/install/my_test_py/share/colcon-core/packages/my_test_py)
[1.775s] DEBUG:colcon.colcon_parallel_executor.executor.parallel:closing loop
[1.776s] DEBUG:colcon.colcon_parallel_executor.executor.parallel:loop closed
[1.777s] DEBUG:colcon.colcon_parallel_executor.executor.parallel:run_until_complete finished with '0'
[1.777s] DEBUG:colcon.colcon_core.event_reactor:joining thread
[1.780s] INFO:colcon.colcon_core.plugin_system:Skipping extension 'colcon_notification.desktop_notification.terminal_notifier': Not used on non-Darwin systems
[1.780s] INFO:colcon.colcon_core.plugin_system:Skipping extension 'colcon_notification.desktop_notification.win32': Not used on non-Windows systems
[1.781s] INFO:colcon.colcon_notification.desktop_notification:Sending desktop notification using 'notify2'
[1.793s] DEBUG:colcon.colcon_core.event_reactor:joined thread
[1.793s] INFO:colcon.colcon_core.shell:Creating prefix script '/home/xn/unitree_go2_ws/install/local_setup.ps1'
[1.794s] INFO:colcon.colcon_core.shell:Creating prefix util module '/home/xn/unitree_go2_ws/install/_local_setup_util_ps1.py'
[1.795s] INFO:colcon.colcon_core.shell:Creating prefix chain script '/home/xn/unitree_go2_ws/install/setup.ps1'
[1.796s] INFO:colcon.colcon_core.shell:Creating prefix script '/home/xn/unitree_go2_ws/install/local_setup.sh'
[1.796s] INFO:colcon.colcon_core.shell:Creating prefix util module '/home/xn/unitree_go2_ws/install/_local_setup_util_sh.py'
[1.797s] INFO:colcon.colcon_core.shell:Creating prefix chain script '/home/xn/unitree_go2_ws/install/setup.sh'
[1.802s] INFO:colcon.colcon_core.shell:Creating prefix script '/home/xn/unitree_go2_ws/install/local_setup.bash'
[1.803s] INFO:colcon.colcon_core.shell:Creating prefix chain script '/home/xn/unitree_go2_ws/install/setup.bash'
[1.804s] INFO:colcon.colcon_core.shell:Creating prefix script '/home/xn/unitree_go2_ws/install/local_setup.zsh'
[1.805s] INFO:colcon.colcon_core.shell:Creating prefix chain script '/home/xn/unitree_go2_ws/install/setup.zsh'
