[0.056s] Invoking command in '/home/xn/unitree_go2_ws/build/go2_driver': CMAKE_PREFIX_PATH=${CMAKE_PREFIX_PATH}:/home/xn/unitree_go2_ws/install/my_test_py:/home/xn/unitree_go2_ws/install/helloworld_py:/home/xn/unitree_go2_ws/install/go2_twist_bridge_py:/home/xn/unitree_go2_ws/install/go2_tutorial_py:/home/xn/unitree_go2_ws/install/go2_teleop_ctrl_keyboard:/home/xn/unitree_go2_ws/install/go2_driver_py:/opt/ros/foxy /usr/bin/cmake --build /home/xn/unitree_go2_ws/build/go2_driver -- -j8 -l8
[1.410s] [35m[1mScanning dependencies of target driver[0m
[1.410s] [ 50%] [32mBuilding CXX object CMakeFiles/driver.dir/src/driver.cpp.o[0m
[5.228s] [100%] [32m[1mLinking CXX executable driver[0m
[5.455s] [100%] Built target driver
[5.466s] Invoked command in '/home/xn/unitree_go2_ws/build/go2_driver' returned '0': CMAKE_PREFIX_PATH=${CMAKE_PREFIX_PATH}:/home/xn/unitree_go2_ws/install/my_test_py:/home/xn/unitree_go2_ws/install/helloworld_py:/home/xn/unitree_go2_ws/install/go2_twist_bridge_py:/home/xn/unitree_go2_ws/install/go2_tutorial_py:/home/xn/unitree_go2_ws/install/go2_teleop_ctrl_keyboard:/home/xn/unitree_go2_ws/install/go2_driver_py:/opt/ros/foxy /usr/bin/cmake --build /home/xn/unitree_go2_ws/build/go2_driver -- -j8 -l8
[5.470s] Invoking command in '/home/xn/unitree_go2_ws/build/go2_driver': CMAKE_PREFIX_PATH=${CMAKE_PREFIX_PATH}:/home/xn/unitree_go2_ws/install/my_test_py:/home/xn/unitree_go2_ws/install/helloworld_py:/home/xn/unitree_go2_ws/install/go2_twist_bridge_py:/home/xn/unitree_go2_ws/install/go2_tutorial_py:/home/xn/unitree_go2_ws/install/go2_teleop_ctrl_keyboard:/home/xn/unitree_go2_ws/install/go2_driver_py:/opt/ros/foxy /usr/bin/cmake --install /home/xn/unitree_go2_ws/build/go2_driver
[5.477s] -- Install configuration: ""
[5.478s] -- Installing: /home/xn/unitree_go2_ws/install/go2_driver/lib/go2_driver/driver
[5.479s] -- Set runtime path of "/home/xn/unitree_go2_ws/install/go2_driver/lib/go2_driver/driver" to ""
[5.480s] -- Up-to-date: /home/xn/unitree_go2_ws/install/go2_driver/share/go2_driver/launch
[5.480s] -- Up-to-date: /home/xn/unitree_go2_ws/install/go2_driver/share/go2_driver/launch/driver.launch.py
[5.480s] -- Up-to-date: /home/xn/unitree_go2_ws/install/go2_driver/share/go2_driver/params
[5.480s] -- Up-to-date: /home/xn/unitree_go2_ws/install/go2_driver/share/go2_driver/rviz
[5.480s] -- Up-to-date: /home/xn/unitree_go2_ws/install/go2_driver/share/go2_driver/rviz/display.rviz
[5.480s] -- Up-to-date: /home/xn/unitree_go2_ws/install/go2_driver/share/ament_index/resource_index/package_run_dependencies/go2_driver
[5.480s] -- Up-to-date: /home/xn/unitree_go2_ws/install/go2_driver/share/ament_index/resource_index/parent_prefix_path/go2_driver
[5.480s] -- Up-to-date: /home/xn/unitree_go2_ws/install/go2_driver/share/go2_driver/environment/ament_prefix_path.sh
[5.480s] -- Up-to-date: /home/xn/unitree_go2_ws/install/go2_driver/share/go2_driver/environment/ament_prefix_path.dsv
[5.481s] -- Up-to-date: /home/xn/unitree_go2_ws/install/go2_driver/share/go2_driver/environment/path.sh
[5.481s] -- Up-to-date: /home/xn/unitree_go2_ws/install/go2_driver/share/go2_driver/environment/path.dsv
[5.481s] -- Up-to-date: /home/xn/unitree_go2_ws/install/go2_driver/share/go2_driver/local_setup.bash
[5.481s] -- Up-to-date: /home/xn/unitree_go2_ws/install/go2_driver/share/go2_driver/local_setup.sh
[5.481s] -- Up-to-date: /home/xn/unitree_go2_ws/install/go2_driver/share/go2_driver/local_setup.zsh
[5.481s] -- Up-to-date: /home/xn/unitree_go2_ws/install/go2_driver/share/go2_driver/local_setup.dsv
[5.481s] -- Installing: /home/xn/unitree_go2_ws/install/go2_driver/share/go2_driver/package.dsv
[5.481s] -- Up-to-date: /home/xn/unitree_go2_ws/install/go2_driver/share/ament_index/resource_index/packages/go2_driver
[5.481s] -- Up-to-date: /home/xn/unitree_go2_ws/install/go2_driver/share/go2_driver/cmake/go2_driverConfig.cmake
[5.482s] -- Up-to-date: /home/xn/unitree_go2_ws/install/go2_driver/share/go2_driver/cmake/go2_driverConfig-version.cmake
[5.482s] -- Up-to-date: /home/xn/unitree_go2_ws/install/go2_driver/share/go2_driver/package.xml
[5.482s] Invoked command in '/home/xn/unitree_go2_ws/build/go2_driver' returned '0': CMAKE_PREFIX_PATH=${CMAKE_PREFIX_PATH}:/home/xn/unitree_go2_ws/install/my_test_py:/home/xn/unitree_go2_ws/install/helloworld_py:/home/xn/unitree_go2_ws/install/go2_twist_bridge_py:/home/xn/unitree_go2_ws/install/go2_tutorial_py:/home/xn/unitree_go2_ws/install/go2_teleop_ctrl_keyboard:/home/xn/unitree_go2_ws/install/go2_driver_py:/opt/ros/foxy /usr/bin/cmake --install /home/xn/unitree_go2_ws/build/go2_driver
