[1.005s] Invoking command in '/home/xn/unitree_go2_ws/build/go2_driver_py': PYTHONPATH=/home/xn/unitree_go2_ws/build/go2_driver_py/prefix_override:/usr/lib/python3/dist-packages/colcon_core/task/python/colcon_distutils_commands:/home/xn/unitree_go2_ws/install/go2_driver_py/lib/python3.8/site-packages:${PYTHONPATH} /usr/bin/python3 -W ignore:setup.py install is deprecated -W ignore:easy_install command is deprecated setup.py develop --editable --build-directory /home/xn/unitree_go2_ws/build/go2_driver_py/build --no-deps symlink_data --force
[1.279s] running develop
[1.383s] running egg_info
[1.383s] writing go2_driver_py.egg-info/PKG-INFO
[1.383s] writing dependency_links to go2_driver_py.egg-info/dependency_links.txt
[1.383s] writing entry points to go2_driver_py.egg-info/entry_points.txt
[1.383s] writing requirements to go2_driver_py.egg-info/requires.txt
[1.383s] writing top-level names to go2_driver_py.egg-info/top_level.txt
[1.427s] reading manifest file 'go2_driver_py.egg-info/SOURCES.txt'
[1.429s] writing manifest file 'go2_driver_py.egg-info/SOURCES.txt'
[1.477s] running build_ext
[1.479s] Creating /home/xn/unitree_go2_ws/install/go2_driver_py/lib/python3.8/site-packages/site.py
[1.480s] Creating /home/xn/unitree_go2_ws/install/go2_driver_py/lib/python3.8/site-packages/go2-driver-py.egg-link (link to .)
[1.482s] Installing driver_py script to /home/xn/unitree_go2_ws/install/go2_driver_py/lib/go2_driver_py
[1.482s] 
[1.482s] Installed /home/xn/unitree_go2_ws/build/go2_driver_py
[1.482s] running symlink_data
[1.482s] symbolically linking /home/xn/unitree_go2_ws/build/go2_driver_py/resource/go2_driver_py -> /home/xn/unitree_go2_ws/install/go2_driver_py/share/ament_index/resource_index/packages
[1.482s] symbolically linking /home/xn/unitree_go2_ws/build/go2_driver_py/package.xml -> /home/xn/unitree_go2_ws/install/go2_driver_py/share/go2_driver_py
[1.482s] symbolically linking /home/xn/unitree_go2_ws/build/go2_driver_py/launch/driver.launch.py -> /home/xn/unitree_go2_ws/install/go2_driver_py/share/go2_driver_py/launch
[1.482s] symbolically linking /home/xn/unitree_go2_ws/build/go2_driver_py/rviz/display.rviz -> /home/xn/unitree_go2_ws/install/go2_driver_py/share/go2_driver_py/rviz
[1.483s] symbolically linking /home/xn/unitree_go2_ws/build/go2_driver_py/params/driver.yaml -> /home/xn/unitree_go2_ws/install/go2_driver_py/share/go2_driver_py/params
[1.543s] Invoked command in '/home/xn/unitree_go2_ws/build/go2_driver_py' returned '0': PYTHONPATH=/home/xn/unitree_go2_ws/build/go2_driver_py/prefix_override:/usr/lib/python3/dist-packages/colcon_core/task/python/colcon_distutils_commands:/home/xn/unitree_go2_ws/install/go2_driver_py/lib/python3.8/site-packages:${PYTHONPATH} /usr/bin/python3 -W ignore:setup.py install is deprecated -W ignore:easy_install command is deprecated setup.py develop --editable --build-directory /home/xn/unitree_go2_ws/build/go2_driver_py/build --no-deps symlink_data --force
