[0.738s] Invoking command in '/home/xn/unitree_go2_ws/src/base/go2_twist_bridge_py': PYTHONPATH=/home/xn/unitree_go2_ws/build/go2_twist_bridge_py/prefix_override:/usr/lib/python3/dist-packages/colcon_core/task/python/colcon_distutils_commands:/home/xn/unitree_go2_ws/install/go2_twist_bridge_py/lib/python3.8/site-packages:${PYTHONPATH} /usr/bin/python3 -W ignore:setup.py install is deprecated -W ignore:easy_install command is deprecated setup.py egg_info --egg-base ../../../build/go2_twist_bridge_py build --build-base /home/xn/unitree_go2_ws/build/go2_twist_bridge_py/build install --record /home/xn/unitree_go2_ws/build/go2_twist_bridge_py/install.log --install-scripts $base/lib/go2_twist_bridge_py --single-version-externally-managed install_data
[0.892s] running egg_info
[0.892s] writing ../../../build/go2_twist_bridge_py/go2_twist_bridge_py.egg-info/PKG-INFO
[0.892s] writing dependency_links to ../../../build/go2_twist_bridge_py/go2_twist_bridge_py.egg-info/dependency_links.txt
[0.892s] writing entry points to ../../../build/go2_twist_bridge_py/go2_twist_bridge_py.egg-info/entry_points.txt
[0.893s] writing requirements to ../../../build/go2_twist_bridge_py/go2_twist_bridge_py.egg-info/requires.txt
[0.893s] writing top-level names to ../../../build/go2_twist_bridge_py/go2_twist_bridge_py.egg-info/top_level.txt
[0.914s] reading manifest file '../../../build/go2_twist_bridge_py/go2_twist_bridge_py.egg-info/SOURCES.txt'
[0.914s] writing manifest file '../../../build/go2_twist_bridge_py/go2_twist_bridge_py.egg-info/SOURCES.txt'
[0.915s] running build
[0.915s] running build_py
[0.915s] copying go2_twist_bridge_py/twist_bridge_py.py -> /home/xn/unitree_go2_ws/build/go2_twist_bridge_py/build/lib/go2_twist_bridge_py
[0.915s] running install
[0.916s] running install_lib
[0.917s] copying /home/xn/unitree_go2_ws/build/go2_twist_bridge_py/build/lib/go2_twist_bridge_py/twist_bridge_py.py -> /home/xn/unitree_go2_ws/install/go2_twist_bridge_py/lib/python3.8/site-packages/go2_twist_bridge_py
[0.917s] byte-compiling /home/xn/unitree_go2_ws/install/go2_twist_bridge_py/lib/python3.8/site-packages/go2_twist_bridge_py/twist_bridge_py.py to twist_bridge_py.cpython-38.pyc
[0.918s] running install_data
[0.918s] running install_egg_info
[0.919s] removing '/home/xn/unitree_go2_ws/install/go2_twist_bridge_py/lib/python3.8/site-packages/go2_twist_bridge_py-0.0.0-py3.8.egg-info' (and everything under it)
[0.919s] Copying ../../../build/go2_twist_bridge_py/go2_twist_bridge_py.egg-info to /home/xn/unitree_go2_ws/install/go2_twist_bridge_py/lib/python3.8/site-packages/go2_twist_bridge_py-0.0.0-py3.8.egg-info
[0.920s] running install_scripts
[0.947s] Installing twist_bridge_py script to /home/xn/unitree_go2_ws/install/go2_twist_bridge_py/lib/go2_twist_bridge_py
[0.948s] writing list of installed files to '/home/xn/unitree_go2_ws/build/go2_twist_bridge_py/install.log'
[0.979s] Invoked command in '/home/xn/unitree_go2_ws/src/base/go2_twist_bridge_py' returned '0': PYTHONPATH=/home/xn/unitree_go2_ws/build/go2_twist_bridge_py/prefix_override:/usr/lib/python3/dist-packages/colcon_core/task/python/colcon_distutils_commands:/home/xn/unitree_go2_ws/install/go2_twist_bridge_py/lib/python3.8/site-packages:${PYTHONPATH} /usr/bin/python3 -W ignore:setup.py install is deprecated -W ignore:easy_install command is deprecated setup.py egg_info --egg-base ../../../build/go2_twist_bridge_py build --build-base /home/xn/unitree_go2_ws/build/go2_twist_bridge_py/build install --record /home/xn/unitree_go2_ws/build/go2_twist_bridge_py/install.log --install-scripts $base/lib/go2_twist_bridge_py --single-version-externally-managed install_data
