[0.359s] Invoking command in '/home/xn/unitree_go2_ws/build/go2_tutorial': CMAKE_PREFIX_PATH=${CMAKE_PREFIX_PATH}:/home/xn/unitree_go2_ws/install/my_test_py:/home/xn/unitree_go2_ws/install/helloworld_py:/home/xn/unitree_go2_ws/install/go2_twist_bridge_py:/home/xn/unitree_go2_ws/install/go2_tutorial_py:/home/xn/unitree_go2_ws/install/go2_teleop_ctrl_keyboard:/home/xn/unitree_go2_ws/install/go2_driver_py:/opt/ros/foxy /usr/bin/cmake --build /home/xn/unitree_go2_ws/build/go2_tutorial -- -j8 -l8
[0.542s] -- Found ament_cmake: 0.9.12 (/opt/ros/foxy/share/ament_cmake/cmake)
[0.543s] -- Using PYTHON_EXECUTABLE: /usr/bin/python3
[0.543s] -- Found rclcpp: 2.4.3 (/opt/ros/foxy/share/rclcpp/cmake)
[0.557s] -- Using all available rosidl_typesupport_c: rosidl_typesupport_fastrtps_c;rosidl_typesupport_introspection_c
[0.559s] -- Found rosidl_adapter: 1.3.1 (/opt/ros/foxy/share/rosidl_adapter/cmake)
[0.658s] -- Using all available rosidl_typesupport_cpp: rosidl_typesupport_fastrtps_cpp;rosidl_typesupport_introspection_cpp
[0.691s] -- Found rmw_implementation_cmake: 1.0.4 (/opt/ros/foxy/share/rmw_implementation_cmake/cmake)
[0.692s] -- Using RMW implementation 'rmw_cyclonedds_cpp' as default
[0.800s] -- Found unitree_go: 0.0.0 (/home/xn/unitree_ros2/cyclonedds_ws/install/unitree_go/share/unitree_go/cmake)
[0.908s] -- Found unitree_api: 0.0.0 (/home/xn/unitree_ros2/cyclonedds_ws/install/unitree_api/share/unitree_api/cmake)
[0.946s] -- Found go2_twist_bridge: 0.0.0 (/home/xn/unitree_go2_ws/install/go2_twist_bridge/share/go2_twist_bridge/cmake)
[0.957s] CMake Error at CMakeLists.txt:24 (find_package):
[0.957s]   By not providing "Findbase.cmake" in CMAKE_MODULE_PATH this project has
[0.957s]   asked CMake to find a package configuration file provided by "base", but
[0.957s]   CMake did not find one.
[0.957s] 
[0.957s]   Could not find a package configuration file provided by "base" with any of
[0.957s]   the following names:
[0.957s] 
[0.957s]     baseConfig.cmake
[0.957s]     base-config.cmake
[0.957s] 
[0.957s]   Add the installation prefix of "base" to CMAKE_PREFIX_PATH or set
[0.957s]   "base_DIR" to a directory containing one of the above files.  If "base"
[0.957s]   provides a separate development package or SDK, be sure it has been
[0.958s]   installed.
[0.958s] 
[0.958s] 
[0.959s] -- Configuring incomplete, errors occurred!
[0.959s] See also "/home/xn/unitree_go2_ws/build/go2_tutorial/CMakeFiles/CMakeOutput.log".
[0.959s] See also "/home/xn/unitree_go2_ws/build/go2_tutorial/CMakeFiles/CMakeError.log".
[0.965s] make: *** [Makefile:266：cmake_check_build_system] 错误 1
[1.347s] Invoked command in '/home/xn/unitree_go2_ws/build/go2_tutorial' returned '2': CMAKE_PREFIX_PATH=${CMAKE_PREFIX_PATH}:/home/xn/unitree_go2_ws/install/my_test_py:/home/xn/unitree_go2_ws/install/helloworld_py:/home/xn/unitree_go2_ws/install/go2_twist_bridge_py:/home/xn/unitree_go2_ws/install/go2_tutorial_py:/home/xn/unitree_go2_ws/install/go2_teleop_ctrl_keyboard:/home/xn/unitree_go2_ws/install/go2_driver_py:/opt/ros/foxy /usr/bin/cmake --build /home/xn/unitree_go2_ws/build/go2_tutorial -- -j8 -l8
