[0.071s] Invoking command in '/home/xn/unitree_go2_ws/build/go2_description': CMAKE_PREFIX_PATH=${CMAKE_PREFIX_PATH}:/home/xn/unitree_go2_ws/install/my_test_py:/home/xn/unitree_go2_ws/install/helloworld_py:/home/xn/unitree_go2_ws/install/go2_twist_bridge_py:/home/xn/unitree_go2_ws/install/go2_teleop_ctrl_keyboard:/home/xn/unitree_go2_ws/install/go2_driver_py:/opt/ros/foxy /usr/bin/cmake --build /home/xn/unitree_go2_ws/build/go2_description -- -j8 -l8
[0.927s] Invoked command in '/home/xn/unitree_go2_ws/build/go2_description' returned '0': CMAKE_PREFIX_PATH=${CMAKE_PREFIX_PATH}:/home/xn/unitree_go2_ws/install/my_test_py:/home/xn/unitree_go2_ws/install/helloworld_py:/home/xn/unitree_go2_ws/install/go2_twist_bridge_py:/home/xn/unitree_go2_ws/install/go2_teleop_ctrl_keyboard:/home/xn/unitree_go2_ws/install/go2_driver_py:/opt/ros/foxy /usr/bin/cmake --build /home/xn/unitree_go2_ws/build/go2_description -- -j8 -l8
[0.954s] Invoking command in '/home/xn/unitree_go2_ws/build/go2_description': CMAKE_PREFIX_PATH=${CMAKE_PREFIX_PATH}:/home/xn/unitree_go2_ws/install/my_test_py:/home/xn/unitree_go2_ws/install/helloworld_py:/home/xn/unitree_go2_ws/install/go2_twist_bridge_py:/home/xn/unitree_go2_ws/install/go2_teleop_ctrl_keyboard:/home/xn/unitree_go2_ws/install/go2_driver_py:/opt/ros/foxy /usr/bin/cmake --install /home/xn/unitree_go2_ws/build/go2_description
[0.979s] -- Install configuration: ""
[0.980s] -- Up-to-date: /home/xn/unitree_go2_ws/install/go2_description/share/go2_description/launch
[0.980s] -- Up-to-date: /home/xn/unitree_go2_ws/install/go2_description/share/go2_description/launch/display.launch.py
[0.980s] -- Up-to-date: /home/xn/unitree_go2_ws/install/go2_description/share/go2_description/dae
[0.981s] -- Up-to-date: /home/xn/unitree_go2_ws/install/go2_description/share/go2_description/dae/foot.dae
[0.982s] -- Up-to-date: /home/xn/unitree_go2_ws/install/go2_description/share/go2_description/dae/calf_mirror.dae
[0.982s] -- Up-to-date: /home/xn/unitree_go2_ws/install/go2_description/share/go2_description/dae/base.dae
[0.982s] -- Up-to-date: /home/xn/unitree_go2_ws/install/go2_description/share/go2_description/dae/hip.dae
[0.982s] -- Up-to-date: /home/xn/unitree_go2_ws/install/go2_description/share/go2_description/dae/calf.dae
[0.982s] -- Up-to-date: /home/xn/unitree_go2_ws/install/go2_description/share/go2_description/dae/thigh_mirror.dae
[0.982s] -- Up-to-date: /home/xn/unitree_go2_ws/install/go2_description/share/go2_description/dae/thigh.dae
[0.983s] -- Up-to-date: /home/xn/unitree_go2_ws/install/go2_description/share/go2_description/urdf
[0.983s] -- Up-to-date: /home/xn/unitree_go2_ws/install/go2_description/share/go2_description/urdf/Normal_collision_model.png
[0.983s] -- Up-to-date: /home/xn/unitree_go2_ws/install/go2_description/share/go2_description/urdf/Amended_collision_model.png
[0.984s] -- Up-to-date: /home/xn/unitree_go2_ws/install/go2_description/share/go2_description/urdf/go2_description.urdf
[0.984s] -- Up-to-date: /home/xn/unitree_go2_ws/install/go2_description/share/go2_description/urdf/.history
[0.985s] -- Up-to-date: /home/xn/unitree_go2_ws/install/go2_description/share/go2_description/urdf/.history/go2_description_20230905113840.urdf
[0.985s] -- Up-to-date: /home/xn/unitree_go2_ws/install/go2_description/share/go2_description/urdf/.history/go2_description_20230904193653.urdf
[0.985s] -- Up-to-date: /home/xn/unitree_go2_ws/install/go2_description/share/go2_description/urdf/.history/go2_description_20230905112944.urdf
[0.986s] -- Up-to-date: /home/xn/unitree_go2_ws/install/go2_description/share/go2_description/urdf/.history/go2_description_20230905112735.urdf
[0.986s] -- Up-to-date: /home/xn/unitree_go2_ws/install/go2_description/share/go2_description/urdf/.history/go2_description_20230905115215.urdf
[0.987s] -- Up-to-date: /home/xn/unitree_go2_ws/install/go2_description/share/go2_description/urdf/.history/go2_description_20230905113755.urdf
[0.988s] -- Up-to-date: /home/xn/unitree_go2_ws/install/go2_description/share/go2_description/urdf/.history/go2_description_20230905115313.urdf
[0.988s] -- Up-to-date: /home/xn/unitree_go2_ws/install/go2_description/share/go2_description/urdf/.history/go2_description_20230904193644.urdf
[0.989s] -- Up-to-date: /home/xn/unitree_go2_ws/install/go2_description/share/go2_description/urdf/.history/go2_description_20230905113754.urdf
[0.993s] -- Up-to-date: /home/xn/unitree_go2_ws/install/go2_description/share/go2_description/urdf/.history/go2_description_20230905113059.urdf
[0.993s] -- Up-to-date: /home/xn/unitree_go2_ws/install/go2_description/share/go2_description/urdf/.history/go2_description_20230904182446.urdf
[0.994s] -- Up-to-date: /home/xn/unitree_go2_ws/install/go2_description/share/go2_description/urdf/.history/go2_description_20230905115040.urdf
[0.995s] -- Up-to-date: /home/xn/unitree_go2_ws/install/go2_description/share/go2_description/urdf/.history/go2_description_20230904193705.urdf
[0.996s] -- Up-to-date: /home/xn/unitree_go2_ws/install/go2_description/share/go2_description/urdf/.history/go2_description_20230905114819.urdf
[0.999s] -- Up-to-date: /home/xn/unitree_go2_ws/install/go2_description/share/go2_description/urdf/.history/go2_description_20230905112752.urdf
[0.999s] -- Up-to-date: /home/xn/unitree_go2_ws/install/go2_description/share/go2_description/urdf/.history/go2_description_20230904193710.urdf
[1.000s] -- Up-to-date: /home/xn/unitree_go2_ws/install/go2_description/share/go2_description/urdf/.history/go2_description_20230905112047.urdf
[1.000s] -- Up-to-date: /home/xn/unitree_go2_ws/install/go2_description/share/go2_description/urdf/.history/go2_description_20230905115226.urdf
[1.000s] -- Up-to-date: /home/xn/unitree_go2_ws/install/go2_description/share/go2_description/urdf/.history/go2_description_20230905113000.urdf
[1.001s] -- Up-to-date: /home/xn/unitree_go2_ws/install/go2_description/share/go2_description/urdf/.history/go2_description_20230905115300.urdf
[1.001s] -- Up-to-date: /home/xn/unitree_go2_ws/install/go2_description/share/go2_description/urdf/.history/go2_description_20230905115022.urdf
[1.001s] -- Up-to-date: /home/xn/unitree_go2_ws/install/go2_description/share/go2_description/urdf/.history/go2_description_20230905112217.urdf
[1.001s] -- Up-to-date: /home/xn/unitree_go2_ws/install/go2_description/share/go2_description/urdf/.history/go2_description_20230904144240.urdf
[1.002s] -- Up-to-date: /home/xn/unitree_go2_ws/install/go2_description/share/go2_description/urdf/.history/go2_description_20230905115021.urdf
[1.002s] -- Up-to-date: /home/xn/unitree_go2_ws/install/go2_description/share/go2_description/urdf/.history/go2_description_20230905112749.urdf
[1.005s] -- Up-to-date: /home/xn/unitree_go2_ws/install/go2_description/share/go2_description/urdf/.history/go2_description_20230905113633.urdf
[1.005s] -- Up-to-date: /home/xn/unitree_go2_ws/install/go2_description/share/go2_description/urdf/.history/go2_description_20230905112143.urdf
[1.006s] -- Up-to-date: /home/xn/unitree_go2_ws/install/go2_description/share/go2_description/urdf/.history/go2_description_20230905113839.urdf
[1.008s] -- Up-to-date: /home/xn/unitree_go2_ws/install/go2_description/share/go2_description/urdf/.history/go2_description_20230904193711.urdf
[1.008s] -- Up-to-date: /home/xn/unitree_go2_ws/install/go2_description/share/go2_description/urdf/.history/go2_description_20230905114759.urdf
[1.008s] -- Up-to-date: /home/xn/unitree_go2_ws/install/go2_description/share/go2_description/urdf/.history/go2_description_20230904193628.urdf
[1.009s] -- Up-to-date: /home/xn/unitree_go2_ws/install/go2_description/share/go2_description/meshes
[1.011s] -- Up-to-date: /home/xn/unitree_go2_ws/install/go2_description/share/go2_description/meshes/foot.dae
[1.011s] -- Up-to-date: /home/xn/unitree_go2_ws/install/go2_description/share/go2_description/meshes/calf_mirror.dae
[1.011s] -- Up-to-date: /home/xn/unitree_go2_ws/install/go2_description/share/go2_description/meshes/hip.dae
[1.012s] -- Up-to-date: /home/xn/unitree_go2_ws/install/go2_description/share/go2_description/meshes/calf.dae
[1.012s] -- Up-to-date: /home/xn/unitree_go2_ws/install/go2_description/share/go2_description/meshes/thigh_mirror.dae
[1.012s] -- Up-to-date: /home/xn/unitree_go2_ws/install/go2_description/share/go2_description/meshes/trunk.dae
[1.012s] -- Up-to-date: /home/xn/unitree_go2_ws/install/go2_description/share/go2_description/meshes/thigh.dae
[1.012s] -- Up-to-date: /home/xn/unitree_go2_ws/install/go2_description/share/ament_index/resource_index/package_run_dependencies/go2_description
[1.013s] -- Up-to-date: /home/xn/unitree_go2_ws/install/go2_description/share/ament_index/resource_index/parent_prefix_path/go2_description
[1.013s] -- Up-to-date: /home/xn/unitree_go2_ws/install/go2_description/share/go2_description/environment/ament_prefix_path.sh
[1.013s] -- Up-to-date: /home/xn/unitree_go2_ws/install/go2_description/share/go2_description/environment/ament_prefix_path.dsv
[1.013s] -- Up-to-date: /home/xn/unitree_go2_ws/install/go2_description/share/go2_description/environment/path.sh
[1.013s] -- Up-to-date: /home/xn/unitree_go2_ws/install/go2_description/share/go2_description/environment/path.dsv
[1.014s] -- Up-to-date: /home/xn/unitree_go2_ws/install/go2_description/share/go2_description/local_setup.bash
[1.014s] -- Up-to-date: /home/xn/unitree_go2_ws/install/go2_description/share/go2_description/local_setup.sh
[1.014s] -- Up-to-date: /home/xn/unitree_go2_ws/install/go2_description/share/go2_description/local_setup.zsh
[1.014s] -- Up-to-date: /home/xn/unitree_go2_ws/install/go2_description/share/go2_description/local_setup.dsv
[1.015s] -- Installing: /home/xn/unitree_go2_ws/install/go2_description/share/go2_description/package.dsv
[1.015s] -- Up-to-date: /home/xn/unitree_go2_ws/install/go2_description/share/ament_index/resource_index/packages/go2_description
[1.015s] -- Up-to-date: /home/xn/unitree_go2_ws/install/go2_description/share/go2_description/cmake/go2_descriptionConfig.cmake
[1.015s] -- Up-to-date: /home/xn/unitree_go2_ws/install/go2_description/share/go2_description/cmake/go2_descriptionConfig-version.cmake
[1.020s] -- Up-to-date: /home/xn/unitree_go2_ws/install/go2_description/share/go2_description/package.xml
[1.074s] Invoked command in '/home/xn/unitree_go2_ws/build/go2_description' returned '0': CMAKE_PREFIX_PATH=${CMAKE_PREFIX_PATH}:/home/xn/unitree_go2_ws/install/my_test_py:/home/xn/unitree_go2_ws/install/helloworld_py:/home/xn/unitree_go2_ws/install/go2_twist_bridge_py:/home/xn/unitree_go2_ws/install/go2_teleop_ctrl_keyboard:/home/xn/unitree_go2_ws/install/go2_driver_py:/opt/ros/foxy /usr/bin/cmake --install /home/xn/unitree_go2_ws/build/go2_description
