[100%] Built target go2_ctrl
-- Install configuration: ""
-- Up-to-date: /home/xn/unitree_go2_ws/install/go2_tutorial/lib/go2_tutorial/go2_ctrl
-- Up-to-date: /home/xn/unitree_go2_ws/install/go2_tutorial/share/go2_tutorial/launch
-- Up-to-date: /home/xn/unitree_go2_ws/install/go2_tutorial/share/go2_tutorial/params
-- Up-to-date: /home/xn/unitree_go2_ws/install/go2_tutorial/share/ament_index/resource_index/package_run_dependencies/go2_tutorial
-- Up-to-date: /home/xn/unitree_go2_ws/install/go2_tutorial/share/ament_index/resource_index/parent_prefix_path/go2_tutorial
-- Up-to-date: /home/xn/unitree_go2_ws/install/go2_tutorial/share/go2_tutorial/environment/ament_prefix_path.sh
-- Up-to-date: /home/xn/unitree_go2_ws/install/go2_tutorial/share/go2_tutorial/environment/ament_prefix_path.dsv
-- Up-to-date: /home/xn/unitree_go2_ws/install/go2_tutorial/share/go2_tutorial/environment/path.sh
-- Up-to-date: /home/xn/unitree_go2_ws/install/go2_tutorial/share/go2_tutorial/environment/path.dsv
-- Up-to-date: /home/xn/unitree_go2_ws/install/go2_tutorial/share/go2_tutorial/local_setup.bash
-- Up-to-date: /home/xn/unitree_go2_ws/install/go2_tutorial/share/go2_tutorial/local_setup.sh
-- Up-to-date: /home/xn/unitree_go2_ws/install/go2_tutorial/share/go2_tutorial/local_setup.zsh
-- Up-to-date: /home/xn/unitree_go2_ws/install/go2_tutorial/share/go2_tutorial/local_setup.dsv
-- Up-to-date: /home/xn/unitree_go2_ws/install/go2_tutorial/share/go2_tutorial/package.dsv
-- Up-to-date: /home/xn/unitree_go2_ws/install/go2_tutorial/share/ament_index/resource_index/packages/go2_tutorial
-- Up-to-date: /home/xn/unitree_go2_ws/install/go2_tutorial/share/go2_tutorial/cmake/go2_tutorialConfig.cmake
-- Up-to-date: /home/xn/unitree_go2_ws/install/go2_tutorial/share/go2_tutorial/cmake/go2_tutorialConfig-version.cmake
-- Up-to-date: /home/xn/unitree_go2_ws/install/go2_tutorial/share/go2_tutorial/package.xml
