[0.361s] Invoking command in '/home/xn/unitree_go2_ws/build/go2_tutorial': CMAKE_PREFIX_PATH=${CMAKE_PREFIX_PATH}:/home/xn/unitree_go2_ws/install/go2_tutorial_py:/home/xn/unitree_go2_ws/install/my_test_py:/home/xn/unitree_go2_ws/install/helloworld_py:/home/xn/unitree_go2_ws/install/go2_twist_bridge_py:/home/xn/unitree_go2_ws/install/go2_teleop_ctrl_keyboard:/home/xn/unitree_go2_ws/install/go2_driver_py:/opt/ros/foxy /usr/bin/cmake --build /home/xn/unitree_go2_ws/build/go2_tutorial -- -j8 -l8
[0.680s] [100%] Built target go2_ctrl
[0.705s] Invoked command in '/home/xn/unitree_go2_ws/build/go2_tutorial' returned '0': CMAKE_PREFIX_PATH=${CMAKE_PREFIX_PATH}:/home/xn/unitree_go2_ws/install/go2_tutorial_py:/home/xn/unitree_go2_ws/install/my_test_py:/home/xn/unitree_go2_ws/install/helloworld_py:/home/xn/unitree_go2_ws/install/go2_twist_bridge_py:/home/xn/unitree_go2_ws/install/go2_teleop_ctrl_keyboard:/home/xn/unitree_go2_ws/install/go2_driver_py:/opt/ros/foxy /usr/bin/cmake --build /home/xn/unitree_go2_ws/build/go2_tutorial -- -j8 -l8
[0.705s] Invoking command in '/home/xn/unitree_go2_ws/build/go2_tutorial': CMAKE_PREFIX_PATH=${CMAKE_PREFIX_PATH}:/home/xn/unitree_go2_ws/install/go2_tutorial_py:/home/xn/unitree_go2_ws/install/my_test_py:/home/xn/unitree_go2_ws/install/helloworld_py:/home/xn/unitree_go2_ws/install/go2_twist_bridge_py:/home/xn/unitree_go2_ws/install/go2_teleop_ctrl_keyboard:/home/xn/unitree_go2_ws/install/go2_driver_py:/opt/ros/foxy /usr/bin/cmake --install /home/xn/unitree_go2_ws/build/go2_tutorial
[0.714s] -- Install configuration: ""
[0.714s] -- Up-to-date: /home/xn/unitree_go2_ws/install/go2_tutorial/lib/go2_tutorial/go2_ctrl
[0.715s] -- Up-to-date: /home/xn/unitree_go2_ws/install/go2_tutorial/share/go2_tutorial/launch
[0.715s] -- Up-to-date: /home/xn/unitree_go2_ws/install/go2_tutorial/share/go2_tutorial/params
[0.715s] -- Up-to-date: /home/xn/unitree_go2_ws/install/go2_tutorial/share/ament_index/resource_index/package_run_dependencies/go2_tutorial
[0.715s] -- Up-to-date: /home/xn/unitree_go2_ws/install/go2_tutorial/share/ament_index/resource_index/parent_prefix_path/go2_tutorial
[0.715s] -- Up-to-date: /home/xn/unitree_go2_ws/install/go2_tutorial/share/go2_tutorial/environment/ament_prefix_path.sh
[0.715s] -- Up-to-date: /home/xn/unitree_go2_ws/install/go2_tutorial/share/go2_tutorial/environment/ament_prefix_path.dsv
[0.719s] -- Up-to-date: /home/xn/unitree_go2_ws/install/go2_tutorial/share/go2_tutorial/environment/path.sh
[0.720s] -- Up-to-date: /home/xn/unitree_go2_ws/install/go2_tutorial/share/go2_tutorial/environment/path.dsv
[0.720s] -- Up-to-date: /home/xn/unitree_go2_ws/install/go2_tutorial/share/go2_tutorial/local_setup.bash
[0.720s] -- Up-to-date: /home/xn/unitree_go2_ws/install/go2_tutorial/share/go2_tutorial/local_setup.sh
[0.720s] -- Up-to-date: /home/xn/unitree_go2_ws/install/go2_tutorial/share/go2_tutorial/local_setup.zsh
[0.720s] -- Up-to-date: /home/xn/unitree_go2_ws/install/go2_tutorial/share/go2_tutorial/local_setup.dsv
[0.721s] -- Up-to-date: /home/xn/unitree_go2_ws/install/go2_tutorial/share/go2_tutorial/package.dsv
[0.721s] -- Up-to-date: /home/xn/unitree_go2_ws/install/go2_tutorial/share/ament_index/resource_index/packages/go2_tutorial
[0.721s] -- Up-to-date: /home/xn/unitree_go2_ws/install/go2_tutorial/share/go2_tutorial/cmake/go2_tutorialConfig.cmake
[0.721s] -- Up-to-date: /home/xn/unitree_go2_ws/install/go2_tutorial/share/go2_tutorial/cmake/go2_tutorialConfig-version.cmake
[0.722s] -- Up-to-date: /home/xn/unitree_go2_ws/install/go2_tutorial/share/go2_tutorial/package.xml
[0.881s] Invoked command in '/home/xn/unitree_go2_ws/build/go2_tutorial' returned '0': CMAKE_PREFIX_PATH=${CMAKE_PREFIX_PATH}:/home/xn/unitree_go2_ws/install/go2_tutorial_py:/home/xn/unitree_go2_ws/install/my_test_py:/home/xn/unitree_go2_ws/install/helloworld_py:/home/xn/unitree_go2_ws/install/go2_twist_bridge_py:/home/xn/unitree_go2_ws/install/go2_teleop_ctrl_keyboard:/home/xn/unitree_go2_ws/install/go2_driver_py:/opt/ros/foxy /usr/bin/cmake --install /home/xn/unitree_go2_ws/build/go2_tutorial
