[0.367s] Invoking command in '/home/xn/unitree_go2_ws/build/go2_tutorial': CMAKE_PREFIX_PATH=${CMAKE_PREFIX_PATH}:/home/xn/unitree_go2_ws/install/my_test_py:/home/xn/unitree_go2_ws/install/helloworld_py:/home/xn/unitree_go2_ws/install/go2_twist_bridge_py:/home/xn/unitree_go2_ws/install/go2_tutorial_py:/home/xn/unitree_go2_ws/install/go2_teleop_ctrl_keyboard:/home/xn/unitree_go2_ws/install/go2_driver_py:/opt/ros/foxy /usr/bin/cmake --build /home/xn/unitree_go2_ws/build/go2_tutorial -- -j8 -l8
[0.706s] -- Found ament_cmake: 0.9.12 (/opt/ros/foxy/share/ament_cmake/cmake)
[0.707s] -- Using PYTHON_EXECUTABLE: /usr/bin/python3
[0.707s] -- Found rclcpp: 2.4.3 (/opt/ros/foxy/share/rclcpp/cmake)
[0.707s] -- Using all available rosidl_typesupport_c: rosidl_typesupport_fastrtps_c;rosidl_typesupport_introspection_c
[0.707s] -- Found rosidl_adapter: 1.3.1 (/opt/ros/foxy/share/rosidl_adapter/cmake)
[0.707s] -- Using all available rosidl_typesupport_cpp: rosidl_typesupport_fastrtps_cpp;rosidl_typesupport_introspection_cpp
[0.707s] -- Found rmw_implementation_cmake: 1.0.4 (/opt/ros/foxy/share/rmw_implementation_cmake/cmake)
[0.707s] -- Using RMW implementation 'rmw_cyclonedds_cpp' as default
[0.838s] -- Found unitree_go: 0.0.0 (/home/xn/unitree_ros2/cyclonedds_ws/install/unitree_go/share/unitree_go/cmake)
[0.964s] -- Found unitree_api: 0.0.0 (/home/xn/unitree_ros2/cyclonedds_ws/install/unitree_api/share/unitree_api/cmake)
[1.015s] -- Found go2_twist_bridge: 0.0.0 (/home/xn/unitree_go2_ws/install/go2_twist_bridge/share/go2_twist_bridge/cmake)
[1.018s] -- Found ament_lint_auto: 0.9.8 (/opt/ros/foxy/share/ament_lint_auto/cmake)
[1.078s] -- Added test 'copyright' to check source files copyright and LICENSE
[1.080s] -- Added test 'cppcheck' to perform static code analysis on C / C++ code
[1.080s] -- Configured cppcheck include dirs: $<BUILD_INTERFACE:/home/xn/unitree_go2_ws/src/tutorial/go2_tutorial/include>
[1.080s] -- Configured cppcheck exclude dirs and/or files: 
[1.082s] -- Added test 'cpplint' to check C / C++ code against the Google style
[1.082s] -- Configured cpplint exclude dirs and/or files: 
[1.083s] -- Added test 'flake8' to check Python code syntax and style conventions
[1.083s] -- Added test 'lint_cmake' to check CMake code style
[1.083s] -- Added test 'pep257' to check Python code against some of the style conventions in PEP 257
[1.085s] -- Added test 'uncrustify' to check C / C++ code style
[1.085s] -- Configured uncrustify additional arguments: 
[1.085s] -- Added test 'xmllint' to check XML markup files
[1.087s] -- Configuring done
[1.096s] -- Generating done
[1.100s] -- Build files have been written to: /home/xn/unitree_go2_ws/build/go2_tutorial
[1.135s] [35m[1mScanning dependencies of target go2_ctrl[0m
[1.163s] [ 50%] [32mBuilding CXX object CMakeFiles/go2_ctrl.dir/src/go2_ctrl.cpp.o[0m
[1.242s] [01m[K/home/xn/unitree_go2_ws/src/tutorial/go2_tutorial/src/go2_ctrl.cpp:17:10:[m[K [01;31m[Kfatal error: [m[Ksport_model.hpp: 没有那个文件或目录
[1.242s]    17 | #include [01;31m[K"sport_model.hpp"[m[K
[1.242s]       |          [01;31m[K^~~~~~~~~~~~~~~~~[m[K
[1.242s] compilation terminated.
[1.244s] make[2]: *** [CMakeFiles/go2_ctrl.dir/build.make:63：CMakeFiles/go2_ctrl.dir/src/go2_ctrl.cpp.o] 错误 1
[1.245s] make[1]: *** [CMakeFiles/Makefile2:78：CMakeFiles/go2_ctrl.dir/all] 错误 2
[1.245s] make: *** [Makefile:141：all] 错误 2
[1.350s] Invoked command in '/home/xn/unitree_go2_ws/build/go2_tutorial' returned '2': CMAKE_PREFIX_PATH=${CMAKE_PREFIX_PATH}:/home/xn/unitree_go2_ws/install/my_test_py:/home/xn/unitree_go2_ws/install/helloworld_py:/home/xn/unitree_go2_ws/install/go2_twist_bridge_py:/home/xn/unitree_go2_ws/install/go2_tutorial_py:/home/xn/unitree_go2_ws/install/go2_teleop_ctrl_keyboard:/home/xn/unitree_go2_ws/install/go2_driver_py:/opt/ros/foxy /usr/bin/cmake --build /home/xn/unitree_go2_ws/build/go2_tutorial -- -j8 -l8
