[0.354s] Invoking command in '/home/xn/unitree_go2_ws/build/go2_tutorial': AMENT_PREFIX_PATH=/home/xn/unitree_go2_ws/install/go2_tutorial_inter:${AMENT_PREFIX_PATH} CMAKE_PREFIX_PATH=/home/xn/unitree_go2_ws/install/go2_tutorial_inter:/home/xn/unitree_ros2/cyclonedds_ws/install/unitree_hg:/home/xn/unitree_ros2/cyclonedds_ws/install/unitree_go:/home/xn/unitree_ros2/cyclonedds_ws/install/unitree_api:/home/xn/unitree_ros2/cyclonedds_ws/install/rmw_cyclonedds_cpp:/home/xn/unitree_ros2/cyclonedds_ws/install/cyclonedds:/opt/ros/foxy LD_LIBRARY_PATH=/home/xn/unitree_go2_ws/install/go2_tutorial_inter/lib:${LD_LIBRARY_PATH} PYTHONPATH=/home/xn/unitree_go2_ws/install/go2_tutorial_inter/lib/python3.8/site-packages:${PYTHONPATH} /usr/bin/cmake --build /home/xn/unitree_go2_ws/build/go2_tutorial -- -j8 -l8
[0.497s] [ 62%] Built target go2_state
[0.497s] [ 62%] Built target go2_cruising_client
[0.497s] [ 75%] Built target go2_cruising_service
[0.497s] [100%] Built target go2_ctrl
[0.529s] Invoked command in '/home/xn/unitree_go2_ws/build/go2_tutorial' returned '0': AMENT_PREFIX_PATH=/home/xn/unitree_go2_ws/install/go2_tutorial_inter:${AMENT_PREFIX_PATH} CMAKE_PREFIX_PATH=/home/xn/unitree_go2_ws/install/go2_tutorial_inter:/home/xn/unitree_ros2/cyclonedds_ws/install/unitree_hg:/home/xn/unitree_ros2/cyclonedds_ws/install/unitree_go:/home/xn/unitree_ros2/cyclonedds_ws/install/unitree_api:/home/xn/unitree_ros2/cyclonedds_ws/install/rmw_cyclonedds_cpp:/home/xn/unitree_ros2/cyclonedds_ws/install/cyclonedds:/opt/ros/foxy LD_LIBRARY_PATH=/home/xn/unitree_go2_ws/install/go2_tutorial_inter/lib:${LD_LIBRARY_PATH} PYTHONPATH=/home/xn/unitree_go2_ws/install/go2_tutorial_inter/lib/python3.8/site-packages:${PYTHONPATH} /usr/bin/cmake --build /home/xn/unitree_go2_ws/build/go2_tutorial -- -j8 -l8
[0.534s] Invoking command in '/home/xn/unitree_go2_ws/build/go2_tutorial': AMENT_PREFIX_PATH=/home/xn/unitree_go2_ws/install/go2_tutorial_inter:${AMENT_PREFIX_PATH} CMAKE_PREFIX_PATH=/home/xn/unitree_go2_ws/install/go2_tutorial_inter:/home/xn/unitree_ros2/cyclonedds_ws/install/unitree_hg:/home/xn/unitree_ros2/cyclonedds_ws/install/unitree_go:/home/xn/unitree_ros2/cyclonedds_ws/install/unitree_api:/home/xn/unitree_ros2/cyclonedds_ws/install/rmw_cyclonedds_cpp:/home/xn/unitree_ros2/cyclonedds_ws/install/cyclonedds:/opt/ros/foxy LD_LIBRARY_PATH=/home/xn/unitree_go2_ws/install/go2_tutorial_inter/lib:${LD_LIBRARY_PATH} PYTHONPATH=/home/xn/unitree_go2_ws/install/go2_tutorial_inter/lib/python3.8/site-packages:${PYTHONPATH} /usr/bin/cmake --install /home/xn/unitree_go2_ws/build/go2_tutorial
[0.545s] -- Install configuration: ""
[0.545s] -- Execute custom install script
[0.545s] -- Up-to-date symlink: /home/xn/unitree_go2_ws/install/go2_tutorial/lib/go2_tutorial/go2_ctrl
[0.545s] -- Up-to-date symlink: /home/xn/unitree_go2_ws/install/go2_tutorial/lib/go2_tutorial/go2_state
[0.546s] -- Up-to-date symlink: /home/xn/unitree_go2_ws/install/go2_tutorial/lib/go2_tutorial/go2_cruising_client
[0.546s] -- Up-to-date symlink: /home/xn/unitree_go2_ws/install/go2_tutorial/lib/go2_tutorial/go2_cruising_service
[0.548s] -- Up-to-date symlink: /home/xn/unitree_go2_ws/install/go2_tutorial/include/nlohmann/adl_serializer.hpp
[0.548s] -- Up-to-date symlink: /home/xn/unitree_go2_ws/install/go2_tutorial/include/nlohmann/byte_container_with_subtype.hpp
[0.548s] -- Up-to-date symlink: /home/xn/unitree_go2_ws/install/go2_tutorial/include/nlohmann/detail/abi_macros.hpp
[0.548s] -- Up-to-date symlink: /home/xn/unitree_go2_ws/install/go2_tutorial/include/nlohmann/detail/conversions/from_json.hpp
[0.548s] -- Up-to-date symlink: /home/xn/unitree_go2_ws/install/go2_tutorial/include/nlohmann/detail/conversions/to_chars.hpp
[0.549s] -- Up-to-date symlink: /home/xn/unitree_go2_ws/install/go2_tutorial/include/nlohmann/detail/conversions/to_json.hpp
[0.549s] -- Up-to-date symlink: /home/xn/unitree_go2_ws/install/go2_tutorial/include/nlohmann/detail/exceptions.hpp
[0.549s] -- Up-to-date symlink: /home/xn/unitree_go2_ws/install/go2_tutorial/include/nlohmann/detail/hash.hpp
[0.549s] -- Up-to-date symlink: /home/xn/unitree_go2_ws/install/go2_tutorial/include/nlohmann/detail/input/binary_reader.hpp
[0.549s] -- Up-to-date symlink: /home/xn/unitree_go2_ws/install/go2_tutorial/include/nlohmann/detail/input/input_adapters.hpp
[0.549s] -- Up-to-date symlink: /home/xn/unitree_go2_ws/install/go2_tutorial/include/nlohmann/detail/input/json_sax.hpp
[0.549s] -- Up-to-date symlink: /home/xn/unitree_go2_ws/install/go2_tutorial/include/nlohmann/detail/input/lexer.hpp
[0.549s] -- Up-to-date symlink: /home/xn/unitree_go2_ws/install/go2_tutorial/include/nlohmann/detail/input/parser.hpp
[0.549s] -- Up-to-date symlink: /home/xn/unitree_go2_ws/install/go2_tutorial/include/nlohmann/detail/input/position_t.hpp
[0.550s] -- Up-to-date symlink: /home/xn/unitree_go2_ws/install/go2_tutorial/include/nlohmann/detail/iterators/internal_iterator.hpp
[0.550s] -- Up-to-date symlink: /home/xn/unitree_go2_ws/install/go2_tutorial/include/nlohmann/detail/iterators/iter_impl.hpp
[0.550s] -- Up-to-date symlink: /home/xn/unitree_go2_ws/install/go2_tutorial/include/nlohmann/detail/iterators/iteration_proxy.hpp
[0.550s] -- Up-to-date symlink: /home/xn/unitree_go2_ws/install/go2_tutorial/include/nlohmann/detail/iterators/iterator_traits.hpp
[0.550s] -- Up-to-date symlink: /home/xn/unitree_go2_ws/install/go2_tutorial/include/nlohmann/detail/iterators/json_reverse_iterator.hpp
[0.551s] -- Up-to-date symlink: /home/xn/unitree_go2_ws/install/go2_tutorial/include/nlohmann/detail/iterators/primitive_iterator.hpp
[0.551s] -- Up-to-date symlink: /home/xn/unitree_go2_ws/install/go2_tutorial/include/nlohmann/detail/json_custom_base_class.hpp
[0.551s] -- Up-to-date symlink: /home/xn/unitree_go2_ws/install/go2_tutorial/include/nlohmann/detail/json_pointer.hpp
[0.551s] -- Up-to-date symlink: /home/xn/unitree_go2_ws/install/go2_tutorial/include/nlohmann/detail/json_ref.hpp
[0.551s] -- Up-to-date symlink: /home/xn/unitree_go2_ws/install/go2_tutorial/include/nlohmann/detail/macro_scope.hpp
[0.552s] -- Up-to-date symlink: /home/xn/unitree_go2_ws/install/go2_tutorial/include/nlohmann/detail/macro_unscope.hpp
[0.552s] -- Up-to-date symlink: /home/xn/unitree_go2_ws/install/go2_tutorial/include/nlohmann/detail/meta/call_std/begin.hpp
[0.552s] -- Up-to-date symlink: /home/xn/unitree_go2_ws/install/go2_tutorial/include/nlohmann/detail/meta/call_std/end.hpp
[0.552s] -- Up-to-date symlink: /home/xn/unitree_go2_ws/install/go2_tutorial/include/nlohmann/detail/meta/cpp_future.hpp
[0.552s] -- Up-to-date symlink: /home/xn/unitree_go2_ws/install/go2_tutorial/include/nlohmann/detail/meta/detected.hpp
[0.553s] -- Up-to-date symlink: /home/xn/unitree_go2_ws/install/go2_tutorial/include/nlohmann/detail/meta/identity_tag.hpp
[0.553s] -- Up-to-date symlink: /home/xn/unitree_go2_ws/install/go2_tutorial/include/nlohmann/detail/meta/is_sax.hpp
[0.553s] -- Up-to-date symlink: /home/xn/unitree_go2_ws/install/go2_tutorial/include/nlohmann/detail/meta/std_fs.hpp
[0.553s] -- Up-to-date symlink: /home/xn/unitree_go2_ws/install/go2_tutorial/include/nlohmann/detail/meta/type_traits.hpp
[0.553s] -- Up-to-date symlink: /home/xn/unitree_go2_ws/install/go2_tutorial/include/nlohmann/detail/meta/void_t.hpp
[0.554s] -- Up-to-date symlink: /home/xn/unitree_go2_ws/install/go2_tutorial/include/nlohmann/detail/output/binary_writer.hpp
[0.554s] -- Up-to-date symlink: /home/xn/unitree_go2_ws/install/go2_tutorial/include/nlohmann/detail/output/output_adapters.hpp
[0.554s] -- Up-to-date symlink: /home/xn/unitree_go2_ws/install/go2_tutorial/include/nlohmann/detail/output/serializer.hpp
[0.554s] -- Up-to-date symlink: /home/xn/unitree_go2_ws/install/go2_tutorial/include/nlohmann/detail/string_concat.hpp
[0.554s] -- Up-to-date symlink: /home/xn/unitree_go2_ws/install/go2_tutorial/include/nlohmann/detail/string_escape.hpp
[0.555s] -- Up-to-date symlink: /home/xn/unitree_go2_ws/install/go2_tutorial/include/nlohmann/detail/value_t.hpp
[0.555s] -- Up-to-date symlink: /home/xn/unitree_go2_ws/install/go2_tutorial/include/nlohmann/json.hpp
[0.555s] -- Up-to-date symlink: /home/xn/unitree_go2_ws/install/go2_tutorial/include/nlohmann/json_fwd.hpp
[0.555s] -- Up-to-date symlink: /home/xn/unitree_go2_ws/install/go2_tutorial/include/nlohmann/ordered_map.hpp
[0.555s] -- Up-to-date symlink: /home/xn/unitree_go2_ws/install/go2_tutorial/include/nlohmann/thirdparty/hedley/hedley.hpp
[0.555s] -- Up-to-date symlink: /home/xn/unitree_go2_ws/install/go2_tutorial/include/nlohmann/thirdparty/hedley/hedley_undef.hpp
[0.556s] -- Up-to-date symlink: /home/xn/unitree_go2_ws/install/go2_tutorial/include/sport_model.hpp
[0.559s] -- Up-to-date symlink: /home/xn/unitree_go2_ws/install/go2_tutorial/share/go2_tutorial/launch/go2_cruising.launch.py
[0.559s] -- Up-to-date symlink: /home/xn/unitree_go2_ws/install/go2_tutorial/share/go2_tutorial/launch/go2_ctrl.launch.py
[0.559s] -- Up-to-date symlink: /home/xn/unitree_go2_ws/install/go2_tutorial/share/go2_tutorial/launch/go2_state.launch.py
[0.559s] -- Up-to-date symlink: /home/xn/unitree_go2_ws/install/go2_tutorial/share/go2_tutorial/params/go2_cruising_service.yaml
[0.560s] -- Up-to-date symlink: /home/xn/unitree_go2_ws/install/go2_tutorial/share/go2_tutorial/params/go2_state.yaml
[0.560s] -- Up-to-date symlink: /home/xn/unitree_go2_ws/install/go2_tutorial/share/ament_index/resource_index/package_run_dependencies/go2_tutorial
[0.560s] -- Up-to-date symlink: /home/xn/unitree_go2_ws/install/go2_tutorial/share/ament_index/resource_index/parent_prefix_path/go2_tutorial
[0.561s] -- Up-to-date symlink: /home/xn/unitree_go2_ws/install/go2_tutorial/share/go2_tutorial/environment/ament_prefix_path.sh
[0.561s] -- Up-to-date symlink: /home/xn/unitree_go2_ws/install/go2_tutorial/share/go2_tutorial/environment/ament_prefix_path.dsv
[0.561s] -- Up-to-date symlink: /home/xn/unitree_go2_ws/install/go2_tutorial/share/go2_tutorial/environment/path.sh
[0.562s] -- Up-to-date symlink: /home/xn/unitree_go2_ws/install/go2_tutorial/share/go2_tutorial/environment/path.dsv
[0.562s] -- Up-to-date symlink: /home/xn/unitree_go2_ws/install/go2_tutorial/share/go2_tutorial/local_setup.bash
[0.563s] -- Up-to-date symlink: /home/xn/unitree_go2_ws/install/go2_tutorial/share/go2_tutorial/local_setup.sh
[0.563s] -- Up-to-date symlink: /home/xn/unitree_go2_ws/install/go2_tutorial/share/go2_tutorial/local_setup.zsh
[0.564s] -- Up-to-date symlink: /home/xn/unitree_go2_ws/install/go2_tutorial/share/go2_tutorial/local_setup.dsv
[0.564s] -- Symlinking: /home/xn/unitree_go2_ws/install/go2_tutorial/share/go2_tutorial/package.dsv
[0.593s] -- Up-to-date symlink: /home/xn/unitree_go2_ws/install/go2_tutorial/share/ament_index/resource_index/packages/go2_tutorial
[0.593s] -- Up-to-date symlink: /home/xn/unitree_go2_ws/install/go2_tutorial/share/go2_tutorial/cmake/go2_tutorialConfig.cmake
[0.593s] -- Up-to-date symlink: /home/xn/unitree_go2_ws/install/go2_tutorial/share/go2_tutorial/cmake/go2_tutorialConfig-version.cmake
[0.593s] -- Up-to-date symlink: /home/xn/unitree_go2_ws/install/go2_tutorial/share/go2_tutorial/package.xml
[0.596s] Invoked command in '/home/xn/unitree_go2_ws/build/go2_tutorial' returned '0': AMENT_PREFIX_PATH=/home/xn/unitree_go2_ws/install/go2_tutorial_inter:${AMENT_PREFIX_PATH} CMAKE_PREFIX_PATH=/home/xn/unitree_go2_ws/install/go2_tutorial_inter:/home/xn/unitree_ros2/cyclonedds_ws/install/unitree_hg:/home/xn/unitree_ros2/cyclonedds_ws/install/unitree_go:/home/xn/unitree_ros2/cyclonedds_ws/install/unitree_api:/home/xn/unitree_ros2/cyclonedds_ws/install/rmw_cyclonedds_cpp:/home/xn/unitree_ros2/cyclonedds_ws/install/cyclonedds:/opt/ros/foxy LD_LIBRARY_PATH=/home/xn/unitree_go2_ws/install/go2_tutorial_inter/lib:${LD_LIBRARY_PATH} PYTHONPATH=/home/xn/unitree_go2_ws/install/go2_tutorial_inter/lib/python3.8/site-packages:${PYTHONPATH} /usr/bin/cmake --install /home/xn/unitree_go2_ws/build/go2_tutorial
