[0.070s] Invoking command in '/home/xn/unitree_go2_ws/build/go2_tutorial_inter': CMAKE_PREFIX_PATH=${CMAKE_PREFIX_PATH}:/home/xn/unitree_go2_ws/install/my_test_py:/home/xn/unitree_go2_ws/install/helloworld_py:/home/xn/unitree_go2_ws/install/go2_twist_bridge_py:/home/xn/unitree_go2_ws/install/go2_tutorial_py:/home/xn/unitree_go2_ws/install/go2_teleop_ctrl_keyboard:/home/xn/unitree_go2_ws/install/go2_driver_py:/opt/ros/foxy /usr/bin/cmake --build /home/xn/unitree_go2_ws/build/go2_tutorial_inter -- -j8 -l8
[0.608s] -- Found ament_cmake: 0.9.12 (/opt/ros/foxy/share/ament_cmake/cmake)
[0.608s] -- Found PythonInterp: /usr/bin/python3 (found suitable version "3.8.10", minimum required is "3") 
[0.610s] -- Using PYTHON_EXECUTABLE: /usr/bin/python3
[0.610s] -- Override CMake install command with custom implementation using symlinks instead of copying resources
[0.610s] -- Found geometry_msgs: 2.0.5 (/opt/ros/foxy/share/geometry_msgs/cmake)
[0.610s] -- Using all available rosidl_typesupport_c: rosidl_typesupport_fastrtps_c;rosidl_typesupport_introspection_c
[0.610s] -- Found rosidl_adapter: 1.3.1 (/opt/ros/foxy/share/rosidl_adapter/cmake)
[0.610s] -- Using all available rosidl_typesupport_cpp: rosidl_typesupport_fastrtps_cpp;rosidl_typesupport_introspection_cpp
[0.617s] -- Found rosidl_default_generators: 1.0.1 (/opt/ros/foxy/share/rosidl_default_generators/cmake)
[0.660s] -- Found PythonInterp: /usr/bin/python3 (found version "3.8.10") 
[0.936s] -- Found ament_cmake_ros: 0.9.2 (/opt/ros/foxy/share/ament_cmake_ros/cmake)
[1.157s] -- Using all available rosidl_typesupport_c: rosidl_typesupport_fastrtps_c;rosidl_typesupport_introspection_c
[1.271s] -- Using all available rosidl_typesupport_cpp: rosidl_typesupport_fastrtps_cpp;rosidl_typesupport_introspection_cpp
[1.311s] -- Found PythonInterp: /usr/bin/python3 (found suitable version "3.8.10", minimum required is "3.5") 
[1.316s] -- Found python_cmake_module: 0.8.1 (/opt/ros/foxy/share/python_cmake_module/cmake)
[1.367s] -- Using PYTHON_EXECUTABLE: /usr/bin/python3
[1.367s] -- Using PYTHON_INCLUDE_DIRS: /usr/include/python3.8
[1.367s] -- Using PYTHON_LIBRARIES: /usr/lib/x86_64-linux-gnu/libpython3.8.so
[1.474s] -- Found ament_lint_auto: 0.9.8 (/opt/ros/foxy/share/ament_lint_auto/cmake)
[1.498s] -- Added test 'copyright' to check source files copyright and LICENSE
[1.500s] -- Added test 'lint_cmake' to check CMake code style
[1.502s] -- Added test 'xmllint' to check XML markup files
[1.521s] -- Configuring done
[1.612s] -- Generating done
[1.631s] -- Build files have been written to: /home/xn/unitree_go2_ws/build/go2_tutorial_inter
[1.657s] [35m[1mScanning dependencies of target go2_tutorial_inter__cpp[0m
[1.660s] [  2%] [34m[1mGenerating C code for ROS interfaces[0m
[1.667s] [  5%] [34m[1mGenerating C++ code for ROS interfaces[0m
[2.075s] [35m[1mScanning dependencies of target go2_tutorial_inter__rosidl_generator_c[0m
[2.083s] [  5%] Built target go2_tutorial_inter__cpp
[2.091s] [  7%] [32mBuilding C object CMakeFiles/go2_tutorial_inter__rosidl_generator_c.dir/rosidl_generator_c/go2_tutorial_inter/srv/detail/cruising__functions.c.o[0m
[2.092s] [ 10%] [34m[1mGenerating C++ introspection for ROS interfaces[0m
[2.092s] [ 12%] [32mBuilding C object CMakeFiles/go2_tutorial_inter__rosidl_generator_c.dir/rosidl_generator_c/go2_tutorial_inter/action/detail/nav__functions.c.o[0m
[2.093s] [ 15%] [34m[1mGenerating C++ type support for eProsima Fast-RTPS[0m
[2.093s] [ 17%] [34m[1mGenerating C++ type support dispatch for ROS interfaces[0m
[2.370s] [ 20%] [32m[1mLinking C shared library libgo2_tutorial_inter__rosidl_generator_c.so[0m
[2.397s] [35m[1mScanning dependencies of target go2_tutorial_inter__rosidl_typesupport_cpp[0m
[2.424s] [ 23%] [32mBuilding CXX object CMakeFiles/go2_tutorial_inter__rosidl_typesupport_cpp.dir/rosidl_typesupport_cpp/go2_tutorial_inter/srv/cruising__type_support.cpp.o[0m
[2.424s] [ 25%] [32mBuilding CXX object CMakeFiles/go2_tutorial_inter__rosidl_typesupport_cpp.dir/rosidl_typesupport_cpp/go2_tutorial_inter/action/nav__type_support.cpp.o[0m
[2.452s] [ 25%] Built target go2_tutorial_inter__rosidl_generator_c
[2.465s] [ 28%] [34m[1mGenerating C type support dispatch for ROS interfaces[0m
[2.465s] [ 30%] [34m[1mGenerating C introspection for ROS interfaces[0m
[2.505s] [35m[1mScanning dependencies of target go2_tutorial_inter__rosidl_typesupport_introspection_cpp[0m
[2.515s] [35m[1mScanning dependencies of target go2_tutorial_inter__rosidl_typesupport_fastrtps_cpp[0m
[2.536s] [ 33%] [32mBuilding CXX object CMakeFiles/go2_tutorial_inter__rosidl_typesupport_introspection_cpp.dir/rosidl_typesupport_introspection_cpp/go2_tutorial_inter/srv/detail/cruising__type_support.cpp.o[0m
[2.550s] [ 35%] [32mBuilding CXX object CMakeFiles/go2_tutorial_inter__rosidl_typesupport_introspection_cpp.dir/rosidl_typesupport_introspection_cpp/go2_tutorial_inter/action/detail/nav__type_support.cpp.o[0m
[2.551s] [ 38%] [32mBuilding CXX object CMakeFiles/go2_tutorial_inter__rosidl_typesupport_fastrtps_cpp.dir/rosidl_typesupport_fastrtps_cpp/go2_tutorial_inter/action/detail/dds_fastrtps/nav__type_support.cpp.o[0m
[2.555s] [ 41%] [32mBuilding CXX object CMakeFiles/go2_tutorial_inter__rosidl_typesupport_fastrtps_cpp.dir/rosidl_typesupport_fastrtps_cpp/go2_tutorial_inter/srv/detail/dds_fastrtps/cruising__type_support.cpp.o[0m
[2.859s] [35m[1mScanning dependencies of target go2_tutorial_inter__rosidl_typesupport_c[0m
[2.901s] [ 43%] [32mBuilding CXX object CMakeFiles/go2_tutorial_inter__rosidl_typesupport_c.dir/rosidl_typesupport_c/go2_tutorial_inter/srv/cruising__type_support.cpp.o[0m
[2.936s] [ 46%] [32mBuilding CXX object CMakeFiles/go2_tutorial_inter__rosidl_typesupport_c.dir/rosidl_typesupport_c/go2_tutorial_inter/action/nav__type_support.cpp.o[0m
[3.012s] [35m[1mScanning dependencies of target go2_tutorial_inter__rosidl_typesupport_introspection_c[0m
[3.012s] [ 48%] [32m[1mLinking CXX shared library libgo2_tutorial_inter__rosidl_typesupport_introspection_cpp.so[0m
[3.013s] [ 51%] [32m[1mLinking CXX shared library libgo2_tutorial_inter__rosidl_typesupport_cpp.so[0m
[3.017s] [ 53%] [32m[1mLinking CXX shared library libgo2_tutorial_inter__rosidl_typesupport_c.so[0m
[3.033s] [ 56%] [32mBuilding C object CMakeFiles/go2_tutorial_inter__rosidl_typesupport_introspection_c.dir/rosidl_typesupport_introspection_c/go2_tutorial_inter/srv/detail/cruising__type_support.c.o[0m
[3.035s] [ 58%] [32mBuilding C object CMakeFiles/go2_tutorial_inter__rosidl_typesupport_introspection_c.dir/rosidl_typesupport_introspection_c/go2_tutorial_inter/action/detail/nav__type_support.c.o[0m
[3.083s] [ 58%] Built target go2_tutorial_inter__rosidl_typesupport_c
[3.090s] [ 58%] Built target go2_tutorial_inter__rosidl_typesupport_cpp
[3.092s] [ 58%] Built target go2_tutorial_inter__rosidl_typesupport_introspection_cpp
[3.095s] [ 61%] [32m[1mLinking C shared library libgo2_tutorial_inter__rosidl_typesupport_introspection_c.so[0m
[3.124s] [ 61%] Built target go2_tutorial_inter__rosidl_typesupport_introspection_c
[3.148s] [ 64%] [32m[1mLinking CXX shared library libgo2_tutorial_inter__rosidl_typesupport_fastrtps_cpp.so[0m
[3.231s] [ 64%] Built target go2_tutorial_inter__rosidl_typesupport_fastrtps_cpp
[3.240s] [ 66%] [34m[1mGenerating C type support for eProsima Fast-RTPS[0m
[3.533s] [35m[1mScanning dependencies of target go2_tutorial_inter__rosidl_typesupport_fastrtps_c[0m
[3.549s] [ 69%] [32mBuilding CXX object CMakeFiles/go2_tutorial_inter__rosidl_typesupport_fastrtps_c.dir/rosidl_typesupport_fastrtps_c/go2_tutorial_inter/srv/detail/cruising__type_support_c.cpp.o[0m
[3.549s] [ 71%] [32mBuilding CXX object CMakeFiles/go2_tutorial_inter__rosidl_typesupport_fastrtps_c.dir/rosidl_typesupport_fastrtps_c/go2_tutorial_inter/action/detail/nav__type_support_c.cpp.o[0m
[3.817s] [ 74%] [32m[1mLinking CXX shared library libgo2_tutorial_inter__rosidl_typesupport_fastrtps_c.so[0m
[3.891s] [ 74%] Built target go2_tutorial_inter__rosidl_typesupport_fastrtps_c
[3.908s] [ 74%] Built target go2_tutorial_inter
[3.916s] [35m[1mScanning dependencies of target go2_tutorial_inter__py[0m
[3.925s] [ 76%] [34m[1mGenerating Python code for ROS interfaces[0m
[4.656s] [ 76%] Built target go2_tutorial_inter__py
[4.670s] [35m[1mScanning dependencies of target go2_tutorial_inter__python[0m
[4.685s] [ 79%] [32mBuilding C object CMakeFiles/go2_tutorial_inter__python.dir/rosidl_generator_py/go2_tutorial_inter/action/_nav_s.c.o[0m
[4.688s] [ 82%] [32mBuilding C object CMakeFiles/go2_tutorial_inter__python.dir/rosidl_generator_py/go2_tutorial_inter/srv/_cruising_s.c.o[0m
[4.832s] [ 84%] [32m[1mLinking C shared library rosidl_generator_py/go2_tutorial_inter/libgo2_tutorial_inter__python.so[0m
[4.868s] [ 84%] Built target go2_tutorial_inter__python
[4.878s] [35m[1mScanning dependencies of target go2_tutorial_inter__rosidl_typesupport_c__pyext[0m
[4.878s] [35m[1mScanning dependencies of target go2_tutorial_inter__rosidl_typesupport_introspection_c__pyext[0m
[4.878s] [35m[1mScanning dependencies of target go2_tutorial_inter__rosidl_typesupport_fastrtps_c__pyext[0m
[4.891s] [ 87%] [32mBuilding C object CMakeFiles/go2_tutorial_inter__rosidl_typesupport_c__pyext.dir/rosidl_generator_py/go2_tutorial_inter/_go2_tutorial_inter_s.ep.rosidl_typesupport_c.c.o[0m
[4.892s] [ 89%] [32mBuilding C object CMakeFiles/go2_tutorial_inter__rosidl_typesupport_fastrtps_c__pyext.dir/rosidl_generator_py/go2_tutorial_inter/_go2_tutorial_inter_s.ep.rosidl_typesupport_fastrtps_c.c.o[0m
[4.894s] [ 92%] [32mBuilding C object CMakeFiles/go2_tutorial_inter__rosidl_typesupport_introspection_c__pyext.dir/rosidl_generator_py/go2_tutorial_inter/_go2_tutorial_inter_s.ep.rosidl_typesupport_introspection_c.c.o[0m
[4.996s] [ 94%] [32m[1mLinking CXX shared library rosidl_generator_py/go2_tutorial_inter/go2_tutorial_inter_s__rosidl_typesupport_fastrtps_c.cpython-38-x86_64-linux-gnu.so[0m
[5.007s] [ 97%] [32m[1mLinking C shared library rosidl_generator_py/go2_tutorial_inter/go2_tutorial_inter_s__rosidl_typesupport_introspection_c.cpython-38-x86_64-linux-gnu.so[0m
[5.016s] [100%] [32m[1mLinking C shared library rosidl_generator_py/go2_tutorial_inter/go2_tutorial_inter_s__rosidl_typesupport_c.cpython-38-x86_64-linux-gnu.so[0m
[5.050s] [100%] Built target go2_tutorial_inter__rosidl_typesupport_introspection_c__pyext
[5.057s] [100%] Built target go2_tutorial_inter__rosidl_typesupport_c__pyext
[5.061s] [100%] Built target go2_tutorial_inter__rosidl_typesupport_fastrtps_c__pyext
[5.073s] Invoked command in '/home/xn/unitree_go2_ws/build/go2_tutorial_inter' returned '0': CMAKE_PREFIX_PATH=${CMAKE_PREFIX_PATH}:/home/xn/unitree_go2_ws/install/my_test_py:/home/xn/unitree_go2_ws/install/helloworld_py:/home/xn/unitree_go2_ws/install/go2_twist_bridge_py:/home/xn/unitree_go2_ws/install/go2_tutorial_py:/home/xn/unitree_go2_ws/install/go2_teleop_ctrl_keyboard:/home/xn/unitree_go2_ws/install/go2_driver_py:/opt/ros/foxy /usr/bin/cmake --build /home/xn/unitree_go2_ws/build/go2_tutorial_inter -- -j8 -l8
[5.074s] Invoking command in '/home/xn/unitree_go2_ws/build/go2_tutorial_inter': CMAKE_PREFIX_PATH=${CMAKE_PREFIX_PATH}:/home/xn/unitree_go2_ws/install/my_test_py:/home/xn/unitree_go2_ws/install/helloworld_py:/home/xn/unitree_go2_ws/install/go2_twist_bridge_py:/home/xn/unitree_go2_ws/install/go2_tutorial_py:/home/xn/unitree_go2_ws/install/go2_teleop_ctrl_keyboard:/home/xn/unitree_go2_ws/install/go2_driver_py:/opt/ros/foxy /usr/bin/cmake --install /home/xn/unitree_go2_ws/build/go2_tutorial_inter
[5.079s] -- Install configuration: ""
[5.080s] -- Execute custom install script
[5.080s] -- Up-to-date symlink: /home/xn/unitree_go2_ws/install/go2_tutorial_inter/share/ament_index/resource_index/rosidl_interfaces/go2_tutorial_inter
[5.080s] -- Symlinking: /home/xn/unitree_go2_ws/install/go2_tutorial_inter/include/go2_tutorial_inter/action/detail/nav__functions.h
[5.088s] -- Symlinking: /home/xn/unitree_go2_ws/install/go2_tutorial_inter/include/go2_tutorial_inter/action/detail/nav__struct.h
[5.095s] -- Symlinking: /home/xn/unitree_go2_ws/install/go2_tutorial_inter/include/go2_tutorial_inter/action/detail/nav__type_support.h
[5.102s] -- Symlinking: /home/xn/unitree_go2_ws/install/go2_tutorial_inter/include/go2_tutorial_inter/action/nav.h
[5.110s] -- Up-to-date symlink: /home/xn/unitree_go2_ws/install/go2_tutorial_inter/include/go2_tutorial_inter/msg/rosidl_generator_c__visibility_control.h
[5.110s] -- Up-to-date symlink: /home/xn/unitree_go2_ws/install/go2_tutorial_inter/include/go2_tutorial_inter/srv/cruising.h
[5.110s] -- Up-to-date symlink: /home/xn/unitree_go2_ws/install/go2_tutorial_inter/include/go2_tutorial_inter/srv/detail/cruising__functions.h
[5.110s] -- Up-to-date symlink: /home/xn/unitree_go2_ws/install/go2_tutorial_inter/include/go2_tutorial_inter/srv/detail/cruising__struct.h
[5.110s] -- Up-to-date symlink: /home/xn/unitree_go2_ws/install/go2_tutorial_inter/include/go2_tutorial_inter/srv/detail/cruising__type_support.h
[5.110s] -- Up-to-date symlink: /home/xn/unitree_go2_ws/install/go2_tutorial_inter/share/go2_tutorial_inter/environment/library_path.sh
[5.110s] -- Up-to-date symlink: /home/xn/unitree_go2_ws/install/go2_tutorial_inter/share/go2_tutorial_inter/environment/library_path.dsv
[5.111s] -- Symlinking: /home/xn/unitree_go2_ws/install/go2_tutorial_inter/include/go2_tutorial_inter/action/detail/nav__rosidl_typesupport_fastrtps_c.h
[5.118s] -- Up-to-date symlink: /home/xn/unitree_go2_ws/install/go2_tutorial_inter/include/go2_tutorial_inter/msg/rosidl_typesupport_fastrtps_c__visibility_control.h
[5.118s] -- Up-to-date symlink: /home/xn/unitree_go2_ws/install/go2_tutorial_inter/include/go2_tutorial_inter/srv/detail/cruising__rosidl_typesupport_fastrtps_c.h
[5.118s] -- Up-to-date symlink: /home/xn/unitree_go2_ws/install/go2_tutorial_inter/lib/libgo2_tutorial_inter__rosidl_typesupport_fastrtps_c.so
[5.118s] -- Symlinking: /home/xn/unitree_go2_ws/install/go2_tutorial_inter/include/go2_tutorial_inter/action/detail/nav__rosidl_typesupport_fastrtps_cpp.hpp
[5.126s] -- Up-to-date symlink: /home/xn/unitree_go2_ws/install/go2_tutorial_inter/include/go2_tutorial_inter/msg/rosidl_typesupport_fastrtps_cpp__visibility_control.h
[5.126s] -- Up-to-date symlink: /home/xn/unitree_go2_ws/install/go2_tutorial_inter/include/go2_tutorial_inter/srv/detail/cruising__rosidl_typesupport_fastrtps_cpp.hpp
[5.126s] -- Up-to-date symlink: /home/xn/unitree_go2_ws/install/go2_tutorial_inter/lib/libgo2_tutorial_inter__rosidl_typesupport_fastrtps_cpp.so
[5.126s] -- Symlinking: /home/xn/unitree_go2_ws/install/go2_tutorial_inter/include/go2_tutorial_inter/action/detail/nav__rosidl_typesupport_introspection_c.h
[5.134s] -- Up-to-date symlink: /home/xn/unitree_go2_ws/install/go2_tutorial_inter/include/go2_tutorial_inter/msg/rosidl_typesupport_introspection_c__visibility_control.h
[5.134s] -- Up-to-date symlink: /home/xn/unitree_go2_ws/install/go2_tutorial_inter/include/go2_tutorial_inter/srv/detail/cruising__rosidl_typesupport_introspection_c.h
[5.134s] -- Symlinking: /home/xn/unitree_go2_ws/install/go2_tutorial_inter/include/go2_tutorial_inter/action/detail/nav__builder.hpp
[5.141s] -- Symlinking: /home/xn/unitree_go2_ws/install/go2_tutorial_inter/include/go2_tutorial_inter/action/detail/nav__struct.hpp
[5.149s] -- Symlinking: /home/xn/unitree_go2_ws/install/go2_tutorial_inter/include/go2_tutorial_inter/action/detail/nav__traits.hpp
[5.157s] -- Symlinking: /home/xn/unitree_go2_ws/install/go2_tutorial_inter/include/go2_tutorial_inter/action/detail/nav__type_support.hpp
[5.165s] -- Symlinking: /home/xn/unitree_go2_ws/install/go2_tutorial_inter/include/go2_tutorial_inter/action/nav.hpp
[5.173s] -- Up-to-date symlink: /home/xn/unitree_go2_ws/install/go2_tutorial_inter/include/go2_tutorial_inter/msg/rosidl_generator_cpp__visibility_control.hpp
[5.174s] -- Up-to-date symlink: /home/xn/unitree_go2_ws/install/go2_tutorial_inter/include/go2_tutorial_inter/srv/cruising.hpp
[5.174s] -- Up-to-date symlink: /home/xn/unitree_go2_ws/install/go2_tutorial_inter/include/go2_tutorial_inter/srv/detail/cruising__builder.hpp
[5.175s] -- Up-to-date symlink: /home/xn/unitree_go2_ws/install/go2_tutorial_inter/include/go2_tutorial_inter/srv/detail/cruising__struct.hpp
[5.175s] -- Up-to-date symlink: /home/xn/unitree_go2_ws/install/go2_tutorial_inter/include/go2_tutorial_inter/srv/detail/cruising__traits.hpp
[5.176s] -- Up-to-date symlink: /home/xn/unitree_go2_ws/install/go2_tutorial_inter/include/go2_tutorial_inter/srv/detail/cruising__type_support.hpp
[5.176s] -- Symlinking: /home/xn/unitree_go2_ws/install/go2_tutorial_inter/include/go2_tutorial_inter/action/detail/nav__rosidl_typesupport_introspection_cpp.hpp
[5.185s] -- Up-to-date symlink: /home/xn/unitree_go2_ws/install/go2_tutorial_inter/include/go2_tutorial_inter/srv/detail/cruising__rosidl_typesupport_introspection_cpp.hpp
[5.186s] -- Up-to-date symlink: /home/xn/unitree_go2_ws/install/go2_tutorial_inter/share/go2_tutorial_inter/environment/pythonpath.sh
[5.186s] -- Up-to-date symlink: /home/xn/unitree_go2_ws/install/go2_tutorial_inter/share/go2_tutorial_inter/environment/pythonpath.dsv
[5.186s] -- Up-to-date symlink: /home/xn/unitree_go2_ws/install/go2_tutorial_inter/lib/python3.8/site-packages/go2_tutorial_inter/__init__.py
[5.186s] -- Up-to-date symlink: /home/xn/unitree_go2_ws/install/go2_tutorial_inter/lib/python3.8/site-packages/go2_tutorial_inter/srv/__init__.py
[5.186s] -- Up-to-date symlink: /home/xn/unitree_go2_ws/install/go2_tutorial_inter/lib/python3.8/site-packages/go2_tutorial_inter/srv/_cruising.py
[5.186s] -- Symlinking: /home/xn/unitree_go2_ws/install/go2_tutorial_inter/lib/python3.8/site-packages/go2_tutorial_inter/action/__init__.py
[5.194s] -- Symlinking: /home/xn/unitree_go2_ws/install/go2_tutorial_inter/lib/python3.8/site-packages/go2_tutorial_inter/action/_nav.py
[5.201s] -- Up-to-date symlink: /home/xn/unitree_go2_ws/install/go2_tutorial_inter/lib/python3.8/site-packages/go2_tutorial_inter/go2_tutorial_inter_s__rosidl_typesupport_fastrtps_c.cpython-38-x86_64-linux-gnu.so
[5.201s] -- Up-to-date symlink: /home/xn/unitree_go2_ws/install/go2_tutorial_inter/lib/python3.8/site-packages/go2_tutorial_inter/go2_tutorial_inter_s__rosidl_typesupport_introspection_c.cpython-38-x86_64-linux-gnu.so
[5.201s] -- Up-to-date symlink: /home/xn/unitree_go2_ws/install/go2_tutorial_inter/lib/python3.8/site-packages/go2_tutorial_inter/go2_tutorial_inter_s__rosidl_typesupport_c.cpython-38-x86_64-linux-gnu.so
[5.202s] -- Up-to-date symlink: /home/xn/unitree_go2_ws/install/go2_tutorial_inter/lib/libgo2_tutorial_inter__python.so
[5.202s] -- Up-to-date symlink: /home/xn/unitree_go2_ws/install/go2_tutorial_inter/share/go2_tutorial_inter/srv/Cruising.idl
[5.202s] -- Symlinking: /home/xn/unitree_go2_ws/install/go2_tutorial_inter/share/go2_tutorial_inter/action/Nav.idl
[5.210s] -- Up-to-date symlink: /home/xn/unitree_go2_ws/install/go2_tutorial_inter/share/go2_tutorial_inter/srv/Cruising.srv
[5.210s] -- Up-to-date symlink: /home/xn/unitree_go2_ws/install/go2_tutorial_inter/share/go2_tutorial_inter/srv/Cruising_Request.msg
[5.211s] -- Up-to-date symlink: /home/xn/unitree_go2_ws/install/go2_tutorial_inter/share/go2_tutorial_inter/srv/Cruising_Response.msg
[5.211s] -- Symlinking: /home/xn/unitree_go2_ws/install/go2_tutorial_inter/share/go2_tutorial_inter/action/Nav.action
[5.217s] -- Up-to-date symlink: /home/xn/unitree_go2_ws/install/go2_tutorial_inter/share/ament_index/resource_index/package_run_dependencies/go2_tutorial_inter
[5.218s] -- Up-to-date symlink: /home/xn/unitree_go2_ws/install/go2_tutorial_inter/share/ament_index/resource_index/parent_prefix_path/go2_tutorial_inter
[5.218s] -- Up-to-date symlink: /home/xn/unitree_go2_ws/install/go2_tutorial_inter/share/go2_tutorial_inter/environment/ament_prefix_path.sh
[5.218s] -- Up-to-date symlink: /home/xn/unitree_go2_ws/install/go2_tutorial_inter/share/go2_tutorial_inter/environment/ament_prefix_path.dsv
[5.218s] -- Up-to-date symlink: /home/xn/unitree_go2_ws/install/go2_tutorial_inter/share/go2_tutorial_inter/environment/path.sh
[5.218s] -- Up-to-date symlink: /home/xn/unitree_go2_ws/install/go2_tutorial_inter/share/go2_tutorial_inter/environment/path.dsv
[5.218s] -- Up-to-date symlink: /home/xn/unitree_go2_ws/install/go2_tutorial_inter/share/go2_tutorial_inter/local_setup.bash
[5.218s] -- Up-to-date symlink: /home/xn/unitree_go2_ws/install/go2_tutorial_inter/share/go2_tutorial_inter/local_setup.sh
[5.219s] -- Up-to-date symlink: /home/xn/unitree_go2_ws/install/go2_tutorial_inter/share/go2_tutorial_inter/local_setup.zsh
[5.219s] -- Up-to-date symlink: /home/xn/unitree_go2_ws/install/go2_tutorial_inter/share/go2_tutorial_inter/local_setup.dsv
[5.219s] -- Symlinking: /home/xn/unitree_go2_ws/install/go2_tutorial_inter/share/go2_tutorial_inter/package.dsv
[5.227s] -- Up-to-date symlink: /home/xn/unitree_go2_ws/install/go2_tutorial_inter/share/ament_index/resource_index/packages/go2_tutorial_inter
[5.227s] -- Up-to-date symlink: /home/xn/unitree_go2_ws/install/go2_tutorial_inter/share/go2_tutorial_inter/cmake/rosidl_cmake-extras.cmake
[5.227s] -- Up-to-date symlink: /home/xn/unitree_go2_ws/install/go2_tutorial_inter/share/go2_tutorial_inter/cmake/ament_cmake_export_dependencies-extras.cmake
[5.227s] -- Up-to-date symlink: /home/xn/unitree_go2_ws/install/go2_tutorial_inter/share/go2_tutorial_inter/cmake/ament_cmake_export_libraries-extras.cmake
[5.228s] -- Up-to-date symlink: /home/xn/unitree_go2_ws/install/go2_tutorial_inter/share/go2_tutorial_inter/cmake/ament_cmake_export_targets-extras.cmake
[5.228s] -- Up-to-date symlink: /home/xn/unitree_go2_ws/install/go2_tutorial_inter/share/go2_tutorial_inter/cmake/ament_cmake_export_include_directories-extras.cmake
[5.228s] -- Up-to-date symlink: /home/xn/unitree_go2_ws/install/go2_tutorial_inter/share/go2_tutorial_inter/cmake/rosidl_cmake_export_typesupport_libraries-extras.cmake
[5.228s] -- Up-to-date symlink: /home/xn/unitree_go2_ws/install/go2_tutorial_inter/share/go2_tutorial_inter/cmake/rosidl_cmake_export_typesupport_targets-extras.cmake
[5.228s] -- Up-to-date symlink: /home/xn/unitree_go2_ws/install/go2_tutorial_inter/share/go2_tutorial_inter/cmake/go2_tutorial_interConfig.cmake
[5.228s] -- Up-to-date symlink: /home/xn/unitree_go2_ws/install/go2_tutorial_inter/share/go2_tutorial_inter/cmake/go2_tutorial_interConfig-version.cmake
[5.228s] -- Up-to-date symlink: /home/xn/unitree_go2_ws/install/go2_tutorial_inter/share/go2_tutorial_inter/package.xml
[5.232s] -- Installing: /home/xn/unitree_go2_ws/install/go2_tutorial_inter/lib/libgo2_tutorial_inter__rosidl_generator_c.so
[5.232s] -- Set runtime path of "/home/xn/unitree_go2_ws/install/go2_tutorial_inter/lib/libgo2_tutorial_inter__rosidl_generator_c.so" to ""
[5.233s] -- Installing: /home/xn/unitree_go2_ws/install/go2_tutorial_inter/lib/libgo2_tutorial_inter__rosidl_typesupport_introspection_c.so
[5.233s] -- Set runtime path of "/home/xn/unitree_go2_ws/install/go2_tutorial_inter/lib/libgo2_tutorial_inter__rosidl_typesupport_introspection_c.so" to ""
[5.234s] -- Installing: /home/xn/unitree_go2_ws/install/go2_tutorial_inter/lib/libgo2_tutorial_inter__rosidl_typesupport_c.so
[5.234s] -- Set runtime path of "/home/xn/unitree_go2_ws/install/go2_tutorial_inter/lib/libgo2_tutorial_inter__rosidl_typesupport_c.so" to ""
[5.235s] -- Installing: /home/xn/unitree_go2_ws/install/go2_tutorial_inter/lib/libgo2_tutorial_inter__rosidl_typesupport_introspection_cpp.so
[5.236s] -- Set runtime path of "/home/xn/unitree_go2_ws/install/go2_tutorial_inter/lib/libgo2_tutorial_inter__rosidl_typesupport_introspection_cpp.so" to ""
[5.237s] -- Installing: /home/xn/unitree_go2_ws/install/go2_tutorial_inter/lib/libgo2_tutorial_inter__rosidl_typesupport_cpp.so
[5.237s] -- Set runtime path of "/home/xn/unitree_go2_ws/install/go2_tutorial_inter/lib/libgo2_tutorial_inter__rosidl_typesupport_cpp.so" to ""
[5.267s] Compiling '/home/xn/unitree_go2_ws/install/go2_tutorial_inter/lib/python3.8/site-packages/go2_tutorial_inter/__init__.py'...
[5.272s] -- Old export file "/home/xn/unitree_go2_ws/install/go2_tutorial_inter/share/go2_tutorial_inter/cmake/go2_tutorial_inter__rosidl_generator_cExport.cmake" will be replaced.  Removing files [/home/xn/unitree_go2_ws/install/go2_tutorial_inter/share/go2_tutorial_inter/cmake/go2_tutorial_inter__rosidl_generator_cExport-noconfig.cmake].
[5.273s] -- Installing: /home/xn/unitree_go2_ws/install/go2_tutorial_inter/share/go2_tutorial_inter/cmake/go2_tutorial_inter__rosidl_generator_cExport.cmake
[5.273s] -- Installing: /home/xn/unitree_go2_ws/install/go2_tutorial_inter/share/go2_tutorial_inter/cmake/go2_tutorial_inter__rosidl_generator_cExport-noconfig.cmake
[5.273s] -- Old export file "/home/xn/unitree_go2_ws/install/go2_tutorial_inter/share/go2_tutorial_inter/cmake/go2_tutorial_inter__rosidl_typesupport_introspection_cExport.cmake" will be replaced.  Removing files [/home/xn/unitree_go2_ws/install/go2_tutorial_inter/share/go2_tutorial_inter/cmake/go2_tutorial_inter__rosidl_typesupport_introspection_cExport-noconfig.cmake].
[5.273s] -- Installing: /home/xn/unitree_go2_ws/install/go2_tutorial_inter/share/go2_tutorial_inter/cmake/go2_tutorial_inter__rosidl_typesupport_introspection_cExport.cmake
[5.273s] -- Installing: /home/xn/unitree_go2_ws/install/go2_tutorial_inter/share/go2_tutorial_inter/cmake/go2_tutorial_inter__rosidl_typesupport_introspection_cExport-noconfig.cmake
[5.274s] -- Old export file "/home/xn/unitree_go2_ws/install/go2_tutorial_inter/share/go2_tutorial_inter/cmake/go2_tutorial_inter__rosidl_typesupport_cExport.cmake" will be replaced.  Removing files [/home/xn/unitree_go2_ws/install/go2_tutorial_inter/share/go2_tutorial_inter/cmake/go2_tutorial_inter__rosidl_typesupport_cExport-noconfig.cmake].
[5.274s] -- Installing: /home/xn/unitree_go2_ws/install/go2_tutorial_inter/share/go2_tutorial_inter/cmake/go2_tutorial_inter__rosidl_typesupport_cExport.cmake
[5.274s] -- Installing: /home/xn/unitree_go2_ws/install/go2_tutorial_inter/share/go2_tutorial_inter/cmake/go2_tutorial_inter__rosidl_typesupport_cExport-noconfig.cmake
[5.274s] -- Installing: /home/xn/unitree_go2_ws/install/go2_tutorial_inter/share/go2_tutorial_inter/cmake/go2_tutorial_inter__rosidl_generator_cppExport.cmake
[5.275s] -- Old export file "/home/xn/unitree_go2_ws/install/go2_tutorial_inter/share/go2_tutorial_inter/cmake/go2_tutorial_inter__rosidl_typesupport_introspection_cppExport.cmake" will be replaced.  Removing files [/home/xn/unitree_go2_ws/install/go2_tutorial_inter/share/go2_tutorial_inter/cmake/go2_tutorial_inter__rosidl_typesupport_introspection_cppExport-noconfig.cmake].
[5.275s] -- Installing: /home/xn/unitree_go2_ws/install/go2_tutorial_inter/share/go2_tutorial_inter/cmake/go2_tutorial_inter__rosidl_typesupport_introspection_cppExport.cmake
[5.275s] -- Installing: /home/xn/unitree_go2_ws/install/go2_tutorial_inter/share/go2_tutorial_inter/cmake/go2_tutorial_inter__rosidl_typesupport_introspection_cppExport-noconfig.cmake
[5.275s] -- Old export file "/home/xn/unitree_go2_ws/install/go2_tutorial_inter/share/go2_tutorial_inter/cmake/go2_tutorial_inter__rosidl_typesupport_cppExport.cmake" will be replaced.  Removing files [/home/xn/unitree_go2_ws/install/go2_tutorial_inter/share/go2_tutorial_inter/cmake/go2_tutorial_inter__rosidl_typesupport_cppExport-noconfig.cmake].
[5.275s] -- Installing: /home/xn/unitree_go2_ws/install/go2_tutorial_inter/share/go2_tutorial_inter/cmake/go2_tutorial_inter__rosidl_typesupport_cppExport.cmake
[5.276s] -- Installing: /home/xn/unitree_go2_ws/install/go2_tutorial_inter/share/go2_tutorial_inter/cmake/go2_tutorial_inter__rosidl_typesupport_cppExport-noconfig.cmake
[5.279s] Invoked command in '/home/xn/unitree_go2_ws/build/go2_tutorial_inter' returned '0': CMAKE_PREFIX_PATH=${CMAKE_PREFIX_PATH}:/home/xn/unitree_go2_ws/install/my_test_py:/home/xn/unitree_go2_ws/install/helloworld_py:/home/xn/unitree_go2_ws/install/go2_twist_bridge_py:/home/xn/unitree_go2_ws/install/go2_tutorial_py:/home/xn/unitree_go2_ws/install/go2_teleop_ctrl_keyboard:/home/xn/unitree_go2_ws/install/go2_driver_py:/opt/ros/foxy /usr/bin/cmake --install /home/xn/unitree_go2_ws/build/go2_tutorial_inter
