-- Found ament_cmake: 0.9.12 (/opt/ros/foxy/share/ament_cmake/cmake)
-- Found PythonInterp: /usr/bin/python3 (found suitable version "3.8.10", minimum required is "3") 
-- Using PYTHON_EXECUTABLE: /usr/bin/python3
-- Override CMake install command with custom implementation using symlinks instead of copying resources
-- Found geometry_msgs: 2.0.5 (/opt/ros/foxy/share/geometry_msgs/cmake)
-- Using all available rosidl_typesupport_c: rosidl_typesupport_fastrtps_c;rosidl_typesupport_introspection_c
-- Found rosidl_adapter: 1.3.1 (/opt/ros/foxy/share/rosidl_adapter/cmake)
-- Using all available rosidl_typesupport_cpp: rosidl_typesupport_fastrtps_cpp;rosidl_typesupport_introspection_cpp
-- Found rosidl_default_generators: 1.0.1 (/opt/ros/foxy/share/rosidl_default_generators/cmake)
-- Found PythonInterp: /usr/bin/python3 (found version "3.8.10") 
-- Found ament_cmake_ros: 0.9.2 (/opt/ros/foxy/share/ament_cmake_ros/cmake)
-- Using all available rosidl_typesupport_c: rosidl_typesupport_fastrtps_c;rosidl_typesupport_introspection_c
-- Using all available rosidl_typesupport_cpp: rosidl_typesupport_fastrtps_cpp;rosidl_typesupport_introspection_cpp
-- Found PythonInterp: /usr/bin/python3 (found suitable version "3.8.10", minimum required is "3.5") 
-- Found python_cmake_module: 0.8.1 (/opt/ros/foxy/share/python_cmake_module/cmake)
-- Using PYTHON_EXECUTABLE: /usr/bin/python3
-- Using PYTHON_INCLUDE_DIRS: /usr/include/python3.8
-- Using PYTHON_LIBRARIES: /usr/lib/x86_64-linux-gnu/libpython3.8.so
-- Found ament_lint_auto: 0.9.8 (/opt/ros/foxy/share/ament_lint_auto/cmake)
-- Added test 'copyright' to check source files copyright and LICENSE
-- Added test 'lint_cmake' to check CMake code style
-- Added test 'xmllint' to check XML markup files
-- Configuring done
-- Generating done
-- Build files have been written to: /home/xn/unitree_go2_ws/build/go2_tutorial_inter
[  6%] Built target go2_tutorial_inter__cpp
[ 12%] Built target go2_tutorial_inter__rosidl_generator_c
[ 32%] Built target go2_tutorial_inter__rosidl_typesupport_introspection_cpp
[ 32%] Built target go2_tutorial_inter__rosidl_typesupport_cpp
[ 41%] Built target go2_tutorial_inter__rosidl_typesupport_fastrtps_cpp
[ 58%] Built target go2_tutorial_inter__rosidl_typesupport_c
[ 61%] Built target go2_tutorial_inter__rosidl_typesupport_introspection_c
[ 70%] Built target go2_tutorial_inter__rosidl_typesupport_fastrtps_c
[ 70%] Built target go2_tutorial_inter
[ 74%] Built target go2_tutorial_inter__py
[ 80%] Built target go2_tutorial_inter__python
[ 87%] Built target go2_tutorial_inter__rosidl_typesupport_fastrtps_c__pyext
[ 93%] Built target go2_tutorial_inter__rosidl_typesupport_introspection_c__pyext
[100%] Built target go2_tutorial_inter__rosidl_typesupport_c__pyext
-- Install configuration: ""
-- Execute custom install script
-- Up-to-date symlink: /home/xn/unitree_go2_ws/install/go2_tutorial_inter/share/ament_index/resource_index/rosidl_interfaces/go2_tutorial_inter
-- Up-to-date symlink: /home/xn/unitree_go2_ws/install/go2_tutorial_inter/include/go2_tutorial_inter/msg/rosidl_generator_c__visibility_control.h
-- Up-to-date symlink: /home/xn/unitree_go2_ws/install/go2_tutorial_inter/include/go2_tutorial_inter/srv/cruising.h
-- Up-to-date symlink: /home/xn/unitree_go2_ws/install/go2_tutorial_inter/include/go2_tutorial_inter/srv/detail/cruising__functions.h
-- Up-to-date symlink: /home/xn/unitree_go2_ws/install/go2_tutorial_inter/include/go2_tutorial_inter/srv/detail/cruising__struct.h
-- Up-to-date symlink: /home/xn/unitree_go2_ws/install/go2_tutorial_inter/include/go2_tutorial_inter/srv/detail/cruising__type_support.h
-- Up-to-date symlink: /home/xn/unitree_go2_ws/install/go2_tutorial_inter/share/go2_tutorial_inter/environment/library_path.sh
-- Up-to-date symlink: /home/xn/unitree_go2_ws/install/go2_tutorial_inter/share/go2_tutorial_inter/environment/library_path.dsv
-- Up-to-date symlink: /home/xn/unitree_go2_ws/install/go2_tutorial_inter/include/go2_tutorial_inter/msg/rosidl_typesupport_fastrtps_c__visibility_control.h
-- Up-to-date symlink: /home/xn/unitree_go2_ws/install/go2_tutorial_inter/include/go2_tutorial_inter/srv/detail/cruising__rosidl_typesupport_fastrtps_c.h
-- Up-to-date symlink: /home/xn/unitree_go2_ws/install/go2_tutorial_inter/lib/libgo2_tutorial_inter__rosidl_typesupport_fastrtps_c.so
-- Up-to-date symlink: /home/xn/unitree_go2_ws/install/go2_tutorial_inter/include/go2_tutorial_inter/msg/rosidl_typesupport_fastrtps_cpp__visibility_control.h
-- Up-to-date symlink: /home/xn/unitree_go2_ws/install/go2_tutorial_inter/include/go2_tutorial_inter/srv/detail/cruising__rosidl_typesupport_fastrtps_cpp.hpp
-- Up-to-date symlink: /home/xn/unitree_go2_ws/install/go2_tutorial_inter/lib/libgo2_tutorial_inter__rosidl_typesupport_fastrtps_cpp.so
-- Up-to-date symlink: /home/xn/unitree_go2_ws/install/go2_tutorial_inter/include/go2_tutorial_inter/msg/rosidl_typesupport_introspection_c__visibility_control.h
-- Up-to-date symlink: /home/xn/unitree_go2_ws/install/go2_tutorial_inter/include/go2_tutorial_inter/srv/detail/cruising__rosidl_typesupport_introspection_c.h
-- Up-to-date symlink: /home/xn/unitree_go2_ws/install/go2_tutorial_inter/include/go2_tutorial_inter/msg/rosidl_generator_cpp__visibility_control.hpp
-- Up-to-date symlink: /home/xn/unitree_go2_ws/install/go2_tutorial_inter/include/go2_tutorial_inter/srv/cruising.hpp
-- Up-to-date symlink: /home/xn/unitree_go2_ws/install/go2_tutorial_inter/include/go2_tutorial_inter/srv/detail/cruising__builder.hpp
-- Up-to-date symlink: /home/xn/unitree_go2_ws/install/go2_tutorial_inter/include/go2_tutorial_inter/srv/detail/cruising__struct.hpp
-- Up-to-date symlink: /home/xn/unitree_go2_ws/install/go2_tutorial_inter/include/go2_tutorial_inter/srv/detail/cruising__traits.hpp
-- Up-to-date symlink: /home/xn/unitree_go2_ws/install/go2_tutorial_inter/include/go2_tutorial_inter/srv/detail/cruising__type_support.hpp
-- Up-to-date symlink: /home/xn/unitree_go2_ws/install/go2_tutorial_inter/include/go2_tutorial_inter/srv/detail/cruising__rosidl_typesupport_introspection_cpp.hpp
-- Up-to-date symlink: /home/xn/unitree_go2_ws/install/go2_tutorial_inter/share/go2_tutorial_inter/environment/pythonpath.sh
-- Up-to-date symlink: /home/xn/unitree_go2_ws/install/go2_tutorial_inter/share/go2_tutorial_inter/environment/pythonpath.dsv
-- Up-to-date symlink: /home/xn/unitree_go2_ws/install/go2_tutorial_inter/lib/python3.8/site-packages/go2_tutorial_inter/__init__.py
-- Up-to-date symlink: /home/xn/unitree_go2_ws/install/go2_tutorial_inter/lib/python3.8/site-packages/go2_tutorial_inter/srv/__init__.py
-- Up-to-date symlink: /home/xn/unitree_go2_ws/install/go2_tutorial_inter/lib/python3.8/site-packages/go2_tutorial_inter/srv/_cruising.py
-- Up-to-date symlink: /home/xn/unitree_go2_ws/install/go2_tutorial_inter/lib/python3.8/site-packages/go2_tutorial_inter/go2_tutorial_inter_s__rosidl_typesupport_fastrtps_c.cpython-38-x86_64-linux-gnu.so
-- Up-to-date symlink: /home/xn/unitree_go2_ws/install/go2_tutorial_inter/lib/python3.8/site-packages/go2_tutorial_inter/go2_tutorial_inter_s__rosidl_typesupport_introspection_c.cpython-38-x86_64-linux-gnu.so
-- Up-to-date symlink: /home/xn/unitree_go2_ws/install/go2_tutorial_inter/lib/python3.8/site-packages/go2_tutorial_inter/go2_tutorial_inter_s__rosidl_typesupport_c.cpython-38-x86_64-linux-gnu.so
-- Up-to-date symlink: /home/xn/unitree_go2_ws/install/go2_tutorial_inter/lib/libgo2_tutorial_inter__python.so
-- Up-to-date symlink: /home/xn/unitree_go2_ws/install/go2_tutorial_inter/share/go2_tutorial_inter/srv/Cruising.idl
-- Up-to-date symlink: /home/xn/unitree_go2_ws/install/go2_tutorial_inter/share/go2_tutorial_inter/srv/Cruising.srv
-- Up-to-date symlink: /home/xn/unitree_go2_ws/install/go2_tutorial_inter/share/go2_tutorial_inter/srv/Cruising_Request.msg
-- Up-to-date symlink: /home/xn/unitree_go2_ws/install/go2_tutorial_inter/share/go2_tutorial_inter/srv/Cruising_Response.msg
-- Up-to-date symlink: /home/xn/unitree_go2_ws/install/go2_tutorial_inter/share/ament_index/resource_index/package_run_dependencies/go2_tutorial_inter
-- Up-to-date symlink: /home/xn/unitree_go2_ws/install/go2_tutorial_inter/share/ament_index/resource_index/parent_prefix_path/go2_tutorial_inter
-- Up-to-date symlink: /home/xn/unitree_go2_ws/install/go2_tutorial_inter/share/go2_tutorial_inter/environment/ament_prefix_path.sh
-- Up-to-date symlink: /home/xn/unitree_go2_ws/install/go2_tutorial_inter/share/go2_tutorial_inter/environment/ament_prefix_path.dsv
-- Up-to-date symlink: /home/xn/unitree_go2_ws/install/go2_tutorial_inter/share/go2_tutorial_inter/environment/path.sh
-- Up-to-date symlink: /home/xn/unitree_go2_ws/install/go2_tutorial_inter/share/go2_tutorial_inter/environment/path.dsv
-- Up-to-date symlink: /home/xn/unitree_go2_ws/install/go2_tutorial_inter/share/go2_tutorial_inter/local_setup.bash
-- Up-to-date symlink: /home/xn/unitree_go2_ws/install/go2_tutorial_inter/share/go2_tutorial_inter/local_setup.sh
-- Up-to-date symlink: /home/xn/unitree_go2_ws/install/go2_tutorial_inter/share/go2_tutorial_inter/local_setup.zsh
-- Up-to-date symlink: /home/xn/unitree_go2_ws/install/go2_tutorial_inter/share/go2_tutorial_inter/local_setup.dsv
-- Symlinking: /home/xn/unitree_go2_ws/install/go2_tutorial_inter/share/go2_tutorial_inter/package.dsv
-- Up-to-date symlink: /home/xn/unitree_go2_ws/install/go2_tutorial_inter/share/ament_index/resource_index/packages/go2_tutorial_inter
-- Up-to-date symlink: /home/xn/unitree_go2_ws/install/go2_tutorial_inter/share/go2_tutorial_inter/cmake/rosidl_cmake-extras.cmake
-- Up-to-date symlink: /home/xn/unitree_go2_ws/install/go2_tutorial_inter/share/go2_tutorial_inter/cmake/ament_cmake_export_dependencies-extras.cmake
-- Up-to-date symlink: /home/xn/unitree_go2_ws/install/go2_tutorial_inter/share/go2_tutorial_inter/cmake/ament_cmake_export_libraries-extras.cmake
-- Up-to-date symlink: /home/xn/unitree_go2_ws/install/go2_tutorial_inter/share/go2_tutorial_inter/cmake/ament_cmake_export_targets-extras.cmake
-- Up-to-date symlink: /home/xn/unitree_go2_ws/install/go2_tutorial_inter/share/go2_tutorial_inter/cmake/ament_cmake_export_include_directories-extras.cmake
-- Up-to-date symlink: /home/xn/unitree_go2_ws/install/go2_tutorial_inter/share/go2_tutorial_inter/cmake/rosidl_cmake_export_typesupport_libraries-extras.cmake
-- Up-to-date symlink: /home/xn/unitree_go2_ws/install/go2_tutorial_inter/share/go2_tutorial_inter/cmake/rosidl_cmake_export_typesupport_targets-extras.cmake
-- Up-to-date symlink: /home/xn/unitree_go2_ws/install/go2_tutorial_inter/share/go2_tutorial_inter/cmake/go2_tutorial_interConfig.cmake
-- Up-to-date symlink: /home/xn/unitree_go2_ws/install/go2_tutorial_inter/share/go2_tutorial_inter/cmake/go2_tutorial_interConfig-version.cmake
-- Up-to-date symlink: /home/xn/unitree_go2_ws/install/go2_tutorial_inter/share/go2_tutorial_inter/package.xml
-- Up-to-date: /home/xn/unitree_go2_ws/install/go2_tutorial_inter/lib/libgo2_tutorial_inter__rosidl_generator_c.so
-- Up-to-date: /home/xn/unitree_go2_ws/install/go2_tutorial_inter/lib/libgo2_tutorial_inter__rosidl_typesupport_introspection_c.so
-- Up-to-date: /home/xn/unitree_go2_ws/install/go2_tutorial_inter/lib/libgo2_tutorial_inter__rosidl_typesupport_c.so
-- Up-to-date: /home/xn/unitree_go2_ws/install/go2_tutorial_inter/lib/libgo2_tutorial_inter__rosidl_typesupport_introspection_cpp.so
-- Up-to-date: /home/xn/unitree_go2_ws/install/go2_tutorial_inter/lib/libgo2_tutorial_inter__rosidl_typesupport_cpp.so
Compiling '/home/xn/unitree_go2_ws/install/go2_tutorial_inter/lib/python3.8/site-packages/go2_tutorial_inter/__init__.py'...
-- Up-to-date: /home/xn/unitree_go2_ws/install/go2_tutorial_inter/share/go2_tutorial_inter/cmake/go2_tutorial_inter__rosidl_generator_cExport.cmake
-- Installing: /home/xn/unitree_go2_ws/install/go2_tutorial_inter/share/go2_tutorial_inter/cmake/go2_tutorial_inter__rosidl_generator_cExport-noconfig.cmake
-- Up-to-date: /home/xn/unitree_go2_ws/install/go2_tutorial_inter/share/go2_tutorial_inter/cmake/go2_tutorial_inter__rosidl_typesupport_introspection_cExport.cmake
-- Installing: /home/xn/unitree_go2_ws/install/go2_tutorial_inter/share/go2_tutorial_inter/cmake/go2_tutorial_inter__rosidl_typesupport_introspection_cExport-noconfig.cmake
-- Up-to-date: /home/xn/unitree_go2_ws/install/go2_tutorial_inter/share/go2_tutorial_inter/cmake/go2_tutorial_inter__rosidl_typesupport_cExport.cmake
-- Installing: /home/xn/unitree_go2_ws/install/go2_tutorial_inter/share/go2_tutorial_inter/cmake/go2_tutorial_inter__rosidl_typesupport_cExport-noconfig.cmake
-- Up-to-date: /home/xn/unitree_go2_ws/install/go2_tutorial_inter/share/go2_tutorial_inter/cmake/go2_tutorial_inter__rosidl_generator_cppExport.cmake
-- Up-to-date: /home/xn/unitree_go2_ws/install/go2_tutorial_inter/share/go2_tutorial_inter/cmake/go2_tutorial_inter__rosidl_typesupport_introspection_cppExport.cmake
-- Installing: /home/xn/unitree_go2_ws/install/go2_tutorial_inter/share/go2_tutorial_inter/cmake/go2_tutorial_inter__rosidl_typesupport_introspection_cppExport-noconfig.cmake
-- Up-to-date: /home/xn/unitree_go2_ws/install/go2_tutorial_inter/share/go2_tutorial_inter/cmake/go2_tutorial_inter__rosidl_typesupport_cppExport.cmake
-- Installing: /home/xn/unitree_go2_ws/install/go2_tutorial_inter/share/go2_tutorial_inter/cmake/go2_tutorial_inter__rosidl_typesupport_cppExport-noconfig.cmake
