[0.009s] Invoking command in '/home/xn/unitree_go2_ws/build/go2_tutorial_inter': CMAKE_PREFIX_PATH=${CMAKE_PREFIX_PATH}:/home/xn/unitree_go2_ws/install/my_test_py:/home/xn/unitree_go2_ws/install/helloworld_py:/home/xn/unitree_go2_ws/install/go2_twist_bridge_py:/home/xn/unitree_go2_ws/install/go2_tutorial_py:/home/xn/unitree_go2_ws/install/go2_teleop_ctrl_keyboard:/home/xn/unitree_go2_ws/install/go2_driver_py:/opt/ros/foxy /usr/bin/cmake /home/xn/unitree_go2_ws/src/tutorial/go2_tutorial_inter -DCMAKE_INSTALL_PREFIX=/home/xn/unitree_go2_ws/install/go2_tutorial_inter
[0.035s] -- Found ament_cmake: 0.9.12 (/opt/ros/foxy/share/ament_cmake/cmake)
[0.055s] -- Found PythonInterp: /usr/bin/python3 (found suitable version "3.8.10", minimum required is "3") 
[0.055s] -- Using PYTHON_EXECUTABLE: /usr/bin/python3
[0.161s] -- Override CMake install command with custom implementation using symlinks instead of copying resources
[0.166s] -- Found geometry_msgs: 2.0.5 (/opt/ros/foxy/share/geometry_msgs/cmake)
[0.180s] -- Using all available rosidl_typesupport_c: rosidl_typesupport_fastrtps_c;rosidl_typesupport_introspection_c
[0.181s] -- Found rosidl_adapter: 1.3.1 (/opt/ros/foxy/share/rosidl_adapter/cmake)
[0.257s] -- Using all available rosidl_typesupport_cpp: rosidl_typesupport_fastrtps_cpp;rosidl_typesupport_introspection_cpp
[0.305s] -- Found rosidl_default_generators: 1.0.1 (/opt/ros/foxy/share/rosidl_default_generators/cmake)
[0.337s] -- Found PythonInterp: /usr/bin/python3 (found version "3.8.10") 
[0.460s] -- Found ament_cmake_ros: 0.9.2 (/opt/ros/foxy/share/ament_cmake_ros/cmake)
[0.607s] -- Using all available rosidl_typesupport_c: rosidl_typesupport_fastrtps_c;rosidl_typesupport_introspection_c
[0.671s] -- Using all available rosidl_typesupport_cpp: rosidl_typesupport_fastrtps_cpp;rosidl_typesupport_introspection_cpp
[0.696s] -- Found PythonInterp: /usr/bin/python3 (found suitable version "3.8.10", minimum required is "3.5") 
[0.696s] -- Found python_cmake_module: 0.8.1 (/opt/ros/foxy/share/python_cmake_module/cmake)
[0.718s] -- Using PYTHON_EXECUTABLE: /usr/bin/python3
[0.718s] -- Using PYTHON_INCLUDE_DIRS: /usr/include/python3.8
[0.718s] -- Using PYTHON_LIBRARIES: /usr/lib/x86_64-linux-gnu/libpython3.8.so
[0.760s] -- Found ament_lint_auto: 0.9.8 (/opt/ros/foxy/share/ament_lint_auto/cmake)
[0.767s] -- Added test 'copyright' to check source files copyright and LICENSE
[0.768s] -- Added test 'lint_cmake' to check CMake code style
[0.768s] -- Added test 'xmllint' to check XML markup files
[0.771s] -- Configuring done
[0.803s] -- Generating done
[0.815s] -- Build files have been written to: /home/xn/unitree_go2_ws/build/go2_tutorial_inter
[0.821s] Invoked command in '/home/xn/unitree_go2_ws/build/go2_tutorial_inter' returned '0': CMAKE_PREFIX_PATH=${CMAKE_PREFIX_PATH}:/home/xn/unitree_go2_ws/install/my_test_py:/home/xn/unitree_go2_ws/install/helloworld_py:/home/xn/unitree_go2_ws/install/go2_twist_bridge_py:/home/xn/unitree_go2_ws/install/go2_tutorial_py:/home/xn/unitree_go2_ws/install/go2_teleop_ctrl_keyboard:/home/xn/unitree_go2_ws/install/go2_driver_py:/opt/ros/foxy /usr/bin/cmake /home/xn/unitree_go2_ws/src/tutorial/go2_tutorial_inter -DCMAKE_INSTALL_PREFIX=/home/xn/unitree_go2_ws/install/go2_tutorial_inter
[0.824s] Invoking command in '/home/xn/unitree_go2_ws/build/go2_tutorial_inter': CMAKE_PREFIX_PATH=${CMAKE_PREFIX_PATH}:/home/xn/unitree_go2_ws/install/my_test_py:/home/xn/unitree_go2_ws/install/helloworld_py:/home/xn/unitree_go2_ws/install/go2_twist_bridge_py:/home/xn/unitree_go2_ws/install/go2_tutorial_py:/home/xn/unitree_go2_ws/install/go2_teleop_ctrl_keyboard:/home/xn/unitree_go2_ws/install/go2_driver_py:/opt/ros/foxy /usr/bin/cmake --build /home/xn/unitree_go2_ws/build/go2_tutorial_inter -- -j8 -l8
[0.870s] [  6%] Built target go2_tutorial_inter__cpp
[0.870s] [ 12%] Built target go2_tutorial_inter__rosidl_generator_c
[0.889s] [ 32%] Built target go2_tutorial_inter__rosidl_typesupport_introspection_cpp
[0.889s] [ 32%] Built target go2_tutorial_inter__rosidl_typesupport_cpp
[0.890s] [ 41%] Built target go2_tutorial_inter__rosidl_typesupport_fastrtps_cpp
[0.910s] [ 58%] Built target go2_tutorial_inter__rosidl_typesupport_c
[0.910s] [ 61%] Built target go2_tutorial_inter__rosidl_typesupport_introspection_c
[0.913s] [ 70%] Built target go2_tutorial_inter__rosidl_typesupport_fastrtps_c
[0.932s] [ 70%] Built target go2_tutorial_inter
[0.954s] [ 74%] Built target go2_tutorial_inter__py
[0.976s] [ 80%] Built target go2_tutorial_inter__python
[0.997s] [ 87%] Built target go2_tutorial_inter__rosidl_typesupport_fastrtps_c__pyext
[0.998s] [ 93%] Built target go2_tutorial_inter__rosidl_typesupport_introspection_c__pyext
[0.999s] [100%] Built target go2_tutorial_inter__rosidl_typesupport_c__pyext
[1.010s] Invoked command in '/home/xn/unitree_go2_ws/build/go2_tutorial_inter' returned '0': CMAKE_PREFIX_PATH=${CMAKE_PREFIX_PATH}:/home/xn/unitree_go2_ws/install/my_test_py:/home/xn/unitree_go2_ws/install/helloworld_py:/home/xn/unitree_go2_ws/install/go2_twist_bridge_py:/home/xn/unitree_go2_ws/install/go2_tutorial_py:/home/xn/unitree_go2_ws/install/go2_teleop_ctrl_keyboard:/home/xn/unitree_go2_ws/install/go2_driver_py:/opt/ros/foxy /usr/bin/cmake --build /home/xn/unitree_go2_ws/build/go2_tutorial_inter -- -j8 -l8
[1.023s] Invoking command in '/home/xn/unitree_go2_ws/build/go2_tutorial_inter': CMAKE_PREFIX_PATH=${CMAKE_PREFIX_PATH}:/home/xn/unitree_go2_ws/install/my_test_py:/home/xn/unitree_go2_ws/install/helloworld_py:/home/xn/unitree_go2_ws/install/go2_twist_bridge_py:/home/xn/unitree_go2_ws/install/go2_tutorial_py:/home/xn/unitree_go2_ws/install/go2_teleop_ctrl_keyboard:/home/xn/unitree_go2_ws/install/go2_driver_py:/opt/ros/foxy /usr/bin/cmake --install /home/xn/unitree_go2_ws/build/go2_tutorial_inter
[1.030s] -- Install configuration: ""
[1.031s] -- Execute custom install script
[1.031s] -- Up-to-date symlink: /home/xn/unitree_go2_ws/install/go2_tutorial_inter/share/ament_index/resource_index/rosidl_interfaces/go2_tutorial_inter
[1.032s] -- Up-to-date symlink: /home/xn/unitree_go2_ws/install/go2_tutorial_inter/include/go2_tutorial_inter/msg/rosidl_generator_c__visibility_control.h
[1.032s] -- Up-to-date symlink: /home/xn/unitree_go2_ws/install/go2_tutorial_inter/include/go2_tutorial_inter/srv/cruising.h
[1.032s] -- Up-to-date symlink: /home/xn/unitree_go2_ws/install/go2_tutorial_inter/include/go2_tutorial_inter/srv/detail/cruising__functions.h
[1.033s] -- Up-to-date symlink: /home/xn/unitree_go2_ws/install/go2_tutorial_inter/include/go2_tutorial_inter/srv/detail/cruising__struct.h
[1.033s] -- Up-to-date symlink: /home/xn/unitree_go2_ws/install/go2_tutorial_inter/include/go2_tutorial_inter/srv/detail/cruising__type_support.h
[1.033s] -- Up-to-date symlink: /home/xn/unitree_go2_ws/install/go2_tutorial_inter/share/go2_tutorial_inter/environment/library_path.sh
[1.033s] -- Up-to-date symlink: /home/xn/unitree_go2_ws/install/go2_tutorial_inter/share/go2_tutorial_inter/environment/library_path.dsv
[1.033s] -- Up-to-date symlink: /home/xn/unitree_go2_ws/install/go2_tutorial_inter/include/go2_tutorial_inter/msg/rosidl_typesupport_fastrtps_c__visibility_control.h
[1.033s] -- Up-to-date symlink: /home/xn/unitree_go2_ws/install/go2_tutorial_inter/include/go2_tutorial_inter/srv/detail/cruising__rosidl_typesupport_fastrtps_c.h
[1.033s] -- Up-to-date symlink: /home/xn/unitree_go2_ws/install/go2_tutorial_inter/lib/libgo2_tutorial_inter__rosidl_typesupport_fastrtps_c.so
[1.033s] -- Up-to-date symlink: /home/xn/unitree_go2_ws/install/go2_tutorial_inter/include/go2_tutorial_inter/msg/rosidl_typesupport_fastrtps_cpp__visibility_control.h
[1.033s] -- Up-to-date symlink: /home/xn/unitree_go2_ws/install/go2_tutorial_inter/include/go2_tutorial_inter/srv/detail/cruising__rosidl_typesupport_fastrtps_cpp.hpp
[1.035s] -- Up-to-date symlink: /home/xn/unitree_go2_ws/install/go2_tutorial_inter/lib/libgo2_tutorial_inter__rosidl_typesupport_fastrtps_cpp.so
[1.035s] -- Up-to-date symlink: /home/xn/unitree_go2_ws/install/go2_tutorial_inter/include/go2_tutorial_inter/msg/rosidl_typesupport_introspection_c__visibility_control.h
[1.036s] -- Up-to-date symlink: /home/xn/unitree_go2_ws/install/go2_tutorial_inter/include/go2_tutorial_inter/srv/detail/cruising__rosidl_typesupport_introspection_c.h
[1.036s] -- Up-to-date symlink: /home/xn/unitree_go2_ws/install/go2_tutorial_inter/include/go2_tutorial_inter/msg/rosidl_generator_cpp__visibility_control.hpp
[1.036s] -- Up-to-date symlink: /home/xn/unitree_go2_ws/install/go2_tutorial_inter/include/go2_tutorial_inter/srv/cruising.hpp
[1.036s] -- Up-to-date symlink: /home/xn/unitree_go2_ws/install/go2_tutorial_inter/include/go2_tutorial_inter/srv/detail/cruising__builder.hpp
[1.036s] -- Up-to-date symlink: /home/xn/unitree_go2_ws/install/go2_tutorial_inter/include/go2_tutorial_inter/srv/detail/cruising__struct.hpp
[1.036s] -- Up-to-date symlink: /home/xn/unitree_go2_ws/install/go2_tutorial_inter/include/go2_tutorial_inter/srv/detail/cruising__traits.hpp
[1.036s] -- Up-to-date symlink: /home/xn/unitree_go2_ws/install/go2_tutorial_inter/include/go2_tutorial_inter/srv/detail/cruising__type_support.hpp
[1.036s] -- Up-to-date symlink: /home/xn/unitree_go2_ws/install/go2_tutorial_inter/include/go2_tutorial_inter/srv/detail/cruising__rosidl_typesupport_introspection_cpp.hpp
[1.036s] -- Up-to-date symlink: /home/xn/unitree_go2_ws/install/go2_tutorial_inter/share/go2_tutorial_inter/environment/pythonpath.sh
[1.036s] -- Up-to-date symlink: /home/xn/unitree_go2_ws/install/go2_tutorial_inter/share/go2_tutorial_inter/environment/pythonpath.dsv
[1.036s] -- Up-to-date symlink: /home/xn/unitree_go2_ws/install/go2_tutorial_inter/lib/python3.8/site-packages/go2_tutorial_inter/__init__.py
[1.037s] -- Up-to-date symlink: /home/xn/unitree_go2_ws/install/go2_tutorial_inter/lib/python3.8/site-packages/go2_tutorial_inter/srv/__init__.py
[1.037s] -- Up-to-date symlink: /home/xn/unitree_go2_ws/install/go2_tutorial_inter/lib/python3.8/site-packages/go2_tutorial_inter/srv/_cruising.py
[1.037s] -- Up-to-date symlink: /home/xn/unitree_go2_ws/install/go2_tutorial_inter/lib/python3.8/site-packages/go2_tutorial_inter/go2_tutorial_inter_s__rosidl_typesupport_fastrtps_c.cpython-38-x86_64-linux-gnu.so
[1.038s] -- Up-to-date symlink: /home/xn/unitree_go2_ws/install/go2_tutorial_inter/lib/python3.8/site-packages/go2_tutorial_inter/go2_tutorial_inter_s__rosidl_typesupport_introspection_c.cpython-38-x86_64-linux-gnu.so
[1.039s] -- Up-to-date symlink: /home/xn/unitree_go2_ws/install/go2_tutorial_inter/lib/python3.8/site-packages/go2_tutorial_inter/go2_tutorial_inter_s__rosidl_typesupport_c.cpython-38-x86_64-linux-gnu.so
[1.039s] -- Up-to-date symlink: /home/xn/unitree_go2_ws/install/go2_tutorial_inter/lib/libgo2_tutorial_inter__python.so
[1.039s] -- Up-to-date symlink: /home/xn/unitree_go2_ws/install/go2_tutorial_inter/share/go2_tutorial_inter/srv/Cruising.idl
[1.039s] -- Up-to-date symlink: /home/xn/unitree_go2_ws/install/go2_tutorial_inter/share/go2_tutorial_inter/srv/Cruising.srv
[1.039s] -- Up-to-date symlink: /home/xn/unitree_go2_ws/install/go2_tutorial_inter/share/go2_tutorial_inter/srv/Cruising_Request.msg
[1.040s] -- Up-to-date symlink: /home/xn/unitree_go2_ws/install/go2_tutorial_inter/share/go2_tutorial_inter/srv/Cruising_Response.msg
[1.040s] -- Up-to-date symlink: /home/xn/unitree_go2_ws/install/go2_tutorial_inter/share/ament_index/resource_index/package_run_dependencies/go2_tutorial_inter
[1.040s] -- Up-to-date symlink: /home/xn/unitree_go2_ws/install/go2_tutorial_inter/share/ament_index/resource_index/parent_prefix_path/go2_tutorial_inter
[1.040s] -- Up-to-date symlink: /home/xn/unitree_go2_ws/install/go2_tutorial_inter/share/go2_tutorial_inter/environment/ament_prefix_path.sh
[1.040s] -- Up-to-date symlink: /home/xn/unitree_go2_ws/install/go2_tutorial_inter/share/go2_tutorial_inter/environment/ament_prefix_path.dsv
[1.040s] -- Up-to-date symlink: /home/xn/unitree_go2_ws/install/go2_tutorial_inter/share/go2_tutorial_inter/environment/path.sh
[1.041s] -- Up-to-date symlink: /home/xn/unitree_go2_ws/install/go2_tutorial_inter/share/go2_tutorial_inter/environment/path.dsv
[1.041s] -- Up-to-date symlink: /home/xn/unitree_go2_ws/install/go2_tutorial_inter/share/go2_tutorial_inter/local_setup.bash
[1.041s] -- Up-to-date symlink: /home/xn/unitree_go2_ws/install/go2_tutorial_inter/share/go2_tutorial_inter/local_setup.sh
[1.041s] -- Up-to-date symlink: /home/xn/unitree_go2_ws/install/go2_tutorial_inter/share/go2_tutorial_inter/local_setup.zsh
[1.041s] -- Up-to-date symlink: /home/xn/unitree_go2_ws/install/go2_tutorial_inter/share/go2_tutorial_inter/local_setup.dsv
[1.041s] -- Symlinking: /home/xn/unitree_go2_ws/install/go2_tutorial_inter/share/go2_tutorial_inter/package.dsv
[1.050s] -- Up-to-date symlink: /home/xn/unitree_go2_ws/install/go2_tutorial_inter/share/ament_index/resource_index/packages/go2_tutorial_inter
[1.050s] -- Up-to-date symlink: /home/xn/unitree_go2_ws/install/go2_tutorial_inter/share/go2_tutorial_inter/cmake/rosidl_cmake-extras.cmake
[1.051s] -- Up-to-date symlink: /home/xn/unitree_go2_ws/install/go2_tutorial_inter/share/go2_tutorial_inter/cmake/ament_cmake_export_dependencies-extras.cmake
[1.051s] -- Up-to-date symlink: /home/xn/unitree_go2_ws/install/go2_tutorial_inter/share/go2_tutorial_inter/cmake/ament_cmake_export_libraries-extras.cmake
[1.051s] -- Up-to-date symlink: /home/xn/unitree_go2_ws/install/go2_tutorial_inter/share/go2_tutorial_inter/cmake/ament_cmake_export_targets-extras.cmake
[1.051s] -- Up-to-date symlink: /home/xn/unitree_go2_ws/install/go2_tutorial_inter/share/go2_tutorial_inter/cmake/ament_cmake_export_include_directories-extras.cmake
[1.051s] -- Up-to-date symlink: /home/xn/unitree_go2_ws/install/go2_tutorial_inter/share/go2_tutorial_inter/cmake/rosidl_cmake_export_typesupport_libraries-extras.cmake
[1.051s] -- Up-to-date symlink: /home/xn/unitree_go2_ws/install/go2_tutorial_inter/share/go2_tutorial_inter/cmake/rosidl_cmake_export_typesupport_targets-extras.cmake
[1.051s] -- Up-to-date symlink: /home/xn/unitree_go2_ws/install/go2_tutorial_inter/share/go2_tutorial_inter/cmake/go2_tutorial_interConfig.cmake
[1.051s] -- Up-to-date symlink: /home/xn/unitree_go2_ws/install/go2_tutorial_inter/share/go2_tutorial_inter/cmake/go2_tutorial_interConfig-version.cmake
[1.052s] -- Up-to-date symlink: /home/xn/unitree_go2_ws/install/go2_tutorial_inter/share/go2_tutorial_inter/package.xml
[1.052s] -- Up-to-date: /home/xn/unitree_go2_ws/install/go2_tutorial_inter/lib/libgo2_tutorial_inter__rosidl_generator_c.so
[1.052s] -- Up-to-date: /home/xn/unitree_go2_ws/install/go2_tutorial_inter/lib/libgo2_tutorial_inter__rosidl_typesupport_introspection_c.so
[1.052s] -- Up-to-date: /home/xn/unitree_go2_ws/install/go2_tutorial_inter/lib/libgo2_tutorial_inter__rosidl_typesupport_c.so
[1.052s] -- Up-to-date: /home/xn/unitree_go2_ws/install/go2_tutorial_inter/lib/libgo2_tutorial_inter__rosidl_typesupport_introspection_cpp.so
[1.052s] -- Up-to-date: /home/xn/unitree_go2_ws/install/go2_tutorial_inter/lib/libgo2_tutorial_inter__rosidl_typesupport_cpp.so
[1.081s] Compiling '/home/xn/unitree_go2_ws/install/go2_tutorial_inter/lib/python3.8/site-packages/go2_tutorial_inter/__init__.py'...
[1.085s] -- Up-to-date: /home/xn/unitree_go2_ws/install/go2_tutorial_inter/share/go2_tutorial_inter/cmake/go2_tutorial_inter__rosidl_generator_cExport.cmake
[1.085s] -- Installing: /home/xn/unitree_go2_ws/install/go2_tutorial_inter/share/go2_tutorial_inter/cmake/go2_tutorial_inter__rosidl_generator_cExport-noconfig.cmake
[1.086s] -- Up-to-date: /home/xn/unitree_go2_ws/install/go2_tutorial_inter/share/go2_tutorial_inter/cmake/go2_tutorial_inter__rosidl_typesupport_introspection_cExport.cmake
[1.086s] -- Installing: /home/xn/unitree_go2_ws/install/go2_tutorial_inter/share/go2_tutorial_inter/cmake/go2_tutorial_inter__rosidl_typesupport_introspection_cExport-noconfig.cmake
[1.086s] -- Up-to-date: /home/xn/unitree_go2_ws/install/go2_tutorial_inter/share/go2_tutorial_inter/cmake/go2_tutorial_inter__rosidl_typesupport_cExport.cmake
[1.086s] -- Installing: /home/xn/unitree_go2_ws/install/go2_tutorial_inter/share/go2_tutorial_inter/cmake/go2_tutorial_inter__rosidl_typesupport_cExport-noconfig.cmake
[1.086s] -- Up-to-date: /home/xn/unitree_go2_ws/install/go2_tutorial_inter/share/go2_tutorial_inter/cmake/go2_tutorial_inter__rosidl_generator_cppExport.cmake
[1.086s] -- Up-to-date: /home/xn/unitree_go2_ws/install/go2_tutorial_inter/share/go2_tutorial_inter/cmake/go2_tutorial_inter__rosidl_typesupport_introspection_cppExport.cmake
[1.086s] -- Installing: /home/xn/unitree_go2_ws/install/go2_tutorial_inter/share/go2_tutorial_inter/cmake/go2_tutorial_inter__rosidl_typesupport_introspection_cppExport-noconfig.cmake
[1.086s] -- Up-to-date: /home/xn/unitree_go2_ws/install/go2_tutorial_inter/share/go2_tutorial_inter/cmake/go2_tutorial_inter__rosidl_typesupport_cppExport.cmake
[1.086s] -- Installing: /home/xn/unitree_go2_ws/install/go2_tutorial_inter/share/go2_tutorial_inter/cmake/go2_tutorial_inter__rosidl_typesupport_cppExport-noconfig.cmake
[1.089s] Invoked command in '/home/xn/unitree_go2_ws/build/go2_tutorial_inter' returned '0': CMAKE_PREFIX_PATH=${CMAKE_PREFIX_PATH}:/home/xn/unitree_go2_ws/install/my_test_py:/home/xn/unitree_go2_ws/install/helloworld_py:/home/xn/unitree_go2_ws/install/go2_twist_bridge_py:/home/xn/unitree_go2_ws/install/go2_tutorial_py:/home/xn/unitree_go2_ws/install/go2_teleop_ctrl_keyboard:/home/xn/unitree_go2_ws/install/go2_driver_py:/opt/ros/foxy /usr/bin/cmake --install /home/xn/unitree_go2_ws/build/go2_tutorial_inter
