[0.702s] Invoking command in '/home/xn/unitree_go2_ws/src/base/go2_teleop_ctrl_keyboard': PYTHONPATH=/home/xn/unitree_go2_ws/build/go2_teleop_ctrl_keyboard/prefix_override:/usr/lib/python3/dist-packages/colcon_core/task/python/colcon_distutils_commands:/home/xn/unitree_go2_ws/install/go2_teleop_ctrl_keyboard/lib/python3.8/site-packages:${PYTHONPATH} /usr/bin/python3 -W ignore:setup.py install is deprecated -W ignore:easy_install command is deprecated setup.py egg_info --egg-base ../../../build/go2_teleop_ctrl_keyboard build --build-base /home/xn/unitree_go2_ws/build/go2_teleop_ctrl_keyboard/build install --record /home/xn/unitree_go2_ws/build/go2_teleop_ctrl_keyboard/install.log --install-scripts $base/lib/go2_teleop_ctrl_keyboard --single-version-externally-managed install_data
[0.943s] running egg_info
[0.943s] writing ../../../build/go2_teleop_ctrl_keyboard/go2_teleop_ctrl_keyboard.egg-info/PKG-INFO
[0.944s] writing dependency_links to ../../../build/go2_teleop_ctrl_keyboard/go2_teleop_ctrl_keyboard.egg-info/dependency_links.txt
[0.945s] writing entry points to ../../../build/go2_teleop_ctrl_keyboard/go2_teleop_ctrl_keyboard.egg-info/entry_points.txt
[0.945s] writing requirements to ../../../build/go2_teleop_ctrl_keyboard/go2_teleop_ctrl_keyboard.egg-info/requires.txt
[0.945s] writing top-level names to ../../../build/go2_teleop_ctrl_keyboard/go2_teleop_ctrl_keyboard.egg-info/top_level.txt
[0.982s] reading manifest file '../../../build/go2_teleop_ctrl_keyboard/go2_teleop_ctrl_keyboard.egg-info/SOURCES.txt'
[0.983s] writing manifest file '../../../build/go2_teleop_ctrl_keyboard/go2_teleop_ctrl_keyboard.egg-info/SOURCES.txt'
[0.983s] running build
[0.983s] running build_py
[0.983s] running install
[0.987s] running install_lib
[0.987s] running install_data
[0.987s] running install_egg_info
[0.988s] removing '/home/xn/unitree_go2_ws/install/go2_teleop_ctrl_keyboard/lib/python3.8/site-packages/go2_teleop_ctrl_keyboard-0.0.0-py3.8.egg-info' (and everything under it)
[1.010s] Copying ../../../build/go2_teleop_ctrl_keyboard/go2_teleop_ctrl_keyboard.egg-info to /home/xn/unitree_go2_ws/install/go2_teleop_ctrl_keyboard/lib/python3.8/site-packages/go2_teleop_ctrl_keyboard-0.0.0-py3.8.egg-info
[1.010s] running install_scripts
[1.030s] Installing go2_teleop_ctrl_keyboard script to /home/xn/unitree_go2_ws/install/go2_teleop_ctrl_keyboard/lib/go2_teleop_ctrl_keyboard
[1.030s] writing list of installed files to '/home/xn/unitree_go2_ws/build/go2_teleop_ctrl_keyboard/install.log'
[1.054s] Invoked command in '/home/xn/unitree_go2_ws/src/base/go2_teleop_ctrl_keyboard' returned '0': PYTHONPATH=/home/xn/unitree_go2_ws/build/go2_teleop_ctrl_keyboard/prefix_override:/usr/lib/python3/dist-packages/colcon_core/task/python/colcon_distutils_commands:/home/xn/unitree_go2_ws/install/go2_teleop_ctrl_keyboard/lib/python3.8/site-packages:${PYTHONPATH} /usr/bin/python3 -W ignore:setup.py install is deprecated -W ignore:easy_install command is deprecated setup.py egg_info --egg-base ../../../build/go2_teleop_ctrl_keyboard build --build-base /home/xn/unitree_go2_ws/build/go2_teleop_ctrl_keyboard/build install --record /home/xn/unitree_go2_ws/build/go2_teleop_ctrl_keyboard/install.log --install-scripts $base/lib/go2_teleop_ctrl_keyboard --single-version-externally-managed install_data
