[0.122s] DEBUG:colcon:Command line arguments: ['/usr/bin/colcon', 'build']
[0.122s] DEBUG:colcon:Parsed command line arguments: Namespace(allow_overriding=[], ament_cmake_args=None, base_paths=['.'], build_base='build', catkin_cmake_args=None, catkin_skip_building_tests=False, cmake_args=None, cmake_clean_cache=False, cmake_clean_first=False, cmake_force_configure=False, cmake_target=None, cmake_target_skip_unavailable=False, continue_on_error=False, event_handlers=None, executor='parallel', ignore_user_meta=False, install_base='install', log_base=None, log_level=None, main=<bound method BuildVerb.main of <colcon_core.verb.build.BuildVerb object at 0x7fcac96184f0>>, merge_install=False, metas=['./colcon.meta'], mixin=None, mixin_files=None, mixin_verb=('build',), packages_above=None, packages_above_and_dependencies=None, packages_above_depth=None, packages_end=None, packages_ignore=None, packages_ignore_regex=None, packages_select=None, packages_select_build_failed=False, packages_select_by_dep=None, packages_select_regex=None, packages_select_test_failures=False, packages_skip=None, packages_skip_build_finished=False, packages_skip_by_dep=None, packages_skip_regex=None, packages_skip_test_passed=False, packages_skip_up_to=None, packages_start=None, packages_up_to=None, packages_up_to_regex=None, parallel_workers=4, paths=None, symlink_install=False, test_result_base=None, verb_extension=<colcon_core.verb.build.BuildVerb object at 0x7fcac96184f0>, verb_name='build', verb_parser=<colcon_mixin.mixin.mixin_argument.MixinArgumentDecorator object at 0x7fcac96189d0>)
[0.216s] Level 1:colcon.colcon_core.package_discovery:discover_packages(colcon_meta) check parameters
[0.216s] Level 1:colcon.colcon_core.package_discovery:discover_packages(recursive) check parameters
[0.216s] Level 1:colcon.colcon_core.package_discovery:discover_packages(ignore) check parameters
[0.216s] Level 1:colcon.colcon_core.package_discovery:discover_packages(path) check parameters
[0.216s] Level 1:colcon.colcon_core.package_discovery:discover_packages(colcon_meta) discover
[0.216s] Level 1:colcon.colcon_core.package_discovery:discover_packages(recursive) discover
[0.216s] INFO:colcon.colcon_core.package_discovery:Crawling recursively for packages in '/home/xn/unitree_go2_ws'
[0.216s] Level 1:colcon.colcon_core.package_identification:_identify(.) by extensions ['ignore', 'ignore_ament_install']
[0.216s] Level 1:colcon.colcon_core.package_identification:_identify(.) by extension 'ignore'
[0.216s] Level 1:colcon.colcon_core.package_identification:_identify(.) by extension 'ignore_ament_install'
[0.216s] Level 1:colcon.colcon_core.package_identification:_identify(.) by extensions ['colcon_pkg']
[0.216s] Level 1:colcon.colcon_core.package_identification:_identify(.) by extension 'colcon_pkg'
[0.217s] Level 1:colcon.colcon_core.package_identification:_identify(.) by extensions ['colcon_meta']
[0.217s] Level 1:colcon.colcon_core.package_identification:_identify(.) by extension 'colcon_meta'
[0.217s] Level 1:colcon.colcon_core.package_identification:_identify(.) by extensions ['ros']
[0.217s] Level 1:colcon.colcon_core.package_identification:_identify(.) by extension 'ros'
[0.226s] Level 1:colcon.colcon_core.package_identification:_identify(.) by extensions ['cmake', 'python']
[0.226s] Level 1:colcon.colcon_core.package_identification:_identify(.) by extension 'cmake'
[0.226s] Level 1:colcon.colcon_core.package_identification:_identify(.) by extension 'python'
[0.226s] Level 1:colcon.colcon_core.package_identification:_identify(.) by extensions ['python_setup_py']
[0.226s] Level 1:colcon.colcon_core.package_identification:_identify(.) by extension 'python_setup_py'
[0.226s] Level 1:colcon.colcon_core.package_identification:_identify(build) by extensions ['ignore', 'ignore_ament_install']
[0.226s] Level 1:colcon.colcon_core.package_identification:_identify(build) by extension 'ignore'
[0.226s] Level 1:colcon.colcon_core.package_identification:_identify(build) ignored
[0.227s] Level 1:colcon.colcon_core.package_identification:_identify(install) by extensions ['ignore', 'ignore_ament_install']
[0.227s] Level 1:colcon.colcon_core.package_identification:_identify(install) by extension 'ignore'
[0.227s] Level 1:colcon.colcon_core.package_identification:_identify(install) ignored
[0.227s] Level 1:colcon.colcon_core.package_identification:_identify(log) by extensions ['ignore', 'ignore_ament_install']
[0.227s] Level 1:colcon.colcon_core.package_identification:_identify(log) by extension 'ignore'
[0.227s] Level 1:colcon.colcon_core.package_identification:_identify(log) ignored
[0.227s] Level 1:colcon.colcon_core.package_identification:_identify(src) by extensions ['ignore', 'ignore_ament_install']
[0.227s] Level 1:colcon.colcon_core.package_identification:_identify(src) by extension 'ignore'
[0.227s] Level 1:colcon.colcon_core.package_identification:_identify(src) by extension 'ignore_ament_install'
[0.227s] Level 1:colcon.colcon_core.package_identification:_identify(src) by extensions ['colcon_pkg']
[0.227s] Level 1:colcon.colcon_core.package_identification:_identify(src) by extension 'colcon_pkg'
[0.227s] Level 1:colcon.colcon_core.package_identification:_identify(src) by extensions ['colcon_meta']
[0.228s] Level 1:colcon.colcon_core.package_identification:_identify(src) by extension 'colcon_meta'
[0.228s] Level 1:colcon.colcon_core.package_identification:_identify(src) by extensions ['ros']
[0.228s] Level 1:colcon.colcon_core.package_identification:_identify(src) by extension 'ros'
[0.228s] Level 1:colcon.colcon_core.package_identification:_identify(src) by extensions ['cmake', 'python']
[0.228s] Level 1:colcon.colcon_core.package_identification:_identify(src) by extension 'cmake'
[0.228s] Level 1:colcon.colcon_core.package_identification:_identify(src) by extension 'python'
[0.228s] Level 1:colcon.colcon_core.package_identification:_identify(src) by extensions ['python_setup_py']
[0.228s] Level 1:colcon.colcon_core.package_identification:_identify(src) by extension 'python_setup_py'
[0.228s] Level 1:colcon.colcon_core.package_identification:_identify(src/base) by extensions ['ignore', 'ignore_ament_install']
[0.228s] Level 1:colcon.colcon_core.package_identification:_identify(src/base) by extension 'ignore'
[0.228s] Level 1:colcon.colcon_core.package_identification:_identify(src/base) by extension 'ignore_ament_install'
[0.228s] Level 1:colcon.colcon_core.package_identification:_identify(src/base) by extensions ['colcon_pkg']
[0.228s] Level 1:colcon.colcon_core.package_identification:_identify(src/base) by extension 'colcon_pkg'
[0.228s] Level 1:colcon.colcon_core.package_identification:_identify(src/base) by extensions ['colcon_meta']
[0.228s] Level 1:colcon.colcon_core.package_identification:_identify(src/base) by extension 'colcon_meta'
[0.228s] Level 1:colcon.colcon_core.package_identification:_identify(src/base) by extensions ['ros']
[0.228s] Level 1:colcon.colcon_core.package_identification:_identify(src/base) by extension 'ros'
[0.228s] Level 1:colcon.colcon_core.package_identification:_identify(src/base) by extensions ['cmake', 'python']
[0.228s] Level 1:colcon.colcon_core.package_identification:_identify(src/base) by extension 'cmake'
[0.228s] Level 1:colcon.colcon_core.package_identification:_identify(src/base) by extension 'python'
[0.228s] Level 1:colcon.colcon_core.package_identification:_identify(src/base) by extensions ['python_setup_py']
[0.228s] Level 1:colcon.colcon_core.package_identification:_identify(src/base) by extension 'python_setup_py'
[0.229s] Level 1:colcon.colcon_core.package_identification:_identify(src/base/go2_description) by extensions ['ignore', 'ignore_ament_install']
[0.229s] Level 1:colcon.colcon_core.package_identification:_identify(src/base/go2_description) by extension 'ignore'
[0.229s] Level 1:colcon.colcon_core.package_identification:_identify(src/base/go2_description) by extension 'ignore_ament_install'
[0.229s] Level 1:colcon.colcon_core.package_identification:_identify(src/base/go2_description) by extensions ['colcon_pkg']
[0.229s] Level 1:colcon.colcon_core.package_identification:_identify(src/base/go2_description) by extension 'colcon_pkg'
[0.229s] Level 1:colcon.colcon_core.package_identification:_identify(src/base/go2_description) by extensions ['colcon_meta']
[0.229s] Level 1:colcon.colcon_core.package_identification:_identify(src/base/go2_description) by extension 'colcon_meta'
[0.229s] Level 1:colcon.colcon_core.package_identification:_identify(src/base/go2_description) by extensions ['ros']
[0.229s] Level 1:colcon.colcon_core.package_identification:_identify(src/base/go2_description) by extension 'ros'
[0.231s] DEBUG:colcon.colcon_core.package_identification:Package 'src/base/go2_description' with type 'ros.ament_cmake' and name 'go2_description'
[0.231s] Level 1:colcon.colcon_core.package_identification:_identify(src/base/go2_teleop_ctrl_keyboard) by extensions ['ignore', 'ignore_ament_install']
[0.231s] Level 1:colcon.colcon_core.package_identification:_identify(src/base/go2_teleop_ctrl_keyboard) by extension 'ignore'
[0.231s] Level 1:colcon.colcon_core.package_identification:_identify(src/base/go2_teleop_ctrl_keyboard) by extension 'ignore_ament_install'
[0.231s] Level 1:colcon.colcon_core.package_identification:_identify(src/base/go2_teleop_ctrl_keyboard) by extensions ['colcon_pkg']
[0.231s] Level 1:colcon.colcon_core.package_identification:_identify(src/base/go2_teleop_ctrl_keyboard) by extension 'colcon_pkg'
[0.231s] Level 1:colcon.colcon_core.package_identification:_identify(src/base/go2_teleop_ctrl_keyboard) by extensions ['colcon_meta']
[0.231s] Level 1:colcon.colcon_core.package_identification:_identify(src/base/go2_teleop_ctrl_keyboard) by extension 'colcon_meta'
[0.232s] Level 1:colcon.colcon_core.package_identification:_identify(src/base/go2_teleop_ctrl_keyboard) by extensions ['ros']
[0.232s] Level 1:colcon.colcon_core.package_identification:_identify(src/base/go2_teleop_ctrl_keyboard) by extension 'ros'
[0.232s] DEBUG:colcon.colcon_core.package_identification:Package 'src/base/go2_teleop_ctrl_keyboard' with type 'ros.ament_python' and name 'go2_teleop_ctrl_keyboard'
[0.232s] Level 1:colcon.colcon_core.package_identification:_identify(src/base/go2_twist_bridge) by extensions ['ignore', 'ignore_ament_install']
[0.232s] Level 1:colcon.colcon_core.package_identification:_identify(src/base/go2_twist_bridge) by extension 'ignore'
[0.232s] Level 1:colcon.colcon_core.package_identification:_identify(src/base/go2_twist_bridge) by extension 'ignore_ament_install'
[0.232s] Level 1:colcon.colcon_core.package_identification:_identify(src/base/go2_twist_bridge) by extensions ['colcon_pkg']
[0.232s] Level 1:colcon.colcon_core.package_identification:_identify(src/base/go2_twist_bridge) by extension 'colcon_pkg'
[0.232s] Level 1:colcon.colcon_core.package_identification:_identify(src/base/go2_twist_bridge) by extensions ['colcon_meta']
[0.232s] Level 1:colcon.colcon_core.package_identification:_identify(src/base/go2_twist_bridge) by extension 'colcon_meta'
[0.232s] Level 1:colcon.colcon_core.package_identification:_identify(src/base/go2_twist_bridge) by extensions ['ros']
[0.232s] Level 1:colcon.colcon_core.package_identification:_identify(src/base/go2_twist_bridge) by extension 'ros'
[0.233s] DEBUG:colcon.colcon_core.package_identification:Package 'src/base/go2_twist_bridge' with type 'ros.ament_cmake' and name 'go2_twist_bridge'
[0.233s] Level 1:colcon.colcon_core.package_identification:_identify(src/base/go2_twist_bridge_py) by extensions ['ignore', 'ignore_ament_install']
[0.233s] Level 1:colcon.colcon_core.package_identification:_identify(src/base/go2_twist_bridge_py) by extension 'ignore'
[0.233s] Level 1:colcon.colcon_core.package_identification:_identify(src/base/go2_twist_bridge_py) by extension 'ignore_ament_install'
[0.233s] Level 1:colcon.colcon_core.package_identification:_identify(src/base/go2_twist_bridge_py) by extensions ['colcon_pkg']
[0.233s] Level 1:colcon.colcon_core.package_identification:_identify(src/base/go2_twist_bridge_py) by extension 'colcon_pkg'
[0.233s] Level 1:colcon.colcon_core.package_identification:_identify(src/base/go2_twist_bridge_py) by extensions ['colcon_meta']
[0.233s] Level 1:colcon.colcon_core.package_identification:_identify(src/base/go2_twist_bridge_py) by extension 'colcon_meta'
[0.233s] Level 1:colcon.colcon_core.package_identification:_identify(src/base/go2_twist_bridge_py) by extensions ['ros']
[0.233s] Level 1:colcon.colcon_core.package_identification:_identify(src/base/go2_twist_bridge_py) by extension 'ros'
[0.234s] DEBUG:colcon.colcon_core.package_identification:Package 'src/base/go2_twist_bridge_py' with type 'ros.ament_python' and name 'go2_twist_bridge_py'
[0.234s] Level 1:colcon.colcon_core.package_identification:_identify(src/helloworld) by extensions ['ignore', 'ignore_ament_install']
[0.234s] Level 1:colcon.colcon_core.package_identification:_identify(src/helloworld) by extension 'ignore'
[0.234s] Level 1:colcon.colcon_core.package_identification:_identify(src/helloworld) by extension 'ignore_ament_install'
[0.234s] Level 1:colcon.colcon_core.package_identification:_identify(src/helloworld) by extensions ['colcon_pkg']
[0.234s] Level 1:colcon.colcon_core.package_identification:_identify(src/helloworld) by extension 'colcon_pkg'
[0.234s] Level 1:colcon.colcon_core.package_identification:_identify(src/helloworld) by extensions ['colcon_meta']
[0.234s] Level 1:colcon.colcon_core.package_identification:_identify(src/helloworld) by extension 'colcon_meta'
[0.234s] Level 1:colcon.colcon_core.package_identification:_identify(src/helloworld) by extensions ['ros']
[0.234s] Level 1:colcon.colcon_core.package_identification:_identify(src/helloworld) by extension 'ros'
[0.234s] Level 1:colcon.colcon_core.package_identification:_identify(src/helloworld) by extensions ['cmake', 'python']
[0.234s] Level 1:colcon.colcon_core.package_identification:_identify(src/helloworld) by extension 'cmake'
[0.234s] Level 1:colcon.colcon_core.package_identification:_identify(src/helloworld) by extension 'python'
[0.234s] Level 1:colcon.colcon_core.package_identification:_identify(src/helloworld) by extensions ['python_setup_py']
[0.234s] Level 1:colcon.colcon_core.package_identification:_identify(src/helloworld) by extension 'python_setup_py'
[0.234s] Level 1:colcon.colcon_core.package_identification:_identify(src/helloworld/helloworld) by extensions ['ignore', 'ignore_ament_install']
[0.234s] Level 1:colcon.colcon_core.package_identification:_identify(src/helloworld/helloworld) by extension 'ignore'
[0.234s] Level 1:colcon.colcon_core.package_identification:_identify(src/helloworld/helloworld) by extension 'ignore_ament_install'
[0.234s] Level 1:colcon.colcon_core.package_identification:_identify(src/helloworld/helloworld) by extensions ['colcon_pkg']
[0.235s] Level 1:colcon.colcon_core.package_identification:_identify(src/helloworld/helloworld) by extension 'colcon_pkg'
[0.235s] Level 1:colcon.colcon_core.package_identification:_identify(src/helloworld/helloworld) by extensions ['colcon_meta']
[0.235s] Level 1:colcon.colcon_core.package_identification:_identify(src/helloworld/helloworld) by extension 'colcon_meta'
[0.235s] Level 1:colcon.colcon_core.package_identification:_identify(src/helloworld/helloworld) by extensions ['ros']
[0.235s] Level 1:colcon.colcon_core.package_identification:_identify(src/helloworld/helloworld) by extension 'ros'
[0.235s] DEBUG:colcon.colcon_core.package_identification:Package 'src/helloworld/helloworld' with type 'ros.ament_cmake' and name 'helloworld'
[0.235s] Level 1:colcon.colcon_core.package_identification:_identify(src/helloworld/helloworld_py) by extensions ['ignore', 'ignore_ament_install']
[0.235s] Level 1:colcon.colcon_core.package_identification:_identify(src/helloworld/helloworld_py) by extension 'ignore'
[0.235s] Level 1:colcon.colcon_core.package_identification:_identify(src/helloworld/helloworld_py) by extension 'ignore_ament_install'
[0.235s] Level 1:colcon.colcon_core.package_identification:_identify(src/helloworld/helloworld_py) by extensions ['colcon_pkg']
[0.235s] Level 1:colcon.colcon_core.package_identification:_identify(src/helloworld/helloworld_py) by extension 'colcon_pkg'
[0.235s] Level 1:colcon.colcon_core.package_identification:_identify(src/helloworld/helloworld_py) by extensions ['colcon_meta']
[0.235s] Level 1:colcon.colcon_core.package_identification:_identify(src/helloworld/helloworld_py) by extension 'colcon_meta'
[0.235s] Level 1:colcon.colcon_core.package_identification:_identify(src/helloworld/helloworld_py) by extensions ['ros']
[0.235s] Level 1:colcon.colcon_core.package_identification:_identify(src/helloworld/helloworld_py) by extension 'ros'
[0.236s] DEBUG:colcon.colcon_core.package_identification:Package 'src/helloworld/helloworld_py' with type 'ros.ament_python' and name 'helloworld_py'
[0.236s] Level 1:colcon.colcon_core.package_identification:_identify(src/test) by extensions ['ignore', 'ignore_ament_install']
[0.236s] Level 1:colcon.colcon_core.package_identification:_identify(src/test) by extension 'ignore'
[0.236s] Level 1:colcon.colcon_core.package_identification:_identify(src/test) by extension 'ignore_ament_install'
[0.236s] Level 1:colcon.colcon_core.package_identification:_identify(src/test) by extensions ['colcon_pkg']
[0.236s] Level 1:colcon.colcon_core.package_identification:_identify(src/test) by extension 'colcon_pkg'
[0.236s] Level 1:colcon.colcon_core.package_identification:_identify(src/test) by extensions ['colcon_meta']
[0.236s] Level 1:colcon.colcon_core.package_identification:_identify(src/test) by extension 'colcon_meta'
[0.236s] Level 1:colcon.colcon_core.package_identification:_identify(src/test) by extensions ['ros']
[0.236s] Level 1:colcon.colcon_core.package_identification:_identify(src/test) by extension 'ros'
[0.236s] Level 1:colcon.colcon_core.package_identification:_identify(src/test) by extensions ['cmake', 'python']
[0.236s] Level 1:colcon.colcon_core.package_identification:_identify(src/test) by extension 'cmake'
[0.236s] Level 1:colcon.colcon_core.package_identification:_identify(src/test) by extension 'python'
[0.236s] Level 1:colcon.colcon_core.package_identification:_identify(src/test) by extensions ['python_setup_py']
[0.236s] Level 1:colcon.colcon_core.package_identification:_identify(src/test) by extension 'python_setup_py'
[0.237s] Level 1:colcon.colcon_core.package_identification:_identify(src/test/my_test_py) by extensions ['ignore', 'ignore_ament_install']
[0.237s] Level 1:colcon.colcon_core.package_identification:_identify(src/test/my_test_py) by extension 'ignore'
[0.237s] Level 1:colcon.colcon_core.package_identification:_identify(src/test/my_test_py) by extension 'ignore_ament_install'
[0.237s] Level 1:colcon.colcon_core.package_identification:_identify(src/test/my_test_py) by extensions ['colcon_pkg']
[0.237s] Level 1:colcon.colcon_core.package_identification:_identify(src/test/my_test_py) by extension 'colcon_pkg'
[0.237s] Level 1:colcon.colcon_core.package_identification:_identify(src/test/my_test_py) by extensions ['colcon_meta']
[0.237s] Level 1:colcon.colcon_core.package_identification:_identify(src/test/my_test_py) by extension 'colcon_meta'
[0.237s] Level 1:colcon.colcon_core.package_identification:_identify(src/test/my_test_py) by extensions ['ros']
[0.237s] Level 1:colcon.colcon_core.package_identification:_identify(src/test/my_test_py) by extension 'ros'
[0.237s] DEBUG:colcon.colcon_core.package_identification:Package 'src/test/my_test_py' with type 'ros.ament_python' and name 'my_test_py'
[0.237s] Level 1:colcon.colcon_core.package_identification:_identify(src/tutorial) by extensions ['ignore', 'ignore_ament_install']
[0.237s] Level 1:colcon.colcon_core.package_identification:_identify(src/tutorial) by extension 'ignore'
[0.237s] Level 1:colcon.colcon_core.package_identification:_identify(src/tutorial) by extension 'ignore_ament_install'
[0.238s] Level 1:colcon.colcon_core.package_identification:_identify(src/tutorial) by extensions ['colcon_pkg']
[0.238s] Level 1:colcon.colcon_core.package_identification:_identify(src/tutorial) by extension 'colcon_pkg'
[0.238s] Level 1:colcon.colcon_core.package_identification:_identify(src/tutorial) by extensions ['colcon_meta']
[0.238s] Level 1:colcon.colcon_core.package_identification:_identify(src/tutorial) by extension 'colcon_meta'
[0.238s] Level 1:colcon.colcon_core.package_identification:_identify(src/tutorial) by extensions ['ros']
[0.238s] Level 1:colcon.colcon_core.package_identification:_identify(src/tutorial) by extension 'ros'
[0.238s] Level 1:colcon.colcon_core.package_identification:_identify(src/tutorial) by extensions ['cmake', 'python']
[0.238s] Level 1:colcon.colcon_core.package_identification:_identify(src/tutorial) by extension 'cmake'
[0.238s] Level 1:colcon.colcon_core.package_identification:_identify(src/tutorial) by extension 'python'
[0.238s] Level 1:colcon.colcon_core.package_identification:_identify(src/tutorial) by extensions ['python_setup_py']
[0.238s] Level 1:colcon.colcon_core.package_identification:_identify(src/tutorial) by extension 'python_setup_py'
[0.238s] Level 1:colcon.colcon_core.package_discovery:discover_packages(recursive) using defaults
[0.238s] Level 1:colcon.colcon_core.package_discovery:discover_packages(ignore) discover
[0.238s] Level 1:colcon.colcon_core.package_discovery:discover_packages(ignore) using defaults
[0.238s] Level 1:colcon.colcon_core.package_discovery:discover_packages(path) discover
[0.238s] Level 1:colcon.colcon_core.package_discovery:discover_packages(path) using defaults
[0.250s] Level 1:colcon.colcon_core.package_discovery:discover_packages(prefix_path) check parameters
[0.250s] Level 1:colcon.colcon_core.package_discovery:discover_packages(prefix_path) discover
[0.251s] DEBUG:colcon.colcon_installed_package_information.package_discovery:Found 7 installed packages in /home/xn/unitree_go2_ws/install
[0.251s] DEBUG:colcon.colcon_installed_package_information.package_discovery:Found 5 installed packages in /home/xn/unitree_ros2/cyclonedds_ws/install
[0.252s] DEBUG:colcon.colcon_installed_package_information.package_discovery:Found 259 installed packages in /opt/ros/foxy
[0.261s] Level 1:colcon.colcon_core.package_discovery:discover_packages(prefix_path) using defaults
[0.295s] Level 5:colcon.colcon_core.verb:set package 'go2_description' build argument 'cmake_args' from command line to 'None'
[0.296s] Level 5:colcon.colcon_core.verb:set package 'go2_description' build argument 'cmake_target' from command line to 'None'
[0.296s] Level 5:colcon.colcon_core.verb:set package 'go2_description' build argument 'cmake_target_skip_unavailable' from command line to 'False'
[0.296s] Level 5:colcon.colcon_core.verb:set package 'go2_description' build argument 'cmake_clean_cache' from command line to 'False'
[0.296s] Level 5:colcon.colcon_core.verb:set package 'go2_description' build argument 'cmake_clean_first' from command line to 'False'
[0.296s] Level 5:colcon.colcon_core.verb:set package 'go2_description' build argument 'cmake_force_configure' from command line to 'False'
[0.296s] Level 5:colcon.colcon_core.verb:set package 'go2_description' build argument 'ament_cmake_args' from command line to 'None'
[0.296s] Level 5:colcon.colcon_core.verb:set package 'go2_description' build argument 'catkin_cmake_args' from command line to 'None'
[0.296s] Level 5:colcon.colcon_core.verb:set package 'go2_description' build argument 'catkin_skip_building_tests' from command line to 'False'
[0.296s] DEBUG:colcon.colcon_core.verb:Building package 'go2_description' with the following arguments: {'ament_cmake_args': None, 'build_base': '/home/xn/unitree_go2_ws/build/go2_description', 'catkin_cmake_args': None, 'catkin_skip_building_tests': False, 'cmake_args': None, 'cmake_clean_cache': False, 'cmake_clean_first': False, 'cmake_force_configure': False, 'cmake_target': None, 'cmake_target_skip_unavailable': False, 'install_base': '/home/xn/unitree_go2_ws/install/go2_description', 'merge_install': False, 'path': '/home/xn/unitree_go2_ws/src/base/go2_description', 'symlink_install': False, 'test_result_base': None}
[0.296s] Level 5:colcon.colcon_core.verb:set package 'go2_teleop_ctrl_keyboard' build argument 'cmake_args' from command line to 'None'
[0.296s] Level 5:colcon.colcon_core.verb:set package 'go2_teleop_ctrl_keyboard' build argument 'cmake_target' from command line to 'None'
[0.296s] Level 5:colcon.colcon_core.verb:set package 'go2_teleop_ctrl_keyboard' build argument 'cmake_target_skip_unavailable' from command line to 'False'
[0.296s] Level 5:colcon.colcon_core.verb:set package 'go2_teleop_ctrl_keyboard' build argument 'cmake_clean_cache' from command line to 'False'
[0.296s] Level 5:colcon.colcon_core.verb:set package 'go2_teleop_ctrl_keyboard' build argument 'cmake_clean_first' from command line to 'False'
[0.296s] Level 5:colcon.colcon_core.verb:set package 'go2_teleop_ctrl_keyboard' build argument 'cmake_force_configure' from command line to 'False'
[0.296s] Level 5:colcon.colcon_core.verb:set package 'go2_teleop_ctrl_keyboard' build argument 'ament_cmake_args' from command line to 'None'
[0.296s] Level 5:colcon.colcon_core.verb:set package 'go2_teleop_ctrl_keyboard' build argument 'catkin_cmake_args' from command line to 'None'
[0.296s] Level 5:colcon.colcon_core.verb:set package 'go2_teleop_ctrl_keyboard' build argument 'catkin_skip_building_tests' from command line to 'False'
[0.296s] DEBUG:colcon.colcon_core.verb:Building package 'go2_teleop_ctrl_keyboard' with the following arguments: {'ament_cmake_args': None, 'build_base': '/home/xn/unitree_go2_ws/build/go2_teleop_ctrl_keyboard', 'catkin_cmake_args': None, 'catkin_skip_building_tests': False, 'cmake_args': None, 'cmake_clean_cache': False, 'cmake_clean_first': False, 'cmake_force_configure': False, 'cmake_target': None, 'cmake_target_skip_unavailable': False, 'install_base': '/home/xn/unitree_go2_ws/install/go2_teleop_ctrl_keyboard', 'merge_install': False, 'path': '/home/xn/unitree_go2_ws/src/base/go2_teleop_ctrl_keyboard', 'symlink_install': False, 'test_result_base': None}
[0.297s] Level 5:colcon.colcon_core.verb:set package 'go2_twist_bridge' build argument 'cmake_args' from command line to 'None'
[0.297s] Level 5:colcon.colcon_core.verb:set package 'go2_twist_bridge' build argument 'cmake_target' from command line to 'None'
[0.297s] Level 5:colcon.colcon_core.verb:set package 'go2_twist_bridge' build argument 'cmake_target_skip_unavailable' from command line to 'False'
[0.297s] Level 5:colcon.colcon_core.verb:set package 'go2_twist_bridge' build argument 'cmake_clean_cache' from command line to 'False'
[0.297s] Level 5:colcon.colcon_core.verb:set package 'go2_twist_bridge' build argument 'cmake_clean_first' from command line to 'False'
[0.297s] Level 5:colcon.colcon_core.verb:set package 'go2_twist_bridge' build argument 'cmake_force_configure' from command line to 'False'
[0.297s] Level 5:colcon.colcon_core.verb:set package 'go2_twist_bridge' build argument 'ament_cmake_args' from command line to 'None'
[0.297s] Level 5:colcon.colcon_core.verb:set package 'go2_twist_bridge' build argument 'catkin_cmake_args' from command line to 'None'
[0.297s] Level 5:colcon.colcon_core.verb:set package 'go2_twist_bridge' build argument 'catkin_skip_building_tests' from command line to 'False'
[0.297s] DEBUG:colcon.colcon_core.verb:Building package 'go2_twist_bridge' with the following arguments: {'ament_cmake_args': None, 'build_base': '/home/xn/unitree_go2_ws/build/go2_twist_bridge', 'catkin_cmake_args': None, 'catkin_skip_building_tests': False, 'cmake_args': None, 'cmake_clean_cache': False, 'cmake_clean_first': False, 'cmake_force_configure': False, 'cmake_target': None, 'cmake_target_skip_unavailable': False, 'install_base': '/home/xn/unitree_go2_ws/install/go2_twist_bridge', 'merge_install': False, 'path': '/home/xn/unitree_go2_ws/src/base/go2_twist_bridge', 'symlink_install': False, 'test_result_base': None}
[0.297s] Level 5:colcon.colcon_core.verb:set package 'go2_twist_bridge_py' build argument 'cmake_args' from command line to 'None'
[0.297s] Level 5:colcon.colcon_core.verb:set package 'go2_twist_bridge_py' build argument 'cmake_target' from command line to 'None'
[0.297s] Level 5:colcon.colcon_core.verb:set package 'go2_twist_bridge_py' build argument 'cmake_target_skip_unavailable' from command line to 'False'
[0.297s] Level 5:colcon.colcon_core.verb:set package 'go2_twist_bridge_py' build argument 'cmake_clean_cache' from command line to 'False'
[0.297s] Level 5:colcon.colcon_core.verb:set package 'go2_twist_bridge_py' build argument 'cmake_clean_first' from command line to 'False'
[0.297s] Level 5:colcon.colcon_core.verb:set package 'go2_twist_bridge_py' build argument 'cmake_force_configure' from command line to 'False'
[0.297s] Level 5:colcon.colcon_core.verb:set package 'go2_twist_bridge_py' build argument 'ament_cmake_args' from command line to 'None'
[0.297s] Level 5:colcon.colcon_core.verb:set package 'go2_twist_bridge_py' build argument 'catkin_cmake_args' from command line to 'None'
[0.297s] Level 5:colcon.colcon_core.verb:set package 'go2_twist_bridge_py' build argument 'catkin_skip_building_tests' from command line to 'False'
[0.297s] DEBUG:colcon.colcon_core.verb:Building package 'go2_twist_bridge_py' with the following arguments: {'ament_cmake_args': None, 'build_base': '/home/xn/unitree_go2_ws/build/go2_twist_bridge_py', 'catkin_cmake_args': None, 'catkin_skip_building_tests': False, 'cmake_args': None, 'cmake_clean_cache': False, 'cmake_clean_first': False, 'cmake_force_configure': False, 'cmake_target': None, 'cmake_target_skip_unavailable': False, 'install_base': '/home/xn/unitree_go2_ws/install/go2_twist_bridge_py', 'merge_install': False, 'path': '/home/xn/unitree_go2_ws/src/base/go2_twist_bridge_py', 'symlink_install': False, 'test_result_base': None}
[0.298s] Level 5:colcon.colcon_core.verb:set package 'helloworld' build argument 'cmake_args' from command line to 'None'
[0.298s] Level 5:colcon.colcon_core.verb:set package 'helloworld' build argument 'cmake_target' from command line to 'None'
[0.298s] Level 5:colcon.colcon_core.verb:set package 'helloworld' build argument 'cmake_target_skip_unavailable' from command line to 'False'
[0.298s] Level 5:colcon.colcon_core.verb:set package 'helloworld' build argument 'cmake_clean_cache' from command line to 'False'
[0.298s] Level 5:colcon.colcon_core.verb:set package 'helloworld' build argument 'cmake_clean_first' from command line to 'False'
[0.298s] Level 5:colcon.colcon_core.verb:set package 'helloworld' build argument 'cmake_force_configure' from command line to 'False'
[0.298s] Level 5:colcon.colcon_core.verb:set package 'helloworld' build argument 'ament_cmake_args' from command line to 'None'
[0.298s] Level 5:colcon.colcon_core.verb:set package 'helloworld' build argument 'catkin_cmake_args' from command line to 'None'
[0.298s] Level 5:colcon.colcon_core.verb:set package 'helloworld' build argument 'catkin_skip_building_tests' from command line to 'False'
[0.298s] DEBUG:colcon.colcon_core.verb:Building package 'helloworld' with the following arguments: {'ament_cmake_args': None, 'build_base': '/home/xn/unitree_go2_ws/build/helloworld', 'catkin_cmake_args': None, 'catkin_skip_building_tests': False, 'cmake_args': None, 'cmake_clean_cache': False, 'cmake_clean_first': False, 'cmake_force_configure': False, 'cmake_target': None, 'cmake_target_skip_unavailable': False, 'install_base': '/home/xn/unitree_go2_ws/install/helloworld', 'merge_install': False, 'path': '/home/xn/unitree_go2_ws/src/helloworld/helloworld', 'symlink_install': False, 'test_result_base': None}
[0.298s] Level 5:colcon.colcon_core.verb:set package 'helloworld_py' build argument 'cmake_args' from command line to 'None'
[0.298s] Level 5:colcon.colcon_core.verb:set package 'helloworld_py' build argument 'cmake_target' from command line to 'None'
[0.298s] Level 5:colcon.colcon_core.verb:set package 'helloworld_py' build argument 'cmake_target_skip_unavailable' from command line to 'False'
[0.298s] Level 5:colcon.colcon_core.verb:set package 'helloworld_py' build argument 'cmake_clean_cache' from command line to 'False'
[0.298s] Level 5:colcon.colcon_core.verb:set package 'helloworld_py' build argument 'cmake_clean_first' from command line to 'False'
[0.298s] Level 5:colcon.colcon_core.verb:set package 'helloworld_py' build argument 'cmake_force_configure' from command line to 'False'
[0.298s] Level 5:colcon.colcon_core.verb:set package 'helloworld_py' build argument 'ament_cmake_args' from command line to 'None'
[0.298s] Level 5:colcon.colcon_core.verb:set package 'helloworld_py' build argument 'catkin_cmake_args' from command line to 'None'
[0.299s] Level 5:colcon.colcon_core.verb:set package 'helloworld_py' build argument 'catkin_skip_building_tests' from command line to 'False'
[0.299s] DEBUG:colcon.colcon_core.verb:Building package 'helloworld_py' with the following arguments: {'ament_cmake_args': None, 'build_base': '/home/xn/unitree_go2_ws/build/helloworld_py', 'catkin_cmake_args': None, 'catkin_skip_building_tests': False, 'cmake_args': None, 'cmake_clean_cache': False, 'cmake_clean_first': False, 'cmake_force_configure': False, 'cmake_target': None, 'cmake_target_skip_unavailable': False, 'install_base': '/home/xn/unitree_go2_ws/install/helloworld_py', 'merge_install': False, 'path': '/home/xn/unitree_go2_ws/src/helloworld/helloworld_py', 'symlink_install': False, 'test_result_base': None}
[0.299s] Level 5:colcon.colcon_core.verb:set package 'my_test_py' build argument 'cmake_args' from command line to 'None'
[0.299s] Level 5:colcon.colcon_core.verb:set package 'my_test_py' build argument 'cmake_target' from command line to 'None'
[0.299s] Level 5:colcon.colcon_core.verb:set package 'my_test_py' build argument 'cmake_target_skip_unavailable' from command line to 'False'
[0.299s] Level 5:colcon.colcon_core.verb:set package 'my_test_py' build argument 'cmake_clean_cache' from command line to 'False'
[0.299s] Level 5:colcon.colcon_core.verb:set package 'my_test_py' build argument 'cmake_clean_first' from command line to 'False'
[0.299s] Level 5:colcon.colcon_core.verb:set package 'my_test_py' build argument 'cmake_force_configure' from command line to 'False'
[0.299s] Level 5:colcon.colcon_core.verb:set package 'my_test_py' build argument 'ament_cmake_args' from command line to 'None'
[0.299s] Level 5:colcon.colcon_core.verb:set package 'my_test_py' build argument 'catkin_cmake_args' from command line to 'None'
[0.299s] Level 5:colcon.colcon_core.verb:set package 'my_test_py' build argument 'catkin_skip_building_tests' from command line to 'False'
[0.299s] DEBUG:colcon.colcon_core.verb:Building package 'my_test_py' with the following arguments: {'ament_cmake_args': None, 'build_base': '/home/xn/unitree_go2_ws/build/my_test_py', 'catkin_cmake_args': None, 'catkin_skip_building_tests': False, 'cmake_args': None, 'cmake_clean_cache': False, 'cmake_clean_first': False, 'cmake_force_configure': False, 'cmake_target': None, 'cmake_target_skip_unavailable': False, 'install_base': '/home/xn/unitree_go2_ws/install/my_test_py', 'merge_install': False, 'path': '/home/xn/unitree_go2_ws/src/test/my_test_py', 'symlink_install': False, 'test_result_base': None}
[0.299s] INFO:colcon.colcon_core.executor:Executing jobs using 'parallel' executor
[0.300s] DEBUG:colcon.colcon_parallel_executor.executor.parallel:run_until_complete
[0.301s] INFO:colcon.colcon_ros.task.ament_cmake.build:Building ROS package in '/home/xn/unitree_go2_ws/src/base/go2_description' with build type 'ament_cmake'
[0.301s] INFO:colcon.colcon_cmake.task.cmake.build:Building CMake package in '/home/xn/unitree_go2_ws/src/base/go2_description'
[0.302s] INFO:colcon.colcon_core.plugin_system:Skipping extension 'colcon_core.shell.bat': Not used on non-Windows systems
[0.302s] INFO:colcon.colcon_core.shell:Skip shell extension 'powershell' for command environment: Not usable outside of PowerShell
[0.303s] DEBUG:colcon.colcon_core.shell:Skip shell extension 'dsv' for command environment
[0.307s] INFO:colcon.colcon_ros.task.ament_python.build:Building ROS package in '/home/xn/unitree_go2_ws/src/base/go2_teleop_ctrl_keyboard' with build type 'ament_python'
[0.307s] Level 1:colcon.colcon_core.shell:create_environment_hook('go2_teleop_ctrl_keyboard', 'ament_prefix_path')
[0.307s] INFO:colcon.colcon_core.shell:Creating environment hook '/home/xn/unitree_go2_ws/install/go2_teleop_ctrl_keyboard/share/go2_teleop_ctrl_keyboard/hook/ament_prefix_path.ps1'
[0.308s] INFO:colcon.colcon_core.shell:Creating environment descriptor '/home/xn/unitree_go2_ws/install/go2_teleop_ctrl_keyboard/share/go2_teleop_ctrl_keyboard/hook/ament_prefix_path.dsv'
[0.309s] INFO:colcon.colcon_core.shell:Creating environment hook '/home/xn/unitree_go2_ws/install/go2_teleop_ctrl_keyboard/share/go2_teleop_ctrl_keyboard/hook/ament_prefix_path.sh'
[0.309s] INFO:colcon.colcon_core.shell:Skip shell extension 'powershell' for command environment: Not usable outside of PowerShell
[0.309s] DEBUG:colcon.colcon_core.shell:Skip shell extension 'dsv' for command environment
[0.313s] INFO:colcon.colcon_ros.task.ament_cmake.build:Building ROS package in '/home/xn/unitree_go2_ws/src/base/go2_twist_bridge' with build type 'ament_cmake'
[0.314s] INFO:colcon.colcon_cmake.task.cmake.build:Building CMake package in '/home/xn/unitree_go2_ws/src/base/go2_twist_bridge'
[0.314s] INFO:colcon.colcon_core.shell:Skip shell extension 'powershell' for command environment: Not usable outside of PowerShell
[0.314s] DEBUG:colcon.colcon_core.shell:Skip shell extension 'dsv' for command environment
[0.319s] INFO:colcon.colcon_ros.task.ament_python.build:Building ROS package in '/home/xn/unitree_go2_ws/src/base/go2_twist_bridge_py' with build type 'ament_python'
[0.319s] Level 1:colcon.colcon_core.shell:create_environment_hook('go2_twist_bridge_py', 'ament_prefix_path')
[0.319s] INFO:colcon.colcon_core.shell:Creating environment hook '/home/xn/unitree_go2_ws/install/go2_twist_bridge_py/share/go2_twist_bridge_py/hook/ament_prefix_path.ps1'
[0.320s] INFO:colcon.colcon_core.shell:Creating environment descriptor '/home/xn/unitree_go2_ws/install/go2_twist_bridge_py/share/go2_twist_bridge_py/hook/ament_prefix_path.dsv'
[0.321s] INFO:colcon.colcon_core.shell:Creating environment hook '/home/xn/unitree_go2_ws/install/go2_twist_bridge_py/share/go2_twist_bridge_py/hook/ament_prefix_path.sh'
[0.322s] INFO:colcon.colcon_core.shell:Skip shell extension 'powershell' for command environment: Not usable outside of PowerShell
[0.322s] DEBUG:colcon.colcon_core.shell:Skip shell extension 'dsv' for command environment
[0.332s] DEBUG:colcon.colcon_core.event_handler.log_command:Invoking command in '/home/xn/unitree_go2_ws/build/go2_description': CMAKE_PREFIX_PATH=${CMAKE_PREFIX_PATH}:/home/xn/unitree_go2_ws/install/my_test_py:/home/xn/unitree_go2_ws/install/helloworld_py:/home/xn/unitree_go2_ws/install/go2_twist_bridge_py:/home/xn/unitree_go2_ws/install/go2_teleop_ctrl_keyboard:/opt/ros/foxy /usr/bin/cmake --build /home/xn/unitree_go2_ws/build/go2_description -- -j4 -l4
[0.475s] INFO:colcon.colcon_core.task.python.build:Building Python package in '/home/xn/unitree_go2_ws/src/base/go2_teleop_ctrl_keyboard'
[0.475s] INFO:colcon.colcon_core.shell:Skip shell extension 'powershell' for command environment: Not usable outside of PowerShell
[0.475s] DEBUG:colcon.colcon_core.shell:Skip shell extension 'dsv' for command environment
[0.483s] DEBUG:colcon.colcon_core.event_handler.log_command:Invoking command in '/home/xn/unitree_go2_ws/build/go2_twist_bridge': CMAKE_PREFIX_PATH=${CMAKE_PREFIX_PATH}:/home/xn/unitree_go2_ws/install/my_test_py:/home/xn/unitree_go2_ws/install/helloworld_py:/home/xn/unitree_go2_ws/install/go2_twist_bridge_py:/home/xn/unitree_go2_ws/install/go2_teleop_ctrl_keyboard:/opt/ros/foxy /usr/bin/cmake --build /home/xn/unitree_go2_ws/build/go2_twist_bridge -- -j4 -l4
[0.620s] INFO:colcon.colcon_core.task.python.build:Building Python package in '/home/xn/unitree_go2_ws/src/base/go2_twist_bridge_py'
[0.621s] INFO:colcon.colcon_core.shell:Skip shell extension 'powershell' for command environment: Not usable outside of PowerShell
[0.621s] DEBUG:colcon.colcon_core.shell:Skip shell extension 'dsv' for command environment
[0.633s] DEBUG:colcon.colcon_core.event_handler.log_command:Invoked command in '/home/xn/unitree_go2_ws/build/go2_description' returned '0': CMAKE_PREFIX_PATH=${CMAKE_PREFIX_PATH}:/home/xn/unitree_go2_ws/install/my_test_py:/home/xn/unitree_go2_ws/install/helloworld_py:/home/xn/unitree_go2_ws/install/go2_twist_bridge_py:/home/xn/unitree_go2_ws/install/go2_teleop_ctrl_keyboard:/opt/ros/foxy /usr/bin/cmake --build /home/xn/unitree_go2_ws/build/go2_description -- -j4 -l4
[0.646s] DEBUG:colcon.colcon_core.event_handler.log_command:Invoking command in '/home/xn/unitree_go2_ws/build/go2_description': CMAKE_PREFIX_PATH=${CMAKE_PREFIX_PATH}:/home/xn/unitree_go2_ws/install/my_test_py:/home/xn/unitree_go2_ws/install/helloworld_py:/home/xn/unitree_go2_ws/install/go2_twist_bridge_py:/home/xn/unitree_go2_ws/install/go2_teleop_ctrl_keyboard:/opt/ros/foxy /usr/bin/cmake --install /home/xn/unitree_go2_ws/build/go2_description
[0.650s] DEBUG:colcon.colcon_core.event_handler.log_command:Invoked command in '/home/xn/unitree_go2_ws/build/go2_twist_bridge' returned '0': CMAKE_PREFIX_PATH=${CMAKE_PREFIX_PATH}:/home/xn/unitree_go2_ws/install/my_test_py:/home/xn/unitree_go2_ws/install/helloworld_py:/home/xn/unitree_go2_ws/install/go2_twist_bridge_py:/home/xn/unitree_go2_ws/install/go2_teleop_ctrl_keyboard:/opt/ros/foxy /usr/bin/cmake --build /home/xn/unitree_go2_ws/build/go2_twist_bridge -- -j4 -l4
[0.651s] DEBUG:colcon.colcon_core.event_handler.log_command:Invoking command in '/home/xn/unitree_go2_ws/build/go2_twist_bridge': CMAKE_PREFIX_PATH=${CMAKE_PREFIX_PATH}:/home/xn/unitree_go2_ws/install/my_test_py:/home/xn/unitree_go2_ws/install/helloworld_py:/home/xn/unitree_go2_ws/install/go2_twist_bridge_py:/home/xn/unitree_go2_ws/install/go2_teleop_ctrl_keyboard:/opt/ros/foxy /usr/bin/cmake --install /home/xn/unitree_go2_ws/build/go2_twist_bridge
[0.674s] Level 1:colcon.colcon_core.environment:create_environment_scripts_only(go2_description)
[0.674s] DEBUG:colcon.colcon_core.event_handler.log_command:Invoked command in '/home/xn/unitree_go2_ws/build/go2_description' returned '0': CMAKE_PREFIX_PATH=${CMAKE_PREFIX_PATH}:/home/xn/unitree_go2_ws/install/my_test_py:/home/xn/unitree_go2_ws/install/helloworld_py:/home/xn/unitree_go2_ws/install/go2_twist_bridge_py:/home/xn/unitree_go2_ws/install/go2_teleop_ctrl_keyboard:/opt/ros/foxy /usr/bin/cmake --install /home/xn/unitree_go2_ws/build/go2_description
[0.676s] Level 1:colcon.colcon_core.environment:checking '/home/xn/unitree_go2_ws/install/go2_description' for CMake module files
[0.677s] Level 1:colcon.colcon_core.environment:checking '/home/xn/unitree_go2_ws/install/go2_description' for CMake config files
[0.677s] Level 1:colcon.colcon_core.shell:create_environment_hook('go2_description', 'cmake_prefix_path')
[0.677s] INFO:colcon.colcon_core.shell:Creating environment hook '/home/xn/unitree_go2_ws/install/go2_description/share/go2_description/hook/cmake_prefix_path.ps1'
[0.678s] INFO:colcon.colcon_core.shell:Creating environment descriptor '/home/xn/unitree_go2_ws/install/go2_description/share/go2_description/hook/cmake_prefix_path.dsv'
[0.678s] INFO:colcon.colcon_core.shell:Creating environment hook '/home/xn/unitree_go2_ws/install/go2_description/share/go2_description/hook/cmake_prefix_path.sh'
[0.679s] Level 1:colcon.colcon_core.environment:checking '/home/xn/unitree_go2_ws/install/go2_description/bin'
[0.679s] Level 1:colcon.colcon_core.environment:checking '/home/xn/unitree_go2_ws/install/go2_description/lib/pkgconfig/go2_description.pc'
[0.679s] Level 1:colcon.colcon_core.environment:checking '/home/xn/unitree_go2_ws/install/go2_description/lib/python3.8/site-packages'
[0.679s] Level 1:colcon.colcon_core.environment:checking '/home/xn/unitree_go2_ws/install/go2_description/bin'
[0.679s] INFO:colcon.colcon_core.shell:Creating package script '/home/xn/unitree_go2_ws/install/go2_description/share/go2_description/package.ps1'
[0.680s] INFO:colcon.colcon_core.shell:Creating package descriptor '/home/xn/unitree_go2_ws/install/go2_description/share/go2_description/package.dsv'
[0.681s] INFO:colcon.colcon_core.shell:Creating package script '/home/xn/unitree_go2_ws/install/go2_description/share/go2_description/package.sh'
[0.681s] INFO:colcon.colcon_core.shell:Creating package script '/home/xn/unitree_go2_ws/install/go2_description/share/go2_description/package.bash'
[0.682s] INFO:colcon.colcon_core.shell:Creating package script '/home/xn/unitree_go2_ws/install/go2_description/share/go2_description/package.zsh'
[0.683s] Level 1:colcon.colcon_core.environment:create_file_with_runtime_dependencies(/home/xn/unitree_go2_ws/install/go2_description/share/colcon-core/packages/go2_description)
[0.683s] Level 1:colcon.colcon_core.environment:create_environment_scripts_only(go2_description)
[0.683s] Level 1:colcon.colcon_core.environment:checking '/home/xn/unitree_go2_ws/install/go2_description' for CMake module files
[0.684s] Level 1:colcon.colcon_core.environment:checking '/home/xn/unitree_go2_ws/install/go2_description' for CMake config files
[0.684s] Level 1:colcon.colcon_core.shell:create_environment_hook('go2_description', 'cmake_prefix_path')
[0.684s] INFO:colcon.colcon_core.shell:Creating environment hook '/home/xn/unitree_go2_ws/install/go2_description/share/go2_description/hook/cmake_prefix_path.ps1'
[0.685s] INFO:colcon.colcon_core.shell:Creating environment descriptor '/home/xn/unitree_go2_ws/install/go2_description/share/go2_description/hook/cmake_prefix_path.dsv'
[0.685s] INFO:colcon.colcon_core.shell:Creating environment hook '/home/xn/unitree_go2_ws/install/go2_description/share/go2_description/hook/cmake_prefix_path.sh'
[0.685s] Level 1:colcon.colcon_core.environment:checking '/home/xn/unitree_go2_ws/install/go2_description/bin'
[0.686s] Level 1:colcon.colcon_core.environment:checking '/home/xn/unitree_go2_ws/install/go2_description/lib/pkgconfig/go2_description.pc'
[0.686s] Level 1:colcon.colcon_core.environment:checking '/home/xn/unitree_go2_ws/install/go2_description/lib/python3.8/site-packages'
[0.686s] Level 1:colcon.colcon_core.environment:checking '/home/xn/unitree_go2_ws/install/go2_description/bin'
[0.686s] INFO:colcon.colcon_core.shell:Creating package script '/home/xn/unitree_go2_ws/install/go2_description/share/go2_description/package.ps1'
[0.687s] INFO:colcon.colcon_core.shell:Creating package descriptor '/home/xn/unitree_go2_ws/install/go2_description/share/go2_description/package.dsv'
[0.687s] INFO:colcon.colcon_core.shell:Creating package script '/home/xn/unitree_go2_ws/install/go2_description/share/go2_description/package.sh'
[0.688s] INFO:colcon.colcon_core.shell:Creating package script '/home/xn/unitree_go2_ws/install/go2_description/share/go2_description/package.bash'
[0.688s] INFO:colcon.colcon_core.shell:Creating package script '/home/xn/unitree_go2_ws/install/go2_description/share/go2_description/package.zsh'
[0.689s] Level 1:colcon.colcon_core.environment:create_file_with_runtime_dependencies(/home/xn/unitree_go2_ws/install/go2_description/share/colcon-core/packages/go2_description)
[0.690s] INFO:colcon.colcon_ros.task.ament_cmake.build:Building ROS package in '/home/xn/unitree_go2_ws/src/helloworld/helloworld' with build type 'ament_cmake'
[0.690s] INFO:colcon.colcon_cmake.task.cmake.build:Building CMake package in '/home/xn/unitree_go2_ws/src/helloworld/helloworld'
[0.691s] INFO:colcon.colcon_core.shell:Skip shell extension 'powershell' for command environment: Not usable outside of PowerShell
[0.691s] DEBUG:colcon.colcon_core.shell:Skip shell extension 'dsv' for command environment
[0.699s] Level 1:colcon.colcon_core.environment:create_environment_scripts_only(go2_twist_bridge)
[0.699s] Level 1:colcon.colcon_core.environment:checking '/home/xn/unitree_go2_ws/install/go2_twist_bridge' for CMake module files
[0.700s] DEBUG:colcon.colcon_core.event_handler.log_command:Invoked command in '/home/xn/unitree_go2_ws/build/go2_twist_bridge' returned '0': CMAKE_PREFIX_PATH=${CMAKE_PREFIX_PATH}:/home/xn/unitree_go2_ws/install/my_test_py:/home/xn/unitree_go2_ws/install/helloworld_py:/home/xn/unitree_go2_ws/install/go2_twist_bridge_py:/home/xn/unitree_go2_ws/install/go2_teleop_ctrl_keyboard:/opt/ros/foxy /usr/bin/cmake --install /home/xn/unitree_go2_ws/build/go2_twist_bridge
[0.700s] Level 1:colcon.colcon_core.environment:checking '/home/xn/unitree_go2_ws/install/go2_twist_bridge' for CMake config files
[0.700s] Level 1:colcon.colcon_core.shell:create_environment_hook('go2_twist_bridge', 'cmake_prefix_path')
[0.701s] INFO:colcon.colcon_core.shell:Creating environment hook '/home/xn/unitree_go2_ws/install/go2_twist_bridge/share/go2_twist_bridge/hook/cmake_prefix_path.ps1'
[0.701s] INFO:colcon.colcon_core.shell:Creating environment descriptor '/home/xn/unitree_go2_ws/install/go2_twist_bridge/share/go2_twist_bridge/hook/cmake_prefix_path.dsv'
[0.702s] INFO:colcon.colcon_core.shell:Creating environment hook '/home/xn/unitree_go2_ws/install/go2_twist_bridge/share/go2_twist_bridge/hook/cmake_prefix_path.sh'
[0.703s] Level 1:colcon.colcon_core.environment:checking '/home/xn/unitree_go2_ws/install/go2_twist_bridge/lib'
[0.704s] Level 1:colcon.colcon_core.environment:checking '/home/xn/unitree_go2_ws/install/go2_twist_bridge/bin'
[0.704s] Level 1:colcon.colcon_core.environment:checking '/home/xn/unitree_go2_ws/install/go2_twist_bridge/lib/pkgconfig/go2_twist_bridge.pc'
[0.704s] Level 1:colcon.colcon_core.environment:checking '/home/xn/unitree_go2_ws/install/go2_twist_bridge/lib/python3.8/site-packages'
[0.704s] Level 1:colcon.colcon_core.environment:checking '/home/xn/unitree_go2_ws/install/go2_twist_bridge/bin'
[0.704s] INFO:colcon.colcon_core.shell:Creating package script '/home/xn/unitree_go2_ws/install/go2_twist_bridge/share/go2_twist_bridge/package.ps1'
[0.705s] INFO:colcon.colcon_core.shell:Creating package descriptor '/home/xn/unitree_go2_ws/install/go2_twist_bridge/share/go2_twist_bridge/package.dsv'
[0.706s] INFO:colcon.colcon_core.shell:Creating package script '/home/xn/unitree_go2_ws/install/go2_twist_bridge/share/go2_twist_bridge/package.sh'
[0.707s] INFO:colcon.colcon_core.shell:Creating package script '/home/xn/unitree_go2_ws/install/go2_twist_bridge/share/go2_twist_bridge/package.bash'
[0.708s] INFO:colcon.colcon_core.shell:Creating package script '/home/xn/unitree_go2_ws/install/go2_twist_bridge/share/go2_twist_bridge/package.zsh'
[0.708s] Level 1:colcon.colcon_core.environment:create_file_with_runtime_dependencies(/home/xn/unitree_go2_ws/install/go2_twist_bridge/share/colcon-core/packages/go2_twist_bridge)
[0.709s] Level 1:colcon.colcon_core.environment:create_environment_scripts_only(go2_twist_bridge)
[0.709s] Level 1:colcon.colcon_core.environment:checking '/home/xn/unitree_go2_ws/install/go2_twist_bridge' for CMake module files
[0.709s] Level 1:colcon.colcon_core.environment:checking '/home/xn/unitree_go2_ws/install/go2_twist_bridge' for CMake config files
[0.709s] Level 1:colcon.colcon_core.shell:create_environment_hook('go2_twist_bridge', 'cmake_prefix_path')
[0.710s] INFO:colcon.colcon_core.shell:Creating environment hook '/home/xn/unitree_go2_ws/install/go2_twist_bridge/share/go2_twist_bridge/hook/cmake_prefix_path.ps1'
[0.710s] INFO:colcon.colcon_core.shell:Creating environment descriptor '/home/xn/unitree_go2_ws/install/go2_twist_bridge/share/go2_twist_bridge/hook/cmake_prefix_path.dsv'
[0.714s] INFO:colcon.colcon_core.shell:Creating environment hook '/home/xn/unitree_go2_ws/install/go2_twist_bridge/share/go2_twist_bridge/hook/cmake_prefix_path.sh'
[0.716s] Level 1:colcon.colcon_core.environment:checking '/home/xn/unitree_go2_ws/install/go2_twist_bridge/lib'
[0.716s] Level 1:colcon.colcon_core.environment:checking '/home/xn/unitree_go2_ws/install/go2_twist_bridge/bin'
[0.716s] Level 1:colcon.colcon_core.environment:checking '/home/xn/unitree_go2_ws/install/go2_twist_bridge/lib/pkgconfig/go2_twist_bridge.pc'
[0.716s] Level 1:colcon.colcon_core.environment:checking '/home/xn/unitree_go2_ws/install/go2_twist_bridge/lib/python3.8/site-packages'
[0.717s] Level 1:colcon.colcon_core.environment:checking '/home/xn/unitree_go2_ws/install/go2_twist_bridge/bin'
[0.717s] INFO:colcon.colcon_core.shell:Creating package script '/home/xn/unitree_go2_ws/install/go2_twist_bridge/share/go2_twist_bridge/package.ps1'
[0.717s] INFO:colcon.colcon_core.shell:Creating package descriptor '/home/xn/unitree_go2_ws/install/go2_twist_bridge/share/go2_twist_bridge/package.dsv'
[0.718s] INFO:colcon.colcon_core.shell:Creating package script '/home/xn/unitree_go2_ws/install/go2_twist_bridge/share/go2_twist_bridge/package.sh'
[0.719s] INFO:colcon.colcon_core.shell:Creating package script '/home/xn/unitree_go2_ws/install/go2_twist_bridge/share/go2_twist_bridge/package.bash'
[0.719s] INFO:colcon.colcon_core.shell:Creating package script '/home/xn/unitree_go2_ws/install/go2_twist_bridge/share/go2_twist_bridge/package.zsh'
[0.720s] Level 1:colcon.colcon_core.environment:create_file_with_runtime_dependencies(/home/xn/unitree_go2_ws/install/go2_twist_bridge/share/colcon-core/packages/go2_twist_bridge)
[0.722s] INFO:colcon.colcon_ros.task.ament_python.build:Building ROS package in '/home/xn/unitree_go2_ws/src/helloworld/helloworld_py' with build type 'ament_python'
[0.722s] Level 1:colcon.colcon_core.shell:create_environment_hook('helloworld_py', 'ament_prefix_path')
[0.723s] INFO:colcon.colcon_core.shell:Creating environment hook '/home/xn/unitree_go2_ws/install/helloworld_py/share/helloworld_py/hook/ament_prefix_path.ps1'
[0.723s] INFO:colcon.colcon_core.shell:Creating environment descriptor '/home/xn/unitree_go2_ws/install/helloworld_py/share/helloworld_py/hook/ament_prefix_path.dsv'
[0.724s] INFO:colcon.colcon_core.shell:Creating environment hook '/home/xn/unitree_go2_ws/install/helloworld_py/share/helloworld_py/hook/ament_prefix_path.sh'
[0.724s] INFO:colcon.colcon_core.shell:Skip shell extension 'powershell' for command environment: Not usable outside of PowerShell
[0.724s] DEBUG:colcon.colcon_core.shell:Skip shell extension 'dsv' for command environment
[0.741s] DEBUG:colcon.colcon_core.event_handler.log_command:Invoking command in '/home/xn/unitree_go2_ws/build/helloworld': CMAKE_PREFIX_PATH=${CMAKE_PREFIX_PATH}:/home/xn/unitree_go2_ws/install/my_test_py:/home/xn/unitree_go2_ws/install/helloworld_py:/home/xn/unitree_go2_ws/install/go2_twist_bridge_py:/home/xn/unitree_go2_ws/install/go2_teleop_ctrl_keyboard:/opt/ros/foxy /usr/bin/cmake --build /home/xn/unitree_go2_ws/build/helloworld -- -j4 -l4
[0.922s] INFO:colcon.colcon_core.task.python.build:Building Python package in '/home/xn/unitree_go2_ws/src/helloworld/helloworld_py'
[0.923s] INFO:colcon.colcon_core.shell:Skip shell extension 'powershell' for command environment: Not usable outside of PowerShell
[0.923s] DEBUG:colcon.colcon_core.shell:Skip shell extension 'dsv' for command environment
[0.931s] DEBUG:colcon.colcon_core.event_handler.log_command:Invoked command in '/home/xn/unitree_go2_ws/build/helloworld' returned '0': CMAKE_PREFIX_PATH=${CMAKE_PREFIX_PATH}:/home/xn/unitree_go2_ws/install/my_test_py:/home/xn/unitree_go2_ws/install/helloworld_py:/home/xn/unitree_go2_ws/install/go2_twist_bridge_py:/home/xn/unitree_go2_ws/install/go2_teleop_ctrl_keyboard:/opt/ros/foxy /usr/bin/cmake --build /home/xn/unitree_go2_ws/build/helloworld -- -j4 -l4
[0.932s] DEBUG:colcon.colcon_core.event_handler.log_command:Invoking command in '/home/xn/unitree_go2_ws/build/helloworld': CMAKE_PREFIX_PATH=${CMAKE_PREFIX_PATH}:/home/xn/unitree_go2_ws/install/my_test_py:/home/xn/unitree_go2_ws/install/helloworld_py:/home/xn/unitree_go2_ws/install/go2_twist_bridge_py:/home/xn/unitree_go2_ws/install/go2_teleop_ctrl_keyboard:/opt/ros/foxy /usr/bin/cmake --install /home/xn/unitree_go2_ws/build/helloworld
[0.951s] Level 1:colcon.colcon_core.environment:create_environment_scripts_only(helloworld)
[0.952s] Level 1:colcon.colcon_core.environment:checking '/home/xn/unitree_go2_ws/install/helloworld' for CMake module files
[0.952s] Level 1:colcon.colcon_core.environment:checking '/home/xn/unitree_go2_ws/install/helloworld' for CMake config files
[0.953s] Level 1:colcon.colcon_core.shell:create_environment_hook('helloworld', 'cmake_prefix_path')
[0.953s] INFO:colcon.colcon_core.shell:Creating environment hook '/home/xn/unitree_go2_ws/install/helloworld/share/helloworld/hook/cmake_prefix_path.ps1'
[0.964s] DEBUG:colcon.colcon_core.event_handler.log_command:Invoked command in '/home/xn/unitree_go2_ws/build/helloworld' returned '0': CMAKE_PREFIX_PATH=${CMAKE_PREFIX_PATH}:/home/xn/unitree_go2_ws/install/my_test_py:/home/xn/unitree_go2_ws/install/helloworld_py:/home/xn/unitree_go2_ws/install/go2_twist_bridge_py:/home/xn/unitree_go2_ws/install/go2_teleop_ctrl_keyboard:/opt/ros/foxy /usr/bin/cmake --install /home/xn/unitree_go2_ws/build/helloworld
[0.964s] INFO:colcon.colcon_core.shell:Creating environment descriptor '/home/xn/unitree_go2_ws/install/helloworld/share/helloworld/hook/cmake_prefix_path.dsv'
[0.965s] INFO:colcon.colcon_core.shell:Creating environment hook '/home/xn/unitree_go2_ws/install/helloworld/share/helloworld/hook/cmake_prefix_path.sh'
[0.965s] Level 1:colcon.colcon_core.environment:checking '/home/xn/unitree_go2_ws/install/helloworld/lib'
[0.966s] Level 1:colcon.colcon_core.environment:checking '/home/xn/unitree_go2_ws/install/helloworld/bin'
[0.966s] Level 1:colcon.colcon_core.environment:checking '/home/xn/unitree_go2_ws/install/helloworld/lib/pkgconfig/helloworld.pc'
[0.966s] Level 1:colcon.colcon_core.environment:checking '/home/xn/unitree_go2_ws/install/helloworld/lib/python3.8/site-packages'
[0.966s] Level 1:colcon.colcon_core.environment:checking '/home/xn/unitree_go2_ws/install/helloworld/bin'
[0.966s] INFO:colcon.colcon_core.shell:Creating package script '/home/xn/unitree_go2_ws/install/helloworld/share/helloworld/package.ps1'
[0.966s] INFO:colcon.colcon_core.shell:Creating package descriptor '/home/xn/unitree_go2_ws/install/helloworld/share/helloworld/package.dsv'
[0.967s] INFO:colcon.colcon_core.shell:Creating package script '/home/xn/unitree_go2_ws/install/helloworld/share/helloworld/package.sh'
[0.967s] INFO:colcon.colcon_core.shell:Creating package script '/home/xn/unitree_go2_ws/install/helloworld/share/helloworld/package.bash'
[0.967s] INFO:colcon.colcon_core.shell:Creating package script '/home/xn/unitree_go2_ws/install/helloworld/share/helloworld/package.zsh'
[0.968s] Level 1:colcon.colcon_core.environment:create_file_with_runtime_dependencies(/home/xn/unitree_go2_ws/install/helloworld/share/colcon-core/packages/helloworld)
[0.968s] Level 1:colcon.colcon_core.environment:create_environment_scripts_only(helloworld)
[0.968s] Level 1:colcon.colcon_core.environment:checking '/home/xn/unitree_go2_ws/install/helloworld' for CMake module files
[0.968s] Level 1:colcon.colcon_core.environment:checking '/home/xn/unitree_go2_ws/install/helloworld' for CMake config files
[0.969s] Level 1:colcon.colcon_core.shell:create_environment_hook('helloworld', 'cmake_prefix_path')
[0.969s] INFO:colcon.colcon_core.shell:Creating environment hook '/home/xn/unitree_go2_ws/install/helloworld/share/helloworld/hook/cmake_prefix_path.ps1'
[0.971s] INFO:colcon.colcon_core.shell:Creating environment descriptor '/home/xn/unitree_go2_ws/install/helloworld/share/helloworld/hook/cmake_prefix_path.dsv'
[0.973s] INFO:colcon.colcon_core.shell:Creating environment hook '/home/xn/unitree_go2_ws/install/helloworld/share/helloworld/hook/cmake_prefix_path.sh'
[0.974s] Level 1:colcon.colcon_core.environment:checking '/home/xn/unitree_go2_ws/install/helloworld/lib'
[0.974s] Level 1:colcon.colcon_core.environment:checking '/home/xn/unitree_go2_ws/install/helloworld/bin'
[0.974s] Level 1:colcon.colcon_core.environment:checking '/home/xn/unitree_go2_ws/install/helloworld/lib/pkgconfig/helloworld.pc'
[0.974s] Level 1:colcon.colcon_core.environment:checking '/home/xn/unitree_go2_ws/install/helloworld/lib/python3.8/site-packages'
[0.975s] Level 1:colcon.colcon_core.environment:checking '/home/xn/unitree_go2_ws/install/helloworld/bin'
[0.975s] INFO:colcon.colcon_core.shell:Creating package script '/home/xn/unitree_go2_ws/install/helloworld/share/helloworld/package.ps1'
[0.976s] INFO:colcon.colcon_core.shell:Creating package descriptor '/home/xn/unitree_go2_ws/install/helloworld/share/helloworld/package.dsv'
[0.977s] INFO:colcon.colcon_core.shell:Creating package script '/home/xn/unitree_go2_ws/install/helloworld/share/helloworld/package.sh'
[0.978s] INFO:colcon.colcon_core.shell:Creating package script '/home/xn/unitree_go2_ws/install/helloworld/share/helloworld/package.bash'
[0.978s] INFO:colcon.colcon_core.shell:Creating package script '/home/xn/unitree_go2_ws/install/helloworld/share/helloworld/package.zsh'
[0.979s] Level 1:colcon.colcon_core.environment:create_file_with_runtime_dependencies(/home/xn/unitree_go2_ws/install/helloworld/share/colcon-core/packages/helloworld)
[0.980s] INFO:colcon.colcon_ros.task.ament_python.build:Building ROS package in '/home/xn/unitree_go2_ws/src/test/my_test_py' with build type 'ament_python'
[0.980s] Level 1:colcon.colcon_core.shell:create_environment_hook('my_test_py', 'ament_prefix_path')
[0.980s] INFO:colcon.colcon_core.shell:Creating environment hook '/home/xn/unitree_go2_ws/install/my_test_py/share/my_test_py/hook/ament_prefix_path.ps1'
[0.981s] INFO:colcon.colcon_core.shell:Creating environment descriptor '/home/xn/unitree_go2_ws/install/my_test_py/share/my_test_py/hook/ament_prefix_path.dsv'
[0.981s] INFO:colcon.colcon_core.shell:Creating environment hook '/home/xn/unitree_go2_ws/install/my_test_py/share/my_test_py/hook/ament_prefix_path.sh'
[0.982s] INFO:colcon.colcon_core.shell:Skip shell extension 'powershell' for command environment: Not usable outside of PowerShell
[0.982s] DEBUG:colcon.colcon_core.shell:Skip shell extension 'dsv' for command environment
[0.999s] DEBUG:colcon.colcon_core.event_handler.log_command:Invoking command in '/home/xn/unitree_go2_ws/src/base/go2_twist_bridge_py': PYTHONPATH=/home/xn/unitree_go2_ws/build/go2_twist_bridge_py/prefix_override:/usr/lib/python3/dist-packages/colcon_core/task/python/colcon_distutils_commands:/home/xn/unitree_go2_ws/install/go2_twist_bridge_py/lib/python3.8/site-packages:${PYTHONPATH} /usr/bin/python3 -W ignore:setup.py install is deprecated -W ignore:easy_install command is deprecated setup.py egg_info --egg-base ../../../build/go2_twist_bridge_py build --build-base /home/xn/unitree_go2_ws/build/go2_twist_bridge_py/build install --record /home/xn/unitree_go2_ws/build/go2_twist_bridge_py/install.log --install-scripts $base/lib/go2_twist_bridge_py --single-version-externally-managed install_data
[1.010s] DEBUG:colcon.colcon_core.event_handler.log_command:Invoking command in '/home/xn/unitree_go2_ws/src/base/go2_teleop_ctrl_keyboard': PYTHONPATH=/home/xn/unitree_go2_ws/build/go2_teleop_ctrl_keyboard/prefix_override:/usr/lib/python3/dist-packages/colcon_core/task/python/colcon_distutils_commands:/home/xn/unitree_go2_ws/install/go2_teleop_ctrl_keyboard/lib/python3.8/site-packages:${PYTHONPATH} /usr/bin/python3 -W ignore:setup.py install is deprecated -W ignore:easy_install command is deprecated setup.py egg_info --egg-base ../../../build/go2_teleop_ctrl_keyboard build --build-base /home/xn/unitree_go2_ws/build/go2_teleop_ctrl_keyboard/build install --record /home/xn/unitree_go2_ws/build/go2_teleop_ctrl_keyboard/install.log --install-scripts $base/lib/go2_teleop_ctrl_keyboard --single-version-externally-managed install_data
[1.288s] INFO:colcon.colcon_core.task.python.build:Building Python package in '/home/xn/unitree_go2_ws/src/test/my_test_py'
[1.289s] INFO:colcon.colcon_core.shell:Skip shell extension 'powershell' for command environment: Not usable outside of PowerShell
[1.289s] DEBUG:colcon.colcon_core.shell:Skip shell extension 'dsv' for command environment
[1.300s] DEBUG:colcon.colcon_core.event_handler.log_command:Invoking command in '/home/xn/unitree_go2_ws/src/helloworld/helloworld_py': PYTHONPATH=/home/xn/unitree_go2_ws/build/helloworld_py/prefix_override:/usr/lib/python3/dist-packages/colcon_core/task/python/colcon_distutils_commands:/home/xn/unitree_go2_ws/install/helloworld_py/lib/python3.8/site-packages:${PYTHONPATH} /usr/bin/python3 -W ignore:setup.py install is deprecated -W ignore:easy_install command is deprecated setup.py egg_info --egg-base ../../../build/helloworld_py build --build-base /home/xn/unitree_go2_ws/build/helloworld_py/build install --record /home/xn/unitree_go2_ws/build/helloworld_py/install.log --install-scripts $base/lib/helloworld_py --single-version-externally-managed install_data
[1.318s] Level 1:colcon.colcon_core.environment:checking '/home/xn/unitree_go2_ws/install/go2_twist_bridge_py' for CMake module files
[1.318s] Level 1:colcon.colcon_core.environment:checking '/home/xn/unitree_go2_ws/install/go2_twist_bridge_py' for CMake config files
[1.319s] Level 1:colcon.colcon_core.environment:checking '/home/xn/unitree_go2_ws/install/go2_twist_bridge_py/lib'
[1.319s] Level 1:colcon.colcon_core.environment:checking '/home/xn/unitree_go2_ws/install/go2_twist_bridge_py/bin'
[1.319s] Level 1:colcon.colcon_core.environment:checking '/home/xn/unitree_go2_ws/install/go2_twist_bridge_py/lib/pkgconfig/go2_twist_bridge_py.pc'
[1.319s] Level 1:colcon.colcon_core.environment:checking '/home/xn/unitree_go2_ws/install/go2_twist_bridge_py/lib/python3.8/site-packages'
[1.320s] Level 1:colcon.colcon_core.shell:create_environment_hook('go2_twist_bridge_py', 'pythonpath')
[1.320s] INFO:colcon.colcon_core.shell:Creating environment hook '/home/xn/unitree_go2_ws/install/go2_twist_bridge_py/share/go2_twist_bridge_py/hook/pythonpath.ps1'
[1.320s] DEBUG:colcon.colcon_core.event_handler.log_command:Invoked command in '/home/xn/unitree_go2_ws/src/base/go2_twist_bridge_py' returned '0': PYTHONPATH=/home/xn/unitree_go2_ws/build/go2_twist_bridge_py/prefix_override:/usr/lib/python3/dist-packages/colcon_core/task/python/colcon_distutils_commands:/home/xn/unitree_go2_ws/install/go2_twist_bridge_py/lib/python3.8/site-packages:${PYTHONPATH} /usr/bin/python3 -W ignore:setup.py install is deprecated -W ignore:easy_install command is deprecated setup.py egg_info --egg-base ../../../build/go2_twist_bridge_py build --build-base /home/xn/unitree_go2_ws/build/go2_twist_bridge_py/build install --record /home/xn/unitree_go2_ws/build/go2_twist_bridge_py/install.log --install-scripts $base/lib/go2_twist_bridge_py --single-version-externally-managed install_data
[1.321s] INFO:colcon.colcon_core.shell:Creating environment descriptor '/home/xn/unitree_go2_ws/install/go2_twist_bridge_py/share/go2_twist_bridge_py/hook/pythonpath.dsv'
[1.323s] INFO:colcon.colcon_core.shell:Creating environment hook '/home/xn/unitree_go2_ws/install/go2_twist_bridge_py/share/go2_twist_bridge_py/hook/pythonpath.sh'
[1.324s] Level 1:colcon.colcon_core.environment:checking '/home/xn/unitree_go2_ws/install/go2_twist_bridge_py/bin'
[1.324s] Level 1:colcon.colcon_core.environment:create_environment_scripts_only(go2_twist_bridge_py)
[1.325s] INFO:colcon.colcon_core.shell:Creating package script '/home/xn/unitree_go2_ws/install/go2_twist_bridge_py/share/go2_twist_bridge_py/package.ps1'
[1.326s] INFO:colcon.colcon_core.shell:Creating package descriptor '/home/xn/unitree_go2_ws/install/go2_twist_bridge_py/share/go2_twist_bridge_py/package.dsv'
[1.327s] INFO:colcon.colcon_core.shell:Creating package script '/home/xn/unitree_go2_ws/install/go2_twist_bridge_py/share/go2_twist_bridge_py/package.sh'
[1.328s] INFO:colcon.colcon_core.shell:Creating package script '/home/xn/unitree_go2_ws/install/go2_twist_bridge_py/share/go2_twist_bridge_py/package.bash'
[1.328s] INFO:colcon.colcon_core.shell:Creating package script '/home/xn/unitree_go2_ws/install/go2_twist_bridge_py/share/go2_twist_bridge_py/package.zsh'
[1.330s] Level 1:colcon.colcon_core.environment:create_file_with_runtime_dependencies(/home/xn/unitree_go2_ws/install/go2_twist_bridge_py/share/colcon-core/packages/go2_twist_bridge_py)
[1.361s] Level 1:colcon.colcon_core.environment:checking '/home/xn/unitree_go2_ws/install/go2_teleop_ctrl_keyboard' for CMake module files
[1.361s] DEBUG:colcon.colcon_core.event_handler.log_command:Invoked command in '/home/xn/unitree_go2_ws/src/base/go2_teleop_ctrl_keyboard' returned '0': PYTHONPATH=/home/xn/unitree_go2_ws/build/go2_teleop_ctrl_keyboard/prefix_override:/usr/lib/python3/dist-packages/colcon_core/task/python/colcon_distutils_commands:/home/xn/unitree_go2_ws/install/go2_teleop_ctrl_keyboard/lib/python3.8/site-packages:${PYTHONPATH} /usr/bin/python3 -W ignore:setup.py install is deprecated -W ignore:easy_install command is deprecated setup.py egg_info --egg-base ../../../build/go2_teleop_ctrl_keyboard build --build-base /home/xn/unitree_go2_ws/build/go2_teleop_ctrl_keyboard/build install --record /home/xn/unitree_go2_ws/build/go2_teleop_ctrl_keyboard/install.log --install-scripts $base/lib/go2_teleop_ctrl_keyboard --single-version-externally-managed install_data
[1.362s] Level 1:colcon.colcon_core.environment:checking '/home/xn/unitree_go2_ws/install/go2_teleop_ctrl_keyboard' for CMake config files
[1.363s] Level 1:colcon.colcon_core.environment:checking '/home/xn/unitree_go2_ws/install/go2_teleop_ctrl_keyboard/lib'
[1.363s] Level 1:colcon.colcon_core.environment:checking '/home/xn/unitree_go2_ws/install/go2_teleop_ctrl_keyboard/bin'
[1.363s] Level 1:colcon.colcon_core.environment:checking '/home/xn/unitree_go2_ws/install/go2_teleop_ctrl_keyboard/lib/pkgconfig/go2_teleop_ctrl_keyboard.pc'
[1.363s] Level 1:colcon.colcon_core.environment:checking '/home/xn/unitree_go2_ws/install/go2_teleop_ctrl_keyboard/lib/python3.8/site-packages'
[1.363s] Level 1:colcon.colcon_core.shell:create_environment_hook('go2_teleop_ctrl_keyboard', 'pythonpath')
[1.363s] INFO:colcon.colcon_core.shell:Creating environment hook '/home/xn/unitree_go2_ws/install/go2_teleop_ctrl_keyboard/share/go2_teleop_ctrl_keyboard/hook/pythonpath.ps1'
[1.364s] INFO:colcon.colcon_core.shell:Creating environment descriptor '/home/xn/unitree_go2_ws/install/go2_teleop_ctrl_keyboard/share/go2_teleop_ctrl_keyboard/hook/pythonpath.dsv'
[1.364s] INFO:colcon.colcon_core.shell:Creating environment hook '/home/xn/unitree_go2_ws/install/go2_teleop_ctrl_keyboard/share/go2_teleop_ctrl_keyboard/hook/pythonpath.sh'
[1.365s] Level 1:colcon.colcon_core.environment:checking '/home/xn/unitree_go2_ws/install/go2_teleop_ctrl_keyboard/bin'
[1.365s] Level 1:colcon.colcon_core.environment:create_environment_scripts_only(go2_teleop_ctrl_keyboard)
[1.365s] INFO:colcon.colcon_core.shell:Creating package script '/home/xn/unitree_go2_ws/install/go2_teleop_ctrl_keyboard/share/go2_teleop_ctrl_keyboard/package.ps1'
[1.366s] INFO:colcon.colcon_core.shell:Creating package descriptor '/home/xn/unitree_go2_ws/install/go2_teleop_ctrl_keyboard/share/go2_teleop_ctrl_keyboard/package.dsv'
[1.366s] INFO:colcon.colcon_core.shell:Creating package script '/home/xn/unitree_go2_ws/install/go2_teleop_ctrl_keyboard/share/go2_teleop_ctrl_keyboard/package.sh'
[1.366s] INFO:colcon.colcon_core.shell:Creating package script '/home/xn/unitree_go2_ws/install/go2_teleop_ctrl_keyboard/share/go2_teleop_ctrl_keyboard/package.bash'
[1.367s] INFO:colcon.colcon_core.shell:Creating package script '/home/xn/unitree_go2_ws/install/go2_teleop_ctrl_keyboard/share/go2_teleop_ctrl_keyboard/package.zsh'
[1.367s] Level 1:colcon.colcon_core.environment:create_file_with_runtime_dependencies(/home/xn/unitree_go2_ws/install/go2_teleop_ctrl_keyboard/share/colcon-core/packages/go2_teleop_ctrl_keyboard)
[1.543s] Level 1:colcon.colcon_core.environment:checking '/home/xn/unitree_go2_ws/install/helloworld_py' for CMake module files
[1.544s] Level 1:colcon.colcon_core.environment:checking '/home/xn/unitree_go2_ws/install/helloworld_py' for CMake config files
[1.545s] Level 1:colcon.colcon_core.environment:checking '/home/xn/unitree_go2_ws/install/helloworld_py/lib'
[1.545s] Level 1:colcon.colcon_core.environment:checking '/home/xn/unitree_go2_ws/install/helloworld_py/bin'
[1.545s] Level 1:colcon.colcon_core.environment:checking '/home/xn/unitree_go2_ws/install/helloworld_py/lib/pkgconfig/helloworld_py.pc'
[1.545s] Level 1:colcon.colcon_core.environment:checking '/home/xn/unitree_go2_ws/install/helloworld_py/lib/python3.8/site-packages'
[1.545s] Level 1:colcon.colcon_core.shell:create_environment_hook('helloworld_py', 'pythonpath')
[1.545s] INFO:colcon.colcon_core.shell:Creating environment hook '/home/xn/unitree_go2_ws/install/helloworld_py/share/helloworld_py/hook/pythonpath.ps1'
[1.546s] INFO:colcon.colcon_core.shell:Creating environment descriptor '/home/xn/unitree_go2_ws/install/helloworld_py/share/helloworld_py/hook/pythonpath.dsv'
[1.546s] INFO:colcon.colcon_core.shell:Creating environment hook '/home/xn/unitree_go2_ws/install/helloworld_py/share/helloworld_py/hook/pythonpath.sh'
[1.547s] Level 1:colcon.colcon_core.environment:checking '/home/xn/unitree_go2_ws/install/helloworld_py/bin'
[1.547s] Level 1:colcon.colcon_core.environment:create_environment_scripts_only(helloworld_py)
[1.547s] INFO:colcon.colcon_core.shell:Creating package script '/home/xn/unitree_go2_ws/install/helloworld_py/share/helloworld_py/package.ps1'
[1.547s] INFO:colcon.colcon_core.shell:Creating package descriptor '/home/xn/unitree_go2_ws/install/helloworld_py/share/helloworld_py/package.dsv'
[1.548s] INFO:colcon.colcon_core.shell:Creating package script '/home/xn/unitree_go2_ws/install/helloworld_py/share/helloworld_py/package.sh'
[1.548s] INFO:colcon.colcon_core.shell:Creating package script '/home/xn/unitree_go2_ws/install/helloworld_py/share/helloworld_py/package.bash'
[1.549s] INFO:colcon.colcon_core.shell:Creating package script '/home/xn/unitree_go2_ws/install/helloworld_py/share/helloworld_py/package.zsh'
[1.544s] DEBUG:colcon.colcon_core.event_handler.log_command:Invoked command in '/home/xn/unitree_go2_ws/src/helloworld/helloworld_py' returned '0': PYTHONPATH=/home/xn/unitree_go2_ws/build/helloworld_py/prefix_override:/usr/lib/python3/dist-packages/colcon_core/task/python/colcon_distutils_commands:/home/xn/unitree_go2_ws/install/helloworld_py/lib/python3.8/site-packages:${PYTHONPATH} /usr/bin/python3 -W ignore:setup.py install is deprecated -W ignore:easy_install command is deprecated setup.py egg_info --egg-base ../../../build/helloworld_py build --build-base /home/xn/unitree_go2_ws/build/helloworld_py/build install --record /home/xn/unitree_go2_ws/build/helloworld_py/install.log --install-scripts $base/lib/helloworld_py --single-version-externally-managed install_data
[1.549s] Level 1:colcon.colcon_core.environment:create_file_with_runtime_dependencies(/home/xn/unitree_go2_ws/install/helloworld_py/share/colcon-core/packages/helloworld_py)
[1.604s] DEBUG:colcon.colcon_core.event_handler.log_command:Invoking command in '/home/xn/unitree_go2_ws/src/test/my_test_py': PYTHONPATH=/home/xn/unitree_go2_ws/build/my_test_py/prefix_override:/usr/lib/python3/dist-packages/colcon_core/task/python/colcon_distutils_commands:/home/xn/unitree_go2_ws/install/my_test_py/lib/python3.8/site-packages:${PYTHONPATH} /usr/bin/python3 -W ignore:setup.py install is deprecated -W ignore:easy_install command is deprecated setup.py egg_info --egg-base ../../../build/my_test_py build --build-base /home/xn/unitree_go2_ws/build/my_test_py/build install --record /home/xn/unitree_go2_ws/build/my_test_py/install.log --install-scripts $base/lib/my_test_py --single-version-externally-managed install_data
[1.799s] Level 1:colcon.colcon_core.environment:checking '/home/xn/unitree_go2_ws/install/my_test_py' for CMake module files
[1.800s] DEBUG:colcon.colcon_core.event_handler.log_command:Invoked command in '/home/xn/unitree_go2_ws/src/test/my_test_py' returned '0': PYTHONPATH=/home/xn/unitree_go2_ws/build/my_test_py/prefix_override:/usr/lib/python3/dist-packages/colcon_core/task/python/colcon_distutils_commands:/home/xn/unitree_go2_ws/install/my_test_py/lib/python3.8/site-packages:${PYTHONPATH} /usr/bin/python3 -W ignore:setup.py install is deprecated -W ignore:easy_install command is deprecated setup.py egg_info --egg-base ../../../build/my_test_py build --build-base /home/xn/unitree_go2_ws/build/my_test_py/build install --record /home/xn/unitree_go2_ws/build/my_test_py/install.log --install-scripts $base/lib/my_test_py --single-version-externally-managed install_data
[1.800s] Level 1:colcon.colcon_core.environment:checking '/home/xn/unitree_go2_ws/install/my_test_py' for CMake config files
[1.800s] Level 1:colcon.colcon_core.environment:checking '/home/xn/unitree_go2_ws/install/my_test_py/lib'
[1.801s] Level 1:colcon.colcon_core.environment:checking '/home/xn/unitree_go2_ws/install/my_test_py/bin'
[1.801s] Level 1:colcon.colcon_core.environment:checking '/home/xn/unitree_go2_ws/install/my_test_py/lib/pkgconfig/my_test_py.pc'
[1.801s] Level 1:colcon.colcon_core.environment:checking '/home/xn/unitree_go2_ws/install/my_test_py/lib/python3.8/site-packages'
[1.801s] Level 1:colcon.colcon_core.shell:create_environment_hook('my_test_py', 'pythonpath')
[1.801s] INFO:colcon.colcon_core.shell:Creating environment hook '/home/xn/unitree_go2_ws/install/my_test_py/share/my_test_py/hook/pythonpath.ps1'
[1.802s] INFO:colcon.colcon_core.shell:Creating environment descriptor '/home/xn/unitree_go2_ws/install/my_test_py/share/my_test_py/hook/pythonpath.dsv'
[1.802s] INFO:colcon.colcon_core.shell:Creating environment hook '/home/xn/unitree_go2_ws/install/my_test_py/share/my_test_py/hook/pythonpath.sh'
[1.802s] Level 1:colcon.colcon_core.environment:checking '/home/xn/unitree_go2_ws/install/my_test_py/bin'
[1.803s] Level 1:colcon.colcon_core.environment:create_environment_scripts_only(my_test_py)
[1.803s] INFO:colcon.colcon_core.shell:Creating package script '/home/xn/unitree_go2_ws/install/my_test_py/share/my_test_py/package.ps1'
[1.803s] INFO:colcon.colcon_core.shell:Creating package descriptor '/home/xn/unitree_go2_ws/install/my_test_py/share/my_test_py/package.dsv'
[1.803s] INFO:colcon.colcon_core.shell:Creating package script '/home/xn/unitree_go2_ws/install/my_test_py/share/my_test_py/package.sh'
[1.804s] INFO:colcon.colcon_core.shell:Creating package script '/home/xn/unitree_go2_ws/install/my_test_py/share/my_test_py/package.bash'
[1.804s] INFO:colcon.colcon_core.shell:Creating package script '/home/xn/unitree_go2_ws/install/my_test_py/share/my_test_py/package.zsh'
[1.804s] Level 1:colcon.colcon_core.environment:create_file_with_runtime_dependencies(/home/xn/unitree_go2_ws/install/my_test_py/share/colcon-core/packages/my_test_py)
[1.805s] DEBUG:colcon.colcon_parallel_executor.executor.parallel:closing loop
[1.805s] DEBUG:colcon.colcon_parallel_executor.executor.parallel:loop closed
[1.805s] DEBUG:colcon.colcon_parallel_executor.executor.parallel:run_until_complete finished with '0'
[1.805s] DEBUG:colcon.colcon_core.event_reactor:joining thread
[1.810s] INFO:colcon.colcon_core.plugin_system:Skipping extension 'colcon_notification.desktop_notification.terminal_notifier': Not used on non-Darwin systems
[1.810s] INFO:colcon.colcon_core.plugin_system:Skipping extension 'colcon_notification.desktop_notification.win32': Not used on non-Windows systems
[1.810s] INFO:colcon.colcon_notification.desktop_notification:Sending desktop notification using 'notify2'
[1.822s] DEBUG:colcon.colcon_core.event_reactor:joined thread
[1.822s] INFO:colcon.colcon_core.shell:Creating prefix script '/home/xn/unitree_go2_ws/install/local_setup.ps1'
[1.823s] INFO:colcon.colcon_core.shell:Creating prefix util module '/home/xn/unitree_go2_ws/install/_local_setup_util_ps1.py'
[1.825s] INFO:colcon.colcon_core.shell:Creating prefix chain script '/home/xn/unitree_go2_ws/install/setup.ps1'
[1.826s] INFO:colcon.colcon_core.shell:Creating prefix script '/home/xn/unitree_go2_ws/install/local_setup.sh'
[1.827s] INFO:colcon.colcon_core.shell:Creating prefix util module '/home/xn/unitree_go2_ws/install/_local_setup_util_sh.py'
[1.828s] INFO:colcon.colcon_core.shell:Creating prefix chain script '/home/xn/unitree_go2_ws/install/setup.sh'
[1.829s] INFO:colcon.colcon_core.shell:Creating prefix script '/home/xn/unitree_go2_ws/install/local_setup.bash'
[1.830s] INFO:colcon.colcon_core.shell:Creating prefix chain script '/home/xn/unitree_go2_ws/install/setup.bash'
[1.831s] INFO:colcon.colcon_core.shell:Creating prefix script '/home/xn/unitree_go2_ws/install/local_setup.zsh'
[1.832s] INFO:colcon.colcon_core.shell:Creating prefix chain script '/home/xn/unitree_go2_ws/install/setup.zsh'
