[0.650s] Invoking command in '/home/xn/unitree_go2_ws/src/tutorial/go2_tutorial_py': AMENT_PREFIX_PATH=/home/xn/unitree_go2_ws/install/go2_tutorial_inter:${AMENT_PREFIX_PATH} CMAKE_PREFIX_PATH=/home/xn/unitree_go2_ws/install/go2_tutorial_inter:${CMAKE_PREFIX_PATH} LD_LIBRARY_PATH=/home/xn/unitree_go2_ws/install/go2_tutorial_inter/lib:${LD_LIBRARY_PATH} PYTHONPATH=/home/xn/unitree_go2_ws/build/go2_tutorial_py/prefix_override:/usr/lib/python3/dist-packages/colcon_core/task/python/colcon_distutils_commands:/home/xn/unitree_go2_ws/install/go2_tutorial_py/lib/python3.8/site-packages:/home/xn/unitree_go2_ws/install/go2_tutorial_inter/lib/python3.8/site-packages:${PYTHONPATH} /usr/bin/python3 -W ignore:setup.py install is deprecated -W ignore:easy_install command is deprecated setup.py egg_info --egg-base ../../../build/go2_tutorial_py build --build-base /home/xn/unitree_go2_ws/build/go2_tutorial_py/build install --record /home/xn/unitree_go2_ws/build/go2_tutorial_py/install.log --install-scripts $base/lib/go2_tutorial_py --single-version-externally-managed install_data
[0.784s] running egg_info
[0.785s] writing ../../../build/go2_tutorial_py/go2_tutorial_py.egg-info/PKG-INFO
[0.785s] writing dependency_links to ../../../build/go2_tutorial_py/go2_tutorial_py.egg-info/dependency_links.txt
[0.785s] writing entry points to ../../../build/go2_tutorial_py/go2_tutorial_py.egg-info/entry_points.txt
[0.785s] writing requirements to ../../../build/go2_tutorial_py/go2_tutorial_py.egg-info/requires.txt
[0.785s] writing top-level names to ../../../build/go2_tutorial_py/go2_tutorial_py.egg-info/top_level.txt
[0.806s] reading manifest file '../../../build/go2_tutorial_py/go2_tutorial_py.egg-info/SOURCES.txt'
[0.807s] writing manifest file '../../../build/go2_tutorial_py/go2_tutorial_py.egg-info/SOURCES.txt'
[0.808s] running build
[0.808s] running build_py
[0.808s] copying go2_tutorial_py/go2_cruising_client.py -> /home/xn/unitree_go2_ws/build/go2_tutorial_py/build/lib/go2_tutorial_py
[0.808s] copying go2_tutorial_py/go2_cruising_service.py -> /home/xn/unitree_go2_ws/build/go2_tutorial_py/build/lib/go2_tutorial_py
[0.808s] running install
[0.809s] running install_lib
[0.810s] copying /home/xn/unitree_go2_ws/build/go2_tutorial_py/build/lib/go2_tutorial_py/go2_cruising_client.py -> /home/xn/unitree_go2_ws/install/go2_tutorial_py/lib/python3.8/site-packages/go2_tutorial_py
[0.810s] copying /home/xn/unitree_go2_ws/build/go2_tutorial_py/build/lib/go2_tutorial_py/go2_cruising_service.py -> /home/xn/unitree_go2_ws/install/go2_tutorial_py/lib/python3.8/site-packages/go2_tutorial_py
[0.811s] byte-compiling /home/xn/unitree_go2_ws/install/go2_tutorial_py/lib/python3.8/site-packages/go2_tutorial_py/go2_cruising_client.py to go2_cruising_client.cpython-38.pyc
[0.812s] byte-compiling /home/xn/unitree_go2_ws/install/go2_tutorial_py/lib/python3.8/site-packages/go2_tutorial_py/go2_cruising_service.py to go2_cruising_service.cpython-38.pyc
[0.812s] running install_data
[0.812s] copying package.xml -> /home/xn/unitree_go2_ws/install/go2_tutorial_py/share/go2_tutorial_py
[0.812s] running install_egg_info
[0.813s] removing '/home/xn/unitree_go2_ws/install/go2_tutorial_py/lib/python3.8/site-packages/go2_tutorial_py-0.0.0-py3.8.egg-info' (and everything under it)
[0.813s] Copying ../../../build/go2_tutorial_py/go2_tutorial_py.egg-info to /home/xn/unitree_go2_ws/install/go2_tutorial_py/lib/python3.8/site-packages/go2_tutorial_py-0.0.0-py3.8.egg-info
[0.814s] running install_scripts
[0.826s] Installing go2_ctrl script to /home/xn/unitree_go2_ws/install/go2_tutorial_py/lib/go2_tutorial_py
[0.826s] Installing go2_state = go2_tutorial_py.go2_state:maingo2_cruising_service = go2_tutorial_py.go2_cruising_service:maingo2_cruising_client script to /home/xn/unitree_go2_ws/install/go2_tutorial_py/lib/go2_tutorial_py
[0.826s] writing list of installed files to '/home/xn/unitree_go2_ws/build/go2_tutorial_py/install.log'
[0.848s] Invoked command in '/home/xn/unitree_go2_ws/src/tutorial/go2_tutorial_py' returned '0': AMENT_PREFIX_PATH=/home/xn/unitree_go2_ws/install/go2_tutorial_inter:${AMENT_PREFIX_PATH} CMAKE_PREFIX_PATH=/home/xn/unitree_go2_ws/install/go2_tutorial_inter:${CMAKE_PREFIX_PATH} LD_LIBRARY_PATH=/home/xn/unitree_go2_ws/install/go2_tutorial_inter/lib:${LD_LIBRARY_PATH} PYTHONPATH=/home/xn/unitree_go2_ws/build/go2_tutorial_py/prefix_override:/usr/lib/python3/dist-packages/colcon_core/task/python/colcon_distutils_commands:/home/xn/unitree_go2_ws/install/go2_tutorial_py/lib/python3.8/site-packages:/home/xn/unitree_go2_ws/install/go2_tutorial_inter/lib/python3.8/site-packages:${PYTHONPATH} /usr/bin/python3 -W ignore:setup.py install is deprecated -W ignore:easy_install command is deprecated setup.py egg_info --egg-base ../../../build/go2_tutorial_py build --build-base /home/xn/unitree_go2_ws/build/go2_tutorial_py/build install --record /home/xn/unitree_go2_ws/build/go2_tutorial_py/install.log --install-scripts $base/lib/go2_tutorial_py --single-version-externally-managed install_data
