running egg_info
writing ../../../build/go2_twist_bridge_py/go2_twist_bridge_py.egg-info/PKG-INFO
writing dependency_links to ../../../build/go2_twist_bridge_py/go2_twist_bridge_py.egg-info/dependency_links.txt
writing entry points to ../../../build/go2_twist_bridge_py/go2_twist_bridge_py.egg-info/entry_points.txt
writing requirements to ../../../build/go2_twist_bridge_py/go2_twist_bridge_py.egg-info/requires.txt
writing top-level names to ../../../build/go2_twist_bridge_py/go2_twist_bridge_py.egg-info/top_level.txt
reading manifest file '../../../build/go2_twist_bridge_py/go2_twist_bridge_py.egg-info/SOURCES.txt'
writing manifest file '../../../build/go2_twist_bridge_py/go2_twist_bridge_py.egg-info/SOURCES.txt'
running build
running build_py
copying go2_twist_bridge_py/sport_model.py -> /home/xn/unitree_go2_ws/build/go2_twist_bridge_py/build/lib/go2_twist_bridge_py
copying go2_twist_bridge_py/twist_bridge_py.py -> /home/xn/unitree_go2_ws/build/go2_twist_bridge_py/build/lib/go2_twist_bridge_py
running install
running install_lib
copying /home/xn/unitree_go2_ws/build/go2_twist_bridge_py/build/lib/go2_twist_bridge_py/sport_model.py -> /home/xn/unitree_go2_ws/install/go2_twist_bridge_py/lib/python3.8/site-packages/go2_twist_bridge_py
copying /home/xn/unitree_go2_ws/build/go2_twist_bridge_py/build/lib/go2_twist_bridge_py/twist_bridge_py.py -> /home/xn/unitree_go2_ws/install/go2_twist_bridge_py/lib/python3.8/site-packages/go2_twist_bridge_py
byte-compiling /home/xn/unitree_go2_ws/install/go2_twist_bridge_py/lib/python3.8/site-packages/go2_twist_bridge_py/sport_model.py to sport_model.cpython-38.pyc
byte-compiling /home/xn/unitree_go2_ws/install/go2_twist_bridge_py/lib/python3.8/site-packages/go2_twist_bridge_py/twist_bridge_py.py to twist_bridge_py.cpython-38.pyc
running install_data
running install_egg_info
removing '/home/xn/unitree_go2_ws/install/go2_twist_bridge_py/lib/python3.8/site-packages/go2_twist_bridge_py-0.0.0-py3.8.egg-info' (and everything under it)
Copying ../../../build/go2_twist_bridge_py/go2_twist_bridge_py.egg-info to /home/xn/unitree_go2_ws/install/go2_twist_bridge_py/lib/python3.8/site-packages/go2_twist_bridge_py-0.0.0-py3.8.egg-info
running install_scripts
Installing twist_bridge_py script to /home/xn/unitree_go2_ws/install/go2_twist_bridge_py/lib/go2_twist_bridge_py
writing list of installed files to '/home/xn/unitree_go2_ws/build/go2_twist_bridge_py/install.log'
