[2.116s] Invoking command in '/home/xn/unitree_go2_ws/build/helloworld_py': PYTHONPATH=/home/xn/unitree_go2_ws/build/helloworld_py/prefix_override:/usr/lib/python3/dist-packages/colcon_core/task/python/colcon_distutils_commands:/home/xn/unitree_go2_ws/install/helloworld_py/lib/python3.8/site-packages:${PYTHONPATH} /usr/bin/python3 -W ignore:setup.py install is deprecated -W ignore:easy_install command is deprecated setup.py develop --uninstall --editable --build-directory /home/xn/unitree_go2_ws/build/helloworld_py/build
[2.542s] running develop
[2.680s] Removing /home/xn/unitree_go2_ws/install/helloworld_py/lib/python3.8/site-packages/helloworld-py.egg-link (link to .)
[2.713s] Invoked command in '/home/xn/unitree_go2_ws/build/helloworld_py' returned '0': PYTHONPATH=/home/xn/unitree_go2_ws/build/helloworld_py/prefix_override:/usr/lib/python3/dist-packages/colcon_core/task/python/colcon_distutils_commands:/home/xn/unitree_go2_ws/install/helloworld_py/lib/python3.8/site-packages:${PYTHONPATH} /usr/bin/python3 -W ignore:setup.py install is deprecated -W ignore:easy_install command is deprecated setup.py develop --uninstall --editable --build-directory /home/xn/unitree_go2_ws/build/helloworld_py/build
[2.717s] Invoking command in '/home/xn/unitree_go2_ws/src/helloworld/helloworld_py': PYTHONPATH=/home/xn/unitree_go2_ws/build/helloworld_py/prefix_override:/usr/lib/python3/dist-packages/colcon_core/task/python/colcon_distutils_commands:/home/xn/unitree_go2_ws/install/helloworld_py/lib/python3.8/site-packages:${PYTHONPATH} /usr/bin/python3 -W ignore:setup.py install is deprecated -W ignore:easy_install command is deprecated setup.py egg_info --egg-base ../../../build/helloworld_py build --build-base /home/xn/unitree_go2_ws/build/helloworld_py/build install --record /home/xn/unitree_go2_ws/build/helloworld_py/install.log --install-scripts $base/lib/helloworld_py --single-version-externally-managed install_data --force
[2.946s] running egg_info
[2.946s] writing ../../../build/helloworld_py/helloworld_py.egg-info/PKG-INFO
[2.946s] writing dependency_links to ../../../build/helloworld_py/helloworld_py.egg-info/dependency_links.txt
[2.946s] writing entry points to ../../../build/helloworld_py/helloworld_py.egg-info/entry_points.txt
[2.947s] writing requirements to ../../../build/helloworld_py/helloworld_py.egg-info/requires.txt
[2.947s] writing top-level names to ../../../build/helloworld_py/helloworld_py.egg-info/top_level.txt
[2.976s] reading manifest file '../../../build/helloworld_py/helloworld_py.egg-info/SOURCES.txt'
[2.976s] writing manifest file '../../../build/helloworld_py/helloworld_py.egg-info/SOURCES.txt'
[2.976s] running build
[2.977s] running build_py
[2.977s] running install
[2.978s] running install_lib
[2.978s] creating /home/xn/unitree_go2_ws/install/helloworld_py/lib/python3.8/site-packages/helloworld_py
[2.979s] copying /home/xn/unitree_go2_ws/build/helloworld_py/build/lib/helloworld_py/__init__.py -> /home/xn/unitree_go2_ws/install/helloworld_py/lib/python3.8/site-packages/helloworld_py
[2.979s] copying /home/xn/unitree_go2_ws/build/helloworld_py/build/lib/helloworld_py/hello_py.py -> /home/xn/unitree_go2_ws/install/helloworld_py/lib/python3.8/site-packages/helloworld_py
[2.979s] byte-compiling /home/xn/unitree_go2_ws/install/helloworld_py/lib/python3.8/site-packages/helloworld_py/__init__.py to __init__.cpython-38.pyc
[2.980s] byte-compiling /home/xn/unitree_go2_ws/install/helloworld_py/lib/python3.8/site-packages/helloworld_py/hello_py.py to hello_py.cpython-38.pyc
[2.980s] running install_data
[2.980s] copying resource/helloworld_py -> /home/xn/unitree_go2_ws/install/helloworld_py/share/ament_index/resource_index/packages
[2.981s] copying package.xml -> /home/xn/unitree_go2_ws/install/helloworld_py/share/helloworld_py
[2.981s] running install_egg_info
[2.982s] Copying ../../../build/helloworld_py/helloworld_py.egg-info to /home/xn/unitree_go2_ws/install/helloworld_py/lib/python3.8/site-packages/helloworld_py-0.0.0-py3.8.egg-info
[2.983s] running install_scripts
[3.003s] Installing hello_py script to /home/xn/unitree_go2_ws/install/helloworld_py/lib/helloworld_py
[3.004s] writing list of installed files to '/home/xn/unitree_go2_ws/build/helloworld_py/install.log'
[3.037s] Invoked command in '/home/xn/unitree_go2_ws/src/helloworld/helloworld_py' returned '0': PYTHONPATH=/home/xn/unitree_go2_ws/build/helloworld_py/prefix_override:/usr/lib/python3/dist-packages/colcon_core/task/python/colcon_distutils_commands:/home/xn/unitree_go2_ws/install/helloworld_py/lib/python3.8/site-packages:${PYTHONPATH} /usr/bin/python3 -W ignore:setup.py install is deprecated -W ignore:easy_install command is deprecated setup.py egg_info --egg-base ../../../build/helloworld_py build --build-base /home/xn/unitree_go2_ws/build/helloworld_py/build install --record /home/xn/unitree_go2_ws/build/helloworld_py/install.log --install-scripts $base/lib/helloworld_py --single-version-externally-managed install_data --force
