[1.923s] Invoking command in '/home/xn/unitree_go2_ws/src/base/go2_driver_py': PYTHONPATH=/home/xn/unitree_go2_ws/build/go2_driver_py/prefix_override:/usr/lib/python3/dist-packages/colcon_core/task/python/colcon_distutils_commands:/home/xn/unitree_go2_ws/install/go2_driver_py/lib/python3.8/site-packages:${PYTHONPATH} /usr/bin/python3 -W ignore:setup.py install is deprecated -W ignore:easy_install command is deprecated setup.py egg_info --egg-base ../../../build/go2_driver_py build --build-base /home/xn/unitree_go2_ws/build/go2_driver_py/build install --record /home/xn/unitree_go2_ws/build/go2_driver_py/install.log --install-scripts $base/lib/go2_driver_py --single-version-externally-managed install_data
[2.266s] running egg_info
[2.268s] writing ../../../build/go2_driver_py/go2_driver_py.egg-info/PKG-INFO
[2.269s] writing dependency_links to ../../../build/go2_driver_py/go2_driver_py.egg-info/dependency_links.txt
[2.270s] writing entry points to ../../../build/go2_driver_py/go2_driver_py.egg-info/entry_points.txt
[2.271s] writing requirements to ../../../build/go2_driver_py/go2_driver_py.egg-info/requires.txt
[2.272s] writing top-level names to ../../../build/go2_driver_py/go2_driver_py.egg-info/top_level.txt
[2.334s] reading manifest file '../../../build/go2_driver_py/go2_driver_py.egg-info/SOURCES.txt'
[2.336s] writing manifest file '../../../build/go2_driver_py/go2_driver_py.egg-info/SOURCES.txt'
[2.336s] running build
[2.336s] running build_py
[2.337s] copying go2_driver_py/driver_py.py -> /home/xn/unitree_go2_ws/build/go2_driver_py/build/lib/go2_driver_py
[2.337s] running install
[2.339s] running install_lib
[2.340s] copying /home/xn/unitree_go2_ws/build/go2_driver_py/build/lib/go2_driver_py/driver_py.py -> /home/xn/unitree_go2_ws/install/go2_driver_py/lib/python3.8/site-packages/go2_driver_py
[2.341s] byte-compiling /home/xn/unitree_go2_ws/install/go2_driver_py/lib/python3.8/site-packages/go2_driver_py/driver_py.py to driver_py.cpython-38.pyc
[2.348s] running install_data
[2.349s] copying package.xml -> /home/xn/unitree_go2_ws/install/go2_driver_py/share/go2_driver_py
[2.349s] running install_egg_info
[2.351s] removing '/home/xn/unitree_go2_ws/install/go2_driver_py/lib/python3.8/site-packages/go2_driver_py-0.0.0-py3.8.egg-info' (and everything under it)
[2.351s] Copying ../../../build/go2_driver_py/go2_driver_py.egg-info to /home/xn/unitree_go2_ws/install/go2_driver_py/lib/python3.8/site-packages/go2_driver_py-0.0.0-py3.8.egg-info
[2.359s] running install_scripts
[2.408s] Installing driver_py script to /home/xn/unitree_go2_ws/install/go2_driver_py/lib/go2_driver_py
[2.408s] writing list of installed files to '/home/xn/unitree_go2_ws/build/go2_driver_py/install.log'
[2.473s] Invoked command in '/home/xn/unitree_go2_ws/src/base/go2_driver_py' returned '0': PYTHONPATH=/home/xn/unitree_go2_ws/build/go2_driver_py/prefix_override:/usr/lib/python3/dist-packages/colcon_core/task/python/colcon_distutils_commands:/home/xn/unitree_go2_ws/install/go2_driver_py/lib/python3.8/site-packages:${PYTHONPATH} /usr/bin/python3 -W ignore:setup.py install is deprecated -W ignore:easy_install command is deprecated setup.py egg_info --egg-base ../../../build/go2_driver_py build --build-base /home/xn/unitree_go2_ws/build/go2_driver_py/build install --record /home/xn/unitree_go2_ws/build/go2_driver_py/install.log --install-scripts $base/lib/go2_driver_py --single-version-externally-managed install_data
