[0.185s] Invoking command in '/home/xn/unitree_go2_ws/build/helloworld': CMAKE_PREFIX_PATH=${CMAKE_PREFIX_PATH}:/home/xn/unitree_go2_ws/install/my_test_py:/home/xn/unitree_go2_ws/install/helloworld_py:/home/xn/unitree_go2_ws/install/go2_teleop_ctrl_keyboard:/opt/ros/foxy /usr/bin/cmake --build /home/xn/unitree_go2_ws/build/helloworld -- -j4 -l4
[0.925s] [100%] Built target hello
[0.933s] Invoked command in '/home/xn/unitree_go2_ws/build/helloworld' returned '0': CMAKE_PREFIX_PATH=${CMAKE_PREFIX_PATH}:/home/xn/unitree_go2_ws/install/my_test_py:/home/xn/unitree_go2_ws/install/helloworld_py:/home/xn/unitree_go2_ws/install/go2_teleop_ctrl_keyboard:/opt/ros/foxy /usr/bin/cmake --build /home/xn/unitree_go2_ws/build/helloworld -- -j4 -l4
[0.952s] Invoking command in '/home/xn/unitree_go2_ws/build/helloworld': CMAKE_PREFIX_PATH=${CMAKE_PREFIX_PATH}:/home/xn/unitree_go2_ws/install/my_test_py:/home/xn/unitree_go2_ws/install/helloworld_py:/home/xn/unitree_go2_ws/install/go2_teleop_ctrl_keyboard:/opt/ros/foxy /usr/bin/cmake --install /home/xn/unitree_go2_ws/build/helloworld
[0.980s] -- Install configuration: ""
[0.983s] -- Up-to-date: /home/xn/unitree_go2_ws/install/helloworld/lib/helloworld/hello
[0.984s] -- Up-to-date: /home/xn/unitree_go2_ws/install/helloworld/share/ament_index/resource_index/package_run_dependencies/helloworld
[0.986s] -- Up-to-date: /home/xn/unitree_go2_ws/install/helloworld/share/ament_index/resource_index/parent_prefix_path/helloworld
[0.988s] -- Up-to-date: /home/xn/unitree_go2_ws/install/helloworld/share/helloworld/environment/ament_prefix_path.sh
[0.989s] -- Up-to-date: /home/xn/unitree_go2_ws/install/helloworld/share/helloworld/environment/ament_prefix_path.dsv
[0.991s] -- Up-to-date: /home/xn/unitree_go2_ws/install/helloworld/share/helloworld/environment/path.sh
[0.995s] -- Up-to-date: /home/xn/unitree_go2_ws/install/helloworld/share/helloworld/environment/path.dsv
[0.996s] -- Up-to-date: /home/xn/unitree_go2_ws/install/helloworld/share/helloworld/local_setup.bash
[0.998s] -- Up-to-date: /home/xn/unitree_go2_ws/install/helloworld/share/helloworld/local_setup.sh
[0.999s] -- Up-to-date: /home/xn/unitree_go2_ws/install/helloworld/share/helloworld/local_setup.zsh
[1.001s] -- Up-to-date: /home/xn/unitree_go2_ws/install/helloworld/share/helloworld/local_setup.dsv
[1.001s] -- Installing: /home/xn/unitree_go2_ws/install/helloworld/share/helloworld/package.dsv
[1.001s] -- Up-to-date: /home/xn/unitree_go2_ws/install/helloworld/share/ament_index/resource_index/packages/helloworld
[1.001s] -- Up-to-date: /home/xn/unitree_go2_ws/install/helloworld/share/helloworld/cmake/helloworldConfig.cmake
[1.001s] -- Up-to-date: /home/xn/unitree_go2_ws/install/helloworld/share/helloworld/cmake/helloworldConfig-version.cmake
[1.001s] -- Up-to-date: /home/xn/unitree_go2_ws/install/helloworld/share/helloworld/package.xml
[1.002s] Invoked command in '/home/xn/unitree_go2_ws/build/helloworld' returned '0': CMAKE_PREFIX_PATH=${CMAKE_PREFIX_PATH}:/home/xn/unitree_go2_ws/install/my_test_py:/home/xn/unitree_go2_ws/install/helloworld_py:/home/xn/unitree_go2_ws/install/go2_teleop_ctrl_keyboard:/opt/ros/foxy /usr/bin/cmake --install /home/xn/unitree_go2_ws/build/helloworld
