[0.401s] Invoking command in '/home/xn/unitree_go2_ws/src/helloworld/helloworld_py': PYTHONPATH=/home/xn/unitree_go2_ws/build/helloworld_py/prefix_override:/usr/lib/python3/dist-packages/colcon_core/task/python/colcon_distutils_commands:/home/xn/unitree_go2_ws/install/helloworld_py/lib/python3.8/site-packages:${PYTHONPATH} /usr/bin/python3 -W ignore:setup.py install is deprecated -W ignore:easy_install command is deprecated setup.py egg_info --egg-base ../../../build/helloworld_py build --build-base /home/xn/unitree_go2_ws/build/helloworld_py/build install --record /home/xn/unitree_go2_ws/build/helloworld_py/install.log --install-scripts $base/lib/helloworld_py --single-version-externally-managed install_data
[0.518s] running egg_info
[0.518s] writing ../../../build/helloworld_py/helloworld_py.egg-info/PKG-INFO
[0.519s] writing dependency_links to ../../../build/helloworld_py/helloworld_py.egg-info/dependency_links.txt
[0.519s] writing entry points to ../../../build/helloworld_py/helloworld_py.egg-info/entry_points.txt
[0.520s] writing requirements to ../../../build/helloworld_py/helloworld_py.egg-info/requires.txt
[0.520s] writing top-level names to ../../../build/helloworld_py/helloworld_py.egg-info/top_level.txt
[0.542s] reading manifest file '../../../build/helloworld_py/helloworld_py.egg-info/SOURCES.txt'
[0.542s] writing manifest file '../../../build/helloworld_py/helloworld_py.egg-info/SOURCES.txt'
[0.543s] running build
[0.543s] running build_py
[0.543s] copying helloworld_py/hello_py.py -> /home/xn/unitree_go2_ws/build/helloworld_py/build/lib/helloworld_py
[0.543s] running install
[0.544s] running install_lib
[0.544s] copying /home/xn/unitree_go2_ws/build/helloworld_py/build/lib/helloworld_py/hello_py.py -> /home/xn/unitree_go2_ws/install/helloworld_py/lib/python3.8/site-packages/helloworld_py
[0.544s] byte-compiling /home/xn/unitree_go2_ws/install/helloworld_py/lib/python3.8/site-packages/helloworld_py/hello_py.py to hello_py.cpython-38.pyc
[0.545s] running install_data
[0.545s] running install_egg_info
[0.547s] removing '/home/xn/unitree_go2_ws/install/helloworld_py/lib/python3.8/site-packages/helloworld_py-0.0.0-py3.8.egg-info' (and everything under it)
[0.547s] Copying ../../../build/helloworld_py/helloworld_py.egg-info to /home/xn/unitree_go2_ws/install/helloworld_py/lib/python3.8/site-packages/helloworld_py-0.0.0-py3.8.egg-info
[0.547s] running install_scripts
[0.560s] Installing hello_py script to /home/xn/unitree_go2_ws/install/helloworld_py/lib/helloworld_py
[0.560s] writing list of installed files to '/home/xn/unitree_go2_ws/build/helloworld_py/install.log'
[0.575s] Invoked command in '/home/xn/unitree_go2_ws/src/helloworld/helloworld_py' returned '0': PYTHONPATH=/home/xn/unitree_go2_ws/build/helloworld_py/prefix_override:/usr/lib/python3/dist-packages/colcon_core/task/python/colcon_distutils_commands:/home/xn/unitree_go2_ws/install/helloworld_py/lib/python3.8/site-packages:${PYTHONPATH} /usr/bin/python3 -W ignore:setup.py install is deprecated -W ignore:easy_install command is deprecated setup.py egg_info --egg-base ../../../build/helloworld_py build --build-base /home/xn/unitree_go2_ws/build/helloworld_py/build install --record /home/xn/unitree_go2_ws/build/helloworld_py/install.log --install-scripts $base/lib/helloworld_py --single-version-externally-managed install_data
