-- Found ament_cmake: 0.9.12 (/opt/ros/foxy/share/ament_cmake/cmake)
-- Using PYTHON_EXECUTABLE: /usr/bin/python3
-- Override CMake install command with custom implementation using symlinks instead of copying resources
-- Found rclcpp: 2.4.3 (/opt/ros/foxy/share/rclcpp/cmake)
-- Using all available rosidl_typesupport_c: rosidl_typesupport_fastrtps_c;rosidl_typesupport_introspection_c
-- Found rosidl_adapter: 1.3.1 (/opt/ros/foxy/share/rosidl_adapter/cmake)
-- Using all available rosidl_typesupport_cpp: rosidl_typesupport_fastrtps_cpp;rosidl_typesupport_introspection_cpp
-- Found rmw_implementation_cmake: 1.0.4 (/opt/ros/foxy/share/rmw_implementation_cmake/cmake)
-- Using RMW implementation 'rmw_cyclonedds_cpp' as default
-- Found geometry_msgs: 2.0.5 (/opt/ros/foxy/share/geometry_msgs/cmake)
-- Found unitree_api: 0.0.0 (/home/xn/unitree_ros2/cyclonedds_ws/install/unitree_api/share/unitree_api/cmake)
-- Found ament_lint_auto: 0.9.8 (/opt/ros/foxy/share/ament_lint_auto/cmake)
-- Added test 'copyright' to check source files copyright and LICENSE
-- Added test 'cppcheck' to perform static code analysis on C / C++ code
-- Configured cppcheck include dirs: $<BUILD_INTERFACE:/home/xn/unitree_go2_ws/src/base/go2_twist_bridge/include>
-- Configured cppcheck exclude dirs and/or files: 
-- Added test 'cpplint' to check C / C++ code against the Google style
-- Configured cpplint exclude dirs and/or files: 
-- Added test 'lint_cmake' to check CMake code style
-- Added test 'uncrustify' to check C / C++ code style
-- Configured uncrustify additional arguments: 
-- Added test 'xmllint' to check XML markup files
-- Configuring done
-- Generating done
-- Build files have been written to: /home/xn/unitree_go2_ws/build/go2_twist_bridge
[100%] Built target twist_bridge
-- Install configuration: ""
-- Execute custom install script
-- Up-to-date symlink: /home/xn/unitree_go2_ws/install/go2_twist_bridge/lib/go2_twist_bridge/twist_bridge
-- Up-to-date symlink: /home/xn/unitree_go2_ws/install/go2_twist_bridge/share/ament_index/resource_index/package_run_dependencies/go2_twist_bridge
-- Up-to-date symlink: /home/xn/unitree_go2_ws/install/go2_twist_bridge/share/ament_index/resource_index/parent_prefix_path/go2_twist_bridge
-- Up-to-date symlink: /home/xn/unitree_go2_ws/install/go2_twist_bridge/share/go2_twist_bridge/environment/ament_prefix_path.sh
-- Up-to-date symlink: /home/xn/unitree_go2_ws/install/go2_twist_bridge/share/go2_twist_bridge/environment/ament_prefix_path.dsv
-- Up-to-date symlink: /home/xn/unitree_go2_ws/install/go2_twist_bridge/share/go2_twist_bridge/environment/path.sh
-- Up-to-date symlink: /home/xn/unitree_go2_ws/install/go2_twist_bridge/share/go2_twist_bridge/environment/path.dsv
-- Up-to-date symlink: /home/xn/unitree_go2_ws/install/go2_twist_bridge/share/go2_twist_bridge/local_setup.bash
-- Up-to-date symlink: /home/xn/unitree_go2_ws/install/go2_twist_bridge/share/go2_twist_bridge/local_setup.sh
-- Up-to-date symlink: /home/xn/unitree_go2_ws/install/go2_twist_bridge/share/go2_twist_bridge/local_setup.zsh
-- Up-to-date symlink: /home/xn/unitree_go2_ws/install/go2_twist_bridge/share/go2_twist_bridge/local_setup.dsv
-- Symlinking: /home/xn/unitree_go2_ws/install/go2_twist_bridge/share/go2_twist_bridge/package.dsv
-- Up-to-date symlink: /home/xn/unitree_go2_ws/install/go2_twist_bridge/share/ament_index/resource_index/packages/go2_twist_bridge
-- Up-to-date symlink: /home/xn/unitree_go2_ws/install/go2_twist_bridge/share/go2_twist_bridge/cmake/go2_twist_bridgeConfig.cmake
-- Up-to-date symlink: /home/xn/unitree_go2_ws/install/go2_twist_bridge/share/go2_twist_bridge/cmake/go2_twist_bridgeConfig-version.cmake
-- Up-to-date symlink: /home/xn/unitree_go2_ws/install/go2_twist_bridge/share/go2_twist_bridge/package.xml
