[0.127s] DEBUG:colcon:Command line arguments: ['/usr/bin/colcon', 'build']
[0.127s] DEBUG:colcon:Parsed command line arguments: Namespace(allow_overriding=[], ament_cmake_args=None, base_paths=['.'], build_base='build', catkin_cmake_args=None, catkin_skip_building_tests=False, cmake_args=None, cmake_clean_cache=False, cmake_clean_first=False, cmake_force_configure=False, cmake_target=None, cmake_target_skip_unavailable=False, continue_on_error=False, event_handlers=None, executor='parallel', ignore_user_meta=False, install_base='install', log_base=None, log_level=None, main=<bound method BuildVerb.main of <colcon_core.verb.build.BuildVerb object at 0x7f14c2d5a520>>, merge_install=False, metas=['./colcon.meta'], mixin=None, mixin_files=None, mixin_verb=('build',), packages_above=None, packages_above_and_dependencies=None, packages_above_depth=None, packages_end=None, packages_ignore=None, packages_ignore_regex=None, packages_select=None, packages_select_build_failed=False, packages_select_by_dep=None, packages_select_regex=None, packages_select_test_failures=False, packages_skip=None, packages_skip_build_finished=False, packages_skip_by_dep=None, packages_skip_regex=None, packages_skip_test_passed=False, packages_skip_up_to=None, packages_start=None, packages_up_to=None, packages_up_to_regex=None, parallel_workers=4, paths=None, symlink_install=False, test_result_base=None, verb_extension=<colcon_core.verb.build.BuildVerb object at 0x7f14c2d5a520>, verb_name='build', verb_parser=<colcon_mixin.mixin.mixin_argument.MixinArgumentDecorator object at 0x7f14c2d5aa00>)
[0.219s] Level 1:colcon.colcon_core.package_discovery:discover_packages(colcon_meta) check parameters
[0.219s] Level 1:colcon.colcon_core.package_discovery:discover_packages(recursive) check parameters
[0.219s] Level 1:colcon.colcon_core.package_discovery:discover_packages(ignore) check parameters
[0.219s] Level 1:colcon.colcon_core.package_discovery:discover_packages(path) check parameters
[0.219s] Level 1:colcon.colcon_core.package_discovery:discover_packages(colcon_meta) discover
[0.219s] Level 1:colcon.colcon_core.package_discovery:discover_packages(recursive) discover
[0.219s] INFO:colcon.colcon_core.package_discovery:Crawling recursively for packages in '/home/xn/unitree_go2_ws'
[0.219s] Level 1:colcon.colcon_core.package_identification:_identify(.) by extensions ['ignore', 'ignore_ament_install']
[0.219s] Level 1:colcon.colcon_core.package_identification:_identify(.) by extension 'ignore'
[0.219s] Level 1:colcon.colcon_core.package_identification:_identify(.) by extension 'ignore_ament_install'
[0.219s] Level 1:colcon.colcon_core.package_identification:_identify(.) by extensions ['colcon_pkg']
[0.219s] Level 1:colcon.colcon_core.package_identification:_identify(.) by extension 'colcon_pkg'
[0.219s] Level 1:colcon.colcon_core.package_identification:_identify(.) by extensions ['colcon_meta']
[0.219s] Level 1:colcon.colcon_core.package_identification:_identify(.) by extension 'colcon_meta'
[0.219s] Level 1:colcon.colcon_core.package_identification:_identify(.) by extensions ['ros']
[0.219s] Level 1:colcon.colcon_core.package_identification:_identify(.) by extension 'ros'
[0.226s] Level 1:colcon.colcon_core.package_identification:_identify(.) by extensions ['cmake', 'python']
[0.226s] Level 1:colcon.colcon_core.package_identification:_identify(.) by extension 'cmake'
[0.227s] Level 1:colcon.colcon_core.package_identification:_identify(.) by extension 'python'
[0.227s] Level 1:colcon.colcon_core.package_identification:_identify(.) by extensions ['python_setup_py']
[0.227s] Level 1:colcon.colcon_core.package_identification:_identify(.) by extension 'python_setup_py'
[0.227s] Level 1:colcon.colcon_core.package_identification:_identify(build) by extensions ['ignore', 'ignore_ament_install']
[0.227s] Level 1:colcon.colcon_core.package_identification:_identify(build) by extension 'ignore'
[0.227s] Level 1:colcon.colcon_core.package_identification:_identify(build) ignored
[0.227s] Level 1:colcon.colcon_core.package_identification:_identify(install) by extensions ['ignore', 'ignore_ament_install']
[0.227s] Level 1:colcon.colcon_core.package_identification:_identify(install) by extension 'ignore'
[0.227s] Level 1:colcon.colcon_core.package_identification:_identify(install) ignored
[0.227s] Level 1:colcon.colcon_core.package_identification:_identify(log) by extensions ['ignore', 'ignore_ament_install']
[0.227s] Level 1:colcon.colcon_core.package_identification:_identify(log) by extension 'ignore'
[0.227s] Level 1:colcon.colcon_core.package_identification:_identify(log) ignored
[0.227s] Level 1:colcon.colcon_core.package_identification:_identify(src) by extensions ['ignore', 'ignore_ament_install']
[0.227s] Level 1:colcon.colcon_core.package_identification:_identify(src) by extension 'ignore'
[0.227s] Level 1:colcon.colcon_core.package_identification:_identify(src) by extension 'ignore_ament_install'
[0.227s] Level 1:colcon.colcon_core.package_identification:_identify(src) by extensions ['colcon_pkg']
[0.227s] Level 1:colcon.colcon_core.package_identification:_identify(src) by extension 'colcon_pkg'
[0.227s] Level 1:colcon.colcon_core.package_identification:_identify(src) by extensions ['colcon_meta']
[0.227s] Level 1:colcon.colcon_core.package_identification:_identify(src) by extension 'colcon_meta'
[0.227s] Level 1:colcon.colcon_core.package_identification:_identify(src) by extensions ['ros']
[0.227s] Level 1:colcon.colcon_core.package_identification:_identify(src) by extension 'ros'
[0.227s] Level 1:colcon.colcon_core.package_identification:_identify(src) by extensions ['cmake', 'python']
[0.227s] Level 1:colcon.colcon_core.package_identification:_identify(src) by extension 'cmake'
[0.227s] Level 1:colcon.colcon_core.package_identification:_identify(src) by extension 'python'
[0.227s] Level 1:colcon.colcon_core.package_identification:_identify(src) by extensions ['python_setup_py']
[0.227s] Level 1:colcon.colcon_core.package_identification:_identify(src) by extension 'python_setup_py'
[0.227s] Level 1:colcon.colcon_core.package_identification:_identify(src/base) by extensions ['ignore', 'ignore_ament_install']
[0.227s] Level 1:colcon.colcon_core.package_identification:_identify(src/base) by extension 'ignore'
[0.227s] Level 1:colcon.colcon_core.package_identification:_identify(src/base) by extension 'ignore_ament_install'
[0.227s] Level 1:colcon.colcon_core.package_identification:_identify(src/base) by extensions ['colcon_pkg']
[0.227s] Level 1:colcon.colcon_core.package_identification:_identify(src/base) by extension 'colcon_pkg'
[0.228s] Level 1:colcon.colcon_core.package_identification:_identify(src/base) by extensions ['colcon_meta']
[0.228s] Level 1:colcon.colcon_core.package_identification:_identify(src/base) by extension 'colcon_meta'
[0.228s] Level 1:colcon.colcon_core.package_identification:_identify(src/base) by extensions ['ros']
[0.228s] Level 1:colcon.colcon_core.package_identification:_identify(src/base) by extension 'ros'
[0.228s] Level 1:colcon.colcon_core.package_identification:_identify(src/base) by extensions ['cmake', 'python']
[0.228s] Level 1:colcon.colcon_core.package_identification:_identify(src/base) by extension 'cmake'
[0.228s] Level 1:colcon.colcon_core.package_identification:_identify(src/base) by extension 'python'
[0.228s] Level 1:colcon.colcon_core.package_identification:_identify(src/base) by extensions ['python_setup_py']
[0.228s] Level 1:colcon.colcon_core.package_identification:_identify(src/base) by extension 'python_setup_py'
[0.228s] Level 1:colcon.colcon_core.package_identification:_identify(src/base/GO2_URDF) by extensions ['ignore', 'ignore_ament_install']
[0.228s] Level 1:colcon.colcon_core.package_identification:_identify(src/base/GO2_URDF) by extension 'ignore'
[0.228s] Level 1:colcon.colcon_core.package_identification:_identify(src/base/GO2_URDF) by extension 'ignore_ament_install'
[0.228s] Level 1:colcon.colcon_core.package_identification:_identify(src/base/GO2_URDF) by extensions ['colcon_pkg']
[0.228s] Level 1:colcon.colcon_core.package_identification:_identify(src/base/GO2_URDF) by extension 'colcon_pkg'
[0.228s] Level 1:colcon.colcon_core.package_identification:_identify(src/base/GO2_URDF) by extensions ['colcon_meta']
[0.228s] Level 1:colcon.colcon_core.package_identification:_identify(src/base/GO2_URDF) by extension 'colcon_meta'
[0.228s] Level 1:colcon.colcon_core.package_identification:_identify(src/base/GO2_URDF) by extensions ['ros']
[0.228s] Level 1:colcon.colcon_core.package_identification:_identify(src/base/GO2_URDF) by extension 'ros'
[0.230s] DEBUG:colcon.colcon_core.package_identification:Package 'src/base/GO2_URDF' with type 'ros.catkin' and name 'go2_description'
[0.230s] Level 1:colcon.colcon_core.package_identification:_identify(src/base/go2_description) by extensions ['ignore', 'ignore_ament_install']
[0.230s] Level 1:colcon.colcon_core.package_identification:_identify(src/base/go2_description) by extension 'ignore'
[0.230s] Level 1:colcon.colcon_core.package_identification:_identify(src/base/go2_description) by extension 'ignore_ament_install'
[0.230s] Level 1:colcon.colcon_core.package_identification:_identify(src/base/go2_description) by extensions ['colcon_pkg']
[0.230s] Level 1:colcon.colcon_core.package_identification:_identify(src/base/go2_description) by extension 'colcon_pkg'
[0.230s] Level 1:colcon.colcon_core.package_identification:_identify(src/base/go2_description) by extensions ['colcon_meta']
[0.230s] Level 1:colcon.colcon_core.package_identification:_identify(src/base/go2_description) by extension 'colcon_meta'
[0.230s] Level 1:colcon.colcon_core.package_identification:_identify(src/base/go2_description) by extensions ['ros']
[0.230s] Level 1:colcon.colcon_core.package_identification:_identify(src/base/go2_description) by extension 'ros'
[0.230s] DEBUG:colcon.colcon_core.package_identification:Package 'src/base/go2_description' with type 'ros.ament_cmake' and name 'go2_description'
[0.230s] Level 1:colcon.colcon_core.package_identification:_identify(src/base/go2_teleop_ctrl_keyboard) by extensions ['ignore', 'ignore_ament_install']
[0.231s] Level 1:colcon.colcon_core.package_identification:_identify(src/base/go2_teleop_ctrl_keyboard) by extension 'ignore'
[0.231s] Level 1:colcon.colcon_core.package_identification:_identify(src/base/go2_teleop_ctrl_keyboard) by extension 'ignore_ament_install'
[0.231s] Level 1:colcon.colcon_core.package_identification:_identify(src/base/go2_teleop_ctrl_keyboard) by extensions ['colcon_pkg']
[0.231s] Level 1:colcon.colcon_core.package_identification:_identify(src/base/go2_teleop_ctrl_keyboard) by extension 'colcon_pkg'
[0.231s] Level 1:colcon.colcon_core.package_identification:_identify(src/base/go2_teleop_ctrl_keyboard) by extensions ['colcon_meta']
[0.231s] Level 1:colcon.colcon_core.package_identification:_identify(src/base/go2_teleop_ctrl_keyboard) by extension 'colcon_meta'
[0.231s] Level 1:colcon.colcon_core.package_identification:_identify(src/base/go2_teleop_ctrl_keyboard) by extensions ['ros']
[0.231s] Level 1:colcon.colcon_core.package_identification:_identify(src/base/go2_teleop_ctrl_keyboard) by extension 'ros'
[0.231s] DEBUG:colcon.colcon_core.package_identification:Package 'src/base/go2_teleop_ctrl_keyboard' with type 'ros.ament_python' and name 'go2_teleop_ctrl_keyboard'
[0.231s] Level 1:colcon.colcon_core.package_identification:_identify(src/base/go2_twist_bridge) by extensions ['ignore', 'ignore_ament_install']
[0.231s] Level 1:colcon.colcon_core.package_identification:_identify(src/base/go2_twist_bridge) by extension 'ignore'
[0.231s] Level 1:colcon.colcon_core.package_identification:_identify(src/base/go2_twist_bridge) by extension 'ignore_ament_install'
[0.232s] Level 1:colcon.colcon_core.package_identification:_identify(src/base/go2_twist_bridge) by extensions ['colcon_pkg']
[0.232s] Level 1:colcon.colcon_core.package_identification:_identify(src/base/go2_twist_bridge) by extension 'colcon_pkg'
[0.232s] Level 1:colcon.colcon_core.package_identification:_identify(src/base/go2_twist_bridge) by extensions ['colcon_meta']
[0.232s] Level 1:colcon.colcon_core.package_identification:_identify(src/base/go2_twist_bridge) by extension 'colcon_meta'
[0.232s] Level 1:colcon.colcon_core.package_identification:_identify(src/base/go2_twist_bridge) by extensions ['ros']
[0.232s] Level 1:colcon.colcon_core.package_identification:_identify(src/base/go2_twist_bridge) by extension 'ros'
[0.232s] DEBUG:colcon.colcon_core.package_identification:Package 'src/base/go2_twist_bridge' with type 'ros.ament_cmake' and name 'go2_twist_bridge'
[0.232s] Level 1:colcon.colcon_core.package_identification:_identify(src/base/go2_twist_bridge_py) by extensions ['ignore', 'ignore_ament_install']
[0.232s] Level 1:colcon.colcon_core.package_identification:_identify(src/base/go2_twist_bridge_py) by extension 'ignore'
[0.232s] Level 1:colcon.colcon_core.package_identification:_identify(src/base/go2_twist_bridge_py) by extension 'ignore_ament_install'
[0.232s] Level 1:colcon.colcon_core.package_identification:_identify(src/base/go2_twist_bridge_py) by extensions ['colcon_pkg']
[0.232s] Level 1:colcon.colcon_core.package_identification:_identify(src/base/go2_twist_bridge_py) by extension 'colcon_pkg'
[0.232s] Level 1:colcon.colcon_core.package_identification:_identify(src/base/go2_twist_bridge_py) by extensions ['colcon_meta']
[0.232s] Level 1:colcon.colcon_core.package_identification:_identify(src/base/go2_twist_bridge_py) by extension 'colcon_meta'
[0.232s] Level 1:colcon.colcon_core.package_identification:_identify(src/base/go2_twist_bridge_py) by extensions ['ros']
[0.232s] Level 1:colcon.colcon_core.package_identification:_identify(src/base/go2_twist_bridge_py) by extension 'ros'
[0.233s] DEBUG:colcon.colcon_core.package_identification:Package 'src/base/go2_twist_bridge_py' with type 'ros.ament_python' and name 'go2_twist_bridge_py'
[0.233s] Level 1:colcon.colcon_core.package_identification:_identify(src/helloworld) by extensions ['ignore', 'ignore_ament_install']
[0.233s] Level 1:colcon.colcon_core.package_identification:_identify(src/helloworld) by extension 'ignore'
[0.233s] Level 1:colcon.colcon_core.package_identification:_identify(src/helloworld) by extension 'ignore_ament_install'
[0.233s] Level 1:colcon.colcon_core.package_identification:_identify(src/helloworld) by extensions ['colcon_pkg']
[0.233s] Level 1:colcon.colcon_core.package_identification:_identify(src/helloworld) by extension 'colcon_pkg'
[0.233s] Level 1:colcon.colcon_core.package_identification:_identify(src/helloworld) by extensions ['colcon_meta']
[0.233s] Level 1:colcon.colcon_core.package_identification:_identify(src/helloworld) by extension 'colcon_meta'
[0.233s] Level 1:colcon.colcon_core.package_identification:_identify(src/helloworld) by extensions ['ros']
[0.233s] Level 1:colcon.colcon_core.package_identification:_identify(src/helloworld) by extension 'ros'
[0.233s] Level 1:colcon.colcon_core.package_identification:_identify(src/helloworld) by extensions ['cmake', 'python']
[0.233s] Level 1:colcon.colcon_core.package_identification:_identify(src/helloworld) by extension 'cmake'
[0.233s] Level 1:colcon.colcon_core.package_identification:_identify(src/helloworld) by extension 'python'
[0.233s] Level 1:colcon.colcon_core.package_identification:_identify(src/helloworld) by extensions ['python_setup_py']
[0.233s] Level 1:colcon.colcon_core.package_identification:_identify(src/helloworld) by extension 'python_setup_py'
[0.233s] Level 1:colcon.colcon_core.package_identification:_identify(src/helloworld/helloworld) by extensions ['ignore', 'ignore_ament_install']
[0.233s] Level 1:colcon.colcon_core.package_identification:_identify(src/helloworld/helloworld) by extension 'ignore'
[0.233s] Level 1:colcon.colcon_core.package_identification:_identify(src/helloworld/helloworld) by extension 'ignore_ament_install'
[0.233s] Level 1:colcon.colcon_core.package_identification:_identify(src/helloworld/helloworld) by extensions ['colcon_pkg']
[0.233s] Level 1:colcon.colcon_core.package_identification:_identify(src/helloworld/helloworld) by extension 'colcon_pkg'
[0.233s] Level 1:colcon.colcon_core.package_identification:_identify(src/helloworld/helloworld) by extensions ['colcon_meta']
[0.233s] Level 1:colcon.colcon_core.package_identification:_identify(src/helloworld/helloworld) by extension 'colcon_meta'
[0.234s] Level 1:colcon.colcon_core.package_identification:_identify(src/helloworld/helloworld) by extensions ['ros']
[0.234s] Level 1:colcon.colcon_core.package_identification:_identify(src/helloworld/helloworld) by extension 'ros'
[0.234s] DEBUG:colcon.colcon_core.package_identification:Package 'src/helloworld/helloworld' with type 'ros.ament_cmake' and name 'helloworld'
[0.234s] Level 1:colcon.colcon_core.package_identification:_identify(src/helloworld/helloworld_py) by extensions ['ignore', 'ignore_ament_install']
[0.234s] Level 1:colcon.colcon_core.package_identification:_identify(src/helloworld/helloworld_py) by extension 'ignore'
[0.234s] Level 1:colcon.colcon_core.package_identification:_identify(src/helloworld/helloworld_py) by extension 'ignore_ament_install'
[0.234s] Level 1:colcon.colcon_core.package_identification:_identify(src/helloworld/helloworld_py) by extensions ['colcon_pkg']
[0.234s] Level 1:colcon.colcon_core.package_identification:_identify(src/helloworld/helloworld_py) by extension 'colcon_pkg'
[0.234s] Level 1:colcon.colcon_core.package_identification:_identify(src/helloworld/helloworld_py) by extensions ['colcon_meta']
[0.234s] Level 1:colcon.colcon_core.package_identification:_identify(src/helloworld/helloworld_py) by extension 'colcon_meta'
[0.234s] Level 1:colcon.colcon_core.package_identification:_identify(src/helloworld/helloworld_py) by extensions ['ros']
[0.234s] Level 1:colcon.colcon_core.package_identification:_identify(src/helloworld/helloworld_py) by extension 'ros'
[0.235s] DEBUG:colcon.colcon_core.package_identification:Package 'src/helloworld/helloworld_py' with type 'ros.ament_python' and name 'helloworld_py'
[0.235s] Level 1:colcon.colcon_core.package_identification:_identify(src/test) by extensions ['ignore', 'ignore_ament_install']
[0.235s] Level 1:colcon.colcon_core.package_identification:_identify(src/test) by extension 'ignore'
[0.235s] Level 1:colcon.colcon_core.package_identification:_identify(src/test) by extension 'ignore_ament_install'
[0.235s] Level 1:colcon.colcon_core.package_identification:_identify(src/test) by extensions ['colcon_pkg']
[0.235s] Level 1:colcon.colcon_core.package_identification:_identify(src/test) by extension 'colcon_pkg'
[0.235s] Level 1:colcon.colcon_core.package_identification:_identify(src/test) by extensions ['colcon_meta']
[0.235s] Level 1:colcon.colcon_core.package_identification:_identify(src/test) by extension 'colcon_meta'
[0.235s] Level 1:colcon.colcon_core.package_identification:_identify(src/test) by extensions ['ros']
[0.235s] Level 1:colcon.colcon_core.package_identification:_identify(src/test) by extension 'ros'
[0.235s] Level 1:colcon.colcon_core.package_identification:_identify(src/test) by extensions ['cmake', 'python']
[0.235s] Level 1:colcon.colcon_core.package_identification:_identify(src/test) by extension 'cmake'
[0.235s] Level 1:colcon.colcon_core.package_identification:_identify(src/test) by extension 'python'
[0.235s] Level 1:colcon.colcon_core.package_identification:_identify(src/test) by extensions ['python_setup_py']
[0.235s] Level 1:colcon.colcon_core.package_identification:_identify(src/test) by extension 'python_setup_py'
[0.235s] Level 1:colcon.colcon_core.package_identification:_identify(src/test/my_test_py) by extensions ['ignore', 'ignore_ament_install']
[0.235s] Level 1:colcon.colcon_core.package_identification:_identify(src/test/my_test_py) by extension 'ignore'
[0.235s] Level 1:colcon.colcon_core.package_identification:_identify(src/test/my_test_py) by extension 'ignore_ament_install'
[0.235s] Level 1:colcon.colcon_core.package_identification:_identify(src/test/my_test_py) by extensions ['colcon_pkg']
[0.235s] Level 1:colcon.colcon_core.package_identification:_identify(src/test/my_test_py) by extension 'colcon_pkg'
[0.235s] Level 1:colcon.colcon_core.package_identification:_identify(src/test/my_test_py) by extensions ['colcon_meta']
[0.235s] Level 1:colcon.colcon_core.package_identification:_identify(src/test/my_test_py) by extension 'colcon_meta'
[0.235s] Level 1:colcon.colcon_core.package_identification:_identify(src/test/my_test_py) by extensions ['ros']
[0.235s] Level 1:colcon.colcon_core.package_identification:_identify(src/test/my_test_py) by extension 'ros'
[0.236s] DEBUG:colcon.colcon_core.package_identification:Package 'src/test/my_test_py' with type 'ros.ament_python' and name 'my_test_py'
[0.236s] Level 1:colcon.colcon_core.package_identification:_identify(src/tutorial) by extensions ['ignore', 'ignore_ament_install']
[0.236s] Level 1:colcon.colcon_core.package_identification:_identify(src/tutorial) by extension 'ignore'
[0.236s] Level 1:colcon.colcon_core.package_identification:_identify(src/tutorial) by extension 'ignore_ament_install'
[0.236s] Level 1:colcon.colcon_core.package_identification:_identify(src/tutorial) by extensions ['colcon_pkg']
[0.236s] Level 1:colcon.colcon_core.package_identification:_identify(src/tutorial) by extension 'colcon_pkg'
[0.236s] Level 1:colcon.colcon_core.package_identification:_identify(src/tutorial) by extensions ['colcon_meta']
[0.236s] Level 1:colcon.colcon_core.package_identification:_identify(src/tutorial) by extension 'colcon_meta'
[0.236s] Level 1:colcon.colcon_core.package_identification:_identify(src/tutorial) by extensions ['ros']
[0.236s] Level 1:colcon.colcon_core.package_identification:_identify(src/tutorial) by extension 'ros'
[0.236s] Level 1:colcon.colcon_core.package_identification:_identify(src/tutorial) by extensions ['cmake', 'python']
[0.236s] Level 1:colcon.colcon_core.package_identification:_identify(src/tutorial) by extension 'cmake'
[0.236s] Level 1:colcon.colcon_core.package_identification:_identify(src/tutorial) by extension 'python'
[0.236s] Level 1:colcon.colcon_core.package_identification:_identify(src/tutorial) by extensions ['python_setup_py']
[0.236s] Level 1:colcon.colcon_core.package_identification:_identify(src/tutorial) by extension 'python_setup_py'
[0.236s] Level 1:colcon.colcon_core.package_discovery:discover_packages(recursive) using defaults
[0.236s] Level 1:colcon.colcon_core.package_discovery:discover_packages(ignore) discover
[0.236s] Level 1:colcon.colcon_core.package_discovery:discover_packages(ignore) using defaults
[0.236s] Level 1:colcon.colcon_core.package_discovery:discover_packages(path) discover
[0.236s] Level 1:colcon.colcon_core.package_discovery:discover_packages(path) using defaults
[0.248s] Level 1:colcon.colcon_core.package_discovery:discover_packages(prefix_path) check parameters
[0.248s] Level 1:colcon.colcon_core.package_discovery:discover_packages(prefix_path) discover
[0.249s] WARNING:colcon.colcon_core.prefix_path.colcon:The path '/home/xn/unitree_go2_ws/src/base/install' in the environment variable COLCON_PREFIX_PATH doesn't exist
[0.249s] WARNING:colcon.colcon_ros.prefix_path.ament:The path '/home/xn/unitree_go2_ws/src/base/install/go2_twist_bridge_py' in the environment variable AMENT_PREFIX_PATH doesn't exist
[0.249s] WARNING:colcon.colcon_ros.prefix_path.ament:The path '/home/xn/unitree_go2_ws/src/base/install/go2_twist_bridge' in the environment variable AMENT_PREFIX_PATH doesn't exist
[0.249s] WARNING:colcon.colcon_ros.prefix_path.ament:The path '/home/xn/unitree_go2_ws/src/base/install/go2_teleop_ctrl_keyboard' in the environment variable AMENT_PREFIX_PATH doesn't exist
[0.250s] WARNING:colcon.colcon_ros.prefix_path.catkin:The path '/home/xn/unitree_go2_ws/src/base/install/go2_twist_bridge' in the environment variable CMAKE_PREFIX_PATH doesn't exist
[0.250s] DEBUG:colcon.colcon_installed_package_information.package_discovery:Found 6 installed packages in /home/xn/unitree_go2_ws/install
[0.251s] DEBUG:colcon.colcon_installed_package_information.package_discovery:Found 5 installed packages in /home/xn/unitree_ros2/cyclonedds_ws/install
[0.252s] DEBUG:colcon.colcon_installed_package_information.package_discovery:Found 258 installed packages in /opt/ros/foxy
[0.261s] Level 1:colcon.colcon_core.package_discovery:discover_packages(prefix_path) using defaults
[0.297s] ERROR:colcon:colcon build: Duplicate package names not supported:
- go2_description:
  - src/base/GO2_URDF
  - src/base/go2_description
