[1.325s] Invoking command in '/home/xn/unitree_go2_ws/src/tutorial/go2_tutorial_py': PYTHONPATH=/home/xn/unitree_go2_ws/build/go2_tutorial_py/prefix_override:/usr/lib/python3/dist-packages/colcon_core/task/python/colcon_distutils_commands:/home/xn/unitree_go2_ws/install/go2_tutorial_py/lib/python3.8/site-packages:${PYTHONPATH} /usr/bin/python3 -W ignore:setup.py install is deprecated -W ignore:easy_install command is deprecated setup.py egg_info --egg-base ../../../build/go2_tutorial_py build --build-base /home/xn/unitree_go2_ws/build/go2_tutorial_py/build install --record /home/xn/unitree_go2_ws/build/go2_tutorial_py/install.log --install-scripts $base/lib/go2_tutorial_py --single-version-externally-managed install_data
[1.489s] running egg_info
[1.490s] writing ../../../build/go2_tutorial_py/go2_tutorial_py.egg-info/PKG-INFO
[1.491s] writing dependency_links to ../../../build/go2_tutorial_py/go2_tutorial_py.egg-info/dependency_links.txt
[1.491s] writing entry points to ../../../build/go2_tutorial_py/go2_tutorial_py.egg-info/entry_points.txt
[1.491s] writing requirements to ../../../build/go2_tutorial_py/go2_tutorial_py.egg-info/requires.txt
[1.491s] writing top-level names to ../../../build/go2_tutorial_py/go2_tutorial_py.egg-info/top_level.txt
[1.544s] reading manifest file '../../../build/go2_tutorial_py/go2_tutorial_py.egg-info/SOURCES.txt'
[1.547s] writing manifest file '../../../build/go2_tutorial_py/go2_tutorial_py.egg-info/SOURCES.txt'
[1.547s] running build
[1.547s] running build_py
[1.553s] running install
[1.554s] running install_lib
[1.558s] running install_data
[1.559s] running install_egg_info
[1.559s] removing '/home/xn/unitree_go2_ws/install/go2_tutorial_py/lib/python3.8/site-packages/go2_tutorial_py-0.0.0-py3.8.egg-info' (and everything under it)
[1.562s] Copying ../../../build/go2_tutorial_py/go2_tutorial_py.egg-info to /home/xn/unitree_go2_ws/install/go2_tutorial_py/lib/python3.8/site-packages/go2_tutorial_py-0.0.0-py3.8.egg-info
[1.562s] running install_scripts
[1.581s] Installing go2_ctrl script to /home/xn/unitree_go2_ws/install/go2_tutorial_py/lib/go2_tutorial_py
[1.584s] Installing go2_state script to /home/xn/unitree_go2_ws/install/go2_tutorial_py/lib/go2_tutorial_py
[1.584s] writing list of installed files to '/home/xn/unitree_go2_ws/build/go2_tutorial_py/install.log'
[1.619s] Invoked command in '/home/xn/unitree_go2_ws/src/tutorial/go2_tutorial_py' returned '0': PYTHONPATH=/home/xn/unitree_go2_ws/build/go2_tutorial_py/prefix_override:/usr/lib/python3/dist-packages/colcon_core/task/python/colcon_distutils_commands:/home/xn/unitree_go2_ws/install/go2_tutorial_py/lib/python3.8/site-packages:${PYTHONPATH} /usr/bin/python3 -W ignore:setup.py install is deprecated -W ignore:easy_install command is deprecated setup.py egg_info --egg-base ../../../build/go2_tutorial_py build --build-base /home/xn/unitree_go2_ws/build/go2_tutorial_py/build install --record /home/xn/unitree_go2_ws/build/go2_tutorial_py/install.log --install-scripts $base/lib/go2_tutorial_py --single-version-externally-managed install_data
