running egg_info
writing ../../../build/go2_driver_py/go2_driver_py.egg-info/PKG-INFO
writing dependency_links to ../../../build/go2_driver_py/go2_driver_py.egg-info/dependency_links.txt
writing entry points to ../../../build/go2_driver_py/go2_driver_py.egg-info/entry_points.txt
writing requirements to ../../../build/go2_driver_py/go2_driver_py.egg-info/requires.txt
writing top-level names to ../../../build/go2_driver_py/go2_driver_py.egg-info/top_level.txt
reading manifest file '../../../build/go2_driver_py/go2_driver_py.egg-info/SOURCES.txt'
writing manifest file '../../../build/go2_driver_py/go2_driver_py.egg-info/SOURCES.txt'
running build
running build_py
running install
running install_lib
running install_data
copying launch/driver.launch.py -> /home/xn/unitree_go2_ws/install/go2_driver_py/share/go2_driver_py/launch
running install_egg_info
removing '/home/xn/unitree_go2_ws/install/go2_driver_py/lib/python3.8/site-packages/go2_driver_py-0.0.0-py3.8.egg-info' (and everything under it)
Copying ../../../build/go2_driver_py/go2_driver_py.egg-info to /home/xn/unitree_go2_ws/install/go2_driver_py/lib/python3.8/site-packages/go2_driver_py-0.0.0-py3.8.egg-info
running install_scripts
Installing driver_py script to /home/xn/unitree_go2_ws/install/go2_driver_py/lib/go2_driver_py
writing list of installed files to '/home/xn/unitree_go2_ws/build/go2_driver_py/install.log'
