[0.066s] Invoking command in '/home/xn/unitree_go2_ws/build/go2_tutorial_inter': CMAKE_PREFIX_PATH=${CMAKE_PREFIX_PATH}:/home/xn/unitree_go2_ws/install/my_test_py:/home/xn/unitree_go2_ws/install/helloworld_py:/home/xn/unitree_go2_ws/install/go2_twist_bridge_py:/home/xn/unitree_go2_ws/install/go2_tutorial_py:/home/xn/unitree_go2_ws/install/go2_teleop_ctrl_keyboard:/home/xn/unitree_go2_ws/install/go2_driver_py:/opt/ros/foxy /usr/bin/cmake --build /home/xn/unitree_go2_ws/build/go2_tutorial_inter -- -j8 -l8
[0.611s] [  3%] Built target go2_tutorial_inter__cpp
[0.611s] [ 12%] Built target go2_tutorial_inter__rosidl_generator_c
[0.611s] [ 22%] Built target go2_tutorial_inter__rosidl_typesupport_fastrtps_cpp
[0.611s] [ 32%] Built target go2_tutorial_inter__rosidl_typesupport_cpp
[0.611s] [ 41%] Built target go2_tutorial_inter__rosidl_typesupport_c
[0.611s] [ 51%] Built target go2_tutorial_inter__rosidl_typesupport_fastrtps_c
[0.611s] [ 61%] Built target go2_tutorial_inter__rosidl_typesupport_introspection_c
[0.611s] [ 70%] Built target go2_tutorial_inter__rosidl_typesupport_introspection_cpp
[0.611s] [ 70%] Built target go2_tutorial_inter
[0.612s] [ 74%] Built target go2_tutorial_inter__py
[0.612s] [ 80%] Built target go2_tutorial_inter__python
[0.612s] [ 87%] Built target go2_tutorial_inter__rosidl_typesupport_c__pyext
[0.612s] [ 93%] Built target go2_tutorial_inter__rosidl_typesupport_introspection_c__pyext
[0.612s] [100%] Built target go2_tutorial_inter__rosidl_typesupport_fastrtps_c__pyext
[0.614s] Invoked command in '/home/xn/unitree_go2_ws/build/go2_tutorial_inter' returned '0': CMAKE_PREFIX_PATH=${CMAKE_PREFIX_PATH}:/home/xn/unitree_go2_ws/install/my_test_py:/home/xn/unitree_go2_ws/install/helloworld_py:/home/xn/unitree_go2_ws/install/go2_twist_bridge_py:/home/xn/unitree_go2_ws/install/go2_tutorial_py:/home/xn/unitree_go2_ws/install/go2_teleop_ctrl_keyboard:/home/xn/unitree_go2_ws/install/go2_driver_py:/opt/ros/foxy /usr/bin/cmake --build /home/xn/unitree_go2_ws/build/go2_tutorial_inter -- -j8 -l8
[0.630s] Invoking command in '/home/xn/unitree_go2_ws/build/go2_tutorial_inter': CMAKE_PREFIX_PATH=${CMAKE_PREFIX_PATH}:/home/xn/unitree_go2_ws/install/my_test_py:/home/xn/unitree_go2_ws/install/helloworld_py:/home/xn/unitree_go2_ws/install/go2_twist_bridge_py:/home/xn/unitree_go2_ws/install/go2_tutorial_py:/home/xn/unitree_go2_ws/install/go2_teleop_ctrl_keyboard:/home/xn/unitree_go2_ws/install/go2_driver_py:/opt/ros/foxy /usr/bin/cmake --install /home/xn/unitree_go2_ws/build/go2_tutorial_inter
[0.655s] -- Install configuration: ""
[0.656s] -- Execute custom install script
[0.656s] -- Up-to-date symlink: /home/xn/unitree_go2_ws/install/go2_tutorial_inter/share/ament_index/resource_index/rosidl_interfaces/go2_tutorial_inter
[0.656s] -- Up-to-date symlink: /home/xn/unitree_go2_ws/install/go2_tutorial_inter/include/go2_tutorial_inter/msg/rosidl_generator_c__visibility_control.h
[0.656s] -- Up-to-date symlink: /home/xn/unitree_go2_ws/install/go2_tutorial_inter/include/go2_tutorial_inter/srv/cruising.h
[0.656s] -- Up-to-date symlink: /home/xn/unitree_go2_ws/install/go2_tutorial_inter/include/go2_tutorial_inter/srv/detail/cruising__functions.h
[0.656s] -- Up-to-date symlink: /home/xn/unitree_go2_ws/install/go2_tutorial_inter/include/go2_tutorial_inter/srv/detail/cruising__struct.h
[0.656s] -- Up-to-date symlink: /home/xn/unitree_go2_ws/install/go2_tutorial_inter/include/go2_tutorial_inter/srv/detail/cruising__type_support.h
[0.656s] -- Up-to-date symlink: /home/xn/unitree_go2_ws/install/go2_tutorial_inter/share/go2_tutorial_inter/environment/library_path.sh
[0.656s] -- Up-to-date symlink: /home/xn/unitree_go2_ws/install/go2_tutorial_inter/share/go2_tutorial_inter/environment/library_path.dsv
[0.657s] -- Up-to-date symlink: /home/xn/unitree_go2_ws/install/go2_tutorial_inter/include/go2_tutorial_inter/msg/rosidl_typesupport_fastrtps_c__visibility_control.h
[0.657s] -- Up-to-date symlink: /home/xn/unitree_go2_ws/install/go2_tutorial_inter/include/go2_tutorial_inter/srv/detail/cruising__rosidl_typesupport_fastrtps_c.h
[0.657s] -- Up-to-date symlink: /home/xn/unitree_go2_ws/install/go2_tutorial_inter/lib/libgo2_tutorial_inter__rosidl_typesupport_fastrtps_c.so
[0.657s] -- Up-to-date symlink: /home/xn/unitree_go2_ws/install/go2_tutorial_inter/include/go2_tutorial_inter/msg/rosidl_typesupport_fastrtps_cpp__visibility_control.h
[0.657s] -- Up-to-date symlink: /home/xn/unitree_go2_ws/install/go2_tutorial_inter/include/go2_tutorial_inter/srv/detail/cruising__rosidl_typesupport_fastrtps_cpp.hpp
[0.657s] -- Up-to-date symlink: /home/xn/unitree_go2_ws/install/go2_tutorial_inter/lib/libgo2_tutorial_inter__rosidl_typesupport_fastrtps_cpp.so
[0.657s] -- Up-to-date symlink: /home/xn/unitree_go2_ws/install/go2_tutorial_inter/include/go2_tutorial_inter/msg/rosidl_typesupport_introspection_c__visibility_control.h
[0.657s] -- Up-to-date symlink: /home/xn/unitree_go2_ws/install/go2_tutorial_inter/include/go2_tutorial_inter/srv/detail/cruising__rosidl_typesupport_introspection_c.h
[0.657s] -- Up-to-date symlink: /home/xn/unitree_go2_ws/install/go2_tutorial_inter/include/go2_tutorial_inter/msg/rosidl_generator_cpp__visibility_control.hpp
[0.657s] -- Up-to-date symlink: /home/xn/unitree_go2_ws/install/go2_tutorial_inter/include/go2_tutorial_inter/srv/cruising.hpp
[0.657s] -- Up-to-date symlink: /home/xn/unitree_go2_ws/install/go2_tutorial_inter/include/go2_tutorial_inter/srv/detail/cruising__builder.hpp
[0.658s] -- Up-to-date symlink: /home/xn/unitree_go2_ws/install/go2_tutorial_inter/include/go2_tutorial_inter/srv/detail/cruising__struct.hpp
[0.658s] -- Up-to-date symlink: /home/xn/unitree_go2_ws/install/go2_tutorial_inter/include/go2_tutorial_inter/srv/detail/cruising__traits.hpp
[0.658s] -- Up-to-date symlink: /home/xn/unitree_go2_ws/install/go2_tutorial_inter/include/go2_tutorial_inter/srv/detail/cruising__type_support.hpp
[0.659s] -- Up-to-date symlink: /home/xn/unitree_go2_ws/install/go2_tutorial_inter/include/go2_tutorial_inter/srv/detail/cruising__rosidl_typesupport_introspection_cpp.hpp
[0.659s] -- Up-to-date symlink: /home/xn/unitree_go2_ws/install/go2_tutorial_inter/share/go2_tutorial_inter/environment/pythonpath.sh
[0.673s] -- Up-to-date symlink: /home/xn/unitree_go2_ws/install/go2_tutorial_inter/share/go2_tutorial_inter/environment/pythonpath.dsv
[0.673s] -- Up-to-date symlink: /home/xn/unitree_go2_ws/install/go2_tutorial_inter/lib/python3.8/site-packages/go2_tutorial_inter/__init__.py
[0.674s] -- Up-to-date symlink: /home/xn/unitree_go2_ws/install/go2_tutorial_inter/lib/python3.8/site-packages/go2_tutorial_inter/srv/__init__.py
[0.674s] -- Up-to-date symlink: /home/xn/unitree_go2_ws/install/go2_tutorial_inter/lib/python3.8/site-packages/go2_tutorial_inter/srv/_cruising.py
[0.674s] -- Up-to-date symlink: /home/xn/unitree_go2_ws/install/go2_tutorial_inter/lib/python3.8/site-packages/go2_tutorial_inter/go2_tutorial_inter_s__rosidl_typesupport_fastrtps_c.cpython-38-x86_64-linux-gnu.so
[0.674s] -- Up-to-date symlink: /home/xn/unitree_go2_ws/install/go2_tutorial_inter/lib/python3.8/site-packages/go2_tutorial_inter/go2_tutorial_inter_s__rosidl_typesupport_introspection_c.cpython-38-x86_64-linux-gnu.so
[0.674s] -- Up-to-date symlink: /home/xn/unitree_go2_ws/install/go2_tutorial_inter/lib/python3.8/site-packages/go2_tutorial_inter/go2_tutorial_inter_s__rosidl_typesupport_c.cpython-38-x86_64-linux-gnu.so
[0.674s] -- Up-to-date symlink: /home/xn/unitree_go2_ws/install/go2_tutorial_inter/lib/libgo2_tutorial_inter__python.so
[0.674s] -- Up-to-date symlink: /home/xn/unitree_go2_ws/install/go2_tutorial_inter/share/go2_tutorial_inter/srv/Cruising.idl
[0.674s] -- Up-to-date symlink: /home/xn/unitree_go2_ws/install/go2_tutorial_inter/share/go2_tutorial_inter/srv/Cruising.srv
[0.676s] -- Up-to-date symlink: /home/xn/unitree_go2_ws/install/go2_tutorial_inter/share/go2_tutorial_inter/srv/Cruising_Request.msg
[0.676s] -- Up-to-date symlink: /home/xn/unitree_go2_ws/install/go2_tutorial_inter/share/go2_tutorial_inter/srv/Cruising_Response.msg
[0.677s] -- Up-to-date symlink: /home/xn/unitree_go2_ws/install/go2_tutorial_inter/share/ament_index/resource_index/package_run_dependencies/go2_tutorial_inter
[0.677s] -- Up-to-date symlink: /home/xn/unitree_go2_ws/install/go2_tutorial_inter/share/ament_index/resource_index/parent_prefix_path/go2_tutorial_inter
[0.677s] -- Up-to-date symlink: /home/xn/unitree_go2_ws/install/go2_tutorial_inter/share/go2_tutorial_inter/environment/ament_prefix_path.sh
[0.677s] -- Up-to-date symlink: /home/xn/unitree_go2_ws/install/go2_tutorial_inter/share/go2_tutorial_inter/environment/ament_prefix_path.dsv
[0.677s] -- Up-to-date symlink: /home/xn/unitree_go2_ws/install/go2_tutorial_inter/share/go2_tutorial_inter/environment/path.sh
[0.677s] -- Up-to-date symlink: /home/xn/unitree_go2_ws/install/go2_tutorial_inter/share/go2_tutorial_inter/environment/path.dsv
[0.677s] -- Up-to-date symlink: /home/xn/unitree_go2_ws/install/go2_tutorial_inter/share/go2_tutorial_inter/local_setup.bash
[0.677s] -- Up-to-date symlink: /home/xn/unitree_go2_ws/install/go2_tutorial_inter/share/go2_tutorial_inter/local_setup.sh
[0.677s] -- Up-to-date symlink: /home/xn/unitree_go2_ws/install/go2_tutorial_inter/share/go2_tutorial_inter/local_setup.zsh
[0.677s] -- Up-to-date symlink: /home/xn/unitree_go2_ws/install/go2_tutorial_inter/share/go2_tutorial_inter/local_setup.dsv
[0.678s] -- Symlinking: /home/xn/unitree_go2_ws/install/go2_tutorial_inter/share/go2_tutorial_inter/package.dsv
[0.687s] -- Up-to-date symlink: /home/xn/unitree_go2_ws/install/go2_tutorial_inter/share/ament_index/resource_index/packages/go2_tutorial_inter
[0.691s] -- Up-to-date symlink: /home/xn/unitree_go2_ws/install/go2_tutorial_inter/share/go2_tutorial_inter/cmake/rosidl_cmake-extras.cmake
[0.691s] -- Up-to-date symlink: /home/xn/unitree_go2_ws/install/go2_tutorial_inter/share/go2_tutorial_inter/cmake/ament_cmake_export_dependencies-extras.cmake
[0.693s] -- Up-to-date symlink: /home/xn/unitree_go2_ws/install/go2_tutorial_inter/share/go2_tutorial_inter/cmake/ament_cmake_export_libraries-extras.cmake
[0.693s] -- Up-to-date symlink: /home/xn/unitree_go2_ws/install/go2_tutorial_inter/share/go2_tutorial_inter/cmake/ament_cmake_export_targets-extras.cmake
[0.696s] -- Up-to-date symlink: /home/xn/unitree_go2_ws/install/go2_tutorial_inter/share/go2_tutorial_inter/cmake/ament_cmake_export_include_directories-extras.cmake
[0.696s] -- Up-to-date symlink: /home/xn/unitree_go2_ws/install/go2_tutorial_inter/share/go2_tutorial_inter/cmake/rosidl_cmake_export_typesupport_libraries-extras.cmake
[0.696s] -- Up-to-date symlink: /home/xn/unitree_go2_ws/install/go2_tutorial_inter/share/go2_tutorial_inter/cmake/rosidl_cmake_export_typesupport_targets-extras.cmake
[0.696s] -- Up-to-date symlink: /home/xn/unitree_go2_ws/install/go2_tutorial_inter/share/go2_tutorial_inter/cmake/go2_tutorial_interConfig.cmake
[0.696s] -- Up-to-date symlink: /home/xn/unitree_go2_ws/install/go2_tutorial_inter/share/go2_tutorial_inter/cmake/go2_tutorial_interConfig-version.cmake
[0.698s] -- Up-to-date symlink: /home/xn/unitree_go2_ws/install/go2_tutorial_inter/share/go2_tutorial_inter/package.xml
[0.700s] -- Up-to-date: /home/xn/unitree_go2_ws/install/go2_tutorial_inter/lib/libgo2_tutorial_inter__rosidl_generator_c.so
[0.700s] -- Up-to-date: /home/xn/unitree_go2_ws/install/go2_tutorial_inter/lib/libgo2_tutorial_inter__rosidl_typesupport_introspection_c.so
[0.703s] -- Up-to-date: /home/xn/unitree_go2_ws/install/go2_tutorial_inter/lib/libgo2_tutorial_inter__rosidl_typesupport_c.so
[0.703s] -- Up-to-date: /home/xn/unitree_go2_ws/install/go2_tutorial_inter/lib/libgo2_tutorial_inter__rosidl_typesupport_introspection_cpp.so
[0.703s] -- Up-to-date: /home/xn/unitree_go2_ws/install/go2_tutorial_inter/lib/libgo2_tutorial_inter__rosidl_typesupport_cpp.so
[0.737s] -- Up-to-date: /home/xn/unitree_go2_ws/install/go2_tutorial_inter/share/go2_tutorial_inter/cmake/go2_tutorial_inter__rosidl_generator_cExport.cmake
[0.737s] -- Up-to-date: /home/xn/unitree_go2_ws/install/go2_tutorial_inter/share/go2_tutorial_inter/cmake/go2_tutorial_inter__rosidl_generator_cExport-noconfig.cmake
[0.738s] -- Up-to-date: /home/xn/unitree_go2_ws/install/go2_tutorial_inter/share/go2_tutorial_inter/cmake/go2_tutorial_inter__rosidl_typesupport_introspection_cExport.cmake
[0.738s] -- Up-to-date: /home/xn/unitree_go2_ws/install/go2_tutorial_inter/share/go2_tutorial_inter/cmake/go2_tutorial_inter__rosidl_typesupport_introspection_cExport-noconfig.cmake
[0.739s] -- Up-to-date: /home/xn/unitree_go2_ws/install/go2_tutorial_inter/share/go2_tutorial_inter/cmake/go2_tutorial_inter__rosidl_typesupport_cExport.cmake
[0.739s] -- Up-to-date: /home/xn/unitree_go2_ws/install/go2_tutorial_inter/share/go2_tutorial_inter/cmake/go2_tutorial_inter__rosidl_typesupport_cExport-noconfig.cmake
[0.739s] -- Up-to-date: /home/xn/unitree_go2_ws/install/go2_tutorial_inter/share/go2_tutorial_inter/cmake/go2_tutorial_inter__rosidl_generator_cppExport.cmake
[0.740s] -- Up-to-date: /home/xn/unitree_go2_ws/install/go2_tutorial_inter/share/go2_tutorial_inter/cmake/go2_tutorial_inter__rosidl_typesupport_introspection_cppExport.cmake
[0.740s] -- Up-to-date: /home/xn/unitree_go2_ws/install/go2_tutorial_inter/share/go2_tutorial_inter/cmake/go2_tutorial_inter__rosidl_typesupport_introspection_cppExport-noconfig.cmake
[0.741s] -- Up-to-date: /home/xn/unitree_go2_ws/install/go2_tutorial_inter/share/go2_tutorial_inter/cmake/go2_tutorial_inter__rosidl_typesupport_cppExport.cmake
[0.741s] -- Up-to-date: /home/xn/unitree_go2_ws/install/go2_tutorial_inter/share/go2_tutorial_inter/cmake/go2_tutorial_inter__rosidl_typesupport_cppExport-noconfig.cmake
[0.820s] Invoked command in '/home/xn/unitree_go2_ws/build/go2_tutorial_inter' returned '0': CMAKE_PREFIX_PATH=${CMAKE_PREFIX_PATH}:/home/xn/unitree_go2_ws/install/my_test_py:/home/xn/unitree_go2_ws/install/helloworld_py:/home/xn/unitree_go2_ws/install/go2_twist_bridge_py:/home/xn/unitree_go2_ws/install/go2_tutorial_py:/home/xn/unitree_go2_ws/install/go2_teleop_ctrl_keyboard:/home/xn/unitree_go2_ws/install/go2_driver_py:/opt/ros/foxy /usr/bin/cmake --install /home/xn/unitree_go2_ws/build/go2_tutorial_inter
