[0.201s] Invoking command in '/home/xn/unitree_go2_ws/build/go2_tutorial': CMAKE_PREFIX_PATH=/home/xn/unitree_go2_ws/install/go2_tutorial_inter:/home/xn/unitree_go2_ws/install/helloworld:/home/xn/unitree_go2_ws/install/go2_twist_bridge:/home/xn/unitree_go2_ws/install/go2_tutorial:/home/xn/unitree_go2_ws/install/go2_driver:/home/xn/unitree_go2_ws/install/go2_description:/home/xn/unitree_ros2/cyclonedds_ws/install/unitree_hg:/home/xn/unitree_ros2/cyclonedds_ws/install/unitree_go:/home/xn/unitree_ros2/cyclonedds_ws/install/unitree_api:/home/xn/unitree_ros2/cyclonedds_ws/install/rmw_cyclonedds_cpp:/home/xn/unitree_ros2/cyclonedds_ws/install/cyclonedds:/home/xn/unitree_go2_ws/install/my_test_py:/home/xn/unitree_go2_ws/install/helloworld_py:/home/xn/unitree_go2_ws/install/go2_twist_bridge_py:/home/xn/unitree_go2_ws/install/go2_tutorial_py:/home/xn/unitree_go2_ws/install/go2_teleop_ctrl_keyboard:/home/xn/unitree_go2_ws/install/go2_driver_py:/opt/ros/foxy PYTHONPATH=/home/xn/unitree_go2_ws/install/go2_tutorial_inter/lib/python3.8/site-packages:/home/xn/unitree_go2_ws/install/my_test_py/lib/python3.8/site-packages:/home/xn/unitree_go2_ws/install/helloworld_py/lib/python3.8/site-packages:/home/xn/unitree_go2_ws/install/go2_twist_bridge_py/lib/python3.8/site-packages:/home/xn/unitree_go2_ws/install/go2_tutorial_py/lib/python3.8/site-packages:/home/xn/unitree_go2_ws/install/go2_teleop_ctrl_keyboard/lib/python3.8/site-packages:/home/xn/unitree_go2_ws/install/go2_driver_py/lib/python3.8/site-packages:/home/xn/unitree_ros2/cyclonedds_ws/install/unitree_hg/lib/python3.8/site-packages:/home/xn/unitree_ros2/cyclonedds_ws/install/unitree_go/lib/python3.8/site-packages:/home/xn/unitree_ros2/cyclonedds_ws/install/unitree_api/lib/python3.8/site-packages:/opt/ros/foxy/lib/python3.8/site-packages /usr/bin/cmake --build /home/xn/unitree_go2_ws/build/go2_tutorial -- -j8 -l8
[0.397s] [35m[1mScanning dependencies of target go2_cruising_service[0m
[0.397s] [ 25%] Built target go2_state
[0.398s] [ 50%] Built target go2_cruising_client
[0.398s] [ 75%] Built target go2_ctrl
[0.398s] [ 87%] [32mBuilding CXX object CMakeFiles/go2_cruising_service.dir/src/go2_cruising_service.cpp.o[0m
[4.637s] [100%] [32m[1mLinking CXX executable go2_cruising_service[0m
[4.896s] [100%] Built target go2_cruising_service
[4.905s] Invoked command in '/home/xn/unitree_go2_ws/build/go2_tutorial' returned '0': CMAKE_PREFIX_PATH=/home/xn/unitree_go2_ws/install/go2_tutorial_inter:/home/xn/unitree_go2_ws/install/helloworld:/home/xn/unitree_go2_ws/install/go2_twist_bridge:/home/xn/unitree_go2_ws/install/go2_tutorial:/home/xn/unitree_go2_ws/install/go2_driver:/home/xn/unitree_go2_ws/install/go2_description:/home/xn/unitree_ros2/cyclonedds_ws/install/unitree_hg:/home/xn/unitree_ros2/cyclonedds_ws/install/unitree_go:/home/xn/unitree_ros2/cyclonedds_ws/install/unitree_api:/home/xn/unitree_ros2/cyclonedds_ws/install/rmw_cyclonedds_cpp:/home/xn/unitree_ros2/cyclonedds_ws/install/cyclonedds:/home/xn/unitree_go2_ws/install/my_test_py:/home/xn/unitree_go2_ws/install/helloworld_py:/home/xn/unitree_go2_ws/install/go2_twist_bridge_py:/home/xn/unitree_go2_ws/install/go2_tutorial_py:/home/xn/unitree_go2_ws/install/go2_teleop_ctrl_keyboard:/home/xn/unitree_go2_ws/install/go2_driver_py:/opt/ros/foxy PYTHONPATH=/home/xn/unitree_go2_ws/install/go2_tutorial_inter/lib/python3.8/site-packages:/home/xn/unitree_go2_ws/install/my_test_py/lib/python3.8/site-packages:/home/xn/unitree_go2_ws/install/helloworld_py/lib/python3.8/site-packages:/home/xn/unitree_go2_ws/install/go2_twist_bridge_py/lib/python3.8/site-packages:/home/xn/unitree_go2_ws/install/go2_tutorial_py/lib/python3.8/site-packages:/home/xn/unitree_go2_ws/install/go2_teleop_ctrl_keyboard/lib/python3.8/site-packages:/home/xn/unitree_go2_ws/install/go2_driver_py/lib/python3.8/site-packages:/home/xn/unitree_ros2/cyclonedds_ws/install/unitree_hg/lib/python3.8/site-packages:/home/xn/unitree_ros2/cyclonedds_ws/install/unitree_go/lib/python3.8/site-packages:/home/xn/unitree_ros2/cyclonedds_ws/install/unitree_api/lib/python3.8/site-packages:/opt/ros/foxy/lib/python3.8/site-packages /usr/bin/cmake --build /home/xn/unitree_go2_ws/build/go2_tutorial -- -j8 -l8
[4.910s] Invoking command in '/home/xn/unitree_go2_ws/build/go2_tutorial': CMAKE_PREFIX_PATH=/home/xn/unitree_go2_ws/install/go2_tutorial_inter:/home/xn/unitree_go2_ws/install/helloworld:/home/xn/unitree_go2_ws/install/go2_twist_bridge:/home/xn/unitree_go2_ws/install/go2_tutorial:/home/xn/unitree_go2_ws/install/go2_driver:/home/xn/unitree_go2_ws/install/go2_description:/home/xn/unitree_ros2/cyclonedds_ws/install/unitree_hg:/home/xn/unitree_ros2/cyclonedds_ws/install/unitree_go:/home/xn/unitree_ros2/cyclonedds_ws/install/unitree_api:/home/xn/unitree_ros2/cyclonedds_ws/install/rmw_cyclonedds_cpp:/home/xn/unitree_ros2/cyclonedds_ws/install/cyclonedds:/home/xn/unitree_go2_ws/install/my_test_py:/home/xn/unitree_go2_ws/install/helloworld_py:/home/xn/unitree_go2_ws/install/go2_twist_bridge_py:/home/xn/unitree_go2_ws/install/go2_tutorial_py:/home/xn/unitree_go2_ws/install/go2_teleop_ctrl_keyboard:/home/xn/unitree_go2_ws/install/go2_driver_py:/opt/ros/foxy PYTHONPATH=/home/xn/unitree_go2_ws/install/go2_tutorial_inter/lib/python3.8/site-packages:/home/xn/unitree_go2_ws/install/my_test_py/lib/python3.8/site-packages:/home/xn/unitree_go2_ws/install/helloworld_py/lib/python3.8/site-packages:/home/xn/unitree_go2_ws/install/go2_twist_bridge_py/lib/python3.8/site-packages:/home/xn/unitree_go2_ws/install/go2_tutorial_py/lib/python3.8/site-packages:/home/xn/unitree_go2_ws/install/go2_teleop_ctrl_keyboard/lib/python3.8/site-packages:/home/xn/unitree_go2_ws/install/go2_driver_py/lib/python3.8/site-packages:/home/xn/unitree_ros2/cyclonedds_ws/install/unitree_hg/lib/python3.8/site-packages:/home/xn/unitree_ros2/cyclonedds_ws/install/unitree_go/lib/python3.8/site-packages:/home/xn/unitree_ros2/cyclonedds_ws/install/unitree_api/lib/python3.8/site-packages:/opt/ros/foxy/lib/python3.8/site-packages /usr/bin/cmake --install /home/xn/unitree_go2_ws/build/go2_tutorial
[4.917s] -- Install configuration: ""
[4.918s] -- Execute custom install script
[4.919s] -- Up-to-date symlink: /home/xn/unitree_go2_ws/install/go2_tutorial/lib/go2_tutorial/go2_ctrl
[4.920s] -- Up-to-date symlink: /home/xn/unitree_go2_ws/install/go2_tutorial/lib/go2_tutorial/go2_state
[4.921s] -- Up-to-date symlink: /home/xn/unitree_go2_ws/install/go2_tutorial/lib/go2_tutorial/go2_cruising_client
[4.922s] -- Up-to-date symlink: /home/xn/unitree_go2_ws/install/go2_tutorial/lib/go2_tutorial/go2_cruising_service
[4.923s] -- Up-to-date symlink: /home/xn/unitree_go2_ws/install/go2_tutorial/include/nlohmann/adl_serializer.hpp
[4.924s] -- Up-to-date symlink: /home/xn/unitree_go2_ws/install/go2_tutorial/include/nlohmann/byte_container_with_subtype.hpp
[4.924s] -- Up-to-date symlink: /home/xn/unitree_go2_ws/install/go2_tutorial/include/nlohmann/detail/abi_macros.hpp
[4.925s] -- Up-to-date symlink: /home/xn/unitree_go2_ws/install/go2_tutorial/include/nlohmann/detail/conversions/from_json.hpp
[4.925s] -- Up-to-date symlink: /home/xn/unitree_go2_ws/install/go2_tutorial/include/nlohmann/detail/conversions/to_chars.hpp
[4.926s] -- Up-to-date symlink: /home/xn/unitree_go2_ws/install/go2_tutorial/include/nlohmann/detail/conversions/to_json.hpp
[4.926s] -- Up-to-date symlink: /home/xn/unitree_go2_ws/install/go2_tutorial/include/nlohmann/detail/exceptions.hpp
[4.927s] -- Up-to-date symlink: /home/xn/unitree_go2_ws/install/go2_tutorial/include/nlohmann/detail/hash.hpp
[4.927s] -- Up-to-date symlink: /home/xn/unitree_go2_ws/install/go2_tutorial/include/nlohmann/detail/input/binary_reader.hpp
[4.928s] -- Up-to-date symlink: /home/xn/unitree_go2_ws/install/go2_tutorial/include/nlohmann/detail/input/input_adapters.hpp
[4.928s] -- Up-to-date symlink: /home/xn/unitree_go2_ws/install/go2_tutorial/include/nlohmann/detail/input/json_sax.hpp
[4.928s] -- Up-to-date symlink: /home/xn/unitree_go2_ws/install/go2_tutorial/include/nlohmann/detail/input/lexer.hpp
[4.928s] -- Up-to-date symlink: /home/xn/unitree_go2_ws/install/go2_tutorial/include/nlohmann/detail/input/parser.hpp
[4.929s] -- Up-to-date symlink: /home/xn/unitree_go2_ws/install/go2_tutorial/include/nlohmann/detail/input/position_t.hpp
[4.929s] -- Up-to-date symlink: /home/xn/unitree_go2_ws/install/go2_tutorial/include/nlohmann/detail/iterators/internal_iterator.hpp
[4.929s] -- Up-to-date symlink: /home/xn/unitree_go2_ws/install/go2_tutorial/include/nlohmann/detail/iterators/iter_impl.hpp
[4.931s] -- Up-to-date symlink: /home/xn/unitree_go2_ws/install/go2_tutorial/include/nlohmann/detail/iterators/iteration_proxy.hpp
[4.931s] -- Up-to-date symlink: /home/xn/unitree_go2_ws/install/go2_tutorial/include/nlohmann/detail/iterators/iterator_traits.hpp
[4.931s] -- Up-to-date symlink: /home/xn/unitree_go2_ws/install/go2_tutorial/include/nlohmann/detail/iterators/json_reverse_iterator.hpp
[4.931s] -- Up-to-date symlink: /home/xn/unitree_go2_ws/install/go2_tutorial/include/nlohmann/detail/iterators/primitive_iterator.hpp
[4.932s] -- Up-to-date symlink: /home/xn/unitree_go2_ws/install/go2_tutorial/include/nlohmann/detail/json_custom_base_class.hpp
[4.933s] -- Up-to-date symlink: /home/xn/unitree_go2_ws/install/go2_tutorial/include/nlohmann/detail/json_pointer.hpp
[4.933s] -- Up-to-date symlink: /home/xn/unitree_go2_ws/install/go2_tutorial/include/nlohmann/detail/json_ref.hpp
[4.934s] -- Up-to-date symlink: /home/xn/unitree_go2_ws/install/go2_tutorial/include/nlohmann/detail/macro_scope.hpp
[4.934s] -- Up-to-date symlink: /home/xn/unitree_go2_ws/install/go2_tutorial/include/nlohmann/detail/macro_unscope.hpp
[4.935s] -- Up-to-date symlink: /home/xn/unitree_go2_ws/install/go2_tutorial/include/nlohmann/detail/meta/call_std/begin.hpp
[4.935s] -- Up-to-date symlink: /home/xn/unitree_go2_ws/install/go2_tutorial/include/nlohmann/detail/meta/call_std/end.hpp
[4.936s] -- Up-to-date symlink: /home/xn/unitree_go2_ws/install/go2_tutorial/include/nlohmann/detail/meta/cpp_future.hpp
[4.936s] -- Up-to-date symlink: /home/xn/unitree_go2_ws/install/go2_tutorial/include/nlohmann/detail/meta/detected.hpp
[4.936s] -- Up-to-date symlink: /home/xn/unitree_go2_ws/install/go2_tutorial/include/nlohmann/detail/meta/identity_tag.hpp
[4.937s] -- Up-to-date symlink: /home/xn/unitree_go2_ws/install/go2_tutorial/include/nlohmann/detail/meta/is_sax.hpp
[4.937s] -- Up-to-date symlink: /home/xn/unitree_go2_ws/install/go2_tutorial/include/nlohmann/detail/meta/std_fs.hpp
[4.937s] -- Up-to-date symlink: /home/xn/unitree_go2_ws/install/go2_tutorial/include/nlohmann/detail/meta/type_traits.hpp
[4.937s] -- Up-to-date symlink: /home/xn/unitree_go2_ws/install/go2_tutorial/include/nlohmann/detail/meta/void_t.hpp
[4.938s] -- Up-to-date symlink: /home/xn/unitree_go2_ws/install/go2_tutorial/include/nlohmann/detail/output/binary_writer.hpp
[4.938s] -- Up-to-date symlink: /home/xn/unitree_go2_ws/install/go2_tutorial/include/nlohmann/detail/output/output_adapters.hpp
[4.938s] -- Up-to-date symlink: /home/xn/unitree_go2_ws/install/go2_tutorial/include/nlohmann/detail/output/serializer.hpp
[4.939s] -- Up-to-date symlink: /home/xn/unitree_go2_ws/install/go2_tutorial/include/nlohmann/detail/string_concat.hpp
[4.939s] -- Up-to-date symlink: /home/xn/unitree_go2_ws/install/go2_tutorial/include/nlohmann/detail/string_escape.hpp
[4.939s] -- Up-to-date symlink: /home/xn/unitree_go2_ws/install/go2_tutorial/include/nlohmann/detail/value_t.hpp
[4.940s] -- Up-to-date symlink: /home/xn/unitree_go2_ws/install/go2_tutorial/include/nlohmann/json.hpp
[4.940s] -- Up-to-date symlink: /home/xn/unitree_go2_ws/install/go2_tutorial/include/nlohmann/json_fwd.hpp
[4.940s] -- Up-to-date symlink: /home/xn/unitree_go2_ws/install/go2_tutorial/include/nlohmann/ordered_map.hpp
[4.941s] -- Up-to-date symlink: /home/xn/unitree_go2_ws/install/go2_tutorial/include/nlohmann/thirdparty/hedley/hedley.hpp
[4.941s] -- Up-to-date symlink: /home/xn/unitree_go2_ws/install/go2_tutorial/include/nlohmann/thirdparty/hedley/hedley_undef.hpp
[4.941s] -- Up-to-date symlink: /home/xn/unitree_go2_ws/install/go2_tutorial/include/sport_model.hpp
[4.943s] -- Up-to-date symlink: /home/xn/unitree_go2_ws/install/go2_tutorial/share/go2_tutorial/launch/go2_cruising.launch.py
[4.943s] -- Up-to-date symlink: /home/xn/unitree_go2_ws/install/go2_tutorial/share/go2_tutorial/launch/go2_ctrl.launch.py
[4.943s] -- Up-to-date symlink: /home/xn/unitree_go2_ws/install/go2_tutorial/share/go2_tutorial/launch/go2_state.launch.py
[4.944s] -- Up-to-date symlink: /home/xn/unitree_go2_ws/install/go2_tutorial/share/go2_tutorial/params/go2_cruising_service.yaml
[4.945s] -- Up-to-date symlink: /home/xn/unitree_go2_ws/install/go2_tutorial/share/go2_tutorial/params/go2_state.yaml
[4.945s] -- Up-to-date symlink: /home/xn/unitree_go2_ws/install/go2_tutorial/share/ament_index/resource_index/package_run_dependencies/go2_tutorial
[4.945s] -- Up-to-date symlink: /home/xn/unitree_go2_ws/install/go2_tutorial/share/ament_index/resource_index/parent_prefix_path/go2_tutorial
[4.946s] -- Up-to-date symlink: /home/xn/unitree_go2_ws/install/go2_tutorial/share/go2_tutorial/environment/ament_prefix_path.sh
[4.946s] -- Up-to-date symlink: /home/xn/unitree_go2_ws/install/go2_tutorial/share/go2_tutorial/environment/ament_prefix_path.dsv
[4.947s] -- Up-to-date symlink: /home/xn/unitree_go2_ws/install/go2_tutorial/share/go2_tutorial/environment/path.sh
[4.947s] -- Up-to-date symlink: /home/xn/unitree_go2_ws/install/go2_tutorial/share/go2_tutorial/environment/path.dsv
[4.948s] -- Up-to-date symlink: /home/xn/unitree_go2_ws/install/go2_tutorial/share/go2_tutorial/local_setup.bash
[4.948s] -- Up-to-date symlink: /home/xn/unitree_go2_ws/install/go2_tutorial/share/go2_tutorial/local_setup.sh
[4.949s] -- Up-to-date symlink: /home/xn/unitree_go2_ws/install/go2_tutorial/share/go2_tutorial/local_setup.zsh
[4.949s] -- Up-to-date symlink: /home/xn/unitree_go2_ws/install/go2_tutorial/share/go2_tutorial/local_setup.dsv
[4.949s] -- Symlinking: /home/xn/unitree_go2_ws/install/go2_tutorial/share/go2_tutorial/package.dsv
[4.957s] -- Up-to-date symlink: /home/xn/unitree_go2_ws/install/go2_tutorial/share/ament_index/resource_index/packages/go2_tutorial
[4.957s] -- Up-to-date symlink: /home/xn/unitree_go2_ws/install/go2_tutorial/share/go2_tutorial/cmake/go2_tutorialConfig.cmake
[4.957s] -- Up-to-date symlink: /home/xn/unitree_go2_ws/install/go2_tutorial/share/go2_tutorial/cmake/go2_tutorialConfig-version.cmake
[4.958s] -- Up-to-date symlink: /home/xn/unitree_go2_ws/install/go2_tutorial/share/go2_tutorial/package.xml
[4.960s] Invoked command in '/home/xn/unitree_go2_ws/build/go2_tutorial' returned '0': CMAKE_PREFIX_PATH=/home/xn/unitree_go2_ws/install/go2_tutorial_inter:/home/xn/unitree_go2_ws/install/helloworld:/home/xn/unitree_go2_ws/install/go2_twist_bridge:/home/xn/unitree_go2_ws/install/go2_tutorial:/home/xn/unitree_go2_ws/install/go2_driver:/home/xn/unitree_go2_ws/install/go2_description:/home/xn/unitree_ros2/cyclonedds_ws/install/unitree_hg:/home/xn/unitree_ros2/cyclonedds_ws/install/unitree_go:/home/xn/unitree_ros2/cyclonedds_ws/install/unitree_api:/home/xn/unitree_ros2/cyclonedds_ws/install/rmw_cyclonedds_cpp:/home/xn/unitree_ros2/cyclonedds_ws/install/cyclonedds:/home/xn/unitree_go2_ws/install/my_test_py:/home/xn/unitree_go2_ws/install/helloworld_py:/home/xn/unitree_go2_ws/install/go2_twist_bridge_py:/home/xn/unitree_go2_ws/install/go2_tutorial_py:/home/xn/unitree_go2_ws/install/go2_teleop_ctrl_keyboard:/home/xn/unitree_go2_ws/install/go2_driver_py:/opt/ros/foxy PYTHONPATH=/home/xn/unitree_go2_ws/install/go2_tutorial_inter/lib/python3.8/site-packages:/home/xn/unitree_go2_ws/install/my_test_py/lib/python3.8/site-packages:/home/xn/unitree_go2_ws/install/helloworld_py/lib/python3.8/site-packages:/home/xn/unitree_go2_ws/install/go2_twist_bridge_py/lib/python3.8/site-packages:/home/xn/unitree_go2_ws/install/go2_tutorial_py/lib/python3.8/site-packages:/home/xn/unitree_go2_ws/install/go2_teleop_ctrl_keyboard/lib/python3.8/site-packages:/home/xn/unitree_go2_ws/install/go2_driver_py/lib/python3.8/site-packages:/home/xn/unitree_ros2/cyclonedds_ws/install/unitree_hg/lib/python3.8/site-packages:/home/xn/unitree_ros2/cyclonedds_ws/install/unitree_go/lib/python3.8/site-packages:/home/xn/unitree_ros2/cyclonedds_ws/install/unitree_api/lib/python3.8/site-packages:/opt/ros/foxy/lib/python3.8/site-packages /usr/bin/cmake --install /home/xn/unitree_go2_ws/build/go2_tutorial
