[0.997s] Invoking command in '/home/xn/unitree_go2_ws/build/go2_tutorial': CMAKE_PREFIX_PATH=${CMAKE_PREFIX_PATH}:/home/xn/unitree_go2_ws/install/my_test_py:/home/xn/unitree_go2_ws/install/helloworld_py:/home/xn/unitree_go2_ws/install/go2_twist_bridge_py:/home/xn/unitree_go2_ws/install/go2_teleop_ctrl_keyboard:/home/xn/unitree_go2_ws/install/go2_driver_py:/opt/ros/foxy /usr/bin/cmake /home/xn/unitree_go2_ws/src/tutorial/go2_tutorial -DCMAKE_INSTALL_PREFIX=/home/xn/unitree_go2_ws/install/go2_tutorial
[1.864s] -- The C compiler identification is GNU 9.4.0
[1.864s] -- The CXX compiler identification is GNU 9.4.0
[1.864s] -- Check for working C compiler: /usr/bin/cc
[1.864s] -- Check for working C compiler: /usr/bin/cc -- works
[1.864s] -- Detecting C compiler ABI info
[1.864s] -- Detecting C compiler ABI info - done
[1.864s] -- Detecting C compile features
[1.864s] -- Detecting C compile features - done
[1.864s] -- Check for working CXX compiler: /usr/bin/c++
[1.878s] -- Check for working CXX compiler: /usr/bin/c++ -- works
[1.880s] -- Detecting CXX compiler ABI info
[2.012s] -- Detecting CXX compiler ABI info - done
[2.027s] -- Detecting CXX compile features
[2.029s] -- Detecting CXX compile features - done
[2.048s] -- Found ament_cmake: 0.9.12 (/opt/ros/foxy/share/ament_cmake/cmake)
[2.112s] -- Found PythonInterp: /usr/bin/python3 (found suitable version "3.8.10", minimum required is "3") 
[2.112s] -- Using PYTHON_EXECUTABLE: /usr/bin/python3
[2.531s] -- Found rclcpp: 2.4.3 (/opt/ros/foxy/share/rclcpp/cmake)
[2.706s] -- Using all available rosidl_typesupport_c: rosidl_typesupport_fastrtps_c;rosidl_typesupport_introspection_c
[2.720s] -- Found rosidl_adapter: 1.3.1 (/opt/ros/foxy/share/rosidl_adapter/cmake)
[2.902s] -- Found OpenSSL: /usr/lib/x86_64-linux-gnu/libcrypto.so (found version "1.1.1f")  
[2.948s] -- Found FastRTPS: /opt/ros/foxy/include  
[3.092s] -- Using all available rosidl_typesupport_cpp: rosidl_typesupport_fastrtps_cpp;rosidl_typesupport_introspection_cpp
[3.236s] -- Found rmw_implementation_cmake: 1.0.4 (/opt/ros/foxy/share/rmw_implementation_cmake/cmake)
[3.242s] -- Using RMW implementation 'rmw_cyclonedds_cpp' as default
[3.246s] -- Looking for pthread.h
[3.380s] -- Looking for pthread.h - found
[3.382s] -- Performing Test CMAKE_HAVE_LIBC_PTHREAD
[3.492s] -- Performing Test CMAKE_HAVE_LIBC_PTHREAD - Failed
[3.493s] -- Looking for pthread_create in pthreads
[3.605s] -- Looking for pthread_create in pthreads - not found
[3.605s] -- Looking for pthread_create in pthread
[3.703s] -- Looking for pthread_create in pthread - found
[3.706s] -- Found Threads: TRUE  
[3.919s] -- Found unitree_go: 0.0.0 (/home/xn/unitree_ros2/cyclonedds_ws/install/unitree_go/share/unitree_go/cmake)
[4.026s] -- Found unitree_api: 0.0.0 (/home/xn/unitree_ros2/cyclonedds_ws/install/unitree_api/share/unitree_api/cmake)
[4.085s] -- Found ament_lint_auto: 0.9.8 (/opt/ros/foxy/share/ament_lint_auto/cmake)
[4.175s] -- Added test 'copyright' to check source files copyright and LICENSE
[4.176s] -- Added test 'cppcheck' to perform static code analysis on C / C++ code
[4.176s] -- Configured cppcheck include dirs: $<BUILD_INTERFACE:/home/xn/unitree_go2_ws/src/tutorial/go2_tutorial/include>
[4.176s] -- Configured cppcheck exclude dirs and/or files: 
[4.177s] -- Added test 'cpplint' to check C / C++ code against the Google style
[4.177s] -- Configured cpplint exclude dirs and/or files: 
[4.178s] -- Added test 'lint_cmake' to check CMake code style
[4.180s] -- Added test 'uncrustify' to check C / C++ code style
[4.180s] -- Configured uncrustify additional arguments: 
[4.180s] -- Added test 'xmllint' to check XML markup files
[4.183s] -- Configuring done
[4.189s] -- Generating done
[4.191s] -- Build files have been written to: /home/xn/unitree_go2_ws/build/go2_tutorial
[4.200s] Invoked command in '/home/xn/unitree_go2_ws/build/go2_tutorial' returned '0': CMAKE_PREFIX_PATH=${CMAKE_PREFIX_PATH}:/home/xn/unitree_go2_ws/install/my_test_py:/home/xn/unitree_go2_ws/install/helloworld_py:/home/xn/unitree_go2_ws/install/go2_twist_bridge_py:/home/xn/unitree_go2_ws/install/go2_teleop_ctrl_keyboard:/home/xn/unitree_go2_ws/install/go2_driver_py:/opt/ros/foxy /usr/bin/cmake /home/xn/unitree_go2_ws/src/tutorial/go2_tutorial -DCMAKE_INSTALL_PREFIX=/home/xn/unitree_go2_ws/install/go2_tutorial
[4.201s] Invoking command in '/home/xn/unitree_go2_ws/build/go2_tutorial': CMAKE_PREFIX_PATH=${CMAKE_PREFIX_PATH}:/home/xn/unitree_go2_ws/install/my_test_py:/home/xn/unitree_go2_ws/install/helloworld_py:/home/xn/unitree_go2_ws/install/go2_twist_bridge_py:/home/xn/unitree_go2_ws/install/go2_teleop_ctrl_keyboard:/home/xn/unitree_go2_ws/install/go2_driver_py:/opt/ros/foxy /usr/bin/cmake --build /home/xn/unitree_go2_ws/build/go2_tutorial -- -j8 -l8
[4.242s] [35m[1mScanning dependencies of target go2_ctrl[0m
[4.258s] [ 50%] [32mBuilding CXX object CMakeFiles/go2_ctrl.dir/src/go2_ctrl.cpp.o[0m
[4.286s] [100%] [32m[1mLinking CXX executable go2_ctrl[0m
[4.345s] [100%] Built target go2_ctrl
[4.355s] Invoked command in '/home/xn/unitree_go2_ws/build/go2_tutorial' returned '0': CMAKE_PREFIX_PATH=${CMAKE_PREFIX_PATH}:/home/xn/unitree_go2_ws/install/my_test_py:/home/xn/unitree_go2_ws/install/helloworld_py:/home/xn/unitree_go2_ws/install/go2_twist_bridge_py:/home/xn/unitree_go2_ws/install/go2_teleop_ctrl_keyboard:/home/xn/unitree_go2_ws/install/go2_driver_py:/opt/ros/foxy /usr/bin/cmake --build /home/xn/unitree_go2_ws/build/go2_tutorial -- -j8 -l8
[4.357s] Invoking command in '/home/xn/unitree_go2_ws/build/go2_tutorial': CMAKE_PREFIX_PATH=${CMAKE_PREFIX_PATH}:/home/xn/unitree_go2_ws/install/my_test_py:/home/xn/unitree_go2_ws/install/helloworld_py:/home/xn/unitree_go2_ws/install/go2_twist_bridge_py:/home/xn/unitree_go2_ws/install/go2_teleop_ctrl_keyboard:/home/xn/unitree_go2_ws/install/go2_driver_py:/opt/ros/foxy /usr/bin/cmake --install /home/xn/unitree_go2_ws/build/go2_tutorial
[4.365s] -- Install configuration: ""
[4.365s] -- Installing: /home/xn/unitree_go2_ws/install/go2_tutorial/share/go2_tutorial/launch
[4.365s] -- Installing: /home/xn/unitree_go2_ws/install/go2_tutorial/share/go2_tutorial/params
[4.366s] CMake Error at cmake_install.cmake:41 (file):
[4.366s]   file INSTALL cannot find
[4.366s]   "/home/xn/unitree_go2_ws/src/tutorial/go2_tutorial/rviz": No such file or
[4.366s]   directory.
[4.366s] 
[4.366s] 
[4.368s] Invoked command in '/home/xn/unitree_go2_ws/build/go2_tutorial' returned '1': CMAKE_PREFIX_PATH=${CMAKE_PREFIX_PATH}:/home/xn/unitree_go2_ws/install/my_test_py:/home/xn/unitree_go2_ws/install/helloworld_py:/home/xn/unitree_go2_ws/install/go2_twist_bridge_py:/home/xn/unitree_go2_ws/install/go2_teleop_ctrl_keyboard:/home/xn/unitree_go2_ws/install/go2_driver_py:/opt/ros/foxy /usr/bin/cmake --install /home/xn/unitree_go2_ws/build/go2_tutorial
