[0.194s] Invoking command in '/home/xn/unitree_go2_ws/build/helloworld': CMAKE_PREFIX_PATH=${CMAKE_PREFIX_PATH}:/opt/ros/foxy /usr/bin/cmake --build /home/xn/unitree_go2_ws/build/helloworld -- -j8 -l8
[0.687s] [100%] Built target hello
[1.131s] Invoked command in '/home/xn/unitree_go2_ws/build/helloworld' returned '0': CMAKE_PREFIX_PATH=${CMAKE_PREFIX_PATH}:/opt/ros/foxy /usr/bin/cmake --build /home/xn/unitree_go2_ws/build/helloworld -- -j8 -l8
[1.140s] Invoking command in '/home/xn/unitree_go2_ws/build/helloworld': CMAKE_PREFIX_PATH=${CMAKE_PREFIX_PATH}:/opt/ros/foxy /usr/bin/cmake --install /home/xn/unitree_go2_ws/build/helloworld
[1.167s] -- Install configuration: ""
[1.169s] -- Up-to-date: /home/xn/unitree_go2_ws/install/helloworld/lib/helloworld/hello
[1.174s] -- Up-to-date: /home/xn/unitree_go2_ws/install/helloworld/share/ament_index/resource_index/package_run_dependencies/helloworld
[1.175s] -- Up-to-date: /home/xn/unitree_go2_ws/install/helloworld/share/ament_index/resource_index/parent_prefix_path/helloworld
[1.175s] -- Up-to-date: /home/xn/unitree_go2_ws/install/helloworld/share/helloworld/environment/ament_prefix_path.sh
[1.175s] -- Up-to-date: /home/xn/unitree_go2_ws/install/helloworld/share/helloworld/environment/ament_prefix_path.dsv
[1.175s] -- Up-to-date: /home/xn/unitree_go2_ws/install/helloworld/share/helloworld/environment/path.sh
[1.175s] -- Up-to-date: /home/xn/unitree_go2_ws/install/helloworld/share/helloworld/environment/path.dsv
[1.176s] -- Up-to-date: /home/xn/unitree_go2_ws/install/helloworld/share/helloworld/local_setup.bash
[1.176s] -- Up-to-date: /home/xn/unitree_go2_ws/install/helloworld/share/helloworld/local_setup.sh
[1.176s] -- Up-to-date: /home/xn/unitree_go2_ws/install/helloworld/share/helloworld/local_setup.zsh
[1.176s] -- Up-to-date: /home/xn/unitree_go2_ws/install/helloworld/share/helloworld/local_setup.dsv
[1.176s] -- Installing: /home/xn/unitree_go2_ws/install/helloworld/share/helloworld/package.dsv
[1.176s] -- Up-to-date: /home/xn/unitree_go2_ws/install/helloworld/share/ament_index/resource_index/packages/helloworld
[1.178s] -- Up-to-date: /home/xn/unitree_go2_ws/install/helloworld/share/helloworld/cmake/helloworldConfig.cmake
[1.179s] -- Up-to-date: /home/xn/unitree_go2_ws/install/helloworld/share/helloworld/cmake/helloworldConfig-version.cmake
[1.179s] -- Up-to-date: /home/xn/unitree_go2_ws/install/helloworld/share/helloworld/package.xml
[1.276s] Invoked command in '/home/xn/unitree_go2_ws/build/helloworld' returned '0': CMAKE_PREFIX_PATH=${CMAKE_PREFIX_PATH}:/opt/ros/foxy /usr/bin/cmake --install /home/xn/unitree_go2_ws/build/helloworld
