[0.556s] Invoking command in '/home/xn/unitree_go2_ws/build/go2_twist_bridge': CMAKE_PREFIX_PATH=${CMAKE_PREFIX_PATH}:/home/xn/unitree_go2_ws/install/my_test_py:/home/xn/unitree_go2_ws/install/helloworld_py:/home/xn/unitree_go2_ws/install/go2_twist_bridge_py:/home/xn/unitree_go2_ws/install/go2_tutorial_py:/home/xn/unitree_go2_ws/install/go2_teleop_ctrl_keyboard:/home/xn/unitree_go2_ws/install/go2_driver_py:/opt/ros/foxy /usr/bin/cmake --build /home/xn/unitree_go2_ws/build/go2_twist_bridge -- -j8 -l8
[0.766s] -- Found ament_cmake: 0.9.12 (/opt/ros/foxy/share/ament_cmake/cmake)
[0.766s] -- Using PYTHON_EXECUTABLE: /usr/bin/python3
[0.767s] -- Found rclcpp: 2.4.3 (/opt/ros/foxy/share/rclcpp/cmake)
[0.793s] -- Using all available rosidl_typesupport_c: rosidl_typesupport_fastrtps_c;rosidl_typesupport_introspection_c
[0.794s] -- Found rosidl_adapter: 1.3.1 (/opt/ros/foxy/share/rosidl_adapter/cmake)
[0.943s] -- Using all available rosidl_typesupport_cpp: rosidl_typesupport_fastrtps_cpp;rosidl_typesupport_introspection_cpp
[1.009s] -- Found rmw_implementation_cmake: 1.0.4 (/opt/ros/foxy/share/rmw_implementation_cmake/cmake)
[1.009s] -- Using RMW implementation 'rmw_cyclonedds_cpp' as default
[1.234s] -- Found geometry_msgs: 2.0.5 (/opt/ros/foxy/share/geometry_msgs/cmake)
[1.272s] -- Found unitree_api: 0.0.0 (/home/xn/unitree_ros2/cyclonedds_ws/install/unitree_api/share/unitree_api/cmake)
[1.437s] -- Found go2_twist_bridge: 0.0.0 (/home/xn/unitree_go2_ws/install/go2_twist_bridge/share/go2_twist_bridge/cmake)
[1.443s] -- Found ament_lint_auto: 0.9.8 (/opt/ros/foxy/share/ament_lint_auto/cmake)
[1.614s] -- Added test 'copyright' to check source files copyright and LICENSE
[1.624s] -- Added test 'cppcheck' to perform static code analysis on C / C++ code
[1.626s] -- Configured cppcheck include dirs: $<BUILD_INTERFACE:/home/xn/unitree_go2_ws/src/base/go2_twist_bridge/include>
[1.627s] -- Configured cppcheck exclude dirs and/or files: 
[1.635s] -- Added test 'cpplint' to check C / C++ code against the Google style
[1.636s] -- Configured cpplint exclude dirs and/or files: 
[1.639s] -- Added test 'lint_cmake' to check CMake code style
[1.644s] -- Added test 'uncrustify' to check C / C++ code style
[1.644s] -- Configured uncrustify additional arguments: 
[1.645s] -- Added test 'xmllint' to check XML markup files
[1.649s] -- Configuring done
[1.669s] -- Generating done
[1.679s] -- Build files have been written to: /home/xn/unitree_go2_ws/build/go2_twist_bridge
[1.775s] [100%] Built target twist_bridge
