[0.365s] Invoking command in '/home/xn/unitree_go2_ws/build/go2_twist_bridge': CMAKE_PREFIX_PATH=${CMAKE_PREFIX_PATH}:/home/xn/unitree_go2_ws/install/my_test_py:/home/xn/unitree_go2_ws/install/helloworld_py:/home/xn/unitree_go2_ws/install/go2_twist_bridge_py:/home/xn/unitree_go2_ws/install/go2_tutorial_py:/home/xn/unitree_go2_ws/install/go2_teleop_ctrl_keyboard:/home/xn/unitree_go2_ws/install/go2_driver_py:/opt/ros/foxy /usr/bin/cmake --build /home/xn/unitree_go2_ws/build/go2_twist_bridge -- -j8 -l8
[0.536s] [100%] Built target twist_bridge
[0.555s] Invoked command in '/home/xn/unitree_go2_ws/build/go2_twist_bridge' returned '0': CMAKE_PREFIX_PATH=${CMAKE_PREFIX_PATH}:/home/xn/unitree_go2_ws/install/my_test_py:/home/xn/unitree_go2_ws/install/helloworld_py:/home/xn/unitree_go2_ws/install/go2_twist_bridge_py:/home/xn/unitree_go2_ws/install/go2_tutorial_py:/home/xn/unitree_go2_ws/install/go2_teleop_ctrl_keyboard:/home/xn/unitree_go2_ws/install/go2_driver_py:/opt/ros/foxy /usr/bin/cmake --build /home/xn/unitree_go2_ws/build/go2_twist_bridge -- -j8 -l8
[0.558s] Invoking command in '/home/xn/unitree_go2_ws/build/go2_twist_bridge': CMAKE_PREFIX_PATH=${CMAKE_PREFIX_PATH}:/home/xn/unitree_go2_ws/install/my_test_py:/home/xn/unitree_go2_ws/install/helloworld_py:/home/xn/unitree_go2_ws/install/go2_twist_bridge_py:/home/xn/unitree_go2_ws/install/go2_tutorial_py:/home/xn/unitree_go2_ws/install/go2_teleop_ctrl_keyboard:/home/xn/unitree_go2_ws/install/go2_driver_py:/opt/ros/foxy /usr/bin/cmake --install /home/xn/unitree_go2_ws/build/go2_twist_bridge
[0.568s] -- Install configuration: ""
[0.569s] -- Execute custom install script
[0.569s] -- Up-to-date symlink: /home/xn/unitree_go2_ws/install/go2_twist_bridge/lib/go2_twist_bridge/twist_bridge
[0.569s] -- Up-to-date symlink: /home/xn/unitree_go2_ws/install/go2_twist_bridge/share/ament_index/resource_index/package_run_dependencies/go2_twist_bridge
[0.569s] -- Up-to-date symlink: /home/xn/unitree_go2_ws/install/go2_twist_bridge/share/ament_index/resource_index/parent_prefix_path/go2_twist_bridge
[0.569s] -- Up-to-date symlink: /home/xn/unitree_go2_ws/install/go2_twist_bridge/share/go2_twist_bridge/environment/ament_prefix_path.sh
[0.569s] -- Up-to-date symlink: /home/xn/unitree_go2_ws/install/go2_twist_bridge/share/go2_twist_bridge/environment/ament_prefix_path.dsv
[0.569s] -- Up-to-date symlink: /home/xn/unitree_go2_ws/install/go2_twist_bridge/share/go2_twist_bridge/environment/path.sh
[0.569s] -- Up-to-date symlink: /home/xn/unitree_go2_ws/install/go2_twist_bridge/share/go2_twist_bridge/environment/path.dsv
[0.569s] -- Up-to-date symlink: /home/xn/unitree_go2_ws/install/go2_twist_bridge/share/go2_twist_bridge/local_setup.bash
[0.570s] -- Up-to-date symlink: /home/xn/unitree_go2_ws/install/go2_twist_bridge/share/go2_twist_bridge/local_setup.sh
[0.572s] -- Up-to-date symlink: /home/xn/unitree_go2_ws/install/go2_twist_bridge/share/go2_twist_bridge/local_setup.zsh
[0.572s] -- Up-to-date symlink: /home/xn/unitree_go2_ws/install/go2_twist_bridge/share/go2_twist_bridge/local_setup.dsv
[0.572s] -- Symlinking: /home/xn/unitree_go2_ws/install/go2_twist_bridge/share/go2_twist_bridge/package.dsv
[0.595s] -- Up-to-date symlink: /home/xn/unitree_go2_ws/install/go2_twist_bridge/share/ament_index/resource_index/packages/go2_twist_bridge
[0.595s] -- Up-to-date symlink: /home/xn/unitree_go2_ws/install/go2_twist_bridge/share/go2_twist_bridge/cmake/go2_twist_bridgeConfig.cmake
[0.595s] -- Up-to-date symlink: /home/xn/unitree_go2_ws/install/go2_twist_bridge/share/go2_twist_bridge/cmake/go2_twist_bridgeConfig-version.cmake
[0.599s] -- Up-to-date symlink: /home/xn/unitree_go2_ws/install/go2_twist_bridge/share/go2_twist_bridge/package.xml
[0.648s] Invoked command in '/home/xn/unitree_go2_ws/build/go2_twist_bridge' returned '0': CMAKE_PREFIX_PATH=${CMAKE_PREFIX_PATH}:/home/xn/unitree_go2_ws/install/my_test_py:/home/xn/unitree_go2_ws/install/helloworld_py:/home/xn/unitree_go2_ws/install/go2_twist_bridge_py:/home/xn/unitree_go2_ws/install/go2_tutorial_py:/home/xn/unitree_go2_ws/install/go2_teleop_ctrl_keyboard:/home/xn/unitree_go2_ws/install/go2_driver_py:/opt/ros/foxy /usr/bin/cmake --install /home/xn/unitree_go2_ws/build/go2_twist_bridge
