running develop
running egg_info
writing go2_tutorial_py.egg-info/PKG-INFO
writing dependency_links to go2_tutorial_py.egg-info/dependency_links.txt
writing entry points to go2_tutorial_py.egg-info/entry_points.txt
writing requirements to go2_tutorial_py.egg-info/requires.txt
writing top-level names to go2_tutorial_py.egg-info/top_level.txt
reading manifest file 'go2_tutorial_py.egg-info/SOURCES.txt'
writing manifest file 'go2_tutorial_py.egg-info/SOURCES.txt'
running build_ext
Creating /home/xn/unitree_go2_ws/install/go2_tutorial_py/lib/python3.8/site-packages/site.py
Creating /home/xn/unitree_go2_ws/install/go2_tutorial_py/lib/python3.8/site-packages/go2-tutorial-py.egg-link (link to .)
Installing go2_cruising_client script to /home/xn/unitree_go2_ws/install/go2_tutorial_py/lib/go2_tutorial_py
Installing go2_cruising_service script to /home/xn/unitree_go2_ws/install/go2_tutorial_py/lib/go2_tutorial_py
Installing go2_ctrl script to /home/xn/unitree_go2_ws/install/go2_tutorial_py/lib/go2_tutorial_py
Installing go2_state script to /home/xn/unitree_go2_ws/install/go2_tutorial_py/lib/go2_tutorial_py

Installed /home/xn/unitree_go2_ws/build/go2_tutorial_py
running symlink_data
symbolically linking /home/xn/unitree_go2_ws/build/go2_tutorial_py/resource/go2_tutorial_py -> /home/xn/unitree_go2_ws/install/go2_tutorial_py/share/ament_index/resource_index/packages
symbolically linking /home/xn/unitree_go2_ws/build/go2_tutorial_py/package.xml -> /home/xn/unitree_go2_ws/install/go2_tutorial_py/share/go2_tutorial_py
symbolically linking /home/xn/unitree_go2_ws/build/go2_tutorial_py/launch/go2_state.launch.py -> /home/xn/unitree_go2_ws/install/go2_tutorial_py/share/go2_tutorial_py/launch
symbolically linking /home/xn/unitree_go2_ws/build/go2_tutorial_py/launch/go2_ctrl.launch.py -> /home/xn/unitree_go2_ws/install/go2_tutorial_py/share/go2_tutorial_py/launch
symbolically linking /home/xn/unitree_go2_ws/build/go2_tutorial_py/launch/go2_cruising.launch.py -> /home/xn/unitree_go2_ws/install/go2_tutorial_py/share/go2_tutorial_py/launch
symbolically linking /home/xn/unitree_go2_ws/build/go2_tutorial_py/params/go2_state.yaml -> /home/xn/unitree_go2_ws/install/go2_tutorial_py/share/go2_tutorial_py/params
