[0.418s] DEBUG:colcon:Command line arguments: ['/usr/bin/colcon', 'build']
[0.418s] DEBUG:colcon:Parsed command line arguments: Namespace(allow_overriding=[], ament_cmake_args=None, base_paths=['.'], build_base='build', catkin_cmake_args=None, catkin_skip_building_tests=False, cmake_args=None, cmake_clean_cache=False, cmake_clean_first=False, cmake_force_configure=False, cmake_target=None, cmake_target_skip_unavailable=False, continue_on_error=False, event_handlers=None, executor='parallel', ignore_user_meta=False, install_base='install', log_base=None, log_level=None, main=<bound method BuildVerb.main of <colcon_core.verb.build.BuildVerb object at 0x7f7c1a41f7f0>>, merge_install=False, metas=['./colcon.meta'], mixin=None, mixin_files=None, mixin_verb=('build',), packages_above=None, packages_above_and_dependencies=None, packages_above_depth=None, packages_end=None, packages_ignore=None, packages_ignore_regex=None, packages_select=None, packages_select_build_failed=False, packages_select_by_dep=None, packages_select_regex=None, packages_select_test_failures=False, packages_skip=None, packages_skip_build_finished=False, packages_skip_by_dep=None, packages_skip_regex=None, packages_skip_test_passed=False, packages_skip_up_to=None, packages_start=None, packages_up_to=None, packages_up_to_regex=None, parallel_workers=8, paths=None, symlink_install=False, test_result_base=None, verb_extension=<colcon_core.verb.build.BuildVerb object at 0x7f7c1a41f7f0>, verb_name='build', verb_parser=<colcon_mixin.mixin.mixin_argument.MixinArgumentDecorator object at 0x7f7c1a41fcd0>)
[0.562s] Level 1:colcon.colcon_core.package_discovery:discover_packages(colcon_meta) check parameters
[0.562s] Level 1:colcon.colcon_core.package_discovery:discover_packages(recursive) check parameters
[0.562s] Level 1:colcon.colcon_core.package_discovery:discover_packages(ignore) check parameters
[0.562s] Level 1:colcon.colcon_core.package_discovery:discover_packages(path) check parameters
[0.562s] Level 1:colcon.colcon_core.package_discovery:discover_packages(colcon_meta) discover
[0.562s] Level 1:colcon.colcon_core.package_discovery:discover_packages(recursive) discover
[0.562s] INFO:colcon.colcon_core.package_discovery:Crawling recursively for packages in '/home/xn/unitree_go2_ws'
[0.562s] Level 1:colcon.colcon_core.package_identification:_identify(.) by extensions ['ignore', 'ignore_ament_install']
[0.562s] Level 1:colcon.colcon_core.package_identification:_identify(.) by extension 'ignore'
[0.562s] Level 1:colcon.colcon_core.package_identification:_identify(.) by extension 'ignore_ament_install'
[0.562s] Level 1:colcon.colcon_core.package_identification:_identify(.) by extensions ['colcon_pkg']
[0.562s] Level 1:colcon.colcon_core.package_identification:_identify(.) by extension 'colcon_pkg'
[0.562s] Level 1:colcon.colcon_core.package_identification:_identify(.) by extensions ['colcon_meta']
[0.562s] Level 1:colcon.colcon_core.package_identification:_identify(.) by extension 'colcon_meta'
[0.564s] Level 1:colcon.colcon_core.package_identification:_identify(.) by extensions ['ros']
[0.564s] Level 1:colcon.colcon_core.package_identification:_identify(.) by extension 'ros'
[0.577s] Level 1:colcon.colcon_core.package_identification:_identify(.) by extensions ['cmake', 'python']
[0.577s] Level 1:colcon.colcon_core.package_identification:_identify(.) by extension 'cmake'
[0.578s] Level 1:colcon.colcon_core.package_identification:_identify(.) by extension 'python'
[0.578s] Level 1:colcon.colcon_core.package_identification:_identify(.) by extensions ['python_setup_py']
[0.578s] Level 1:colcon.colcon_core.package_identification:_identify(.) by extension 'python_setup_py'
[0.578s] Level 1:colcon.colcon_core.package_identification:_identify(build) by extensions ['ignore', 'ignore_ament_install']
[0.578s] Level 1:colcon.colcon_core.package_identification:_identify(build) by extension 'ignore'
[0.578s] Level 1:colcon.colcon_core.package_identification:_identify(build) ignored
[0.578s] Level 1:colcon.colcon_core.package_identification:_identify(install) by extensions ['ignore', 'ignore_ament_install']
[0.578s] Level 1:colcon.colcon_core.package_identification:_identify(install) by extension 'ignore'
[0.578s] Level 1:colcon.colcon_core.package_identification:_identify(install) ignored
[0.578s] Level 1:colcon.colcon_core.package_identification:_identify(log) by extensions ['ignore', 'ignore_ament_install']
[0.578s] Level 1:colcon.colcon_core.package_identification:_identify(log) by extension 'ignore'
[0.578s] Level 1:colcon.colcon_core.package_identification:_identify(log) ignored
[0.578s] Level 1:colcon.colcon_core.package_identification:_identify(src) by extensions ['ignore', 'ignore_ament_install']
[0.578s] Level 1:colcon.colcon_core.package_identification:_identify(src) by extension 'ignore'
[0.578s] Level 1:colcon.colcon_core.package_identification:_identify(src) by extension 'ignore_ament_install'
[0.578s] Level 1:colcon.colcon_core.package_identification:_identify(src) by extensions ['colcon_pkg']
[0.578s] Level 1:colcon.colcon_core.package_identification:_identify(src) by extension 'colcon_pkg'
[0.578s] Level 1:colcon.colcon_core.package_identification:_identify(src) by extensions ['colcon_meta']
[0.578s] Level 1:colcon.colcon_core.package_identification:_identify(src) by extension 'colcon_meta'
[0.578s] Level 1:colcon.colcon_core.package_identification:_identify(src) by extensions ['ros']
[0.579s] Level 1:colcon.colcon_core.package_identification:_identify(src) by extension 'ros'
[0.579s] Level 1:colcon.colcon_core.package_identification:_identify(src) by extensions ['cmake', 'python']
[0.579s] Level 1:colcon.colcon_core.package_identification:_identify(src) by extension 'cmake'
[0.579s] Level 1:colcon.colcon_core.package_identification:_identify(src) by extension 'python'
[0.579s] Level 1:colcon.colcon_core.package_identification:_identify(src) by extensions ['python_setup_py']
[0.579s] Level 1:colcon.colcon_core.package_identification:_identify(src) by extension 'python_setup_py'
[0.579s] Level 1:colcon.colcon_core.package_identification:_identify(src/base) by extensions ['ignore', 'ignore_ament_install']
[0.579s] Level 1:colcon.colcon_core.package_identification:_identify(src/base) by extension 'ignore'
[0.579s] Level 1:colcon.colcon_core.package_identification:_identify(src/base) by extension 'ignore_ament_install'
[0.579s] Level 1:colcon.colcon_core.package_identification:_identify(src/base) by extensions ['colcon_pkg']
[0.579s] Level 1:colcon.colcon_core.package_identification:_identify(src/base) by extension 'colcon_pkg'
[0.579s] Level 1:colcon.colcon_core.package_identification:_identify(src/base) by extensions ['colcon_meta']
[0.579s] Level 1:colcon.colcon_core.package_identification:_identify(src/base) by extension 'colcon_meta'
[0.579s] Level 1:colcon.colcon_core.package_identification:_identify(src/base) by extensions ['ros']
[0.579s] Level 1:colcon.colcon_core.package_identification:_identify(src/base) by extension 'ros'
[0.579s] Level 1:colcon.colcon_core.package_identification:_identify(src/base) by extensions ['cmake', 'python']
[0.579s] Level 1:colcon.colcon_core.package_identification:_identify(src/base) by extension 'cmake'
[0.579s] Level 1:colcon.colcon_core.package_identification:_identify(src/base) by extension 'python'
[0.579s] Level 1:colcon.colcon_core.package_identification:_identify(src/base) by extensions ['python_setup_py']
[0.579s] Level 1:colcon.colcon_core.package_identification:_identify(src/base) by extension 'python_setup_py'
[0.580s] Level 1:colcon.colcon_core.package_identification:_identify(src/base/go2_description) by extensions ['ignore', 'ignore_ament_install']
[0.580s] Level 1:colcon.colcon_core.package_identification:_identify(src/base/go2_description) by extension 'ignore'
[0.580s] Level 1:colcon.colcon_core.package_identification:_identify(src/base/go2_description) by extension 'ignore_ament_install'
[0.580s] Level 1:colcon.colcon_core.package_identification:_identify(src/base/go2_description) by extensions ['colcon_pkg']
[0.580s] Level 1:colcon.colcon_core.package_identification:_identify(src/base/go2_description) by extension 'colcon_pkg'
[0.581s] Level 1:colcon.colcon_core.package_identification:_identify(src/base/go2_description) by extensions ['colcon_meta']
[0.581s] Level 1:colcon.colcon_core.package_identification:_identify(src/base/go2_description) by extension 'colcon_meta'
[0.581s] Level 1:colcon.colcon_core.package_identification:_identify(src/base/go2_description) by extensions ['ros']
[0.581s] Level 1:colcon.colcon_core.package_identification:_identify(src/base/go2_description) by extension 'ros'
[0.585s] DEBUG:colcon.colcon_core.package_identification:Package 'src/base/go2_description' with type 'ros.ament_cmake' and name 'go2_description'
[0.585s] Level 1:colcon.colcon_core.package_identification:_identify(src/base/go2_driver) by extensions ['ignore', 'ignore_ament_install']
[0.585s] Level 1:colcon.colcon_core.package_identification:_identify(src/base/go2_driver) by extension 'ignore'
[0.586s] Level 1:colcon.colcon_core.package_identification:_identify(src/base/go2_driver) by extension 'ignore_ament_install'
[0.586s] Level 1:colcon.colcon_core.package_identification:_identify(src/base/go2_driver) by extensions ['colcon_pkg']
[0.586s] Level 1:colcon.colcon_core.package_identification:_identify(src/base/go2_driver) by extension 'colcon_pkg'
[0.586s] Level 1:colcon.colcon_core.package_identification:_identify(src/base/go2_driver) by extensions ['colcon_meta']
[0.586s] Level 1:colcon.colcon_core.package_identification:_identify(src/base/go2_driver) by extension 'colcon_meta'
[0.586s] Level 1:colcon.colcon_core.package_identification:_identify(src/base/go2_driver) by extensions ['ros']
[0.586s] Level 1:colcon.colcon_core.package_identification:_identify(src/base/go2_driver) by extension 'ros'
[0.587s] DEBUG:colcon.colcon_core.package_identification:Package 'src/base/go2_driver' with type 'ros.ament_cmake' and name 'go2_driver'
[0.588s] Level 1:colcon.colcon_core.package_identification:_identify(src/base/go2_driver_py) by extensions ['ignore', 'ignore_ament_install']
[0.588s] Level 1:colcon.colcon_core.package_identification:_identify(src/base/go2_driver_py) by extension 'ignore'
[0.588s] Level 1:colcon.colcon_core.package_identification:_identify(src/base/go2_driver_py) by extension 'ignore_ament_install'
[0.588s] Level 1:colcon.colcon_core.package_identification:_identify(src/base/go2_driver_py) by extensions ['colcon_pkg']
[0.588s] Level 1:colcon.colcon_core.package_identification:_identify(src/base/go2_driver_py) by extension 'colcon_pkg'
[0.588s] Level 1:colcon.colcon_core.package_identification:_identify(src/base/go2_driver_py) by extensions ['colcon_meta']
[0.588s] Level 1:colcon.colcon_core.package_identification:_identify(src/base/go2_driver_py) by extension 'colcon_meta'
[0.588s] Level 1:colcon.colcon_core.package_identification:_identify(src/base/go2_driver_py) by extensions ['ros']
[0.588s] Level 1:colcon.colcon_core.package_identification:_identify(src/base/go2_driver_py) by extension 'ros'
[0.589s] DEBUG:colcon.colcon_core.package_identification:Package 'src/base/go2_driver_py' with type 'ros.ament_python' and name 'go2_driver_py'
[0.589s] Level 1:colcon.colcon_core.package_identification:_identify(src/base/go2_teleop_ctrl_keyboard) by extensions ['ignore', 'ignore_ament_install']
[0.590s] Level 1:colcon.colcon_core.package_identification:_identify(src/base/go2_teleop_ctrl_keyboard) by extension 'ignore'
[0.590s] Level 1:colcon.colcon_core.package_identification:_identify(src/base/go2_teleop_ctrl_keyboard) by extension 'ignore_ament_install'
[0.590s] Level 1:colcon.colcon_core.package_identification:_identify(src/base/go2_teleop_ctrl_keyboard) by extensions ['colcon_pkg']
[0.590s] Level 1:colcon.colcon_core.package_identification:_identify(src/base/go2_teleop_ctrl_keyboard) by extension 'colcon_pkg'
[0.590s] Level 1:colcon.colcon_core.package_identification:_identify(src/base/go2_teleop_ctrl_keyboard) by extensions ['colcon_meta']
[0.590s] Level 1:colcon.colcon_core.package_identification:_identify(src/base/go2_teleop_ctrl_keyboard) by extension 'colcon_meta'
[0.590s] Level 1:colcon.colcon_core.package_identification:_identify(src/base/go2_teleop_ctrl_keyboard) by extensions ['ros']
[0.590s] Level 1:colcon.colcon_core.package_identification:_identify(src/base/go2_teleop_ctrl_keyboard) by extension 'ros'
[0.590s] DEBUG:colcon.colcon_core.package_identification:Package 'src/base/go2_teleop_ctrl_keyboard' with type 'ros.ament_python' and name 'go2_teleop_ctrl_keyboard'
[0.591s] Level 1:colcon.colcon_core.package_identification:_identify(src/base/go2_twist_bridge) by extensions ['ignore', 'ignore_ament_install']
[0.591s] Level 1:colcon.colcon_core.package_identification:_identify(src/base/go2_twist_bridge) by extension 'ignore'
[0.591s] Level 1:colcon.colcon_core.package_identification:_identify(src/base/go2_twist_bridge) by extension 'ignore_ament_install'
[0.591s] Level 1:colcon.colcon_core.package_identification:_identify(src/base/go2_twist_bridge) by extensions ['colcon_pkg']
[0.591s] Level 1:colcon.colcon_core.package_identification:_identify(src/base/go2_twist_bridge) by extension 'colcon_pkg'
[0.591s] Level 1:colcon.colcon_core.package_identification:_identify(src/base/go2_twist_bridge) by extensions ['colcon_meta']
[0.591s] Level 1:colcon.colcon_core.package_identification:_identify(src/base/go2_twist_bridge) by extension 'colcon_meta'
[0.591s] Level 1:colcon.colcon_core.package_identification:_identify(src/base/go2_twist_bridge) by extensions ['ros']
[0.591s] Level 1:colcon.colcon_core.package_identification:_identify(src/base/go2_twist_bridge) by extension 'ros'
[0.592s] DEBUG:colcon.colcon_core.package_identification:Package 'src/base/go2_twist_bridge' with type 'ros.ament_cmake' and name 'go2_twist_bridge'
[0.592s] Level 1:colcon.colcon_core.package_identification:_identify(src/base/go2_twist_bridge_py) by extensions ['ignore', 'ignore_ament_install']
[0.592s] Level 1:colcon.colcon_core.package_identification:_identify(src/base/go2_twist_bridge_py) by extension 'ignore'
[0.592s] Level 1:colcon.colcon_core.package_identification:_identify(src/base/go2_twist_bridge_py) by extension 'ignore_ament_install'
[0.593s] Level 1:colcon.colcon_core.package_identification:_identify(src/base/go2_twist_bridge_py) by extensions ['colcon_pkg']
[0.593s] Level 1:colcon.colcon_core.package_identification:_identify(src/base/go2_twist_bridge_py) by extension 'colcon_pkg'
[0.593s] Level 1:colcon.colcon_core.package_identification:_identify(src/base/go2_twist_bridge_py) by extensions ['colcon_meta']
[0.593s] Level 1:colcon.colcon_core.package_identification:_identify(src/base/go2_twist_bridge_py) by extension 'colcon_meta'
[0.593s] Level 1:colcon.colcon_core.package_identification:_identify(src/base/go2_twist_bridge_py) by extensions ['ros']
[0.593s] Level 1:colcon.colcon_core.package_identification:_identify(src/base/go2_twist_bridge_py) by extension 'ros'
[0.593s] DEBUG:colcon.colcon_core.package_identification:Package 'src/base/go2_twist_bridge_py' with type 'ros.ament_python' and name 'go2_twist_bridge_py'
[0.594s] Level 1:colcon.colcon_core.package_identification:_identify(src/helloworld) by extensions ['ignore', 'ignore_ament_install']
[0.594s] Level 1:colcon.colcon_core.package_identification:_identify(src/helloworld) by extension 'ignore'
[0.594s] Level 1:colcon.colcon_core.package_identification:_identify(src/helloworld) by extension 'ignore_ament_install'
[0.594s] Level 1:colcon.colcon_core.package_identification:_identify(src/helloworld) by extensions ['colcon_pkg']
[0.594s] Level 1:colcon.colcon_core.package_identification:_identify(src/helloworld) by extension 'colcon_pkg'
[0.594s] Level 1:colcon.colcon_core.package_identification:_identify(src/helloworld) by extensions ['colcon_meta']
[0.594s] Level 1:colcon.colcon_core.package_identification:_identify(src/helloworld) by extension 'colcon_meta'
[0.594s] Level 1:colcon.colcon_core.package_identification:_identify(src/helloworld) by extensions ['ros']
[0.594s] Level 1:colcon.colcon_core.package_identification:_identify(src/helloworld) by extension 'ros'
[0.594s] Level 1:colcon.colcon_core.package_identification:_identify(src/helloworld) by extensions ['cmake', 'python']
[0.594s] Level 1:colcon.colcon_core.package_identification:_identify(src/helloworld) by extension 'cmake'
[0.594s] Level 1:colcon.colcon_core.package_identification:_identify(src/helloworld) by extension 'python'
[0.594s] Level 1:colcon.colcon_core.package_identification:_identify(src/helloworld) by extensions ['python_setup_py']
[0.594s] Level 1:colcon.colcon_core.package_identification:_identify(src/helloworld) by extension 'python_setup_py'
[0.595s] Level 1:colcon.colcon_core.package_identification:_identify(src/helloworld/helloworld) by extensions ['ignore', 'ignore_ament_install']
[0.595s] Level 1:colcon.colcon_core.package_identification:_identify(src/helloworld/helloworld) by extension 'ignore'
[0.595s] Level 1:colcon.colcon_core.package_identification:_identify(src/helloworld/helloworld) by extension 'ignore_ament_install'
[0.595s] Level 1:colcon.colcon_core.package_identification:_identify(src/helloworld/helloworld) by extensions ['colcon_pkg']
[0.595s] Level 1:colcon.colcon_core.package_identification:_identify(src/helloworld/helloworld) by extension 'colcon_pkg'
[0.595s] Level 1:colcon.colcon_core.package_identification:_identify(src/helloworld/helloworld) by extensions ['colcon_meta']
[0.595s] Level 1:colcon.colcon_core.package_identification:_identify(src/helloworld/helloworld) by extension 'colcon_meta'
[0.595s] Level 1:colcon.colcon_core.package_identification:_identify(src/helloworld/helloworld) by extensions ['ros']
[0.595s] Level 1:colcon.colcon_core.package_identification:_identify(src/helloworld/helloworld) by extension 'ros'
[0.596s] DEBUG:colcon.colcon_core.package_identification:Package 'src/helloworld/helloworld' with type 'ros.ament_cmake' and name 'helloworld'
[0.596s] Level 1:colcon.colcon_core.package_identification:_identify(src/helloworld/helloworld_py) by extensions ['ignore', 'ignore_ament_install']
[0.597s] Level 1:colcon.colcon_core.package_identification:_identify(src/helloworld/helloworld_py) by extension 'ignore'
[0.597s] Level 1:colcon.colcon_core.package_identification:_identify(src/helloworld/helloworld_py) by extension 'ignore_ament_install'
[0.597s] Level 1:colcon.colcon_core.package_identification:_identify(src/helloworld/helloworld_py) by extensions ['colcon_pkg']
[0.597s] Level 1:colcon.colcon_core.package_identification:_identify(src/helloworld/helloworld_py) by extension 'colcon_pkg'
[0.597s] Level 1:colcon.colcon_core.package_identification:_identify(src/helloworld/helloworld_py) by extensions ['colcon_meta']
[0.597s] Level 1:colcon.colcon_core.package_identification:_identify(src/helloworld/helloworld_py) by extension 'colcon_meta'
[0.597s] Level 1:colcon.colcon_core.package_identification:_identify(src/helloworld/helloworld_py) by extensions ['ros']
[0.597s] Level 1:colcon.colcon_core.package_identification:_identify(src/helloworld/helloworld_py) by extension 'ros'
[0.597s] DEBUG:colcon.colcon_core.package_identification:Package 'src/helloworld/helloworld_py' with type 'ros.ament_python' and name 'helloworld_py'
[0.598s] Level 1:colcon.colcon_core.package_identification:_identify(src/test) by extensions ['ignore', 'ignore_ament_install']
[0.598s] Level 1:colcon.colcon_core.package_identification:_identify(src/test) by extension 'ignore'
[0.598s] Level 1:colcon.colcon_core.package_identification:_identify(src/test) by extension 'ignore_ament_install'
[0.598s] Level 1:colcon.colcon_core.package_identification:_identify(src/test) by extensions ['colcon_pkg']
[0.598s] Level 1:colcon.colcon_core.package_identification:_identify(src/test) by extension 'colcon_pkg'
[0.598s] Level 1:colcon.colcon_core.package_identification:_identify(src/test) by extensions ['colcon_meta']
[0.598s] Level 1:colcon.colcon_core.package_identification:_identify(src/test) by extension 'colcon_meta'
[0.598s] Level 1:colcon.colcon_core.package_identification:_identify(src/test) by extensions ['ros']
[0.598s] Level 1:colcon.colcon_core.package_identification:_identify(src/test) by extension 'ros'
[0.598s] Level 1:colcon.colcon_core.package_identification:_identify(src/test) by extensions ['cmake', 'python']
[0.598s] Level 1:colcon.colcon_core.package_identification:_identify(src/test) by extension 'cmake'
[0.598s] Level 1:colcon.colcon_core.package_identification:_identify(src/test) by extension 'python'
[0.598s] Level 1:colcon.colcon_core.package_identification:_identify(src/test) by extensions ['python_setup_py']
[0.598s] Level 1:colcon.colcon_core.package_identification:_identify(src/test) by extension 'python_setup_py'
[0.599s] Level 1:colcon.colcon_core.package_identification:_identify(src/test/my_test_py) by extensions ['ignore', 'ignore_ament_install']
[0.599s] Level 1:colcon.colcon_core.package_identification:_identify(src/test/my_test_py) by extension 'ignore'
[0.599s] Level 1:colcon.colcon_core.package_identification:_identify(src/test/my_test_py) by extension 'ignore_ament_install'
[0.599s] Level 1:colcon.colcon_core.package_identification:_identify(src/test/my_test_py) by extensions ['colcon_pkg']
[0.599s] Level 1:colcon.colcon_core.package_identification:_identify(src/test/my_test_py) by extension 'colcon_pkg'
[0.599s] Level 1:colcon.colcon_core.package_identification:_identify(src/test/my_test_py) by extensions ['colcon_meta']
[0.599s] Level 1:colcon.colcon_core.package_identification:_identify(src/test/my_test_py) by extension 'colcon_meta'
[0.599s] Level 1:colcon.colcon_core.package_identification:_identify(src/test/my_test_py) by extensions ['ros']
[0.599s] Level 1:colcon.colcon_core.package_identification:_identify(src/test/my_test_py) by extension 'ros'
[0.600s] DEBUG:colcon.colcon_core.package_identification:Package 'src/test/my_test_py' with type 'ros.ament_python' and name 'my_test_py'
[0.600s] Level 1:colcon.colcon_core.package_identification:_identify(src/tutorial) by extensions ['ignore', 'ignore_ament_install']
[0.600s] Level 1:colcon.colcon_core.package_identification:_identify(src/tutorial) by extension 'ignore'
[0.600s] Level 1:colcon.colcon_core.package_identification:_identify(src/tutorial) by extension 'ignore_ament_install'
[0.600s] Level 1:colcon.colcon_core.package_identification:_identify(src/tutorial) by extensions ['colcon_pkg']
[0.600s] Level 1:colcon.colcon_core.package_identification:_identify(src/tutorial) by extension 'colcon_pkg'
[0.600s] Level 1:colcon.colcon_core.package_identification:_identify(src/tutorial) by extensions ['colcon_meta']
[0.600s] Level 1:colcon.colcon_core.package_identification:_identify(src/tutorial) by extension 'colcon_meta'
[0.600s] Level 1:colcon.colcon_core.package_identification:_identify(src/tutorial) by extensions ['ros']
[0.600s] Level 1:colcon.colcon_core.package_identification:_identify(src/tutorial) by extension 'ros'
[0.600s] Level 1:colcon.colcon_core.package_identification:_identify(src/tutorial) by extensions ['cmake', 'python']
[0.600s] Level 1:colcon.colcon_core.package_identification:_identify(src/tutorial) by extension 'cmake'
[0.600s] Level 1:colcon.colcon_core.package_identification:_identify(src/tutorial) by extension 'python'
[0.600s] Level 1:colcon.colcon_core.package_identification:_identify(src/tutorial) by extensions ['python_setup_py']
[0.600s] Level 1:colcon.colcon_core.package_identification:_identify(src/tutorial) by extension 'python_setup_py'
[0.601s] Level 1:colcon.colcon_core.package_identification:_identify(src/tutorial/go2_tutorial) by extensions ['ignore', 'ignore_ament_install']
[0.601s] Level 1:colcon.colcon_core.package_identification:_identify(src/tutorial/go2_tutorial) by extension 'ignore'
[0.601s] Level 1:colcon.colcon_core.package_identification:_identify(src/tutorial/go2_tutorial) by extension 'ignore_ament_install'
[0.601s] Level 1:colcon.colcon_core.package_identification:_identify(src/tutorial/go2_tutorial) by extensions ['colcon_pkg']
[0.601s] Level 1:colcon.colcon_core.package_identification:_identify(src/tutorial/go2_tutorial) by extension 'colcon_pkg'
[0.601s] Level 1:colcon.colcon_core.package_identification:_identify(src/tutorial/go2_tutorial) by extensions ['colcon_meta']
[0.601s] Level 1:colcon.colcon_core.package_identification:_identify(src/tutorial/go2_tutorial) by extension 'colcon_meta'
[0.601s] Level 1:colcon.colcon_core.package_identification:_identify(src/tutorial/go2_tutorial) by extensions ['ros']
[0.601s] Level 1:colcon.colcon_core.package_identification:_identify(src/tutorial/go2_tutorial) by extension 'ros'
[0.602s] DEBUG:colcon.colcon_core.package_identification:Package 'src/tutorial/go2_tutorial' with type 'ros.ament_cmake' and name 'go2_tutorial'
[0.603s] Level 1:colcon.colcon_core.package_identification:_identify(src/tutorial/go2_tutorial_py) by extensions ['ignore', 'ignore_ament_install']
[0.603s] Level 1:colcon.colcon_core.package_identification:_identify(src/tutorial/go2_tutorial_py) by extension 'ignore'
[0.603s] Level 1:colcon.colcon_core.package_identification:_identify(src/tutorial/go2_tutorial_py) by extension 'ignore_ament_install'
[0.603s] Level 1:colcon.colcon_core.package_identification:_identify(src/tutorial/go2_tutorial_py) by extensions ['colcon_pkg']
[0.603s] Level 1:colcon.colcon_core.package_identification:_identify(src/tutorial/go2_tutorial_py) by extension 'colcon_pkg'
[0.603s] Level 1:colcon.colcon_core.package_identification:_identify(src/tutorial/go2_tutorial_py) by extensions ['colcon_meta']
[0.603s] Level 1:colcon.colcon_core.package_identification:_identify(src/tutorial/go2_tutorial_py) by extension 'colcon_meta'
[0.603s] Level 1:colcon.colcon_core.package_identification:_identify(src/tutorial/go2_tutorial_py) by extensions ['ros']
[0.603s] Level 1:colcon.colcon_core.package_identification:_identify(src/tutorial/go2_tutorial_py) by extension 'ros'
[0.605s] DEBUG:colcon.colcon_core.package_identification:Package 'src/tutorial/go2_tutorial_py' with type 'ros.ament_python' and name 'go2_tutorial_py'
[0.605s] Level 1:colcon.colcon_core.package_discovery:discover_packages(recursive) using defaults
[0.605s] Level 1:colcon.colcon_core.package_discovery:discover_packages(ignore) discover
[0.605s] Level 1:colcon.colcon_core.package_discovery:discover_packages(ignore) using defaults
[0.605s] Level 1:colcon.colcon_core.package_discovery:discover_packages(path) discover
[0.605s] Level 1:colcon.colcon_core.package_discovery:discover_packages(path) using defaults
[0.649s] Level 1:colcon.colcon_core.package_discovery:discover_packages(prefix_path) check parameters
[0.649s] Level 1:colcon.colcon_core.package_discovery:discover_packages(prefix_path) discover
[0.666s] DEBUG:colcon.colcon_installed_package_information.package_discovery:Found 11 installed packages in /home/xn/unitree_go2_ws/install
[0.670s] DEBUG:colcon.colcon_installed_package_information.package_discovery:Found 5 installed packages in /home/xn/unitree_ros2/cyclonedds_ws/install
[0.672s] DEBUG:colcon.colcon_installed_package_information.package_discovery:Found 261 installed packages in /opt/ros/foxy
[0.673s] Level 1:colcon.colcon_core.package_discovery:discover_packages(prefix_path) using defaults
[0.817s] Level 5:colcon.colcon_core.verb:set package 'go2_description' build argument 'cmake_args' from command line to 'None'
[0.817s] Level 5:colcon.colcon_core.verb:set package 'go2_description' build argument 'cmake_target' from command line to 'None'
[0.817s] Level 5:colcon.colcon_core.verb:set package 'go2_description' build argument 'cmake_target_skip_unavailable' from command line to 'False'
[0.817s] Level 5:colcon.colcon_core.verb:set package 'go2_description' build argument 'cmake_clean_cache' from command line to 'False'
[0.817s] Level 5:colcon.colcon_core.verb:set package 'go2_description' build argument 'cmake_clean_first' from command line to 'False'
[0.817s] Level 5:colcon.colcon_core.verb:set package 'go2_description' build argument 'cmake_force_configure' from command line to 'False'
[0.817s] Level 5:colcon.colcon_core.verb:set package 'go2_description' build argument 'ament_cmake_args' from command line to 'None'
[0.817s] Level 5:colcon.colcon_core.verb:set package 'go2_description' build argument 'catkin_cmake_args' from command line to 'None'
[0.817s] Level 5:colcon.colcon_core.verb:set package 'go2_description' build argument 'catkin_skip_building_tests' from command line to 'False'
[0.817s] DEBUG:colcon.colcon_core.verb:Building package 'go2_description' with the following arguments: {'ament_cmake_args': None, 'build_base': '/home/xn/unitree_go2_ws/build/go2_description', 'catkin_cmake_args': None, 'catkin_skip_building_tests': False, 'cmake_args': None, 'cmake_clean_cache': False, 'cmake_clean_first': False, 'cmake_force_configure': False, 'cmake_target': None, 'cmake_target_skip_unavailable': False, 'install_base': '/home/xn/unitree_go2_ws/install/go2_description', 'merge_install': False, 'path': '/home/xn/unitree_go2_ws/src/base/go2_description', 'symlink_install': False, 'test_result_base': None}
[0.817s] Level 5:colcon.colcon_core.verb:set package 'go2_driver' build argument 'cmake_args' from command line to 'None'
[0.817s] Level 5:colcon.colcon_core.verb:set package 'go2_driver' build argument 'cmake_target' from command line to 'None'
[0.817s] Level 5:colcon.colcon_core.verb:set package 'go2_driver' build argument 'cmake_target_skip_unavailable' from command line to 'False'
[0.817s] Level 5:colcon.colcon_core.verb:set package 'go2_driver' build argument 'cmake_clean_cache' from command line to 'False'
[0.817s] Level 5:colcon.colcon_core.verb:set package 'go2_driver' build argument 'cmake_clean_first' from command line to 'False'
[0.817s] Level 5:colcon.colcon_core.verb:set package 'go2_driver' build argument 'cmake_force_configure' from command line to 'False'
[0.817s] Level 5:colcon.colcon_core.verb:set package 'go2_driver' build argument 'ament_cmake_args' from command line to 'None'
[0.817s] Level 5:colcon.colcon_core.verb:set package 'go2_driver' build argument 'catkin_cmake_args' from command line to 'None'
[0.817s] Level 5:colcon.colcon_core.verb:set package 'go2_driver' build argument 'catkin_skip_building_tests' from command line to 'False'
[0.817s] DEBUG:colcon.colcon_core.verb:Building package 'go2_driver' with the following arguments: {'ament_cmake_args': None, 'build_base': '/home/xn/unitree_go2_ws/build/go2_driver', 'catkin_cmake_args': None, 'catkin_skip_building_tests': False, 'cmake_args': None, 'cmake_clean_cache': False, 'cmake_clean_first': False, 'cmake_force_configure': False, 'cmake_target': None, 'cmake_target_skip_unavailable': False, 'install_base': '/home/xn/unitree_go2_ws/install/go2_driver', 'merge_install': False, 'path': '/home/xn/unitree_go2_ws/src/base/go2_driver', 'symlink_install': False, 'test_result_base': None}
[0.818s] Level 5:colcon.colcon_core.verb:set package 'go2_driver_py' build argument 'cmake_args' from command line to 'None'
[0.818s] Level 5:colcon.colcon_core.verb:set package 'go2_driver_py' build argument 'cmake_target' from command line to 'None'
[0.818s] Level 5:colcon.colcon_core.verb:set package 'go2_driver_py' build argument 'cmake_target_skip_unavailable' from command line to 'False'
[0.818s] Level 5:colcon.colcon_core.verb:set package 'go2_driver_py' build argument 'cmake_clean_cache' from command line to 'False'
[0.818s] Level 5:colcon.colcon_core.verb:set package 'go2_driver_py' build argument 'cmake_clean_first' from command line to 'False'
[0.818s] Level 5:colcon.colcon_core.verb:set package 'go2_driver_py' build argument 'cmake_force_configure' from command line to 'False'
[0.818s] Level 5:colcon.colcon_core.verb:set package 'go2_driver_py' build argument 'ament_cmake_args' from command line to 'None'
[0.818s] Level 5:colcon.colcon_core.verb:set package 'go2_driver_py' build argument 'catkin_cmake_args' from command line to 'None'
[0.818s] Level 5:colcon.colcon_core.verb:set package 'go2_driver_py' build argument 'catkin_skip_building_tests' from command line to 'False'
[0.818s] DEBUG:colcon.colcon_core.verb:Building package 'go2_driver_py' with the following arguments: {'ament_cmake_args': None, 'build_base': '/home/xn/unitree_go2_ws/build/go2_driver_py', 'catkin_cmake_args': None, 'catkin_skip_building_tests': False, 'cmake_args': None, 'cmake_clean_cache': False, 'cmake_clean_first': False, 'cmake_force_configure': False, 'cmake_target': None, 'cmake_target_skip_unavailable': False, 'install_base': '/home/xn/unitree_go2_ws/install/go2_driver_py', 'merge_install': False, 'path': '/home/xn/unitree_go2_ws/src/base/go2_driver_py', 'symlink_install': False, 'test_result_base': None}
[0.818s] Level 5:colcon.colcon_core.verb:set package 'go2_teleop_ctrl_keyboard' build argument 'cmake_args' from command line to 'None'
[0.818s] Level 5:colcon.colcon_core.verb:set package 'go2_teleop_ctrl_keyboard' build argument 'cmake_target' from command line to 'None'
[0.818s] Level 5:colcon.colcon_core.verb:set package 'go2_teleop_ctrl_keyboard' build argument 'cmake_target_skip_unavailable' from command line to 'False'
[0.818s] Level 5:colcon.colcon_core.verb:set package 'go2_teleop_ctrl_keyboard' build argument 'cmake_clean_cache' from command line to 'False'
[0.818s] Level 5:colcon.colcon_core.verb:set package 'go2_teleop_ctrl_keyboard' build argument 'cmake_clean_first' from command line to 'False'
[0.818s] Level 5:colcon.colcon_core.verb:set package 'go2_teleop_ctrl_keyboard' build argument 'cmake_force_configure' from command line to 'False'
[0.818s] Level 5:colcon.colcon_core.verb:set package 'go2_teleop_ctrl_keyboard' build argument 'ament_cmake_args' from command line to 'None'
[0.818s] Level 5:colcon.colcon_core.verb:set package 'go2_teleop_ctrl_keyboard' build argument 'catkin_cmake_args' from command line to 'None'
[0.818s] Level 5:colcon.colcon_core.verb:set package 'go2_teleop_ctrl_keyboard' build argument 'catkin_skip_building_tests' from command line to 'False'
[0.818s] DEBUG:colcon.colcon_core.verb:Building package 'go2_teleop_ctrl_keyboard' with the following arguments: {'ament_cmake_args': None, 'build_base': '/home/xn/unitree_go2_ws/build/go2_teleop_ctrl_keyboard', 'catkin_cmake_args': None, 'catkin_skip_building_tests': False, 'cmake_args': None, 'cmake_clean_cache': False, 'cmake_clean_first': False, 'cmake_force_configure': False, 'cmake_target': None, 'cmake_target_skip_unavailable': False, 'install_base': '/home/xn/unitree_go2_ws/install/go2_teleop_ctrl_keyboard', 'merge_install': False, 'path': '/home/xn/unitree_go2_ws/src/base/go2_teleop_ctrl_keyboard', 'symlink_install': False, 'test_result_base': None}
[0.818s] Level 5:colcon.colcon_core.verb:set package 'go2_tutorial' build argument 'cmake_args' from command line to 'None'
[0.818s] Level 5:colcon.colcon_core.verb:set package 'go2_tutorial' build argument 'cmake_target' from command line to 'None'
[0.818s] Level 5:colcon.colcon_core.verb:set package 'go2_tutorial' build argument 'cmake_target_skip_unavailable' from command line to 'False'
[0.818s] Level 5:colcon.colcon_core.verb:set package 'go2_tutorial' build argument 'cmake_clean_cache' from command line to 'False'
[0.818s] Level 5:colcon.colcon_core.verb:set package 'go2_tutorial' build argument 'cmake_clean_first' from command line to 'False'
[0.818s] Level 5:colcon.colcon_core.verb:set package 'go2_tutorial' build argument 'cmake_force_configure' from command line to 'False'
[0.818s] Level 5:colcon.colcon_core.verb:set package 'go2_tutorial' build argument 'ament_cmake_args' from command line to 'None'
[0.818s] Level 5:colcon.colcon_core.verb:set package 'go2_tutorial' build argument 'catkin_cmake_args' from command line to 'None'
[0.818s] Level 5:colcon.colcon_core.verb:set package 'go2_tutorial' build argument 'catkin_skip_building_tests' from command line to 'False'
[0.818s] DEBUG:colcon.colcon_core.verb:Building package 'go2_tutorial' with the following arguments: {'ament_cmake_args': None, 'build_base': '/home/xn/unitree_go2_ws/build/go2_tutorial', 'catkin_cmake_args': None, 'catkin_skip_building_tests': False, 'cmake_args': None, 'cmake_clean_cache': False, 'cmake_clean_first': False, 'cmake_force_configure': False, 'cmake_target': None, 'cmake_target_skip_unavailable': False, 'install_base': '/home/xn/unitree_go2_ws/install/go2_tutorial', 'merge_install': False, 'path': '/home/xn/unitree_go2_ws/src/tutorial/go2_tutorial', 'symlink_install': False, 'test_result_base': None}
[0.819s] Level 5:colcon.colcon_core.verb:set package 'go2_tutorial_py' build argument 'cmake_args' from command line to 'None'
[0.819s] Level 5:colcon.colcon_core.verb:set package 'go2_tutorial_py' build argument 'cmake_target' from command line to 'None'
[0.819s] Level 5:colcon.colcon_core.verb:set package 'go2_tutorial_py' build argument 'cmake_target_skip_unavailable' from command line to 'False'
[0.819s] Level 5:colcon.colcon_core.verb:set package 'go2_tutorial_py' build argument 'cmake_clean_cache' from command line to 'False'
[0.819s] Level 5:colcon.colcon_core.verb:set package 'go2_tutorial_py' build argument 'cmake_clean_first' from command line to 'False'
[0.819s] Level 5:colcon.colcon_core.verb:set package 'go2_tutorial_py' build argument 'cmake_force_configure' from command line to 'False'
[0.819s] Level 5:colcon.colcon_core.verb:set package 'go2_tutorial_py' build argument 'ament_cmake_args' from command line to 'None'
[0.819s] Level 5:colcon.colcon_core.verb:set package 'go2_tutorial_py' build argument 'catkin_cmake_args' from command line to 'None'
[0.819s] Level 5:colcon.colcon_core.verb:set package 'go2_tutorial_py' build argument 'catkin_skip_building_tests' from command line to 'False'
[0.819s] DEBUG:colcon.colcon_core.verb:Building package 'go2_tutorial_py' with the following arguments: {'ament_cmake_args': None, 'build_base': '/home/xn/unitree_go2_ws/build/go2_tutorial_py', 'catkin_cmake_args': None, 'catkin_skip_building_tests': False, 'cmake_args': None, 'cmake_clean_cache': False, 'cmake_clean_first': False, 'cmake_force_configure': False, 'cmake_target': None, 'cmake_target_skip_unavailable': False, 'install_base': '/home/xn/unitree_go2_ws/install/go2_tutorial_py', 'merge_install': False, 'path': '/home/xn/unitree_go2_ws/src/tutorial/go2_tutorial_py', 'symlink_install': False, 'test_result_base': None}
[0.819s] Level 5:colcon.colcon_core.verb:set package 'go2_twist_bridge' build argument 'cmake_args' from command line to 'None'
[0.819s] Level 5:colcon.colcon_core.verb:set package 'go2_twist_bridge' build argument 'cmake_target' from command line to 'None'
[0.819s] Level 5:colcon.colcon_core.verb:set package 'go2_twist_bridge' build argument 'cmake_target_skip_unavailable' from command line to 'False'
[0.819s] Level 5:colcon.colcon_core.verb:set package 'go2_twist_bridge' build argument 'cmake_clean_cache' from command line to 'False'
[0.819s] Level 5:colcon.colcon_core.verb:set package 'go2_twist_bridge' build argument 'cmake_clean_first' from command line to 'False'
[0.819s] Level 5:colcon.colcon_core.verb:set package 'go2_twist_bridge' build argument 'cmake_force_configure' from command line to 'False'
[0.819s] Level 5:colcon.colcon_core.verb:set package 'go2_twist_bridge' build argument 'ament_cmake_args' from command line to 'None'
[0.819s] Level 5:colcon.colcon_core.verb:set package 'go2_twist_bridge' build argument 'catkin_cmake_args' from command line to 'None'
[0.819s] Level 5:colcon.colcon_core.verb:set package 'go2_twist_bridge' build argument 'catkin_skip_building_tests' from command line to 'False'
[0.819s] DEBUG:colcon.colcon_core.verb:Building package 'go2_twist_bridge' with the following arguments: {'ament_cmake_args': None, 'build_base': '/home/xn/unitree_go2_ws/build/go2_twist_bridge', 'catkin_cmake_args': None, 'catkin_skip_building_tests': False, 'cmake_args': None, 'cmake_clean_cache': False, 'cmake_clean_first': False, 'cmake_force_configure': False, 'cmake_target': None, 'cmake_target_skip_unavailable': False, 'install_base': '/home/xn/unitree_go2_ws/install/go2_twist_bridge', 'merge_install': False, 'path': '/home/xn/unitree_go2_ws/src/base/go2_twist_bridge', 'symlink_install': False, 'test_result_base': None}
[0.819s] Level 5:colcon.colcon_core.verb:set package 'go2_twist_bridge_py' build argument 'cmake_args' from command line to 'None'
[0.819s] Level 5:colcon.colcon_core.verb:set package 'go2_twist_bridge_py' build argument 'cmake_target' from command line to 'None'
[0.819s] Level 5:colcon.colcon_core.verb:set package 'go2_twist_bridge_py' build argument 'cmake_target_skip_unavailable' from command line to 'False'
[0.819s] Level 5:colcon.colcon_core.verb:set package 'go2_twist_bridge_py' build argument 'cmake_clean_cache' from command line to 'False'
[0.819s] Level 5:colcon.colcon_core.verb:set package 'go2_twist_bridge_py' build argument 'cmake_clean_first' from command line to 'False'
[0.819s] Level 5:colcon.colcon_core.verb:set package 'go2_twist_bridge_py' build argument 'cmake_force_configure' from command line to 'False'
[0.819s] Level 5:colcon.colcon_core.verb:set package 'go2_twist_bridge_py' build argument 'ament_cmake_args' from command line to 'None'
[0.820s] Level 5:colcon.colcon_core.verb:set package 'go2_twist_bridge_py' build argument 'catkin_cmake_args' from command line to 'None'
[0.820s] Level 5:colcon.colcon_core.verb:set package 'go2_twist_bridge_py' build argument 'catkin_skip_building_tests' from command line to 'False'
[0.820s] DEBUG:colcon.colcon_core.verb:Building package 'go2_twist_bridge_py' with the following arguments: {'ament_cmake_args': None, 'build_base': '/home/xn/unitree_go2_ws/build/go2_twist_bridge_py', 'catkin_cmake_args': None, 'catkin_skip_building_tests': False, 'cmake_args': None, 'cmake_clean_cache': False, 'cmake_clean_first': False, 'cmake_force_configure': False, 'cmake_target': None, 'cmake_target_skip_unavailable': False, 'install_base': '/home/xn/unitree_go2_ws/install/go2_twist_bridge_py', 'merge_install': False, 'path': '/home/xn/unitree_go2_ws/src/base/go2_twist_bridge_py', 'symlink_install': False, 'test_result_base': None}
[0.820s] Level 5:colcon.colcon_core.verb:set package 'helloworld' build argument 'cmake_args' from command line to 'None'
[0.820s] Level 5:colcon.colcon_core.verb:set package 'helloworld' build argument 'cmake_target' from command line to 'None'
[0.820s] Level 5:colcon.colcon_core.verb:set package 'helloworld' build argument 'cmake_target_skip_unavailable' from command line to 'False'
[0.820s] Level 5:colcon.colcon_core.verb:set package 'helloworld' build argument 'cmake_clean_cache' from command line to 'False'
[0.820s] Level 5:colcon.colcon_core.verb:set package 'helloworld' build argument 'cmake_clean_first' from command line to 'False'
[0.820s] Level 5:colcon.colcon_core.verb:set package 'helloworld' build argument 'cmake_force_configure' from command line to 'False'
[0.820s] Level 5:colcon.colcon_core.verb:set package 'helloworld' build argument 'ament_cmake_args' from command line to 'None'
[0.820s] Level 5:colcon.colcon_core.verb:set package 'helloworld' build argument 'catkin_cmake_args' from command line to 'None'
[0.820s] Level 5:colcon.colcon_core.verb:set package 'helloworld' build argument 'catkin_skip_building_tests' from command line to 'False'
[0.820s] DEBUG:colcon.colcon_core.verb:Building package 'helloworld' with the following arguments: {'ament_cmake_args': None, 'build_base': '/home/xn/unitree_go2_ws/build/helloworld', 'catkin_cmake_args': None, 'catkin_skip_building_tests': False, 'cmake_args': None, 'cmake_clean_cache': False, 'cmake_clean_first': False, 'cmake_force_configure': False, 'cmake_target': None, 'cmake_target_skip_unavailable': False, 'install_base': '/home/xn/unitree_go2_ws/install/helloworld', 'merge_install': False, 'path': '/home/xn/unitree_go2_ws/src/helloworld/helloworld', 'symlink_install': False, 'test_result_base': None}
[0.820s] Level 5:colcon.colcon_core.verb:set package 'helloworld_py' build argument 'cmake_args' from command line to 'None'
[0.820s] Level 5:colcon.colcon_core.verb:set package 'helloworld_py' build argument 'cmake_target' from command line to 'None'
[0.820s] Level 5:colcon.colcon_core.verb:set package 'helloworld_py' build argument 'cmake_target_skip_unavailable' from command line to 'False'
[0.820s] Level 5:colcon.colcon_core.verb:set package 'helloworld_py' build argument 'cmake_clean_cache' from command line to 'False'
[0.820s] Level 5:colcon.colcon_core.verb:set package 'helloworld_py' build argument 'cmake_clean_first' from command line to 'False'
[0.820s] Level 5:colcon.colcon_core.verb:set package 'helloworld_py' build argument 'cmake_force_configure' from command line to 'False'
[0.820s] Level 5:colcon.colcon_core.verb:set package 'helloworld_py' build argument 'ament_cmake_args' from command line to 'None'
[0.820s] Level 5:colcon.colcon_core.verb:set package 'helloworld_py' build argument 'catkin_cmake_args' from command line to 'None'
[0.820s] Level 5:colcon.colcon_core.verb:set package 'helloworld_py' build argument 'catkin_skip_building_tests' from command line to 'False'
[0.820s] DEBUG:colcon.colcon_core.verb:Building package 'helloworld_py' with the following arguments: {'ament_cmake_args': None, 'build_base': '/home/xn/unitree_go2_ws/build/helloworld_py', 'catkin_cmake_args': None, 'catkin_skip_building_tests': False, 'cmake_args': None, 'cmake_clean_cache': False, 'cmake_clean_first': False, 'cmake_force_configure': False, 'cmake_target': None, 'cmake_target_skip_unavailable': False, 'install_base': '/home/xn/unitree_go2_ws/install/helloworld_py', 'merge_install': False, 'path': '/home/xn/unitree_go2_ws/src/helloworld/helloworld_py', 'symlink_install': False, 'test_result_base': None}
[0.820s] Level 5:colcon.colcon_core.verb:set package 'my_test_py' build argument 'cmake_args' from command line to 'None'
[0.820s] Level 5:colcon.colcon_core.verb:set package 'my_test_py' build argument 'cmake_target' from command line to 'None'
[0.820s] Level 5:colcon.colcon_core.verb:set package 'my_test_py' build argument 'cmake_target_skip_unavailable' from command line to 'False'
[0.820s] Level 5:colcon.colcon_core.verb:set package 'my_test_py' build argument 'cmake_clean_cache' from command line to 'False'
[0.820s] Level 5:colcon.colcon_core.verb:set package 'my_test_py' build argument 'cmake_clean_first' from command line to 'False'
[0.820s] Level 5:colcon.colcon_core.verb:set package 'my_test_py' build argument 'cmake_force_configure' from command line to 'False'
[0.820s] Level 5:colcon.colcon_core.verb:set package 'my_test_py' build argument 'ament_cmake_args' from command line to 'None'
[0.821s] Level 5:colcon.colcon_core.verb:set package 'my_test_py' build argument 'catkin_cmake_args' from command line to 'None'
[0.821s] Level 5:colcon.colcon_core.verb:set package 'my_test_py' build argument 'catkin_skip_building_tests' from command line to 'False'
[0.821s] DEBUG:colcon.colcon_core.verb:Building package 'my_test_py' with the following arguments: {'ament_cmake_args': None, 'build_base': '/home/xn/unitree_go2_ws/build/my_test_py', 'catkin_cmake_args': None, 'catkin_skip_building_tests': False, 'cmake_args': None, 'cmake_clean_cache': False, 'cmake_clean_first': False, 'cmake_force_configure': False, 'cmake_target': None, 'cmake_target_skip_unavailable': False, 'install_base': '/home/xn/unitree_go2_ws/install/my_test_py', 'merge_install': False, 'path': '/home/xn/unitree_go2_ws/src/test/my_test_py', 'symlink_install': False, 'test_result_base': None}
[0.821s] INFO:colcon.colcon_core.executor:Executing jobs using 'parallel' executor
[0.822s] DEBUG:colcon.colcon_parallel_executor.executor.parallel:run_until_complete
[0.822s] INFO:colcon.colcon_ros.task.ament_cmake.build:Building ROS package in '/home/xn/unitree_go2_ws/src/base/go2_description' with build type 'ament_cmake'
[0.822s] INFO:colcon.colcon_cmake.task.cmake.build:Building CMake package in '/home/xn/unitree_go2_ws/src/base/go2_description'
[0.828s] INFO:colcon.colcon_core.plugin_system:Skipping extension 'colcon_core.shell.bat': Not used on non-Windows systems
[0.829s] INFO:colcon.colcon_core.shell:Skip shell extension 'powershell' for command environment: Not usable outside of PowerShell
[0.829s] DEBUG:colcon.colcon_core.shell:Skip shell extension 'dsv' for command environment
[0.834s] INFO:colcon.colcon_ros.task.ament_cmake.build:Building ROS package in '/home/xn/unitree_go2_ws/src/base/go2_driver' with build type 'ament_cmake'
[0.835s] INFO:colcon.colcon_cmake.task.cmake.build:Building CMake package in '/home/xn/unitree_go2_ws/src/base/go2_driver'
[0.836s] INFO:colcon.colcon_core.shell:Skip shell extension 'powershell' for command environment: Not usable outside of PowerShell
[0.836s] DEBUG:colcon.colcon_core.shell:Skip shell extension 'dsv' for command environment
[0.843s] INFO:colcon.colcon_ros.task.ament_python.build:Building ROS package in '/home/xn/unitree_go2_ws/src/base/go2_driver_py' with build type 'ament_python'
[0.844s] Level 1:colcon.colcon_core.shell:create_environment_hook('go2_driver_py', 'ament_prefix_path')
[0.844s] INFO:colcon.colcon_core.shell:Creating environment hook '/home/xn/unitree_go2_ws/install/go2_driver_py/share/go2_driver_py/hook/ament_prefix_path.ps1'
[0.846s] INFO:colcon.colcon_core.shell:Creating environment descriptor '/home/xn/unitree_go2_ws/install/go2_driver_py/share/go2_driver_py/hook/ament_prefix_path.dsv'
[0.847s] INFO:colcon.colcon_core.shell:Creating environment hook '/home/xn/unitree_go2_ws/install/go2_driver_py/share/go2_driver_py/hook/ament_prefix_path.sh'
[0.849s] INFO:colcon.colcon_core.shell:Skip shell extension 'powershell' for command environment: Not usable outside of PowerShell
[0.849s] DEBUG:colcon.colcon_core.shell:Skip shell extension 'dsv' for command environment
[0.855s] INFO:colcon.colcon_ros.task.ament_python.build:Building ROS package in '/home/xn/unitree_go2_ws/src/base/go2_teleop_ctrl_keyboard' with build type 'ament_python'
[0.856s] Level 1:colcon.colcon_core.shell:create_environment_hook('go2_teleop_ctrl_keyboard', 'ament_prefix_path')
[0.856s] INFO:colcon.colcon_core.shell:Creating environment hook '/home/xn/unitree_go2_ws/install/go2_teleop_ctrl_keyboard/share/go2_teleop_ctrl_keyboard/hook/ament_prefix_path.ps1'
[0.859s] INFO:colcon.colcon_core.shell:Creating environment descriptor '/home/xn/unitree_go2_ws/install/go2_teleop_ctrl_keyboard/share/go2_teleop_ctrl_keyboard/hook/ament_prefix_path.dsv'
[0.859s] INFO:colcon.colcon_core.shell:Creating environment hook '/home/xn/unitree_go2_ws/install/go2_teleop_ctrl_keyboard/share/go2_teleop_ctrl_keyboard/hook/ament_prefix_path.sh'
[0.860s] INFO:colcon.colcon_core.shell:Skip shell extension 'powershell' for command environment: Not usable outside of PowerShell
[0.860s] DEBUG:colcon.colcon_core.shell:Skip shell extension 'dsv' for command environment
[0.866s] INFO:colcon.colcon_ros.task.ament_cmake.build:Building ROS package in '/home/xn/unitree_go2_ws/src/tutorial/go2_tutorial' with build type 'ament_cmake'
[0.866s] INFO:colcon.colcon_cmake.task.cmake.build:Building CMake package in '/home/xn/unitree_go2_ws/src/tutorial/go2_tutorial'
[0.866s] INFO:colcon.colcon_core.shell:Skip shell extension 'powershell' for command environment: Not usable outside of PowerShell
[0.867s] DEBUG:colcon.colcon_core.shell:Skip shell extension 'dsv' for command environment
[0.873s] INFO:colcon.colcon_ros.task.ament_python.build:Building ROS package in '/home/xn/unitree_go2_ws/src/tutorial/go2_tutorial_py' with build type 'ament_python'
[0.874s] Level 1:colcon.colcon_core.shell:create_environment_hook('go2_tutorial_py', 'ament_prefix_path')
[0.874s] INFO:colcon.colcon_core.shell:Creating environment hook '/home/xn/unitree_go2_ws/install/go2_tutorial_py/share/go2_tutorial_py/hook/ament_prefix_path.ps1'
[0.875s] INFO:colcon.colcon_core.shell:Creating environment descriptor '/home/xn/unitree_go2_ws/install/go2_tutorial_py/share/go2_tutorial_py/hook/ament_prefix_path.dsv'
[0.876s] INFO:colcon.colcon_core.shell:Creating environment hook '/home/xn/unitree_go2_ws/install/go2_tutorial_py/share/go2_tutorial_py/hook/ament_prefix_path.sh'
[0.876s] INFO:colcon.colcon_core.shell:Skip shell extension 'powershell' for command environment: Not usable outside of PowerShell
[0.877s] DEBUG:colcon.colcon_core.shell:Skip shell extension 'dsv' for command environment
[0.882s] INFO:colcon.colcon_ros.task.ament_cmake.build:Building ROS package in '/home/xn/unitree_go2_ws/src/base/go2_twist_bridge' with build type 'ament_cmake'
[0.882s] INFO:colcon.colcon_cmake.task.cmake.build:Building CMake package in '/home/xn/unitree_go2_ws/src/base/go2_twist_bridge'
[0.883s] INFO:colcon.colcon_core.shell:Skip shell extension 'powershell' for command environment: Not usable outside of PowerShell
[0.884s] DEBUG:colcon.colcon_core.shell:Skip shell extension 'dsv' for command environment
[0.892s] INFO:colcon.colcon_ros.task.ament_python.build:Building ROS package in '/home/xn/unitree_go2_ws/src/base/go2_twist_bridge_py' with build type 'ament_python'
[0.893s] Level 1:colcon.colcon_core.shell:create_environment_hook('go2_twist_bridge_py', 'ament_prefix_path')
[0.893s] INFO:colcon.colcon_core.shell:Creating environment hook '/home/xn/unitree_go2_ws/install/go2_twist_bridge_py/share/go2_twist_bridge_py/hook/ament_prefix_path.ps1'
[0.896s] INFO:colcon.colcon_core.shell:Creating environment descriptor '/home/xn/unitree_go2_ws/install/go2_twist_bridge_py/share/go2_twist_bridge_py/hook/ament_prefix_path.dsv'
[0.897s] INFO:colcon.colcon_core.shell:Creating environment hook '/home/xn/unitree_go2_ws/install/go2_twist_bridge_py/share/go2_twist_bridge_py/hook/ament_prefix_path.sh'
[0.898s] INFO:colcon.colcon_core.shell:Skip shell extension 'powershell' for command environment: Not usable outside of PowerShell
[0.898s] DEBUG:colcon.colcon_core.shell:Skip shell extension 'dsv' for command environment
[0.911s] DEBUG:colcon.colcon_core.event_handler.log_command:Invoking command in '/home/xn/unitree_go2_ws/build/go2_description': CMAKE_PREFIX_PATH=${CMAKE_PREFIX_PATH}:/home/xn/unitree_go2_ws/install/my_test_py:/home/xn/unitree_go2_ws/install/helloworld_py:/home/xn/unitree_go2_ws/install/go2_twist_bridge_py:/home/xn/unitree_go2_ws/install/go2_tutorial_py:/home/xn/unitree_go2_ws/install/go2_teleop_ctrl_keyboard:/home/xn/unitree_go2_ws/install/go2_driver_py:/opt/ros/foxy /usr/bin/cmake --build /home/xn/unitree_go2_ws/build/go2_description -- -j8 -l8
[0.926s] DEBUG:colcon.colcon_core.event_handler.log_command:Invoking command in '/home/xn/unitree_go2_ws/build/go2_driver': CMAKE_PREFIX_PATH=${CMAKE_PREFIX_PATH}:/home/xn/unitree_go2_ws/install/my_test_py:/home/xn/unitree_go2_ws/install/helloworld_py:/home/xn/unitree_go2_ws/install/go2_twist_bridge_py:/home/xn/unitree_go2_ws/install/go2_tutorial_py:/home/xn/unitree_go2_ws/install/go2_teleop_ctrl_keyboard:/home/xn/unitree_go2_ws/install/go2_driver_py:/opt/ros/foxy /usr/bin/cmake --build /home/xn/unitree_go2_ws/build/go2_driver -- -j8 -l8
[1.106s] INFO:colcon.colcon_core.task.python.build:Building Python package in '/home/xn/unitree_go2_ws/src/base/go2_driver_py'
[1.106s] INFO:colcon.colcon_core.shell:Skip shell extension 'powershell' for command environment: Not usable outside of PowerShell
[1.106s] DEBUG:colcon.colcon_core.shell:Skip shell extension 'dsv' for command environment
[1.264s] INFO:colcon.colcon_core.task.python.build:Building Python package in '/home/xn/unitree_go2_ws/src/base/go2_teleop_ctrl_keyboard'
[1.265s] INFO:colcon.colcon_core.shell:Skip shell extension 'powershell' for command environment: Not usable outside of PowerShell
[1.265s] DEBUG:colcon.colcon_core.shell:Skip shell extension 'dsv' for command environment
[1.276s] DEBUG:colcon.colcon_core.event_handler.log_command:Invoking command in '/home/xn/unitree_go2_ws/build/go2_tutorial': CMAKE_PREFIX_PATH=${CMAKE_PREFIX_PATH}:/home/xn/unitree_go2_ws/install/my_test_py:/home/xn/unitree_go2_ws/install/helloworld_py:/home/xn/unitree_go2_ws/install/go2_twist_bridge_py:/home/xn/unitree_go2_ws/install/go2_tutorial_py:/home/xn/unitree_go2_ws/install/go2_teleop_ctrl_keyboard:/home/xn/unitree_go2_ws/install/go2_driver_py:/opt/ros/foxy /usr/bin/cmake --build /home/xn/unitree_go2_ws/build/go2_tutorial -- -j8 -l8
[1.437s] INFO:colcon.colcon_core.task.python.build:Building Python package in '/home/xn/unitree_go2_ws/src/tutorial/go2_tutorial_py'
[1.438s] INFO:colcon.colcon_core.shell:Skip shell extension 'powershell' for command environment: Not usable outside of PowerShell
[1.438s] DEBUG:colcon.colcon_core.shell:Skip shell extension 'dsv' for command environment
[1.452s] DEBUG:colcon.colcon_core.event_handler.log_command:Invoking command in '/home/xn/unitree_go2_ws/build/go2_twist_bridge': CMAKE_PREFIX_PATH=${CMAKE_PREFIX_PATH}:/home/xn/unitree_go2_ws/install/my_test_py:/home/xn/unitree_go2_ws/install/helloworld_py:/home/xn/unitree_go2_ws/install/go2_twist_bridge_py:/home/xn/unitree_go2_ws/install/go2_tutorial_py:/home/xn/unitree_go2_ws/install/go2_teleop_ctrl_keyboard:/home/xn/unitree_go2_ws/install/go2_driver_py:/opt/ros/foxy /usr/bin/cmake --build /home/xn/unitree_go2_ws/build/go2_twist_bridge -- -j8 -l8
[1.619s] INFO:colcon.colcon_core.task.python.build:Building Python package in '/home/xn/unitree_go2_ws/src/base/go2_twist_bridge_py'
[1.619s] INFO:colcon.colcon_core.shell:Skip shell extension 'powershell' for command environment: Not usable outside of PowerShell
[1.620s] DEBUG:colcon.colcon_core.shell:Skip shell extension 'dsv' for command environment
[1.634s] DEBUG:colcon.colcon_core.event_handler.log_command:Invoked command in '/home/xn/unitree_go2_ws/build/go2_description' returned '0': CMAKE_PREFIX_PATH=${CMAKE_PREFIX_PATH}:/home/xn/unitree_go2_ws/install/my_test_py:/home/xn/unitree_go2_ws/install/helloworld_py:/home/xn/unitree_go2_ws/install/go2_twist_bridge_py:/home/xn/unitree_go2_ws/install/go2_tutorial_py:/home/xn/unitree_go2_ws/install/go2_teleop_ctrl_keyboard:/home/xn/unitree_go2_ws/install/go2_driver_py:/opt/ros/foxy /usr/bin/cmake --build /home/xn/unitree_go2_ws/build/go2_description -- -j8 -l8
[1.643s] DEBUG:colcon.colcon_core.event_handler.log_command:Invoking command in '/home/xn/unitree_go2_ws/build/go2_description': CMAKE_PREFIX_PATH=${CMAKE_PREFIX_PATH}:/home/xn/unitree_go2_ws/install/my_test_py:/home/xn/unitree_go2_ws/install/helloworld_py:/home/xn/unitree_go2_ws/install/go2_twist_bridge_py:/home/xn/unitree_go2_ws/install/go2_tutorial_py:/home/xn/unitree_go2_ws/install/go2_teleop_ctrl_keyboard:/home/xn/unitree_go2_ws/install/go2_driver_py:/opt/ros/foxy /usr/bin/cmake --install /home/xn/unitree_go2_ws/build/go2_description
[1.646s] DEBUG:colcon.colcon_core.event_handler.log_command:Invoked command in '/home/xn/unitree_go2_ws/build/go2_driver' returned '0': CMAKE_PREFIX_PATH=${CMAKE_PREFIX_PATH}:/home/xn/unitree_go2_ws/install/my_test_py:/home/xn/unitree_go2_ws/install/helloworld_py:/home/xn/unitree_go2_ws/install/go2_twist_bridge_py:/home/xn/unitree_go2_ws/install/go2_tutorial_py:/home/xn/unitree_go2_ws/install/go2_teleop_ctrl_keyboard:/home/xn/unitree_go2_ws/install/go2_driver_py:/opt/ros/foxy /usr/bin/cmake --build /home/xn/unitree_go2_ws/build/go2_driver -- -j8 -l8
[1.652s] DEBUG:colcon.colcon_core.event_handler.log_command:Invoking command in '/home/xn/unitree_go2_ws/build/go2_driver': CMAKE_PREFIX_PATH=${CMAKE_PREFIX_PATH}:/home/xn/unitree_go2_ws/install/my_test_py:/home/xn/unitree_go2_ws/install/helloworld_py:/home/xn/unitree_go2_ws/install/go2_twist_bridge_py:/home/xn/unitree_go2_ws/install/go2_tutorial_py:/home/xn/unitree_go2_ws/install/go2_teleop_ctrl_keyboard:/home/xn/unitree_go2_ws/install/go2_driver_py:/opt/ros/foxy /usr/bin/cmake --install /home/xn/unitree_go2_ws/build/go2_driver
[1.654s] DEBUG:colcon.colcon_core.event_handler.log_command:Invoked command in '/home/xn/unitree_go2_ws/build/go2_tutorial' returned '2': CMAKE_PREFIX_PATH=${CMAKE_PREFIX_PATH}:/home/xn/unitree_go2_ws/install/my_test_py:/home/xn/unitree_go2_ws/install/helloworld_py:/home/xn/unitree_go2_ws/install/go2_twist_bridge_py:/home/xn/unitree_go2_ws/install/go2_tutorial_py:/home/xn/unitree_go2_ws/install/go2_teleop_ctrl_keyboard:/home/xn/unitree_go2_ws/install/go2_driver_py:/opt/ros/foxy /usr/bin/cmake --build /home/xn/unitree_go2_ws/build/go2_tutorial -- -j8 -l8
[1.656s] Level 1:colcon.colcon_core.environment:create_environment_scripts_only(go2_tutorial)
[1.662s] Level 1:colcon.colcon_core.environment:checking '/home/xn/unitree_go2_ws/install/go2_tutorial' for CMake module files
[1.664s] Level 1:colcon.colcon_core.environment:checking '/home/xn/unitree_go2_ws/install/go2_tutorial' for CMake config files
[1.664s] Level 1:colcon.colcon_core.shell:create_environment_hook('go2_tutorial', 'cmake_prefix_path')
[1.664s] INFO:colcon.colcon_core.shell:Creating environment hook '/home/xn/unitree_go2_ws/install/go2_tutorial/share/go2_tutorial/hook/cmake_prefix_path.ps1'
[1.665s] INFO:colcon.colcon_core.shell:Creating environment descriptor '/home/xn/unitree_go2_ws/install/go2_tutorial/share/go2_tutorial/hook/cmake_prefix_path.dsv'
[1.665s] INFO:colcon.colcon_core.shell:Creating environment hook '/home/xn/unitree_go2_ws/install/go2_tutorial/share/go2_tutorial/hook/cmake_prefix_path.sh'
[1.666s] Level 1:colcon.colcon_core.environment:checking '/home/xn/unitree_go2_ws/install/go2_tutorial/lib'
[1.666s] Level 1:colcon.colcon_core.environment:checking '/home/xn/unitree_go2_ws/install/go2_tutorial/bin'
[1.666s] Level 1:colcon.colcon_core.environment:checking '/home/xn/unitree_go2_ws/install/go2_tutorial/lib/pkgconfig/go2_tutorial.pc'
[1.667s] Level 1:colcon.colcon_core.environment:checking '/home/xn/unitree_go2_ws/install/go2_tutorial/lib/python3.8/site-packages'
[1.667s] Level 1:colcon.colcon_core.environment:checking '/home/xn/unitree_go2_ws/install/go2_tutorial/bin'
[1.669s] INFO:colcon.colcon_core.shell:Creating package script '/home/xn/unitree_go2_ws/install/go2_tutorial/share/go2_tutorial/package.ps1'
[1.670s] INFO:colcon.colcon_core.shell:Creating package descriptor '/home/xn/unitree_go2_ws/install/go2_tutorial/share/go2_tutorial/package.dsv'
[1.671s] INFO:colcon.colcon_core.shell:Creating package script '/home/xn/unitree_go2_ws/install/go2_tutorial/share/go2_tutorial/package.sh'
[1.672s] INFO:colcon.colcon_core.shell:Creating package script '/home/xn/unitree_go2_ws/install/go2_tutorial/share/go2_tutorial/package.bash'
[1.673s] INFO:colcon.colcon_core.shell:Creating package script '/home/xn/unitree_go2_ws/install/go2_tutorial/share/go2_tutorial/package.zsh'
[1.675s] Level 1:colcon.colcon_core.environment:create_file_with_runtime_dependencies(/home/xn/unitree_go2_ws/install/go2_tutorial/share/colcon-core/packages/go2_tutorial)
[1.676s] DEBUG:colcon.colcon_core.event_handler.log_command:Invoked command in '/home/xn/unitree_go2_ws/build/go2_twist_bridge' returned '0': CMAKE_PREFIX_PATH=${CMAKE_PREFIX_PATH}:/home/xn/unitree_go2_ws/install/my_test_py:/home/xn/unitree_go2_ws/install/helloworld_py:/home/xn/unitree_go2_ws/install/go2_twist_bridge_py:/home/xn/unitree_go2_ws/install/go2_tutorial_py:/home/xn/unitree_go2_ws/install/go2_teleop_ctrl_keyboard:/home/xn/unitree_go2_ws/install/go2_driver_py:/opt/ros/foxy /usr/bin/cmake --build /home/xn/unitree_go2_ws/build/go2_twist_bridge -- -j8 -l8
[1.680s] DEBUG:colcon.colcon_core.event_handler.log_command:Invoking command in '/home/xn/unitree_go2_ws/build/go2_twist_bridge': CMAKE_PREFIX_PATH=${CMAKE_PREFIX_PATH}:/home/xn/unitree_go2_ws/install/my_test_py:/home/xn/unitree_go2_ws/install/helloworld_py:/home/xn/unitree_go2_ws/install/go2_twist_bridge_py:/home/xn/unitree_go2_ws/install/go2_tutorial_py:/home/xn/unitree_go2_ws/install/go2_teleop_ctrl_keyboard:/home/xn/unitree_go2_ws/install/go2_driver_py:/opt/ros/foxy /usr/bin/cmake --install /home/xn/unitree_go2_ws/build/go2_twist_bridge
[1.694s] DEBUG:colcon.colcon_parallel_executor.executor.parallel:closing loop
[1.694s] DEBUG:colcon.colcon_parallel_executor.executor.parallel:loop closed
[1.694s] DEBUG:colcon.colcon_parallel_executor.executor.parallel:run_until_complete finished with '2'
[1.695s] DEBUG:colcon.colcon_core.event_reactor:joining thread
[1.714s] INFO:colcon.colcon_core.plugin_system:Skipping extension 'colcon_notification.desktop_notification.terminal_notifier': Not used on non-Darwin systems
[1.714s] INFO:colcon.colcon_core.plugin_system:Skipping extension 'colcon_notification.desktop_notification.win32': Not used on non-Windows systems
[1.714s] INFO:colcon.colcon_notification.desktop_notification:Sending desktop notification using 'notify2'
[1.742s] DEBUG:colcon.colcon_core.event_reactor:joined thread
[1.742s] INFO:colcon.colcon_core.shell:Creating prefix script '/home/xn/unitree_go2_ws/install/local_setup.ps1'
[1.744s] INFO:colcon.colcon_core.shell:Creating prefix util module '/home/xn/unitree_go2_ws/install/_local_setup_util_ps1.py'
[1.745s] INFO:colcon.colcon_core.shell:Creating prefix chain script '/home/xn/unitree_go2_ws/install/setup.ps1'
[1.747s] INFO:colcon.colcon_core.shell:Creating prefix script '/home/xn/unitree_go2_ws/install/local_setup.sh'
[1.748s] INFO:colcon.colcon_core.shell:Creating prefix util module '/home/xn/unitree_go2_ws/install/_local_setup_util_sh.py'
[1.749s] INFO:colcon.colcon_core.shell:Creating prefix chain script '/home/xn/unitree_go2_ws/install/setup.sh'
[1.752s] INFO:colcon.colcon_core.shell:Creating prefix script '/home/xn/unitree_go2_ws/install/local_setup.bash'
[1.753s] INFO:colcon.colcon_core.shell:Creating prefix chain script '/home/xn/unitree_go2_ws/install/setup.bash'
[1.755s] INFO:colcon.colcon_core.shell:Creating prefix script '/home/xn/unitree_go2_ws/install/local_setup.zsh'
[1.759s] INFO:colcon.colcon_core.shell:Creating prefix chain script '/home/xn/unitree_go2_ws/install/setup.zsh'
