[2.047s] Invoking command in '/home/xn/unitree_go2_ws/src/tutorial/go2_tutorial_py': PYTHONPATH=/home/xn/unitree_go2_ws/build/go2_tutorial_py/prefix_override:/usr/lib/python3/dist-packages/colcon_core/task/python/colcon_distutils_commands:/home/xn/unitree_go2_ws/install/go2_tutorial_py/lib/python3.8/site-packages:${PYTHONPATH} /usr/bin/python3 -W ignore:setup.py install is deprecated -W ignore:easy_install command is deprecated setup.py egg_info --egg-base ../../../build/go2_tutorial_py build --build-base /home/xn/unitree_go2_ws/build/go2_tutorial_py/build install --record /home/xn/unitree_go2_ws/build/go2_tutorial_py/install.log --install-scripts $base/lib/go2_tutorial_py --single-version-externally-managed install_data
[2.385s] running egg_info
[2.393s] writing ../../../build/go2_tutorial_py/go2_tutorial_py.egg-info/PKG-INFO
[2.394s] writing dependency_links to ../../../build/go2_tutorial_py/go2_tutorial_py.egg-info/dependency_links.txt
[2.396s] writing entry points to ../../../build/go2_tutorial_py/go2_tutorial_py.egg-info/entry_points.txt
[2.396s] writing requirements to ../../../build/go2_tutorial_py/go2_tutorial_py.egg-info/requires.txt
[2.396s] writing top-level names to ../../../build/go2_tutorial_py/go2_tutorial_py.egg-info/top_level.txt
[2.466s] reading manifest file '../../../build/go2_tutorial_py/go2_tutorial_py.egg-info/SOURCES.txt'
[2.466s] writing manifest file '../../../build/go2_tutorial_py/go2_tutorial_py.egg-info/SOURCES.txt'
[2.466s] running build
[2.466s] running build_py
[2.466s] running install
[2.467s] running install_lib
[2.470s] running install_data
[2.478s] running install_egg_info
[2.479s] removing '/home/xn/unitree_go2_ws/install/go2_tutorial_py/lib/python3.8/site-packages/go2_tutorial_py-0.0.0-py3.8.egg-info' (and everything under it)
[2.481s] Copying ../../../build/go2_tutorial_py/go2_tutorial_py.egg-info to /home/xn/unitree_go2_ws/install/go2_tutorial_py/lib/python3.8/site-packages/go2_tutorial_py-0.0.0-py3.8.egg-info
[2.492s] running install_scripts
[2.524s] Installing go2_ctrl script to /home/xn/unitree_go2_ws/install/go2_tutorial_py/lib/go2_tutorial_py
[2.524s] Installing go2_state script to /home/xn/unitree_go2_ws/install/go2_tutorial_py/lib/go2_tutorial_py
[2.525s] writing list of installed files to '/home/xn/unitree_go2_ws/build/go2_tutorial_py/install.log'
[2.559s] Invoked command in '/home/xn/unitree_go2_ws/src/tutorial/go2_tutorial_py' returned '0': PYTHONPATH=/home/xn/unitree_go2_ws/build/go2_tutorial_py/prefix_override:/usr/lib/python3/dist-packages/colcon_core/task/python/colcon_distutils_commands:/home/xn/unitree_go2_ws/install/go2_tutorial_py/lib/python3.8/site-packages:${PYTHONPATH} /usr/bin/python3 -W ignore:setup.py install is deprecated -W ignore:easy_install command is deprecated setup.py egg_info --egg-base ../../../build/go2_tutorial_py build --build-base /home/xn/unitree_go2_ws/build/go2_tutorial_py/build install --record /home/xn/unitree_go2_ws/build/go2_tutorial_py/install.log --install-scripts $base/lib/go2_tutorial_py --single-version-externally-managed install_data
