[0.922s] Invoking command in '/home/xn/unitree_go2_ws/src/tutorial/go2_tutorial_py': CMAKE_PREFIX_PATH=/home/xn/unitree_go2_ws/install/go2_tutorial_inter:/home/xn/unitree_go2_ws/install/helloworld:/home/xn/unitree_go2_ws/install/go2_twist_bridge:/home/xn/unitree_go2_ws/install/go2_tutorial:/home/xn/unitree_go2_ws/install/go2_driver:/home/xn/unitree_go2_ws/install/go2_description:/home/xn/unitree_ros2/cyclonedds_ws/install/unitree_hg:/home/xn/unitree_ros2/cyclonedds_ws/install/unitree_go:/home/xn/unitree_ros2/cyclonedds_ws/install/unitree_api:/home/xn/unitree_ros2/cyclonedds_ws/install/rmw_cyclonedds_cpp:/home/xn/unitree_ros2/cyclonedds_ws/install/cyclonedds PYTHONPATH=/home/xn/unitree_go2_ws/build/go2_tutorial_py/prefix_override:/usr/lib/python3/dist-packages/colcon_core/task/python/colcon_distutils_commands:/home/xn/unitree_go2_ws/install/go2_tutorial_py/lib/python3.8/site-packages:/home/xn/unitree_go2_ws/install/go2_tutorial_inter/lib/python3.8/site-packages:/home/xn/unitree_go2_ws/install/my_test_py/lib/python3.8/site-packages:/home/xn/unitree_go2_ws/install/helloworld_py/lib/python3.8/site-packages:/home/xn/unitree_go2_ws/install/go2_twist_bridge_py/lib/python3.8/site-packages:/home/xn/unitree_go2_ws/install/go2_tutorial_py/lib/python3.8/site-packages:/home/xn/unitree_go2_ws/install/go2_teleop_ctrl_keyboard/lib/python3.8/site-packages:/home/xn/unitree_go2_ws/install/go2_driver_py/lib/python3.8/site-packages:/home/xn/unitree_ros2/cyclonedds_ws/install/unitree_hg/lib/python3.8/site-packages:/home/xn/unitree_ros2/cyclonedds_ws/install/unitree_go/lib/python3.8/site-packages:/home/xn/unitree_ros2/cyclonedds_ws/install/unitree_api/lib/python3.8/site-packages:/opt/ros/foxy/lib/python3.8/site-packages /usr/bin/python3 -W ignore:setup.py install is deprecated -W ignore:easy_install command is deprecated setup.py egg_info --egg-base ../../../build/go2_tutorial_py build --build-base /home/xn/unitree_go2_ws/build/go2_tutorial_py/build install --record /home/xn/unitree_go2_ws/build/go2_tutorial_py/install.log --install-scripts $base/lib/go2_tutorial_py --single-version-externally-managed install_data
[1.087s] running egg_info
[1.088s] writing ../../../build/go2_tutorial_py/go2_tutorial_py.egg-info/PKG-INFO
[1.088s] writing dependency_links to ../../../build/go2_tutorial_py/go2_tutorial_py.egg-info/dependency_links.txt
[1.088s] writing entry points to ../../../build/go2_tutorial_py/go2_tutorial_py.egg-info/entry_points.txt
[1.089s] writing requirements to ../../../build/go2_tutorial_py/go2_tutorial_py.egg-info/requires.txt
[1.089s] writing top-level names to ../../../build/go2_tutorial_py/go2_tutorial_py.egg-info/top_level.txt
[1.114s] reading manifest file '../../../build/go2_tutorial_py/go2_tutorial_py.egg-info/SOURCES.txt'
[1.115s] writing manifest file '../../../build/go2_tutorial_py/go2_tutorial_py.egg-info/SOURCES.txt'
[1.115s] running build
[1.115s] running build_py
[1.116s] running install
[1.116s] running install_lib
[1.117s] running install_data
[1.118s] copying launch/go2_cruising.launch.py -> /home/xn/unitree_go2_ws/install/go2_tutorial_py/share/go2_tutorial_py/launch
[1.118s] copying params/go2_cruising_service.yaml -> /home/xn/unitree_go2_ws/install/go2_tutorial_py/share/go2_tutorial_py/params
[1.118s] running install_egg_info
[1.120s] removing '/home/xn/unitree_go2_ws/install/go2_tutorial_py/lib/python3.8/site-packages/go2_tutorial_py-0.0.0-py3.8.egg-info' (and everything under it)
[1.120s] Copying ../../../build/go2_tutorial_py/go2_tutorial_py.egg-info to /home/xn/unitree_go2_ws/install/go2_tutorial_py/lib/python3.8/site-packages/go2_tutorial_py-0.0.0-py3.8.egg-info
[1.121s] running install_scripts
[1.134s] Installing go2_cruising_client script to /home/xn/unitree_go2_ws/install/go2_tutorial_py/lib/go2_tutorial_py
[1.134s] Installing go2_cruising_service script to /home/xn/unitree_go2_ws/install/go2_tutorial_py/lib/go2_tutorial_py
[1.135s] Installing go2_ctrl script to /home/xn/unitree_go2_ws/install/go2_tutorial_py/lib/go2_tutorial_py
[1.135s] Installing go2_state script to /home/xn/unitree_go2_ws/install/go2_tutorial_py/lib/go2_tutorial_py
[1.136s] writing list of installed files to '/home/xn/unitree_go2_ws/build/go2_tutorial_py/install.log'
[1.153s] Invoked command in '/home/xn/unitree_go2_ws/src/tutorial/go2_tutorial_py' returned '0': CMAKE_PREFIX_PATH=/home/xn/unitree_go2_ws/install/go2_tutorial_inter:/home/xn/unitree_go2_ws/install/helloworld:/home/xn/unitree_go2_ws/install/go2_twist_bridge:/home/xn/unitree_go2_ws/install/go2_tutorial:/home/xn/unitree_go2_ws/install/go2_driver:/home/xn/unitree_go2_ws/install/go2_description:/home/xn/unitree_ros2/cyclonedds_ws/install/unitree_hg:/home/xn/unitree_ros2/cyclonedds_ws/install/unitree_go:/home/xn/unitree_ros2/cyclonedds_ws/install/unitree_api:/home/xn/unitree_ros2/cyclonedds_ws/install/rmw_cyclonedds_cpp:/home/xn/unitree_ros2/cyclonedds_ws/install/cyclonedds PYTHONPATH=/home/xn/unitree_go2_ws/build/go2_tutorial_py/prefix_override:/usr/lib/python3/dist-packages/colcon_core/task/python/colcon_distutils_commands:/home/xn/unitree_go2_ws/install/go2_tutorial_py/lib/python3.8/site-packages:/home/xn/unitree_go2_ws/install/go2_tutorial_inter/lib/python3.8/site-packages:/home/xn/unitree_go2_ws/install/my_test_py/lib/python3.8/site-packages:/home/xn/unitree_go2_ws/install/helloworld_py/lib/python3.8/site-packages:/home/xn/unitree_go2_ws/install/go2_twist_bridge_py/lib/python3.8/site-packages:/home/xn/unitree_go2_ws/install/go2_tutorial_py/lib/python3.8/site-packages:/home/xn/unitree_go2_ws/install/go2_teleop_ctrl_keyboard/lib/python3.8/site-packages:/home/xn/unitree_go2_ws/install/go2_driver_py/lib/python3.8/site-packages:/home/xn/unitree_ros2/cyclonedds_ws/install/unitree_hg/lib/python3.8/site-packages:/home/xn/unitree_ros2/cyclonedds_ws/install/unitree_go/lib/python3.8/site-packages:/home/xn/unitree_ros2/cyclonedds_ws/install/unitree_api/lib/python3.8/site-packages:/opt/ros/foxy/lib/python3.8/site-packages /usr/bin/python3 -W ignore:setup.py install is deprecated -W ignore:easy_install command is deprecated setup.py egg_info --egg-base ../../../build/go2_tutorial_py build --build-base /home/xn/unitree_go2_ws/build/go2_tutorial_py/build install --record /home/xn/unitree_go2_ws/build/go2_tutorial_py/install.log --install-scripts $base/lib/go2_tutorial_py --single-version-externally-managed install_data
