[0.190s] Invoking command in '/home/xn/unitree_go2_ws/build/helloworld': CMAKE_PREFIX_PATH=${CMAKE_PREFIX_PATH}:/home/xn/unitree_go2_ws/install/my_test_py:/home/xn/unitree_go2_ws/install/helloworld_py:/home/xn/unitree_go2_ws/install/go2_twist_bridge_py:/home/xn/unitree_go2_ws/install/go2_tutorial_py:/home/xn/unitree_go2_ws/install/go2_teleop_ctrl_keyboard:/home/xn/unitree_go2_ws/install/go2_driver_py:/opt/ros/foxy /usr/bin/cmake --build /home/xn/unitree_go2_ws/build/helloworld -- -j8 -l8
[0.713s] [100%] Built target hello
[1.129s] Invoked command in '/home/xn/unitree_go2_ws/build/helloworld' returned '0': CMAKE_PREFIX_PATH=${CMAKE_PREFIX_PATH}:/home/xn/unitree_go2_ws/install/my_test_py:/home/xn/unitree_go2_ws/install/helloworld_py:/home/xn/unitree_go2_ws/install/go2_twist_bridge_py:/home/xn/unitree_go2_ws/install/go2_tutorial_py:/home/xn/unitree_go2_ws/install/go2_teleop_ctrl_keyboard:/home/xn/unitree_go2_ws/install/go2_driver_py:/opt/ros/foxy /usr/bin/cmake --build /home/xn/unitree_go2_ws/build/helloworld -- -j8 -l8
[1.137s] Invoking command in '/home/xn/unitree_go2_ws/build/helloworld': CMAKE_PREFIX_PATH=${CMAKE_PREFIX_PATH}:/home/xn/unitree_go2_ws/install/my_test_py:/home/xn/unitree_go2_ws/install/helloworld_py:/home/xn/unitree_go2_ws/install/go2_twist_bridge_py:/home/xn/unitree_go2_ws/install/go2_tutorial_py:/home/xn/unitree_go2_ws/install/go2_teleop_ctrl_keyboard:/home/xn/unitree_go2_ws/install/go2_driver_py:/opt/ros/foxy /usr/bin/cmake --install /home/xn/unitree_go2_ws/build/helloworld
[1.188s] -- Install configuration: ""
[1.189s] -- Up-to-date: /home/xn/unitree_go2_ws/install/helloworld/lib/helloworld/hello
[1.189s] -- Up-to-date: /home/xn/unitree_go2_ws/install/helloworld/share/ament_index/resource_index/package_run_dependencies/helloworld
[1.189s] -- Up-to-date: /home/xn/unitree_go2_ws/install/helloworld/share/ament_index/resource_index/parent_prefix_path/helloworld
[1.189s] -- Up-to-date: /home/xn/unitree_go2_ws/install/helloworld/share/helloworld/environment/ament_prefix_path.sh
[1.189s] -- Up-to-date: /home/xn/unitree_go2_ws/install/helloworld/share/helloworld/environment/ament_prefix_path.dsv
[1.189s] -- Up-to-date: /home/xn/unitree_go2_ws/install/helloworld/share/helloworld/environment/path.sh
[1.189s] -- Up-to-date: /home/xn/unitree_go2_ws/install/helloworld/share/helloworld/environment/path.dsv
[1.189s] -- Up-to-date: /home/xn/unitree_go2_ws/install/helloworld/share/helloworld/local_setup.bash
[1.190s] -- Up-to-date: /home/xn/unitree_go2_ws/install/helloworld/share/helloworld/local_setup.sh
[1.190s] -- Up-to-date: /home/xn/unitree_go2_ws/install/helloworld/share/helloworld/local_setup.zsh
[1.190s] -- Up-to-date: /home/xn/unitree_go2_ws/install/helloworld/share/helloworld/local_setup.dsv
[1.190s] -- Installing: /home/xn/unitree_go2_ws/install/helloworld/share/helloworld/package.dsv
[1.190s] -- Up-to-date: /home/xn/unitree_go2_ws/install/helloworld/share/ament_index/resource_index/packages/helloworld
[1.190s] -- Up-to-date: /home/xn/unitree_go2_ws/install/helloworld/share/helloworld/cmake/helloworldConfig.cmake
[1.190s] -- Up-to-date: /home/xn/unitree_go2_ws/install/helloworld/share/helloworld/cmake/helloworldConfig-version.cmake
[1.190s] -- Up-to-date: /home/xn/unitree_go2_ws/install/helloworld/share/helloworld/package.xml
[1.286s] Invoked command in '/home/xn/unitree_go2_ws/build/helloworld' returned '0': CMAKE_PREFIX_PATH=${CMAKE_PREFIX_PATH}:/home/xn/unitree_go2_ws/install/my_test_py:/home/xn/unitree_go2_ws/install/helloworld_py:/home/xn/unitree_go2_ws/install/go2_twist_bridge_py:/home/xn/unitree_go2_ws/install/go2_tutorial_py:/home/xn/unitree_go2_ws/install/go2_teleop_ctrl_keyboard:/home/xn/unitree_go2_ws/install/go2_driver_py:/opt/ros/foxy /usr/bin/cmake --install /home/xn/unitree_go2_ws/build/helloworld
