[0.400s] Invoking command in '/home/xn/unitree_go2_ws/build/go2_tutorial': CMAKE_PREFIX_PATH=${CMAKE_PREFIX_PATH}:/opt/ros/foxy /usr/bin/cmake --build /home/xn/unitree_go2_ws/build/go2_tutorial -- -j8 -l8
[0.562s] [35m[1mScanning dependencies of target go2_ctrl[0m
[0.562s] [ 50%] [32mBuilding CXX object CMakeFiles/go2_ctrl.dir/src/go2_ctrl.cpp.o[0m
[2.982s] [100%] [32m[1mLinking CXX executable go2_ctrl[0m
[3.238s] [100%] Built target go2_ctrl
[3.251s] Invoked command in '/home/xn/unitree_go2_ws/build/go2_tutorial' returned '0': CMAKE_PREFIX_PATH=${CMAKE_PREFIX_PATH}:/opt/ros/foxy /usr/bin/cmake --build /home/xn/unitree_go2_ws/build/go2_tutorial -- -j8 -l8
[3.258s] Invoking command in '/home/xn/unitree_go2_ws/build/go2_tutorial': CMAKE_PREFIX_PATH=${CMAKE_PREFIX_PATH}:/opt/ros/foxy /usr/bin/cmake --install /home/xn/unitree_go2_ws/build/go2_tutorial
[3.267s] -- Install configuration: ""
[3.269s] -- Installing: /home/xn/unitree_go2_ws/install/go2_tutorial/lib/go2_tutorial/go2_ctrl
[3.270s] -- Set runtime path of "/home/xn/unitree_go2_ws/install/go2_tutorial/lib/go2_tutorial/go2_ctrl" to ""
[3.270s] -- Up-to-date: /home/xn/unitree_go2_ws/install/go2_tutorial/share/go2_tutorial/launch
[3.270s] -- Installing: /home/xn/unitree_go2_ws/install/go2_tutorial/share/go2_tutorial/launch/go2_ctrl.launch.py
[3.272s] -- Up-to-date: /home/xn/unitree_go2_ws/install/go2_tutorial/share/go2_tutorial/params
[3.272s] -- Up-to-date: /home/xn/unitree_go2_ws/install/go2_tutorial/share/ament_index/resource_index/package_run_dependencies/go2_tutorial
[3.272s] -- Up-to-date: /home/xn/unitree_go2_ws/install/go2_tutorial/share/ament_index/resource_index/parent_prefix_path/go2_tutorial
[3.272s] -- Up-to-date: /home/xn/unitree_go2_ws/install/go2_tutorial/share/go2_tutorial/environment/ament_prefix_path.sh
[3.272s] -- Up-to-date: /home/xn/unitree_go2_ws/install/go2_tutorial/share/go2_tutorial/environment/ament_prefix_path.dsv
[3.272s] -- Up-to-date: /home/xn/unitree_go2_ws/install/go2_tutorial/share/go2_tutorial/environment/path.sh
[3.272s] -- Up-to-date: /home/xn/unitree_go2_ws/install/go2_tutorial/share/go2_tutorial/environment/path.dsv
[3.272s] -- Up-to-date: /home/xn/unitree_go2_ws/install/go2_tutorial/share/go2_tutorial/local_setup.bash
[3.272s] -- Up-to-date: /home/xn/unitree_go2_ws/install/go2_tutorial/share/go2_tutorial/local_setup.sh
[3.272s] -- Up-to-date: /home/xn/unitree_go2_ws/install/go2_tutorial/share/go2_tutorial/local_setup.zsh
[3.272s] -- Up-to-date: /home/xn/unitree_go2_ws/install/go2_tutorial/share/go2_tutorial/local_setup.dsv
[3.272s] -- Installing: /home/xn/unitree_go2_ws/install/go2_tutorial/share/go2_tutorial/package.dsv
[3.274s] -- Up-to-date: /home/xn/unitree_go2_ws/install/go2_tutorial/share/ament_index/resource_index/packages/go2_tutorial
[3.274s] -- Up-to-date: /home/xn/unitree_go2_ws/install/go2_tutorial/share/go2_tutorial/cmake/go2_tutorialConfig.cmake
[3.274s] -- Up-to-date: /home/xn/unitree_go2_ws/install/go2_tutorial/share/go2_tutorial/cmake/go2_tutorialConfig-version.cmake
[3.274s] -- Up-to-date: /home/xn/unitree_go2_ws/install/go2_tutorial/share/go2_tutorial/package.xml
[3.277s] Invoked command in '/home/xn/unitree_go2_ws/build/go2_tutorial' returned '0': CMAKE_PREFIX_PATH=${CMAKE_PREFIX_PATH}:/opt/ros/foxy /usr/bin/cmake --install /home/xn/unitree_go2_ws/build/go2_tutorial
