running egg_info
creating ../../../build/helloworld_py/helloworld_py.egg-info
writing ../../../build/helloworld_py/helloworld_py.egg-info/PKG-INFO
writing dependency_links to ../../../build/helloworld_py/helloworld_py.egg-info/dependency_links.txt
writing entry points to ../../../build/helloworld_py/helloworld_py.egg-info/entry_points.txt
writing requirements to ../../../build/helloworld_py/helloworld_py.egg-info/requires.txt
writing top-level names to ../../../build/helloworld_py/helloworld_py.egg-info/top_level.txt
writing manifest file '../../../build/helloworld_py/helloworld_py.egg-info/SOURCES.txt'
reading manifest file '../../../build/helloworld_py/helloworld_py.egg-info/SOURCES.txt'
writing manifest file '../../../build/helloworld_py/helloworld_py.egg-info/SOURCES.txt'
running build
running build_py
creating /home/xn/unitree_go2_ws/build/helloworld_py/build
creating /home/xn/unitree_go2_ws/build/helloworld_py/build/lib
creating /home/xn/unitree_go2_ws/build/helloworld_py/build/lib/helloworld_py
copying helloworld_py/__init__.py -> /home/xn/unitree_go2_ws/build/helloworld_py/build/lib/helloworld_py
copying helloworld_py/hello_py.py -> /home/xn/unitree_go2_ws/build/helloworld_py/build/lib/helloworld_py
running install
running install_lib
creating /home/xn/unitree_go2_ws/install/helloworld_py/lib/python3.8/site-packages/helloworld_py
copying /home/xn/unitree_go2_ws/build/helloworld_py/build/lib/helloworld_py/__init__.py -> /home/xn/unitree_go2_ws/install/helloworld_py/lib/python3.8/site-packages/helloworld_py
copying /home/xn/unitree_go2_ws/build/helloworld_py/build/lib/helloworld_py/hello_py.py -> /home/xn/unitree_go2_ws/install/helloworld_py/lib/python3.8/site-packages/helloworld_py
byte-compiling /home/xn/unitree_go2_ws/install/helloworld_py/lib/python3.8/site-packages/helloworld_py/__init__.py to __init__.cpython-38.pyc
byte-compiling /home/xn/unitree_go2_ws/install/helloworld_py/lib/python3.8/site-packages/helloworld_py/hello_py.py to hello_py.cpython-38.pyc
running install_data
creating /home/xn/unitree_go2_ws/install/helloworld_py/share/ament_index
creating /home/xn/unitree_go2_ws/install/helloworld_py/share/ament_index/resource_index
creating /home/xn/unitree_go2_ws/install/helloworld_py/share/ament_index/resource_index/packages
copying resource/helloworld_py -> /home/xn/unitree_go2_ws/install/helloworld_py/share/ament_index/resource_index/packages
copying package.xml -> /home/xn/unitree_go2_ws/install/helloworld_py/share/helloworld_py
running install_egg_info
Copying ../../../build/helloworld_py/helloworld_py.egg-info to /home/xn/unitree_go2_ws/install/helloworld_py/lib/python3.8/site-packages/helloworld_py-0.0.0-py3.8.egg-info
running install_scripts
Installing hello_py script to /home/xn/unitree_go2_ws/install/helloworld_py/lib/helloworld_py
writing list of installed files to '/home/xn/unitree_go2_ws/build/helloworld_py/install.log'
