running develop
Removing /home/xn/unitree_go2_ws/install/go2_tutorial_py/lib/python3.8/site-packages/go2-tutorial-py.egg-link (link to .)
running egg_info
writing ../../../build/go2_tutorial_py/go2_tutorial_py.egg-info/PKG-INFO
writing dependency_links to ../../../build/go2_tutorial_py/go2_tutorial_py.egg-info/dependency_links.txt
writing entry points to ../../../build/go2_tutorial_py/go2_tutorial_py.egg-info/entry_points.txt
writing requirements to ../../../build/go2_tutorial_py/go2_tutorial_py.egg-info/requires.txt
writing top-level names to ../../../build/go2_tutorial_py/go2_tutorial_py.egg-info/top_level.txt
reading manifest file '../../../build/go2_tutorial_py/go2_tutorial_py.egg-info/SOURCES.txt'
writing manifest file '../../../build/go2_tutorial_py/go2_tutorial_py.egg-info/SOURCES.txt'
running build
running build_py
running install
running install_lib
creating /home/xn/unitree_go2_ws/install/go2_tutorial_py/lib/python3.8/site-packages/go2_tutorial_py
copying /home/xn/unitree_go2_ws/build/go2_tutorial_py/build/lib/go2_tutorial_py/go2_ctrl.py -> /home/xn/unitree_go2_ws/install/go2_tutorial_py/lib/python3.8/site-packages/go2_tutorial_py
copying /home/xn/unitree_go2_ws/build/go2_tutorial_py/build/lib/go2_tutorial_py/go2_cruising_client.py -> /home/xn/unitree_go2_ws/install/go2_tutorial_py/lib/python3.8/site-packages/go2_tutorial_py
copying /home/xn/unitree_go2_ws/build/go2_tutorial_py/build/lib/go2_tutorial_py/go2_cruising_service.py -> /home/xn/unitree_go2_ws/install/go2_tutorial_py/lib/python3.8/site-packages/go2_tutorial_py
copying /home/xn/unitree_go2_ws/build/go2_tutorial_py/build/lib/go2_tutorial_py/__init__.py -> /home/xn/unitree_go2_ws/install/go2_tutorial_py/lib/python3.8/site-packages/go2_tutorial_py
copying /home/xn/unitree_go2_ws/build/go2_tutorial_py/build/lib/go2_tutorial_py/go2_state.py -> /home/xn/unitree_go2_ws/install/go2_tutorial_py/lib/python3.8/site-packages/go2_tutorial_py
copying /home/xn/unitree_go2_ws/build/go2_tutorial_py/build/lib/go2_tutorial_py/sport_model.py -> /home/xn/unitree_go2_ws/install/go2_tutorial_py/lib/python3.8/site-packages/go2_tutorial_py
byte-compiling /home/xn/unitree_go2_ws/install/go2_tutorial_py/lib/python3.8/site-packages/go2_tutorial_py/go2_ctrl.py to go2_ctrl.cpython-38.pyc
byte-compiling /home/xn/unitree_go2_ws/install/go2_tutorial_py/lib/python3.8/site-packages/go2_tutorial_py/go2_cruising_client.py to go2_cruising_client.cpython-38.pyc
byte-compiling /home/xn/unitree_go2_ws/install/go2_tutorial_py/lib/python3.8/site-packages/go2_tutorial_py/go2_cruising_service.py to go2_cruising_service.cpython-38.pyc
byte-compiling /home/xn/unitree_go2_ws/install/go2_tutorial_py/lib/python3.8/site-packages/go2_tutorial_py/__init__.py to __init__.cpython-38.pyc
byte-compiling /home/xn/unitree_go2_ws/install/go2_tutorial_py/lib/python3.8/site-packages/go2_tutorial_py/go2_state.py to go2_state.cpython-38.pyc
byte-compiling /home/xn/unitree_go2_ws/install/go2_tutorial_py/lib/python3.8/site-packages/go2_tutorial_py/sport_model.py to sport_model.cpython-38.pyc
running install_data
copying resource/go2_tutorial_py -> /home/xn/unitree_go2_ws/install/go2_tutorial_py/share/ament_index/resource_index/packages
copying package.xml -> /home/xn/unitree_go2_ws/install/go2_tutorial_py/share/go2_tutorial_py
copying launch/go2_state.launch.py -> /home/xn/unitree_go2_ws/install/go2_tutorial_py/share/go2_tutorial_py/launch
copying launch/go2_ctrl.launch.py -> /home/xn/unitree_go2_ws/install/go2_tutorial_py/share/go2_tutorial_py/launch
copying launch/go2_cruising.launch.py -> /home/xn/unitree_go2_ws/install/go2_tutorial_py/share/go2_tutorial_py/launch
copying params/go2_state.yaml -> /home/xn/unitree_go2_ws/install/go2_tutorial_py/share/go2_tutorial_py/params
running install_egg_info
Copying ../../../build/go2_tutorial_py/go2_tutorial_py.egg-info to /home/xn/unitree_go2_ws/install/go2_tutorial_py/lib/python3.8/site-packages/go2_tutorial_py-0.0.0-py3.8.egg-info
running install_scripts
Installing go2_cruising_client script to /home/xn/unitree_go2_ws/install/go2_tutorial_py/lib/go2_tutorial_py
Installing go2_cruising_service script to /home/xn/unitree_go2_ws/install/go2_tutorial_py/lib/go2_tutorial_py
Installing go2_ctrl script to /home/xn/unitree_go2_ws/install/go2_tutorial_py/lib/go2_tutorial_py
Installing go2_state script to /home/xn/unitree_go2_ws/install/go2_tutorial_py/lib/go2_tutorial_py
writing list of installed files to '/home/xn/unitree_go2_ws/build/go2_tutorial_py/install.log'
