[0.052s] Invoking command in '/home/xn/unitree_go2_ws/build/go2_description': CMAKE_PREFIX_PATH=${CMAKE_PREFIX_PATH}:/home/xn/unitree_go2_ws/install/my_test_py:/home/xn/unitree_go2_ws/install/helloworld_py:/home/xn/unitree_go2_ws/install/go2_twist_bridge_py:/home/xn/unitree_go2_ws/install/go2_tutorial_py:/home/xn/unitree_go2_ws/install/go2_teleop_ctrl_keyboard:/home/xn/unitree_go2_ws/install/go2_driver_py:/opt/ros/foxy /usr/bin/cmake /home/xn/unitree_go2_ws/src/base/go2_description -DCMAKE_INSTALL_PREFIX=/home/xn/unitree_go2_ws/install/go2_description
[0.570s] -- Found ament_cmake: 0.9.12 (/opt/ros/foxy/share/ament_cmake/cmake)
[0.570s] -- Using PYTHON_EXECUTABLE: /usr/bin/python3
[0.570s] -- Override CMake install command with custom implementation using symlinks instead of copying resources
[0.570s] -- Found ament_lint_auto: 0.9.8 (/opt/ros/foxy/share/ament_lint_auto/cmake)
[0.570s] -- Added test 'copyright' to check source files copyright and LICENSE
[0.570s] -- Added test 'flake8' to check Python code syntax and style conventions
[0.570s] -- Added test 'lint_cmake' to check CMake code style
[0.570s] -- Added test 'pep257' to check Python code against some of the style conventions in PEP 257
[0.571s] -- Added test 'xmllint' to check XML markup files
[0.571s] -- Configuring done
[0.571s] -- Generating done
[0.571s] -- Build files have been written to: /home/xn/unitree_go2_ws/build/go2_description
[0.599s] Invoked command in '/home/xn/unitree_go2_ws/build/go2_description' returned '0': CMAKE_PREFIX_PATH=${CMAKE_PREFIX_PATH}:/home/xn/unitree_go2_ws/install/my_test_py:/home/xn/unitree_go2_ws/install/helloworld_py:/home/xn/unitree_go2_ws/install/go2_twist_bridge_py:/home/xn/unitree_go2_ws/install/go2_tutorial_py:/home/xn/unitree_go2_ws/install/go2_teleop_ctrl_keyboard:/home/xn/unitree_go2_ws/install/go2_driver_py:/opt/ros/foxy /usr/bin/cmake /home/xn/unitree_go2_ws/src/base/go2_description -DCMAKE_INSTALL_PREFIX=/home/xn/unitree_go2_ws/install/go2_description
[0.601s] Invoking command in '/home/xn/unitree_go2_ws/build/go2_description': CMAKE_PREFIX_PATH=${CMAKE_PREFIX_PATH}:/home/xn/unitree_go2_ws/install/my_test_py:/home/xn/unitree_go2_ws/install/helloworld_py:/home/xn/unitree_go2_ws/install/go2_twist_bridge_py:/home/xn/unitree_go2_ws/install/go2_tutorial_py:/home/xn/unitree_go2_ws/install/go2_teleop_ctrl_keyboard:/home/xn/unitree_go2_ws/install/go2_driver_py:/opt/ros/foxy /usr/bin/cmake --build /home/xn/unitree_go2_ws/build/go2_description -- -j8 -l8
[0.723s] Invoked command in '/home/xn/unitree_go2_ws/build/go2_description' returned '0': CMAKE_PREFIX_PATH=${CMAKE_PREFIX_PATH}:/home/xn/unitree_go2_ws/install/my_test_py:/home/xn/unitree_go2_ws/install/helloworld_py:/home/xn/unitree_go2_ws/install/go2_twist_bridge_py:/home/xn/unitree_go2_ws/install/go2_tutorial_py:/home/xn/unitree_go2_ws/install/go2_teleop_ctrl_keyboard:/home/xn/unitree_go2_ws/install/go2_driver_py:/opt/ros/foxy /usr/bin/cmake --build /home/xn/unitree_go2_ws/build/go2_description -- -j8 -l8
[0.723s] Invoking command in '/home/xn/unitree_go2_ws/build/go2_description': CMAKE_PREFIX_PATH=${CMAKE_PREFIX_PATH}:/home/xn/unitree_go2_ws/install/my_test_py:/home/xn/unitree_go2_ws/install/helloworld_py:/home/xn/unitree_go2_ws/install/go2_twist_bridge_py:/home/xn/unitree_go2_ws/install/go2_tutorial_py:/home/xn/unitree_go2_ws/install/go2_teleop_ctrl_keyboard:/home/xn/unitree_go2_ws/install/go2_driver_py:/opt/ros/foxy /usr/bin/cmake --install /home/xn/unitree_go2_ws/build/go2_description
[0.743s] -- Install configuration: ""
[0.743s] -- Execute custom install script
[0.744s] -- Up-to-date symlink: /home/xn/unitree_go2_ws/install/go2_description/share/go2_description/launch/display.launch.py
[0.744s] -- Up-to-date symlink: /home/xn/unitree_go2_ws/install/go2_description/share/go2_description/dae/base.dae
[0.744s] -- Up-to-date symlink: /home/xn/unitree_go2_ws/install/go2_description/share/go2_description/dae/calf.dae
[0.744s] -- Up-to-date symlink: /home/xn/unitree_go2_ws/install/go2_description/share/go2_description/dae/calf_mirror.dae
[0.744s] -- Up-to-date symlink: /home/xn/unitree_go2_ws/install/go2_description/share/go2_description/dae/foot.dae
[0.744s] -- Up-to-date symlink: /home/xn/unitree_go2_ws/install/go2_description/share/go2_description/dae/hip.dae
[0.744s] -- Up-to-date symlink: /home/xn/unitree_go2_ws/install/go2_description/share/go2_description/dae/thigh.dae
[0.745s] -- Up-to-date symlink: /home/xn/unitree_go2_ws/install/go2_description/share/go2_description/dae/thigh_mirror.dae
[0.745s] -- Up-to-date symlink: /home/xn/unitree_go2_ws/install/go2_description/share/go2_description/urdf/.history/go2_description_20230904144240.urdf
[0.745s] -- Up-to-date symlink: /home/xn/unitree_go2_ws/install/go2_description/share/go2_description/urdf/.history/go2_description_20230904182446.urdf
[0.745s] -- Up-to-date symlink: /home/xn/unitree_go2_ws/install/go2_description/share/go2_description/urdf/.history/go2_description_20230904193628.urdf
[0.745s] -- Up-to-date symlink: /home/xn/unitree_go2_ws/install/go2_description/share/go2_description/urdf/.history/go2_description_20230904193644.urdf
[0.746s] -- Up-to-date symlink: /home/xn/unitree_go2_ws/install/go2_description/share/go2_description/urdf/.history/go2_description_20230904193653.urdf
[0.746s] -- Up-to-date symlink: /home/xn/unitree_go2_ws/install/go2_description/share/go2_description/urdf/.history/go2_description_20230904193705.urdf
[0.746s] -- Up-to-date symlink: /home/xn/unitree_go2_ws/install/go2_description/share/go2_description/urdf/.history/go2_description_20230904193710.urdf
[0.746s] -- Up-to-date symlink: /home/xn/unitree_go2_ws/install/go2_description/share/go2_description/urdf/.history/go2_description_20230904193711.urdf
[0.746s] -- Up-to-date symlink: /home/xn/unitree_go2_ws/install/go2_description/share/go2_description/urdf/.history/go2_description_20230905112047.urdf
[0.747s] -- Up-to-date symlink: /home/xn/unitree_go2_ws/install/go2_description/share/go2_description/urdf/.history/go2_description_20230905112143.urdf
[0.747s] -- Up-to-date symlink: /home/xn/unitree_go2_ws/install/go2_description/share/go2_description/urdf/.history/go2_description_20230905112217.urdf
[0.747s] -- Up-to-date symlink: /home/xn/unitree_go2_ws/install/go2_description/share/go2_description/urdf/.history/go2_description_20230905112735.urdf
[0.748s] -- Up-to-date symlink: /home/xn/unitree_go2_ws/install/go2_description/share/go2_description/urdf/.history/go2_description_20230905112749.urdf
[0.748s] -- Up-to-date symlink: /home/xn/unitree_go2_ws/install/go2_description/share/go2_description/urdf/.history/go2_description_20230905112752.urdf
[0.749s] -- Up-to-date symlink: /home/xn/unitree_go2_ws/install/go2_description/share/go2_description/urdf/.history/go2_description_20230905112944.urdf
[0.749s] -- Up-to-date symlink: /home/xn/unitree_go2_ws/install/go2_description/share/go2_description/urdf/.history/go2_description_20230905113000.urdf
[0.749s] -- Up-to-date symlink: /home/xn/unitree_go2_ws/install/go2_description/share/go2_description/urdf/.history/go2_description_20230905113059.urdf
[0.749s] -- Up-to-date symlink: /home/xn/unitree_go2_ws/install/go2_description/share/go2_description/urdf/.history/go2_description_20230905113633.urdf
[0.750s] -- Up-to-date symlink: /home/xn/unitree_go2_ws/install/go2_description/share/go2_description/urdf/.history/go2_description_20230905113754.urdf
[0.750s] -- Up-to-date symlink: /home/xn/unitree_go2_ws/install/go2_description/share/go2_description/urdf/.history/go2_description_20230905113755.urdf
[0.750s] -- Up-to-date symlink: /home/xn/unitree_go2_ws/install/go2_description/share/go2_description/urdf/.history/go2_description_20230905113839.urdf
[0.751s] -- Up-to-date symlink: /home/xn/unitree_go2_ws/install/go2_description/share/go2_description/urdf/.history/go2_description_20230905113840.urdf
[0.751s] -- Up-to-date symlink: /home/xn/unitree_go2_ws/install/go2_description/share/go2_description/urdf/.history/go2_description_20230905114759.urdf
[0.752s] -- Up-to-date symlink: /home/xn/unitree_go2_ws/install/go2_description/share/go2_description/urdf/.history/go2_description_20230905114819.urdf
[0.752s] -- Up-to-date symlink: /home/xn/unitree_go2_ws/install/go2_description/share/go2_description/urdf/.history/go2_description_20230905115021.urdf
[0.752s] -- Up-to-date symlink: /home/xn/unitree_go2_ws/install/go2_description/share/go2_description/urdf/.history/go2_description_20230905115022.urdf
[0.753s] -- Up-to-date symlink: /home/xn/unitree_go2_ws/install/go2_description/share/go2_description/urdf/.history/go2_description_20230905115040.urdf
[0.753s] -- Up-to-date symlink: /home/xn/unitree_go2_ws/install/go2_description/share/go2_description/urdf/.history/go2_description_20230905115215.urdf
[0.753s] -- Up-to-date symlink: /home/xn/unitree_go2_ws/install/go2_description/share/go2_description/urdf/.history/go2_description_20230905115226.urdf
[0.754s] -- Up-to-date symlink: /home/xn/unitree_go2_ws/install/go2_description/share/go2_description/urdf/.history/go2_description_20230905115300.urdf
[0.754s] -- Up-to-date symlink: /home/xn/unitree_go2_ws/install/go2_description/share/go2_description/urdf/.history/go2_description_20230905115313.urdf
[0.754s] -- Up-to-date symlink: /home/xn/unitree_go2_ws/install/go2_description/share/go2_description/urdf/Amended_collision_model.png
[0.755s] -- Up-to-date symlink: /home/xn/unitree_go2_ws/install/go2_description/share/go2_description/urdf/Normal_collision_model.png
[0.756s] -- Up-to-date symlink: /home/xn/unitree_go2_ws/install/go2_description/share/go2_description/urdf/go2_description.urdf
[0.756s] -- Up-to-date symlink: /home/xn/unitree_go2_ws/install/go2_description/share/go2_description/meshes/calf.dae
[0.756s] -- Up-to-date symlink: /home/xn/unitree_go2_ws/install/go2_description/share/go2_description/meshes/calf_mirror.dae
[0.756s] -- Up-to-date symlink: /home/xn/unitree_go2_ws/install/go2_description/share/go2_description/meshes/foot.dae
[0.756s] -- Up-to-date symlink: /home/xn/unitree_go2_ws/install/go2_description/share/go2_description/meshes/hip.dae
[0.757s] -- Up-to-date symlink: /home/xn/unitree_go2_ws/install/go2_description/share/go2_description/meshes/thigh.dae
[0.757s] -- Up-to-date symlink: /home/xn/unitree_go2_ws/install/go2_description/share/go2_description/meshes/thigh_mirror.dae
[0.757s] -- Up-to-date symlink: /home/xn/unitree_go2_ws/install/go2_description/share/go2_description/meshes/trunk.dae
[0.758s] -- Up-to-date symlink: /home/xn/unitree_go2_ws/install/go2_description/share/ament_index/resource_index/package_run_dependencies/go2_description
[0.759s] -- Up-to-date symlink: /home/xn/unitree_go2_ws/install/go2_description/share/ament_index/resource_index/parent_prefix_path/go2_description
[0.759s] -- Up-to-date symlink: /home/xn/unitree_go2_ws/install/go2_description/share/go2_description/environment/ament_prefix_path.sh
[0.759s] -- Up-to-date symlink: /home/xn/unitree_go2_ws/install/go2_description/share/go2_description/environment/ament_prefix_path.dsv
[0.760s] -- Up-to-date symlink: /home/xn/unitree_go2_ws/install/go2_description/share/go2_description/environment/path.sh
[0.760s] -- Up-to-date symlink: /home/xn/unitree_go2_ws/install/go2_description/share/go2_description/environment/path.dsv
[0.761s] -- Up-to-date symlink: /home/xn/unitree_go2_ws/install/go2_description/share/go2_description/local_setup.bash
[0.761s] -- Up-to-date symlink: /home/xn/unitree_go2_ws/install/go2_description/share/go2_description/local_setup.sh
[0.762s] -- Up-to-date symlink: /home/xn/unitree_go2_ws/install/go2_description/share/go2_description/local_setup.zsh
[0.762s] -- Up-to-date symlink: /home/xn/unitree_go2_ws/install/go2_description/share/go2_description/local_setup.dsv
[0.762s] -- Symlinking: /home/xn/unitree_go2_ws/install/go2_description/share/go2_description/package.dsv
[0.782s] -- Up-to-date symlink: /home/xn/unitree_go2_ws/install/go2_description/share/ament_index/resource_index/packages/go2_description
[0.782s] -- Up-to-date symlink: /home/xn/unitree_go2_ws/install/go2_description/share/go2_description/cmake/go2_descriptionConfig.cmake
[0.782s] -- Up-to-date symlink: /home/xn/unitree_go2_ws/install/go2_description/share/go2_description/cmake/go2_descriptionConfig-version.cmake
[0.782s] -- Up-to-date symlink: /home/xn/unitree_go2_ws/install/go2_description/share/go2_description/package.xml
[0.859s] Invoked command in '/home/xn/unitree_go2_ws/build/go2_description' returned '0': CMAKE_PREFIX_PATH=${CMAKE_PREFIX_PATH}:/home/xn/unitree_go2_ws/install/my_test_py:/home/xn/unitree_go2_ws/install/helloworld_py:/home/xn/unitree_go2_ws/install/go2_twist_bridge_py:/home/xn/unitree_go2_ws/install/go2_tutorial_py:/home/xn/unitree_go2_ws/install/go2_teleop_ctrl_keyboard:/home/xn/unitree_go2_ws/install/go2_driver_py:/opt/ros/foxy /usr/bin/cmake --install /home/xn/unitree_go2_ws/build/go2_description
