[35m[1mScanning dependencies of target go2_cruising_service[0m
[ 25%] Built target go2_ctrl
[ 50%] Built target go2_cruising_client
[ 75%] Built target go2_state
[ 87%] [32mBuilding CXX object CMakeFiles/go2_cruising_service.dir/src/go2_cruising_service.cpp.o[0m
[100%] [32m[1mLinking CXX executable go2_cruising_service[0m
[100%] Built target go2_cruising_service
-- Install configuration: ""
-- Up-to-date: /home/xn/unitree_go2_ws/install/go2_tutorial/lib/go2_tutorial/go2_ctrl
-- Up-to-date: /home/xn/unitree_go2_ws/install/go2_tutorial/lib/go2_tutorial/go2_state
-- Up-to-date: /home/xn/unitree_go2_ws/install/go2_tutorial/lib/go2_tutorial/go2_cruising_client
-- Installing: /home/xn/unitree_go2_ws/install/go2_tutorial/lib/go2_tutorial/go2_cruising_service
-- Set runtime path of "/home/xn/unitree_go2_ws/install/go2_tutorial/lib/go2_tutorial/go2_cruising_service" to ""
-- Up-to-date: /home/xn/unitree_go2_ws/install/go2_tutorial/include
-- Up-to-date: /home/xn/unitree_go2_ws/install/go2_tutorial/include/go2_tutorial
-- Up-to-date: /home/xn/unitree_go2_ws/install/go2_tutorial/include/nlohmann
-- Up-to-date: /home/xn/unitree_go2_ws/install/go2_tutorial/include/nlohmann/json.hpp
-- Up-to-date: /home/xn/unitree_go2_ws/install/go2_tutorial/include/nlohmann/json_fwd.hpp
-- Up-to-date: /home/xn/unitree_go2_ws/install/go2_tutorial/include/nlohmann/thirdparty
-- Up-to-date: /home/xn/unitree_go2_ws/install/go2_tutorial/include/nlohmann/thirdparty/hedley
-- Up-to-date: /home/xn/unitree_go2_ws/install/go2_tutorial/include/nlohmann/thirdparty/hedley/hedley_undef.hpp
-- Up-to-date: /home/xn/unitree_go2_ws/install/go2_tutorial/include/nlohmann/thirdparty/hedley/hedley.hpp
-- Up-to-date: /home/xn/unitree_go2_ws/install/go2_tutorial/include/nlohmann/ordered_map.hpp
-- Up-to-date: /home/xn/unitree_go2_ws/install/go2_tutorial/include/nlohmann/adl_serializer.hpp
-- Up-to-date: /home/xn/unitree_go2_ws/install/go2_tutorial/include/nlohmann/detail
-- Up-to-date: /home/xn/unitree_go2_ws/install/go2_tutorial/include/nlohmann/detail/json_pointer.hpp
-- Up-to-date: /home/xn/unitree_go2_ws/install/go2_tutorial/include/nlohmann/detail/input
-- Up-to-date: /home/xn/unitree_go2_ws/install/go2_tutorial/include/nlohmann/detail/input/input_adapters.hpp
-- Up-to-date: /home/xn/unitree_go2_ws/install/go2_tutorial/include/nlohmann/detail/input/position_t.hpp
-- Up-to-date: /home/xn/unitree_go2_ws/install/go2_tutorial/include/nlohmann/detail/input/lexer.hpp
-- Up-to-date: /home/xn/unitree_go2_ws/install/go2_tutorial/include/nlohmann/detail/input/binary_reader.hpp
-- Up-to-date: /home/xn/unitree_go2_ws/install/go2_tutorial/include/nlohmann/detail/input/parser.hpp
-- Up-to-date: /home/xn/unitree_go2_ws/install/go2_tutorial/include/nlohmann/detail/input/json_sax.hpp
-- Up-to-date: /home/xn/unitree_go2_ws/install/go2_tutorial/include/nlohmann/detail/hash.hpp
-- Up-to-date: /home/xn/unitree_go2_ws/install/go2_tutorial/include/nlohmann/detail/conversions
-- Up-to-date: /home/xn/unitree_go2_ws/install/go2_tutorial/include/nlohmann/detail/conversions/from_json.hpp
-- Up-to-date: /home/xn/unitree_go2_ws/install/go2_tutorial/include/nlohmann/detail/conversions/to_chars.hpp
-- Up-to-date: /home/xn/unitree_go2_ws/install/go2_tutorial/include/nlohmann/detail/conversions/to_json.hpp
-- Up-to-date: /home/xn/unitree_go2_ws/install/go2_tutorial/include/nlohmann/detail/abi_macros.hpp
-- Up-to-date: /home/xn/unitree_go2_ws/install/go2_tutorial/include/nlohmann/detail/value_t.hpp
-- Up-to-date: /home/xn/unitree_go2_ws/install/go2_tutorial/include/nlohmann/detail/macro_unscope.hpp
-- Up-to-date: /home/xn/unitree_go2_ws/install/go2_tutorial/include/nlohmann/detail/output
-- Up-to-date: /home/xn/unitree_go2_ws/install/go2_tutorial/include/nlohmann/detail/output/binary_writer.hpp
-- Up-to-date: /home/xn/unitree_go2_ws/install/go2_tutorial/include/nlohmann/detail/output/serializer.hpp
-- Up-to-date: /home/xn/unitree_go2_ws/install/go2_tutorial/include/nlohmann/detail/output/output_adapters.hpp
-- Up-to-date: /home/xn/unitree_go2_ws/install/go2_tutorial/include/nlohmann/detail/string_escape.hpp
-- Up-to-date: /home/xn/unitree_go2_ws/install/go2_tutorial/include/nlohmann/detail/json_ref.hpp
-- Up-to-date: /home/xn/unitree_go2_ws/install/go2_tutorial/include/nlohmann/detail/meta
-- Up-to-date: /home/xn/unitree_go2_ws/install/go2_tutorial/include/nlohmann/detail/meta/std_fs.hpp
-- Up-to-date: /home/xn/unitree_go2_ws/install/go2_tutorial/include/nlohmann/detail/meta/call_std
-- Up-to-date: /home/xn/unitree_go2_ws/install/go2_tutorial/include/nlohmann/detail/meta/call_std/end.hpp
-- Up-to-date: /home/xn/unitree_go2_ws/install/go2_tutorial/include/nlohmann/detail/meta/call_std/begin.hpp
-- Up-to-date: /home/xn/unitree_go2_ws/install/go2_tutorial/include/nlohmann/detail/meta/void_t.hpp
-- Up-to-date: /home/xn/unitree_go2_ws/install/go2_tutorial/include/nlohmann/detail/meta/detected.hpp
-- Up-to-date: /home/xn/unitree_go2_ws/install/go2_tutorial/include/nlohmann/detail/meta/type_traits.hpp
-- Up-to-date: /home/xn/unitree_go2_ws/install/go2_tutorial/include/nlohmann/detail/meta/identity_tag.hpp
-- Up-to-date: /home/xn/unitree_go2_ws/install/go2_tutorial/include/nlohmann/detail/meta/is_sax.hpp
-- Up-to-date: /home/xn/unitree_go2_ws/install/go2_tutorial/include/nlohmann/detail/meta/cpp_future.hpp
-- Up-to-date: /home/xn/unitree_go2_ws/install/go2_tutorial/include/nlohmann/detail/macro_scope.hpp
-- Up-to-date: /home/xn/unitree_go2_ws/install/go2_tutorial/include/nlohmann/detail/json_custom_base_class.hpp
-- Up-to-date: /home/xn/unitree_go2_ws/install/go2_tutorial/include/nlohmann/detail/iterators
-- Up-to-date: /home/xn/unitree_go2_ws/install/go2_tutorial/include/nlohmann/detail/iterators/iter_impl.hpp
-- Up-to-date: /home/xn/unitree_go2_ws/install/go2_tutorial/include/nlohmann/detail/iterators/primitive_iterator.hpp
-- Up-to-date: /home/xn/unitree_go2_ws/install/go2_tutorial/include/nlohmann/detail/iterators/iterator_traits.hpp
-- Up-to-date: /home/xn/unitree_go2_ws/install/go2_tutorial/include/nlohmann/detail/iterators/json_reverse_iterator.hpp
-- Up-to-date: /home/xn/unitree_go2_ws/install/go2_tutorial/include/nlohmann/detail/iterators/internal_iterator.hpp
-- Up-to-date: /home/xn/unitree_go2_ws/install/go2_tutorial/include/nlohmann/detail/iterators/iteration_proxy.hpp
-- Up-to-date: /home/xn/unitree_go2_ws/install/go2_tutorial/include/nlohmann/detail/exceptions.hpp
-- Up-to-date: /home/xn/unitree_go2_ws/install/go2_tutorial/include/nlohmann/detail/string_concat.hpp
-- Up-to-date: /home/xn/unitree_go2_ws/install/go2_tutorial/include/nlohmann/byte_container_with_subtype.hpp
-- Up-to-date: /home/xn/unitree_go2_ws/install/go2_tutorial/include/sport_model.hpp
-- Up-to-date: /home/xn/unitree_go2_ws/install/go2_tutorial/share/go2_tutorial/launch
-- Up-to-date: /home/xn/unitree_go2_ws/install/go2_tutorial/share/go2_tutorial/launch/go2_state.launch.py
-- Up-to-date: /home/xn/unitree_go2_ws/install/go2_tutorial/share/go2_tutorial/launch/go2_ctrl.launch.py
-- Up-to-date: /home/xn/unitree_go2_ws/install/go2_tutorial/share/go2_tutorial/launch/go2_cruising.launch.py
-- Up-to-date: /home/xn/unitree_go2_ws/install/go2_tutorial/share/go2_tutorial/params
-- Up-to-date: /home/xn/unitree_go2_ws/install/go2_tutorial/share/go2_tutorial/params/go2_cruising_service.yaml
-- Up-to-date: /home/xn/unitree_go2_ws/install/go2_tutorial/share/go2_tutorial/params/go2_state.yaml
-- Up-to-date: /home/xn/unitree_go2_ws/install/go2_tutorial/share/ament_index/resource_index/package_run_dependencies/go2_tutorial
-- Up-to-date: /home/xn/unitree_go2_ws/install/go2_tutorial/share/ament_index/resource_index/parent_prefix_path/go2_tutorial
-- Up-to-date: /home/xn/unitree_go2_ws/install/go2_tutorial/share/go2_tutorial/environment/ament_prefix_path.sh
-- Up-to-date: /home/xn/unitree_go2_ws/install/go2_tutorial/share/go2_tutorial/environment/ament_prefix_path.dsv
-- Up-to-date: /home/xn/unitree_go2_ws/install/go2_tutorial/share/go2_tutorial/environment/path.sh
-- Up-to-date: /home/xn/unitree_go2_ws/install/go2_tutorial/share/go2_tutorial/environment/path.dsv
-- Up-to-date: /home/xn/unitree_go2_ws/install/go2_tutorial/share/go2_tutorial/local_setup.bash
-- Up-to-date: /home/xn/unitree_go2_ws/install/go2_tutorial/share/go2_tutorial/local_setup.sh
-- Up-to-date: /home/xn/unitree_go2_ws/install/go2_tutorial/share/go2_tutorial/local_setup.zsh
-- Up-to-date: /home/xn/unitree_go2_ws/install/go2_tutorial/share/go2_tutorial/local_setup.dsv
-- Installing: /home/xn/unitree_go2_ws/install/go2_tutorial/share/go2_tutorial/package.dsv
-- Up-to-date: /home/xn/unitree_go2_ws/install/go2_tutorial/share/ament_index/resource_index/packages/go2_tutorial
-- Up-to-date: /home/xn/unitree_go2_ws/install/go2_tutorial/share/go2_tutorial/cmake/go2_tutorialConfig.cmake
-- Up-to-date: /home/xn/unitree_go2_ws/install/go2_tutorial/share/go2_tutorial/cmake/go2_tutorialConfig-version.cmake
-- Up-to-date: /home/xn/unitree_go2_ws/install/go2_tutorial/share/go2_tutorial/package.xml
