[2.806s] Invoking command in '/home/xn/unitree_go2_ws/src/base/go2_driver_py': PYTHONPATH=/home/xn/unitree_go2_ws/build/go2_driver_py/prefix_override:/usr/lib/python3/dist-packages/colcon_core/task/python/colcon_distutils_commands:/home/xn/unitree_go2_ws/install/go2_driver_py/lib/python3.8/site-packages:${PYTHONPATH} /usr/bin/python3 -W ignore:setup.py install is deprecated -W ignore:easy_install command is deprecated setup.py egg_info --egg-base ../../../build/go2_driver_py build --build-base /home/xn/unitree_go2_ws/build/go2_driver_py/build install --record /home/xn/unitree_go2_ws/build/go2_driver_py/install.log --install-scripts $base/lib/go2_driver_py --single-version-externally-managed install_data
[3.565s] running egg_info
[3.565s] writing ../../../build/go2_driver_py/go2_driver_py.egg-info/PKG-INFO
[3.566s] writing dependency_links to ../../../build/go2_driver_py/go2_driver_py.egg-info/dependency_links.txt
[3.567s] writing entry points to ../../../build/go2_driver_py/go2_driver_py.egg-info/entry_points.txt
[3.568s] writing requirements to ../../../build/go2_driver_py/go2_driver_py.egg-info/requires.txt
[3.568s] writing top-level names to ../../../build/go2_driver_py/go2_driver_py.egg-info/top_level.txt
[3.638s] reading manifest file '../../../build/go2_driver_py/go2_driver_py.egg-info/SOURCES.txt'
[3.640s] writing manifest file '../../../build/go2_driver_py/go2_driver_py.egg-info/SOURCES.txt'
[3.641s] running build
[3.641s] running build_py
[3.642s] running install
[3.644s] running install_lib
[3.650s] running install_data
[3.651s] running install_egg_info
[3.655s] removing '/home/xn/unitree_go2_ws/install/go2_driver_py/lib/python3.8/site-packages/go2_driver_py-0.0.0-py3.8.egg-info' (and everything under it)
[3.657s] Copying ../../../build/go2_driver_py/go2_driver_py.egg-info to /home/xn/unitree_go2_ws/install/go2_driver_py/lib/python3.8/site-packages/go2_driver_py-0.0.0-py3.8.egg-info
[3.660s] running install_scripts
[3.707s] Installing driver_py script to /home/xn/unitree_go2_ws/install/go2_driver_py/lib/go2_driver_py
[3.708s] writing list of installed files to '/home/xn/unitree_go2_ws/build/go2_driver_py/install.log'
