-- Found ament_cmake: 0.9.12 (/opt/ros/foxy/share/ament_cmake/cmake)
-- Using PYTHON_EXECUTABLE: /usr/bin/python3
-- Found rclcpp: 2.4.3 (/opt/ros/foxy/share/rclcpp/cmake)
-- Using all available rosidl_typesupport_c: rosidl_typesupport_fastrtps_c;rosidl_typesupport_introspection_c
-- Found rosidl_adapter: 1.3.1 (/opt/ros/foxy/share/rosidl_adapter/cmake)
-- Using all available rosidl_typesupport_cpp: rosidl_typesupport_fastrtps_cpp;rosidl_typesupport_introspection_cpp
-- Found rmw_implementation_cmake: 1.0.4 (/opt/ros/foxy/share/rmw_implementation_cmake/cmake)
-- Using RMW implementation 'rmw_cyclonedds_cpp' as default
-- Found unitree_go: 0.0.0 (/home/xn/unitree_ros2/cyclonedds_ws/install/unitree_go/share/unitree_go/cmake)
-- Found unitree_api: 0.0.0 (/home/xn/unitree_ros2/cyclonedds_ws/install/unitree_api/share/unitree_api/cmake)
-- Found nav_msgs: 2.0.5 (/opt/ros/foxy/share/nav_msgs/cmake)
-- Found ament_lint_auto: 0.9.8 (/opt/ros/foxy/share/ament_lint_auto/cmake)
-- Added test 'copyright' to check source files copyright and LICENSE
-- Added test 'cppcheck' to perform static code analysis on C / C++ code
-- Configured cppcheck include dirs: $<BUILD_INTERFACE:/home/xn/unitree_go2_ws/src/tutorial/go2_tutorial/include>
-- Configured cppcheck exclude dirs and/or files: 
-- Added test 'cpplint' to check C / C++ code against the Google style
-- Configured cpplint exclude dirs and/or files: 
-- Added test 'flake8' to check Python code syntax and style conventions
-- Added test 'lint_cmake' to check CMake code style
-- Added test 'pep257' to check Python code against some of the style conventions in PEP 257
-- Added test 'uncrustify' to check C / C++ code style
-- Configured uncrustify additional arguments: 
-- Added test 'xmllint' to check XML markup files
-- Configuring done
-- Generating done
-- Build files have been written to: /home/xn/unitree_go2_ws/build/go2_tutorial
[35m[1mScanning dependencies of target go2_state[0m
[ 50%] Built target go2_ctrl
[ 75%] [32mBuilding CXX object CMakeFiles/go2_state.dir/src/go2_state.cpp.o[0m
[100%] [32m[1mLinking CXX executable go2_state[0m
[100%] Built target go2_state
-- Install configuration: ""
-- Up-to-date: /home/xn/unitree_go2_ws/install/go2_tutorial/lib/go2_tutorial/go2_ctrl
-- Installing: /home/xn/unitree_go2_ws/install/go2_tutorial/lib/go2_tutorial/go2_state
-- Set runtime path of "/home/xn/unitree_go2_ws/install/go2_tutorial/lib/go2_tutorial/go2_state" to ""
-- Up-to-date: /home/xn/unitree_go2_ws/install/go2_tutorial/include
-- Up-to-date: /home/xn/unitree_go2_ws/install/go2_tutorial/include/go2_tutorial
-- Up-to-date: /home/xn/unitree_go2_ws/install/go2_tutorial/include/nlohmann
-- Up-to-date: /home/xn/unitree_go2_ws/install/go2_tutorial/include/nlohmann/json.hpp
-- Up-to-date: /home/xn/unitree_go2_ws/install/go2_tutorial/include/nlohmann/json_fwd.hpp
-- Up-to-date: /home/xn/unitree_go2_ws/install/go2_tutorial/include/nlohmann/thirdparty
-- Up-to-date: /home/xn/unitree_go2_ws/install/go2_tutorial/include/nlohmann/thirdparty/hedley
-- Up-to-date: /home/xn/unitree_go2_ws/install/go2_tutorial/include/nlohmann/thirdparty/hedley/hedley_undef.hpp
-- Up-to-date: /home/xn/unitree_go2_ws/install/go2_tutorial/include/nlohmann/thirdparty/hedley/hedley.hpp
-- Up-to-date: /home/xn/unitree_go2_ws/install/go2_tutorial/include/nlohmann/ordered_map.hpp
-- Up-to-date: /home/xn/unitree_go2_ws/install/go2_tutorial/include/nlohmann/adl_serializer.hpp
-- Up-to-date: /home/xn/unitree_go2_ws/install/go2_tutorial/include/nlohmann/detail
-- Up-to-date: /home/xn/unitree_go2_ws/install/go2_tutorial/include/nlohmann/detail/json_pointer.hpp
-- Up-to-date: /home/xn/unitree_go2_ws/install/go2_tutorial/include/nlohmann/detail/input
-- Up-to-date: /home/xn/unitree_go2_ws/install/go2_tutorial/include/nlohmann/detail/input/input_adapters.hpp
-- Up-to-date: /home/xn/unitree_go2_ws/install/go2_tutorial/include/nlohmann/detail/input/position_t.hpp
-- Up-to-date: /home/xn/unitree_go2_ws/install/go2_tutorial/include/nlohmann/detail/input/lexer.hpp
-- Up-to-date: /home/xn/unitree_go2_ws/install/go2_tutorial/include/nlohmann/detail/input/binary_reader.hpp
-- Up-to-date: /home/xn/unitree_go2_ws/install/go2_tutorial/include/nlohmann/detail/input/parser.hpp
-- Up-to-date: /home/xn/unitree_go2_ws/install/go2_tutorial/include/nlohmann/detail/input/json_sax.hpp
-- Up-to-date: /home/xn/unitree_go2_ws/install/go2_tutorial/include/nlohmann/detail/hash.hpp
-- Up-to-date: /home/xn/unitree_go2_ws/install/go2_tutorial/include/nlohmann/detail/conversions
-- Up-to-date: /home/xn/unitree_go2_ws/install/go2_tutorial/include/nlohmann/detail/conversions/from_json.hpp
-- Up-to-date: /home/xn/unitree_go2_ws/install/go2_tutorial/include/nlohmann/detail/conversions/to_chars.hpp
-- Up-to-date: /home/xn/unitree_go2_ws/install/go2_tutorial/include/nlohmann/detail/conversions/to_json.hpp
-- Up-to-date: /home/xn/unitree_go2_ws/install/go2_tutorial/include/nlohmann/detail/abi_macros.hpp
-- Up-to-date: /home/xn/unitree_go2_ws/install/go2_tutorial/include/nlohmann/detail/value_t.hpp
-- Up-to-date: /home/xn/unitree_go2_ws/install/go2_tutorial/include/nlohmann/detail/macro_unscope.hpp
-- Up-to-date: /home/xn/unitree_go2_ws/install/go2_tutorial/include/nlohmann/detail/output
-- Up-to-date: /home/xn/unitree_go2_ws/install/go2_tutorial/include/nlohmann/detail/output/binary_writer.hpp
-- Up-to-date: /home/xn/unitree_go2_ws/install/go2_tutorial/include/nlohmann/detail/output/serializer.hpp
-- Up-to-date: /home/xn/unitree_go2_ws/install/go2_tutorial/include/nlohmann/detail/output/output_adapters.hpp
-- Up-to-date: /home/xn/unitree_go2_ws/install/go2_tutorial/include/nlohmann/detail/string_escape.hpp
-- Up-to-date: /home/xn/unitree_go2_ws/install/go2_tutorial/include/nlohmann/detail/json_ref.hpp
-- Up-to-date: /home/xn/unitree_go2_ws/install/go2_tutorial/include/nlohmann/detail/meta
-- Up-to-date: /home/xn/unitree_go2_ws/install/go2_tutorial/include/nlohmann/detail/meta/std_fs.hpp
-- Up-to-date: /home/xn/unitree_go2_ws/install/go2_tutorial/include/nlohmann/detail/meta/call_std
-- Up-to-date: /home/xn/unitree_go2_ws/install/go2_tutorial/include/nlohmann/detail/meta/call_std/end.hpp
-- Up-to-date: /home/xn/unitree_go2_ws/install/go2_tutorial/include/nlohmann/detail/meta/call_std/begin.hpp
-- Up-to-date: /home/xn/unitree_go2_ws/install/go2_tutorial/include/nlohmann/detail/meta/void_t.hpp
-- Up-to-date: /home/xn/unitree_go2_ws/install/go2_tutorial/include/nlohmann/detail/meta/detected.hpp
-- Up-to-date: /home/xn/unitree_go2_ws/install/go2_tutorial/include/nlohmann/detail/meta/type_traits.hpp
-- Up-to-date: /home/xn/unitree_go2_ws/install/go2_tutorial/include/nlohmann/detail/meta/identity_tag.hpp
-- Up-to-date: /home/xn/unitree_go2_ws/install/go2_tutorial/include/nlohmann/detail/meta/is_sax.hpp
-- Up-to-date: /home/xn/unitree_go2_ws/install/go2_tutorial/include/nlohmann/detail/meta/cpp_future.hpp
-- Up-to-date: /home/xn/unitree_go2_ws/install/go2_tutorial/include/nlohmann/detail/macro_scope.hpp
-- Up-to-date: /home/xn/unitree_go2_ws/install/go2_tutorial/include/nlohmann/detail/json_custom_base_class.hpp
-- Up-to-date: /home/xn/unitree_go2_ws/install/go2_tutorial/include/nlohmann/detail/iterators
-- Up-to-date: /home/xn/unitree_go2_ws/install/go2_tutorial/include/nlohmann/detail/iterators/iter_impl.hpp
-- Up-to-date: /home/xn/unitree_go2_ws/install/go2_tutorial/include/nlohmann/detail/iterators/primitive_iterator.hpp
-- Up-to-date: /home/xn/unitree_go2_ws/install/go2_tutorial/include/nlohmann/detail/iterators/iterator_traits.hpp
-- Up-to-date: /home/xn/unitree_go2_ws/install/go2_tutorial/include/nlohmann/detail/iterators/json_reverse_iterator.hpp
-- Up-to-date: /home/xn/unitree_go2_ws/install/go2_tutorial/include/nlohmann/detail/iterators/internal_iterator.hpp
-- Up-to-date: /home/xn/unitree_go2_ws/install/go2_tutorial/include/nlohmann/detail/iterators/iteration_proxy.hpp
-- Up-to-date: /home/xn/unitree_go2_ws/install/go2_tutorial/include/nlohmann/detail/exceptions.hpp
-- Up-to-date: /home/xn/unitree_go2_ws/install/go2_tutorial/include/nlohmann/detail/string_concat.hpp
-- Up-to-date: /home/xn/unitree_go2_ws/install/go2_tutorial/include/nlohmann/byte_container_with_subtype.hpp
-- Up-to-date: /home/xn/unitree_go2_ws/install/go2_tutorial/include/sport_model.hpp
-- Up-to-date: /home/xn/unitree_go2_ws/install/go2_tutorial/share/go2_tutorial/launch
-- Up-to-date: /home/xn/unitree_go2_ws/install/go2_tutorial/share/go2_tutorial/launch/go2_ctrl.launch.py
-- Up-to-date: /home/xn/unitree_go2_ws/install/go2_tutorial/share/go2_tutorial/params
-- Installing: /home/xn/unitree_go2_ws/install/go2_tutorial/share/ament_index/resource_index/package_run_dependencies/go2_tutorial
-- Up-to-date: /home/xn/unitree_go2_ws/install/go2_tutorial/share/ament_index/resource_index/parent_prefix_path/go2_tutorial
-- Up-to-date: /home/xn/unitree_go2_ws/install/go2_tutorial/share/go2_tutorial/environment/ament_prefix_path.sh
-- Installing: /home/xn/unitree_go2_ws/install/go2_tutorial/share/go2_tutorial/environment/ament_prefix_path.dsv
-- Up-to-date: /home/xn/unitree_go2_ws/install/go2_tutorial/share/go2_tutorial/environment/path.sh
-- Installing: /home/xn/unitree_go2_ws/install/go2_tutorial/share/go2_tutorial/environment/path.dsv
-- Up-to-date: /home/xn/unitree_go2_ws/install/go2_tutorial/share/go2_tutorial/local_setup.bash
-- Up-to-date: /home/xn/unitree_go2_ws/install/go2_tutorial/share/go2_tutorial/local_setup.sh
-- Up-to-date: /home/xn/unitree_go2_ws/install/go2_tutorial/share/go2_tutorial/local_setup.zsh
-- Installing: /home/xn/unitree_go2_ws/install/go2_tutorial/share/go2_tutorial/local_setup.dsv
-- Installing: /home/xn/unitree_go2_ws/install/go2_tutorial/share/go2_tutorial/package.dsv
-- Up-to-date: /home/xn/unitree_go2_ws/install/go2_tutorial/share/ament_index/resource_index/packages/go2_tutorial
-- Up-to-date: /home/xn/unitree_go2_ws/install/go2_tutorial/share/go2_tutorial/cmake/go2_tutorialConfig.cmake
-- Up-to-date: /home/xn/unitree_go2_ws/install/go2_tutorial/share/go2_tutorial/cmake/go2_tutorialConfig-version.cmake
-- Installing: /home/xn/unitree_go2_ws/install/go2_tutorial/share/go2_tutorial/package.xml
