[0.360s] Invoking command in '/home/xn/unitree_go2_ws/build/go2_tutorial': CMAKE_PREFIX_PATH=${CMAKE_PREFIX_PATH}:/home/xn/unitree_go2_ws/install/my_test_py:/home/xn/unitree_go2_ws/install/helloworld_py:/home/xn/unitree_go2_ws/install/go2_twist_bridge_py:/home/xn/unitree_go2_ws/install/go2_tutorial_py:/home/xn/unitree_go2_ws/install/go2_teleop_ctrl_keyboard:/home/xn/unitree_go2_ws/install/go2_driver_py:/opt/ros/foxy /usr/bin/cmake --build /home/xn/unitree_go2_ws/build/go2_tutorial -- -j8 -l8
[0.669s] -- Found ament_cmake: 0.9.12 (/opt/ros/foxy/share/ament_cmake/cmake)
[0.669s] -- Using PYTHON_EXECUTABLE: /usr/bin/python3
[0.672s] -- Found rclcpp: 2.4.3 (/opt/ros/foxy/share/rclcpp/cmake)
[0.672s] -- Using all available rosidl_typesupport_c: rosidl_typesupport_fastrtps_c;rosidl_typesupport_introspection_c
[0.672s] -- Found rosidl_adapter: 1.3.1 (/opt/ros/foxy/share/rosidl_adapter/cmake)
[0.672s] -- Using all available rosidl_typesupport_cpp: rosidl_typesupport_fastrtps_cpp;rosidl_typesupport_introspection_cpp
[0.673s] -- Found rmw_implementation_cmake: 1.0.4 (/opt/ros/foxy/share/rmw_implementation_cmake/cmake)
[0.673s] -- Using RMW implementation 'rmw_cyclonedds_cpp' as default
[0.784s] -- Found unitree_go: 0.0.0 (/home/xn/unitree_ros2/cyclonedds_ws/install/unitree_go/share/unitree_go/cmake)
[0.878s] -- Found unitree_api: 0.0.0 (/home/xn/unitree_ros2/cyclonedds_ws/install/unitree_api/share/unitree_api/cmake)
[0.932s] -- Found nav_msgs: 2.0.5 (/opt/ros/foxy/share/nav_msgs/cmake)
[0.995s] -- Found ament_lint_auto: 0.9.8 (/opt/ros/foxy/share/ament_lint_auto/cmake)
[1.081s] -- Added test 'copyright' to check source files copyright and LICENSE
[1.082s] -- Added test 'cppcheck' to perform static code analysis on C / C++ code
[1.082s] -- Configured cppcheck include dirs: $<BUILD_INTERFACE:/home/xn/unitree_go2_ws/src/tutorial/go2_tutorial/include>
[1.082s] -- Configured cppcheck exclude dirs and/or files: 
[1.084s] -- Added test 'cpplint' to check C / C++ code against the Google style
[1.084s] -- Configured cpplint exclude dirs and/or files: 
[1.085s] -- Added test 'flake8' to check Python code syntax and style conventions
[1.086s] -- Added test 'lint_cmake' to check CMake code style
[1.086s] -- Added test 'pep257' to check Python code against some of the style conventions in PEP 257
[1.088s] -- Added test 'uncrustify' to check C / C++ code style
[1.088s] -- Configured uncrustify additional arguments: 
[1.088s] -- Added test 'xmllint' to check XML markup files
[1.091s] -- Configuring done
[1.111s] -- Generating done
[1.116s] -- Build files have been written to: /home/xn/unitree_go2_ws/build/go2_tutorial
[1.140s] [35m[1mScanning dependencies of target go2_state[0m
[1.162s] [ 50%] Built target go2_ctrl
[1.167s] [ 75%] [32mBuilding CXX object CMakeFiles/go2_state.dir/src/go2_state.cpp.o[0m
[2.768s] [100%] [32m[1mLinking CXX executable go2_state[0m
[2.921s] [100%] Built target go2_state
[2.930s] Invoked command in '/home/xn/unitree_go2_ws/build/go2_tutorial' returned '0': CMAKE_PREFIX_PATH=${CMAKE_PREFIX_PATH}:/home/xn/unitree_go2_ws/install/my_test_py:/home/xn/unitree_go2_ws/install/helloworld_py:/home/xn/unitree_go2_ws/install/go2_twist_bridge_py:/home/xn/unitree_go2_ws/install/go2_tutorial_py:/home/xn/unitree_go2_ws/install/go2_teleop_ctrl_keyboard:/home/xn/unitree_go2_ws/install/go2_driver_py:/opt/ros/foxy /usr/bin/cmake --build /home/xn/unitree_go2_ws/build/go2_tutorial -- -j8 -l8
[2.933s] Invoking command in '/home/xn/unitree_go2_ws/build/go2_tutorial': CMAKE_PREFIX_PATH=${CMAKE_PREFIX_PATH}:/home/xn/unitree_go2_ws/install/my_test_py:/home/xn/unitree_go2_ws/install/helloworld_py:/home/xn/unitree_go2_ws/install/go2_twist_bridge_py:/home/xn/unitree_go2_ws/install/go2_tutorial_py:/home/xn/unitree_go2_ws/install/go2_teleop_ctrl_keyboard:/home/xn/unitree_go2_ws/install/go2_driver_py:/opt/ros/foxy /usr/bin/cmake --install /home/xn/unitree_go2_ws/build/go2_tutorial
[2.941s] -- Install configuration: ""
[2.945s] -- Up-to-date: /home/xn/unitree_go2_ws/install/go2_tutorial/lib/go2_tutorial/go2_ctrl
[2.946s] -- Installing: /home/xn/unitree_go2_ws/install/go2_tutorial/lib/go2_tutorial/go2_state
[2.946s] -- Set runtime path of "/home/xn/unitree_go2_ws/install/go2_tutorial/lib/go2_tutorial/go2_state" to ""
[2.946s] -- Up-to-date: /home/xn/unitree_go2_ws/install/go2_tutorial/include
[2.946s] -- Up-to-date: /home/xn/unitree_go2_ws/install/go2_tutorial/include/go2_tutorial
[2.947s] -- Up-to-date: /home/xn/unitree_go2_ws/install/go2_tutorial/include/nlohmann
[2.947s] -- Up-to-date: /home/xn/unitree_go2_ws/install/go2_tutorial/include/nlohmann/json.hpp
[2.947s] -- Up-to-date: /home/xn/unitree_go2_ws/install/go2_tutorial/include/nlohmann/json_fwd.hpp
[2.947s] -- Up-to-date: /home/xn/unitree_go2_ws/install/go2_tutorial/include/nlohmann/thirdparty
[2.947s] -- Up-to-date: /home/xn/unitree_go2_ws/install/go2_tutorial/include/nlohmann/thirdparty/hedley
[2.947s] -- Up-to-date: /home/xn/unitree_go2_ws/install/go2_tutorial/include/nlohmann/thirdparty/hedley/hedley_undef.hpp
[2.947s] -- Up-to-date: /home/xn/unitree_go2_ws/install/go2_tutorial/include/nlohmann/thirdparty/hedley/hedley.hpp
[2.947s] -- Up-to-date: /home/xn/unitree_go2_ws/install/go2_tutorial/include/nlohmann/ordered_map.hpp
[2.947s] -- Up-to-date: /home/xn/unitree_go2_ws/install/go2_tutorial/include/nlohmann/adl_serializer.hpp
[2.947s] -- Up-to-date: /home/xn/unitree_go2_ws/install/go2_tutorial/include/nlohmann/detail
[2.947s] -- Up-to-date: /home/xn/unitree_go2_ws/install/go2_tutorial/include/nlohmann/detail/json_pointer.hpp
[2.948s] -- Up-to-date: /home/xn/unitree_go2_ws/install/go2_tutorial/include/nlohmann/detail/input
[2.948s] -- Up-to-date: /home/xn/unitree_go2_ws/install/go2_tutorial/include/nlohmann/detail/input/input_adapters.hpp
[2.948s] -- Up-to-date: /home/xn/unitree_go2_ws/install/go2_tutorial/include/nlohmann/detail/input/position_t.hpp
[2.948s] -- Up-to-date: /home/xn/unitree_go2_ws/install/go2_tutorial/include/nlohmann/detail/input/lexer.hpp
[2.948s] -- Up-to-date: /home/xn/unitree_go2_ws/install/go2_tutorial/include/nlohmann/detail/input/binary_reader.hpp
[2.948s] -- Up-to-date: /home/xn/unitree_go2_ws/install/go2_tutorial/include/nlohmann/detail/input/parser.hpp
[2.948s] -- Up-to-date: /home/xn/unitree_go2_ws/install/go2_tutorial/include/nlohmann/detail/input/json_sax.hpp
[2.948s] -- Up-to-date: /home/xn/unitree_go2_ws/install/go2_tutorial/include/nlohmann/detail/hash.hpp
[2.948s] -- Up-to-date: /home/xn/unitree_go2_ws/install/go2_tutorial/include/nlohmann/detail/conversions
[2.948s] -- Up-to-date: /home/xn/unitree_go2_ws/install/go2_tutorial/include/nlohmann/detail/conversions/from_json.hpp
[2.948s] -- Up-to-date: /home/xn/unitree_go2_ws/install/go2_tutorial/include/nlohmann/detail/conversions/to_chars.hpp
[2.948s] -- Up-to-date: /home/xn/unitree_go2_ws/install/go2_tutorial/include/nlohmann/detail/conversions/to_json.hpp
[2.948s] -- Up-to-date: /home/xn/unitree_go2_ws/install/go2_tutorial/include/nlohmann/detail/abi_macros.hpp
[2.948s] -- Up-to-date: /home/xn/unitree_go2_ws/install/go2_tutorial/include/nlohmann/detail/value_t.hpp
[2.948s] -- Up-to-date: /home/xn/unitree_go2_ws/install/go2_tutorial/include/nlohmann/detail/macro_unscope.hpp
[2.948s] -- Up-to-date: /home/xn/unitree_go2_ws/install/go2_tutorial/include/nlohmann/detail/output
[2.948s] -- Up-to-date: /home/xn/unitree_go2_ws/install/go2_tutorial/include/nlohmann/detail/output/binary_writer.hpp
[2.948s] -- Up-to-date: /home/xn/unitree_go2_ws/install/go2_tutorial/include/nlohmann/detail/output/serializer.hpp
[2.948s] -- Up-to-date: /home/xn/unitree_go2_ws/install/go2_tutorial/include/nlohmann/detail/output/output_adapters.hpp
[2.948s] -- Up-to-date: /home/xn/unitree_go2_ws/install/go2_tutorial/include/nlohmann/detail/string_escape.hpp
[2.949s] -- Up-to-date: /home/xn/unitree_go2_ws/install/go2_tutorial/include/nlohmann/detail/json_ref.hpp
[2.949s] -- Up-to-date: /home/xn/unitree_go2_ws/install/go2_tutorial/include/nlohmann/detail/meta
[2.949s] -- Up-to-date: /home/xn/unitree_go2_ws/install/go2_tutorial/include/nlohmann/detail/meta/std_fs.hpp
[2.949s] -- Up-to-date: /home/xn/unitree_go2_ws/install/go2_tutorial/include/nlohmann/detail/meta/call_std
[2.949s] -- Up-to-date: /home/xn/unitree_go2_ws/install/go2_tutorial/include/nlohmann/detail/meta/call_std/end.hpp
[2.949s] -- Up-to-date: /home/xn/unitree_go2_ws/install/go2_tutorial/include/nlohmann/detail/meta/call_std/begin.hpp
[2.949s] -- Up-to-date: /home/xn/unitree_go2_ws/install/go2_tutorial/include/nlohmann/detail/meta/void_t.hpp
[2.949s] -- Up-to-date: /home/xn/unitree_go2_ws/install/go2_tutorial/include/nlohmann/detail/meta/detected.hpp
[2.949s] -- Up-to-date: /home/xn/unitree_go2_ws/install/go2_tutorial/include/nlohmann/detail/meta/type_traits.hpp
[2.949s] -- Up-to-date: /home/xn/unitree_go2_ws/install/go2_tutorial/include/nlohmann/detail/meta/identity_tag.hpp
[2.949s] -- Up-to-date: /home/xn/unitree_go2_ws/install/go2_tutorial/include/nlohmann/detail/meta/is_sax.hpp
[2.949s] -- Up-to-date: /home/xn/unitree_go2_ws/install/go2_tutorial/include/nlohmann/detail/meta/cpp_future.hpp
[2.949s] -- Up-to-date: /home/xn/unitree_go2_ws/install/go2_tutorial/include/nlohmann/detail/macro_scope.hpp
[2.949s] -- Up-to-date: /home/xn/unitree_go2_ws/install/go2_tutorial/include/nlohmann/detail/json_custom_base_class.hpp
[2.949s] -- Up-to-date: /home/xn/unitree_go2_ws/install/go2_tutorial/include/nlohmann/detail/iterators
[2.949s] -- Up-to-date: /home/xn/unitree_go2_ws/install/go2_tutorial/include/nlohmann/detail/iterators/iter_impl.hpp
[2.949s] -- Up-to-date: /home/xn/unitree_go2_ws/install/go2_tutorial/include/nlohmann/detail/iterators/primitive_iterator.hpp
[2.949s] -- Up-to-date: /home/xn/unitree_go2_ws/install/go2_tutorial/include/nlohmann/detail/iterators/iterator_traits.hpp
[2.949s] -- Up-to-date: /home/xn/unitree_go2_ws/install/go2_tutorial/include/nlohmann/detail/iterators/json_reverse_iterator.hpp
[2.949s] -- Up-to-date: /home/xn/unitree_go2_ws/install/go2_tutorial/include/nlohmann/detail/iterators/internal_iterator.hpp
[2.949s] -- Up-to-date: /home/xn/unitree_go2_ws/install/go2_tutorial/include/nlohmann/detail/iterators/iteration_proxy.hpp
[2.950s] -- Up-to-date: /home/xn/unitree_go2_ws/install/go2_tutorial/include/nlohmann/detail/exceptions.hpp
[2.950s] -- Up-to-date: /home/xn/unitree_go2_ws/install/go2_tutorial/include/nlohmann/detail/string_concat.hpp
[2.950s] -- Up-to-date: /home/xn/unitree_go2_ws/install/go2_tutorial/include/nlohmann/byte_container_with_subtype.hpp
[2.950s] -- Up-to-date: /home/xn/unitree_go2_ws/install/go2_tutorial/include/sport_model.hpp
[2.950s] -- Up-to-date: /home/xn/unitree_go2_ws/install/go2_tutorial/share/go2_tutorial/launch
[2.951s] -- Up-to-date: /home/xn/unitree_go2_ws/install/go2_tutorial/share/go2_tutorial/launch/go2_ctrl.launch.py
[2.951s] -- Up-to-date: /home/xn/unitree_go2_ws/install/go2_tutorial/share/go2_tutorial/params
[2.951s] -- Installing: /home/xn/unitree_go2_ws/install/go2_tutorial/share/ament_index/resource_index/package_run_dependencies/go2_tutorial
[2.951s] -- Up-to-date: /home/xn/unitree_go2_ws/install/go2_tutorial/share/ament_index/resource_index/parent_prefix_path/go2_tutorial
[2.951s] -- Up-to-date: /home/xn/unitree_go2_ws/install/go2_tutorial/share/go2_tutorial/environment/ament_prefix_path.sh
[2.951s] -- Installing: /home/xn/unitree_go2_ws/install/go2_tutorial/share/go2_tutorial/environment/ament_prefix_path.dsv
[2.951s] -- Up-to-date: /home/xn/unitree_go2_ws/install/go2_tutorial/share/go2_tutorial/environment/path.sh
[2.951s] -- Installing: /home/xn/unitree_go2_ws/install/go2_tutorial/share/go2_tutorial/environment/path.dsv
[2.951s] -- Up-to-date: /home/xn/unitree_go2_ws/install/go2_tutorial/share/go2_tutorial/local_setup.bash
[2.952s] -- Up-to-date: /home/xn/unitree_go2_ws/install/go2_tutorial/share/go2_tutorial/local_setup.sh
[2.952s] -- Up-to-date: /home/xn/unitree_go2_ws/install/go2_tutorial/share/go2_tutorial/local_setup.zsh
[2.952s] -- Installing: /home/xn/unitree_go2_ws/install/go2_tutorial/share/go2_tutorial/local_setup.dsv
[2.952s] -- Installing: /home/xn/unitree_go2_ws/install/go2_tutorial/share/go2_tutorial/package.dsv
[2.952s] -- Up-to-date: /home/xn/unitree_go2_ws/install/go2_tutorial/share/ament_index/resource_index/packages/go2_tutorial
[2.952s] -- Up-to-date: /home/xn/unitree_go2_ws/install/go2_tutorial/share/go2_tutorial/cmake/go2_tutorialConfig.cmake
[2.953s] -- Up-to-date: /home/xn/unitree_go2_ws/install/go2_tutorial/share/go2_tutorial/cmake/go2_tutorialConfig-version.cmake
[2.953s] -- Installing: /home/xn/unitree_go2_ws/install/go2_tutorial/share/go2_tutorial/package.xml
[2.953s] Invoked command in '/home/xn/unitree_go2_ws/build/go2_tutorial' returned '0': CMAKE_PREFIX_PATH=${CMAKE_PREFIX_PATH}:/home/xn/unitree_go2_ws/install/my_test_py:/home/xn/unitree_go2_ws/install/helloworld_py:/home/xn/unitree_go2_ws/install/go2_twist_bridge_py:/home/xn/unitree_go2_ws/install/go2_tutorial_py:/home/xn/unitree_go2_ws/install/go2_teleop_ctrl_keyboard:/home/xn/unitree_go2_ws/install/go2_driver_py:/opt/ros/foxy /usr/bin/cmake --install /home/xn/unitree_go2_ws/build/go2_tutorial
