[0.064s] Invoking command in '/home/xn/unitree_go2_ws/build/go2_driver': CMAKE_PREFIX_PATH=${CMAKE_PREFIX_PATH}:/home/xn/unitree_go2_ws/install/my_test_py:/home/xn/unitree_go2_ws/install/helloworld_py:/home/xn/unitree_go2_ws/install/go2_twist_bridge_py:/home/xn/unitree_go2_ws/install/go2_teleop_ctrl_keyboard:/home/xn/unitree_go2_ws/install/go2_driver_py:/opt/ros/foxy /usr/bin/cmake --build /home/xn/unitree_go2_ws/build/go2_driver -- -j8 -l8
[0.679s] [100%] Built target driver
[0.723s] Invoked command in '/home/xn/unitree_go2_ws/build/go2_driver' returned '0': CMAKE_PREFIX_PATH=${CMAKE_PREFIX_PATH}:/home/xn/unitree_go2_ws/install/my_test_py:/home/xn/unitree_go2_ws/install/helloworld_py:/home/xn/unitree_go2_ws/install/go2_twist_bridge_py:/home/xn/unitree_go2_ws/install/go2_teleop_ctrl_keyboard:/home/xn/unitree_go2_ws/install/go2_driver_py:/opt/ros/foxy /usr/bin/cmake --build /home/xn/unitree_go2_ws/build/go2_driver -- -j8 -l8
[0.729s] Invoking command in '/home/xn/unitree_go2_ws/build/go2_driver': CMAKE_PREFIX_PATH=${CMAKE_PREFIX_PATH}:/home/xn/unitree_go2_ws/install/my_test_py:/home/xn/unitree_go2_ws/install/helloworld_py:/home/xn/unitree_go2_ws/install/go2_twist_bridge_py:/home/xn/unitree_go2_ws/install/go2_teleop_ctrl_keyboard:/home/xn/unitree_go2_ws/install/go2_driver_py:/opt/ros/foxy /usr/bin/cmake --install /home/xn/unitree_go2_ws/build/go2_driver
[0.760s] -- Install configuration: ""
[0.760s] -- Up-to-date: /home/xn/unitree_go2_ws/install/go2_driver/lib/go2_driver/driver
[0.761s] -- Up-to-date: /home/xn/unitree_go2_ws/install/go2_driver/share/ament_index/resource_index/package_run_dependencies/go2_driver
[0.761s] -- Up-to-date: /home/xn/unitree_go2_ws/install/go2_driver/share/ament_index/resource_index/parent_prefix_path/go2_driver
[0.761s] -- Up-to-date: /home/xn/unitree_go2_ws/install/go2_driver/share/go2_driver/environment/ament_prefix_path.sh
[0.761s] -- Up-to-date: /home/xn/unitree_go2_ws/install/go2_driver/share/go2_driver/environment/ament_prefix_path.dsv
[0.764s] -- Up-to-date: /home/xn/unitree_go2_ws/install/go2_driver/share/go2_driver/environment/path.sh
[0.765s] -- Up-to-date: /home/xn/unitree_go2_ws/install/go2_driver/share/go2_driver/environment/path.dsv
[0.765s] -- Up-to-date: /home/xn/unitree_go2_ws/install/go2_driver/share/go2_driver/local_setup.bash
[0.765s] -- Up-to-date: /home/xn/unitree_go2_ws/install/go2_driver/share/go2_driver/local_setup.sh
[0.765s] -- Up-to-date: /home/xn/unitree_go2_ws/install/go2_driver/share/go2_driver/local_setup.zsh
[0.765s] -- Up-to-date: /home/xn/unitree_go2_ws/install/go2_driver/share/go2_driver/local_setup.dsv
[0.765s] -- Installing: /home/xn/unitree_go2_ws/install/go2_driver/share/go2_driver/package.dsv
[0.765s] -- Up-to-date: /home/xn/unitree_go2_ws/install/go2_driver/share/ament_index/resource_index/packages/go2_driver
[0.766s] -- Up-to-date: /home/xn/unitree_go2_ws/install/go2_driver/share/go2_driver/cmake/go2_driverConfig.cmake
[0.766s] -- Up-to-date: /home/xn/unitree_go2_ws/install/go2_driver/share/go2_driver/cmake/go2_driverConfig-version.cmake
[0.766s] -- Up-to-date: /home/xn/unitree_go2_ws/install/go2_driver/share/go2_driver/package.xml
[0.874s] Invoked command in '/home/xn/unitree_go2_ws/build/go2_driver' returned '0': CMAKE_PREFIX_PATH=${CMAKE_PREFIX_PATH}:/home/xn/unitree_go2_ws/install/my_test_py:/home/xn/unitree_go2_ws/install/helloworld_py:/home/xn/unitree_go2_ws/install/go2_twist_bridge_py:/home/xn/unitree_go2_ws/install/go2_teleop_ctrl_keyboard:/home/xn/unitree_go2_ws/install/go2_driver_py:/opt/ros/foxy /usr/bin/cmake --install /home/xn/unitree_go2_ws/build/go2_driver
