[2.098s] Invoking command in '/home/xn/unitree_go2_ws/src/base/go2_driver_py': PYTHONPATH=/home/xn/unitree_go2_ws/build/go2_driver_py/prefix_override:/usr/lib/python3/dist-packages/colcon_core/task/python/colcon_distutils_commands:/home/xn/unitree_go2_ws/install/go2_driver_py/lib/python3.8/site-packages:${PYTHONPATH} /usr/bin/python3 -W ignore:setup.py install is deprecated -W ignore:easy_install command is deprecated setup.py egg_info --egg-base ../../../build/go2_driver_py build --build-base /home/xn/unitree_go2_ws/build/go2_driver_py/build install --record /home/xn/unitree_go2_ws/build/go2_driver_py/install.log --install-scripts $base/lib/go2_driver_py --single-version-externally-managed install_data
[2.502s] running egg_info
[2.505s] writing ../../../build/go2_driver_py/go2_driver_py.egg-info/PKG-INFO
[2.509s] writing dependency_links to ../../../build/go2_driver_py/go2_driver_py.egg-info/dependency_links.txt
[2.509s] writing entry points to ../../../build/go2_driver_py/go2_driver_py.egg-info/entry_points.txt
[2.509s] writing requirements to ../../../build/go2_driver_py/go2_driver_py.egg-info/requires.txt
[2.509s] writing top-level names to ../../../build/go2_driver_py/go2_driver_py.egg-info/top_level.txt
[2.608s] reading manifest file '../../../build/go2_driver_py/go2_driver_py.egg-info/SOURCES.txt'
[2.620s] writing manifest file '../../../build/go2_driver_py/go2_driver_py.egg-info/SOURCES.txt'
[2.620s] running build
[2.620s] running build_py
[2.620s] running install
[2.620s] running install_lib
[2.631s] running install_data
[2.639s] running install_egg_info
[2.639s] removing '/home/xn/unitree_go2_ws/install/go2_driver_py/lib/python3.8/site-packages/go2_driver_py-0.0.0-py3.8.egg-info' (and everything under it)
[2.641s] Copying ../../../build/go2_driver_py/go2_driver_py.egg-info to /home/xn/unitree_go2_ws/install/go2_driver_py/lib/python3.8/site-packages/go2_driver_py-0.0.0-py3.8.egg-info
[2.649s] running install_scripts
[2.717s] Installing driver_py script to /home/xn/unitree_go2_ws/install/go2_driver_py/lib/go2_driver_py
[2.717s] writing list of installed files to '/home/xn/unitree_go2_ws/build/go2_driver_py/install.log'
[2.778s] Invoked command in '/home/xn/unitree_go2_ws/src/base/go2_driver_py' returned '0': PYTHONPATH=/home/xn/unitree_go2_ws/build/go2_driver_py/prefix_override:/usr/lib/python3/dist-packages/colcon_core/task/python/colcon_distutils_commands:/home/xn/unitree_go2_ws/install/go2_driver_py/lib/python3.8/site-packages:${PYTHONPATH} /usr/bin/python3 -W ignore:setup.py install is deprecated -W ignore:easy_install command is deprecated setup.py egg_info --egg-base ../../../build/go2_driver_py build --build-base /home/xn/unitree_go2_ws/build/go2_driver_py/build install --record /home/xn/unitree_go2_ws/build/go2_driver_py/install.log --install-scripts $base/lib/go2_driver_py --single-version-externally-managed install_data
