running develop
Removing /home/xn/unitree_go2_ws/install/go2_driver_py/lib/python3.8/site-packages/go2-driver-py.egg-link (link to .)
running egg_info
writing ../../../build/go2_driver_py/go2_driver_py.egg-info/PKG-INFO
writing dependency_links to ../../../build/go2_driver_py/go2_driver_py.egg-info/dependency_links.txt
writing entry points to ../../../build/go2_driver_py/go2_driver_py.egg-info/entry_points.txt
writing requirements to ../../../build/go2_driver_py/go2_driver_py.egg-info/requires.txt
writing top-level names to ../../../build/go2_driver_py/go2_driver_py.egg-info/top_level.txt
reading manifest file '../../../build/go2_driver_py/go2_driver_py.egg-info/SOURCES.txt'
writing manifest file '../../../build/go2_driver_py/go2_driver_py.egg-info/SOURCES.txt'
running build
running build_py
running install
running install_lib
creating /home/xn/unitree_go2_ws/install/go2_driver_py/lib/python3.8/site-packages/go2_driver_py
copying /home/xn/unitree_go2_ws/build/go2_driver_py/build/lib/go2_driver_py/__init__.py -> /home/xn/unitree_go2_ws/install/go2_driver_py/lib/python3.8/site-packages/go2_driver_py
copying /home/xn/unitree_go2_ws/build/go2_driver_py/build/lib/go2_driver_py/driver_py.py -> /home/xn/unitree_go2_ws/install/go2_driver_py/lib/python3.8/site-packages/go2_driver_py
byte-compiling /home/xn/unitree_go2_ws/install/go2_driver_py/lib/python3.8/site-packages/go2_driver_py/__init__.py to __init__.cpython-38.pyc
byte-compiling /home/xn/unitree_go2_ws/install/go2_driver_py/lib/python3.8/site-packages/go2_driver_py/driver_py.py to driver_py.cpython-38.pyc
running install_data
copying resource/go2_driver_py -> /home/xn/unitree_go2_ws/install/go2_driver_py/share/ament_index/resource_index/packages
copying package.xml -> /home/xn/unitree_go2_ws/install/go2_driver_py/share/go2_driver_py
copying launch/driver.launch.py -> /home/xn/unitree_go2_ws/install/go2_driver_py/share/go2_driver_py/launch
copying rviz/display.rviz -> /home/xn/unitree_go2_ws/install/go2_driver_py/share/go2_driver_py/rviz
copying params/driver.yaml -> /home/xn/unitree_go2_ws/install/go2_driver_py/share/go2_driver_py/params
running install_egg_info
Copying ../../../build/go2_driver_py/go2_driver_py.egg-info to /home/xn/unitree_go2_ws/install/go2_driver_py/lib/python3.8/site-packages/go2_driver_py-0.0.0-py3.8.egg-info
running install_scripts
Installing driver_py script to /home/xn/unitree_go2_ws/install/go2_driver_py/lib/go2_driver_py
writing list of installed files to '/home/xn/unitree_go2_ws/build/go2_driver_py/install.log'
