[1.783s] Invoking command in '/home/xn/unitree_go2_ws/build/go2_driver_py': PYTHONPATH=/home/xn/unitree_go2_ws/build/go2_driver_py/prefix_override:/usr/lib/python3/dist-packages/colcon_core/task/python/colcon_distutils_commands:/home/xn/unitree_go2_ws/install/go2_driver_py/lib/python3.8/site-packages:${PYTHONPATH} /usr/bin/python3 -W ignore:setup.py install is deprecated -W ignore:easy_install command is deprecated setup.py develop --uninstall --editable --build-directory /home/xn/unitree_go2_ws/build/go2_driver_py/build
[2.286s] running develop
[2.564s] Removing /home/xn/unitree_go2_ws/install/go2_driver_py/lib/python3.8/site-packages/go2-driver-py.egg-link (link to .)
[2.937s] Invoked command in '/home/xn/unitree_go2_ws/build/go2_driver_py' returned '0': PYTHONPATH=/home/xn/unitree_go2_ws/build/go2_driver_py/prefix_override:/usr/lib/python3/dist-packages/colcon_core/task/python/colcon_distutils_commands:/home/xn/unitree_go2_ws/install/go2_driver_py/lib/python3.8/site-packages:${PYTHONPATH} /usr/bin/python3 -W ignore:setup.py install is deprecated -W ignore:easy_install command is deprecated setup.py develop --uninstall --editable --build-directory /home/xn/unitree_go2_ws/build/go2_driver_py/build
[2.950s] Invoking command in '/home/xn/unitree_go2_ws/src/base/go2_driver_py': PYTHONPATH=/home/xn/unitree_go2_ws/build/go2_driver_py/prefix_override:/usr/lib/python3/dist-packages/colcon_core/task/python/colcon_distutils_commands:/home/xn/unitree_go2_ws/install/go2_driver_py/lib/python3.8/site-packages:${PYTHONPATH} /usr/bin/python3 -W ignore:setup.py install is deprecated -W ignore:easy_install command is deprecated setup.py egg_info --egg-base ../../../build/go2_driver_py build --build-base /home/xn/unitree_go2_ws/build/go2_driver_py/build install --record /home/xn/unitree_go2_ws/build/go2_driver_py/install.log --install-scripts $base/lib/go2_driver_py --single-version-externally-managed install_data --force
[3.427s] running egg_info
[3.427s] writing ../../../build/go2_driver_py/go2_driver_py.egg-info/PKG-INFO
[3.427s] writing dependency_links to ../../../build/go2_driver_py/go2_driver_py.egg-info/dependency_links.txt
[3.427s] writing entry points to ../../../build/go2_driver_py/go2_driver_py.egg-info/entry_points.txt
[3.428s] writing requirements to ../../../build/go2_driver_py/go2_driver_py.egg-info/requires.txt
[3.428s] writing top-level names to ../../../build/go2_driver_py/go2_driver_py.egg-info/top_level.txt
[3.492s] reading manifest file '../../../build/go2_driver_py/go2_driver_py.egg-info/SOURCES.txt'
[3.492s] writing manifest file '../../../build/go2_driver_py/go2_driver_py.egg-info/SOURCES.txt'
[3.492s] running build
[3.492s] running build_py
[3.492s] running install
[3.492s] running install_lib
[3.493s] creating /home/xn/unitree_go2_ws/install/go2_driver_py/lib/python3.8/site-packages/go2_driver_py
[3.493s] copying /home/xn/unitree_go2_ws/build/go2_driver_py/build/lib/go2_driver_py/__init__.py -> /home/xn/unitree_go2_ws/install/go2_driver_py/lib/python3.8/site-packages/go2_driver_py
[3.493s] copying /home/xn/unitree_go2_ws/build/go2_driver_py/build/lib/go2_driver_py/driver_py.py -> /home/xn/unitree_go2_ws/install/go2_driver_py/lib/python3.8/site-packages/go2_driver_py
[3.494s] byte-compiling /home/xn/unitree_go2_ws/install/go2_driver_py/lib/python3.8/site-packages/go2_driver_py/__init__.py to __init__.cpython-38.pyc
[3.496s] byte-compiling /home/xn/unitree_go2_ws/install/go2_driver_py/lib/python3.8/site-packages/go2_driver_py/driver_py.py to driver_py.cpython-38.pyc
[3.498s] running install_data
[3.498s] copying resource/go2_driver_py -> /home/xn/unitree_go2_ws/install/go2_driver_py/share/ament_index/resource_index/packages
[3.498s] copying package.xml -> /home/xn/unitree_go2_ws/install/go2_driver_py/share/go2_driver_py
[3.498s] copying launch/driver.launch.py -> /home/xn/unitree_go2_ws/install/go2_driver_py/share/go2_driver_py/launch
[3.498s] copying rviz/display.rviz -> /home/xn/unitree_go2_ws/install/go2_driver_py/share/go2_driver_py/rviz
[3.501s] copying params/driver.yaml -> /home/xn/unitree_go2_ws/install/go2_driver_py/share/go2_driver_py/params
[3.501s] running install_egg_info
[3.504s] Copying ../../../build/go2_driver_py/go2_driver_py.egg-info to /home/xn/unitree_go2_ws/install/go2_driver_py/lib/python3.8/site-packages/go2_driver_py-0.0.0-py3.8.egg-info
[3.504s] running install_scripts
[3.536s] Installing driver_py script to /home/xn/unitree_go2_ws/install/go2_driver_py/lib/go2_driver_py
[3.536s] writing list of installed files to '/home/xn/unitree_go2_ws/build/go2_driver_py/install.log'
[3.564s] Invoked command in '/home/xn/unitree_go2_ws/src/base/go2_driver_py' returned '0': PYTHONPATH=/home/xn/unitree_go2_ws/build/go2_driver_py/prefix_override:/usr/lib/python3/dist-packages/colcon_core/task/python/colcon_distutils_commands:/home/xn/unitree_go2_ws/install/go2_driver_py/lib/python3.8/site-packages:${PYTHONPATH} /usr/bin/python3 -W ignore:setup.py install is deprecated -W ignore:easy_install command is deprecated setup.py egg_info --egg-base ../../../build/go2_driver_py build --build-base /home/xn/unitree_go2_ws/build/go2_driver_py/build install --record /home/xn/unitree_go2_ws/build/go2_driver_py/install.log --install-scripts $base/lib/go2_driver_py --single-version-externally-managed install_data --force
