-- Found ament_cmake: 0.9.12 (/opt/ros/foxy/share/ament_cmake/cmake)
-- Found PythonInterp: /usr/bin/python3 (found suitable version "3.8.10", minimum required is "3") 
-- Using PYTHON_EXECUTABLE: /usr/bin/python3
-- Found geometry_msgs: 2.0.5 (/opt/ros/foxy/share/geometry_msgs/cmake)
-- Using all available rosidl_typesupport_c: rosidl_typesupport_fastrtps_c;rosidl_typesupport_introspection_c
-- Found rosidl_adapter: 1.3.1 (/opt/ros/foxy/share/rosidl_adapter/cmake)
-- Using all available rosidl_typesupport_cpp: rosidl_typesupport_fastrtps_cpp;rosidl_typesupport_introspection_cpp
-- Found rosidl_default_generators: 1.0.1 (/opt/ros/foxy/share/rosidl_default_generators/cmake)
-- Found PythonInterp: /usr/bin/python3 (found version "3.8.10") 
-- Found ament_cmake_ros: 0.9.2 (/opt/ros/foxy/share/ament_cmake_ros/cmake)
-- Using all available rosidl_typesupport_c: rosidl_typesupport_fastrtps_c;rosidl_typesupport_introspection_c
-- Using all available rosidl_typesupport_cpp: rosidl_typesupport_fastrtps_cpp;rosidl_typesupport_introspection_cpp
-- Found PythonInterp: /usr/bin/python3 (found suitable version "3.8.10", minimum required is "3.5") 
-- Found python_cmake_module: 0.8.1 (/opt/ros/foxy/share/python_cmake_module/cmake)
-- Found PythonLibs: /usr/lib/x86_64-linux-gnu/libpython3.8.so (found suitable version "3.8.10", minimum required is "3.5") 
-- Using PYTHON_EXECUTABLE: /usr/bin/python3
-- Using PYTHON_INCLUDE_DIRS: /usr/include/python3.8
-- Using PYTHON_LIBRARIES: /usr/lib/x86_64-linux-gnu/libpython3.8.so
-- Found PythonExtra: .so  
-- Found ament_lint_auto: 0.9.8 (/opt/ros/foxy/share/ament_lint_auto/cmake)
-- Added test 'copyright' to check source files copyright and LICENSE
-- Added test 'lint_cmake' to check CMake code style
-- Added test 'xmllint' to check XML markup files
-- Configuring done
-- Generating done
-- Build files have been written to: /home/xn/unitree_go2_ws/build/go2_tutorial_inter
[35m[1mScanning dependencies of target go2_tutorial_inter__cpp[0m
[  3%] [34m[1mGenerating C code for ROS interfaces[0m
[  6%] [34m[1mGenerating C++ code for ROS interfaces[0m
[  6%] Built target go2_tutorial_inter__cpp
[35m[1mScanning dependencies of target go2_tutorial_inter__rosidl_generator_c[0m
[  9%] [34m[1mGenerating C++ introspection for ROS interfaces[0m
[ 12%] [34m[1mGenerating C++ type support dispatch for ROS interfaces[0m
[ 16%] [34m[1mGenerating C++ type support for eProsima Fast-RTPS[0m
[ 19%] [32mBuilding C object CMakeFiles/go2_tutorial_inter__rosidl_generator_c.dir/rosidl_generator_c/go2_tutorial_inter/srv/detail/cruising__functions.c.o[0m
[ 22%] [32m[1mLinking C shared library libgo2_tutorial_inter__rosidl_generator_c.so[0m
[ 22%] Built target go2_tutorial_inter__rosidl_generator_c
[35m[1mScanning dependencies of target go2_tutorial_inter__rosidl_typesupport_cpp[0m
[ 29%] [34m[1mGenerating C introspection for ROS interfaces[0m
[ 29%] [34m[1mGenerating C type support dispatch for ROS interfaces[0m
[ 32%] [32mBuilding CXX object CMakeFiles/go2_tutorial_inter__rosidl_typesupport_cpp.dir/rosidl_typesupport_cpp/go2_tutorial_inter/srv/cruising__type_support.cpp.o[0m
[35m[1mScanning dependencies of target go2_tutorial_inter__rosidl_typesupport_introspection_cpp[0m
[ 35%] [32mBuilding CXX object CMakeFiles/go2_tutorial_inter__rosidl_typesupport_introspection_cpp.dir/rosidl_typesupport_introspection_cpp/go2_tutorial_inter/srv/detail/cruising__type_support.cpp.o[0m
[35m[1mScanning dependencies of target go2_tutorial_inter__rosidl_typesupport_fastrtps_cpp[0m
[ 38%] [32mBuilding CXX object CMakeFiles/go2_tutorial_inter__rosidl_typesupport_fastrtps_cpp.dir/rosidl_typesupport_fastrtps_cpp/go2_tutorial_inter/srv/detail/dds_fastrtps/cruising__type_support.cpp.o[0m
[35m[1mScanning dependencies of target go2_tutorial_inter__rosidl_typesupport_c[0m
[ 41%] [32mBuilding CXX object CMakeFiles/go2_tutorial_inter__rosidl_typesupport_c.dir/rosidl_typesupport_c/go2_tutorial_inter/srv/cruising__type_support.cpp.o[0m
[35m[1mScanning dependencies of target go2_tutorial_inter__rosidl_typesupport_introspection_c[0m
[ 48%] [32m[1mLinking CXX shared library libgo2_tutorial_inter__rosidl_typesupport_c.so[0m
[ 48%] [32mBuilding C object CMakeFiles/go2_tutorial_inter__rosidl_typesupport_introspection_c.dir/rosidl_typesupport_introspection_c/go2_tutorial_inter/srv/detail/cruising__type_support.c.o[0m
[ 51%] [32m[1mLinking C shared library libgo2_tutorial_inter__rosidl_typesupport_introspection_c.so[0m
[ 51%] Built target go2_tutorial_inter__rosidl_typesupport_c
[ 54%] [32m[1mLinking CXX shared library libgo2_tutorial_inter__rosidl_typesupport_introspection_cpp.so[0m
[ 58%] [32m[1mLinking CXX shared library libgo2_tutorial_inter__rosidl_typesupport_cpp.so[0m
[ 58%] Built target go2_tutorial_inter__rosidl_typesupport_introspection_c
[ 58%] Built target go2_tutorial_inter__rosidl_typesupport_cpp
[ 58%] Built target go2_tutorial_inter__rosidl_typesupport_introspection_cpp
[ 61%] [32m[1mLinking CXX shared library libgo2_tutorial_inter__rosidl_typesupport_fastrtps_cpp.so[0m
[ 61%] Built target go2_tutorial_inter__rosidl_typesupport_fastrtps_cpp
[ 64%] [34m[1mGenerating C type support for eProsima Fast-RTPS[0m
[35m[1mScanning dependencies of target go2_tutorial_inter__rosidl_typesupport_fastrtps_c[0m
[ 67%] [32mBuilding CXX object CMakeFiles/go2_tutorial_inter__rosidl_typesupport_fastrtps_c.dir/rosidl_typesupport_fastrtps_c/go2_tutorial_inter/srv/detail/cruising__type_support_c.cpp.o[0m
[ 70%] [32m[1mLinking CXX shared library libgo2_tutorial_inter__rosidl_typesupport_fastrtps_c.so[0m
[ 70%] Built target go2_tutorial_inter__rosidl_typesupport_fastrtps_c
[35m[1mScanning dependencies of target go2_tutorial_inter[0m
[ 70%] Built target go2_tutorial_inter
[35m[1mScanning dependencies of target go2_tutorial_inter__py[0m
[ 74%] [34m[1mGenerating Python code for ROS interfaces[0m
[ 74%] Built target go2_tutorial_inter__py
[35m[1mScanning dependencies of target go2_tutorial_inter__python[0m
[ 77%] [32mBuilding C object CMakeFiles/go2_tutorial_inter__python.dir/rosidl_generator_py/go2_tutorial_inter/srv/_cruising_s.c.o[0m
[ 80%] [32m[1mLinking C shared library rosidl_generator_py/go2_tutorial_inter/libgo2_tutorial_inter__python.so[0m
[ 80%] Built target go2_tutorial_inter__python
[35m[1mScanning dependencies of target go2_tutorial_inter__rosidl_typesupport_c__pyext[0m
[35m[1mScanning dependencies of target go2_tutorial_inter__rosidl_typesupport_introspection_c__pyext[0m
[35m[1mScanning dependencies of target go2_tutorial_inter__rosidl_typesupport_fastrtps_c__pyext[0m
[ 83%] [32mBuilding C object CMakeFiles/go2_tutorial_inter__rosidl_typesupport_fastrtps_c__pyext.dir/rosidl_generator_py/go2_tutorial_inter/_go2_tutorial_inter_s.ep.rosidl_typesupport_fastrtps_c.c.o[0m
[ 87%] [32mBuilding C object CMakeFiles/go2_tutorial_inter__rosidl_typesupport_introspection_c__pyext.dir/rosidl_generator_py/go2_tutorial_inter/_go2_tutorial_inter_s.ep.rosidl_typesupport_introspection_c.c.o[0m
[ 90%] [32mBuilding C object CMakeFiles/go2_tutorial_inter__rosidl_typesupport_c__pyext.dir/rosidl_generator_py/go2_tutorial_inter/_go2_tutorial_inter_s.ep.rosidl_typesupport_c.c.o[0m
[ 96%] [32m[1mLinking CXX shared library rosidl_generator_py/go2_tutorial_inter/go2_tutorial_inter_s__rosidl_typesupport_fastrtps_c.cpython-38-x86_64-linux-gnu.so[0m
[ 96%] [32m[1mLinking C shared library rosidl_generator_py/go2_tutorial_inter/go2_tutorial_inter_s__rosidl_typesupport_c.cpython-38-x86_64-linux-gnu.so[0m
[100%] [32m[1mLinking C shared library rosidl_generator_py/go2_tutorial_inter/go2_tutorial_inter_s__rosidl_typesupport_introspection_c.cpython-38-x86_64-linux-gnu.so[0m
[100%] Built target go2_tutorial_inter__rosidl_typesupport_c__pyext
[100%] Built target go2_tutorial_inter__rosidl_typesupport_introspection_c__pyext
[100%] Built target go2_tutorial_inter__rosidl_typesupport_fastrtps_c__pyext
-- Install configuration: ""
-- Installing: /home/xn/unitree_go2_ws/install/go2_tutorial_inter/share/ament_index/resource_index/rosidl_interfaces/go2_tutorial_inter
-- Installing: /home/xn/unitree_go2_ws/install/go2_tutorial_inter/include/go2_tutorial_inter
-- Installing: /home/xn/unitree_go2_ws/install/go2_tutorial_inter/include/go2_tutorial_inter/msg
-- Installing: /home/xn/unitree_go2_ws/install/go2_tutorial_inter/include/go2_tutorial_inter/msg/rosidl_generator_c__visibility_control.h
-- Installing: /home/xn/unitree_go2_ws/install/go2_tutorial_inter/include/go2_tutorial_inter/srv
-- Installing: /home/xn/unitree_go2_ws/install/go2_tutorial_inter/include/go2_tutorial_inter/srv/detail
-- Installing: /home/xn/unitree_go2_ws/install/go2_tutorial_inter/include/go2_tutorial_inter/srv/detail/cruising__functions.c
-- Installing: /home/xn/unitree_go2_ws/install/go2_tutorial_inter/include/go2_tutorial_inter/srv/detail/cruising__type_support.h
-- Installing: /home/xn/unitree_go2_ws/install/go2_tutorial_inter/include/go2_tutorial_inter/srv/detail/cruising__struct.h
-- Installing: /home/xn/unitree_go2_ws/install/go2_tutorial_inter/include/go2_tutorial_inter/srv/detail/cruising__functions.h
-- Installing: /home/xn/unitree_go2_ws/install/go2_tutorial_inter/include/go2_tutorial_inter/srv/cruising.h
-- Installing: /home/xn/unitree_go2_ws/install/go2_tutorial_inter/share/go2_tutorial_inter/environment/library_path.sh
-- Installing: /home/xn/unitree_go2_ws/install/go2_tutorial_inter/share/go2_tutorial_inter/environment/library_path.dsv
-- Installing: /home/xn/unitree_go2_ws/install/go2_tutorial_inter/lib/libgo2_tutorial_inter__rosidl_generator_c.so
-- Set runtime path of "/home/xn/unitree_go2_ws/install/go2_tutorial_inter/lib/libgo2_tutorial_inter__rosidl_generator_c.so" to ""
-- Up-to-date: /home/xn/unitree_go2_ws/install/go2_tutorial_inter/include/go2_tutorial_inter
-- Up-to-date: /home/xn/unitree_go2_ws/install/go2_tutorial_inter/include/go2_tutorial_inter/msg
-- Installing: /home/xn/unitree_go2_ws/install/go2_tutorial_inter/include/go2_tutorial_inter/msg/rosidl_typesupport_fastrtps_c__visibility_control.h
-- Up-to-date: /home/xn/unitree_go2_ws/install/go2_tutorial_inter/include/go2_tutorial_inter/srv
-- Up-to-date: /home/xn/unitree_go2_ws/install/go2_tutorial_inter/include/go2_tutorial_inter/srv/detail
-- Installing: /home/xn/unitree_go2_ws/install/go2_tutorial_inter/include/go2_tutorial_inter/srv/detail/cruising__rosidl_typesupport_fastrtps_c.h
-- Installing: /home/xn/unitree_go2_ws/install/go2_tutorial_inter/lib/libgo2_tutorial_inter__rosidl_typesupport_fastrtps_c.so
-- Set runtime path of "/home/xn/unitree_go2_ws/install/go2_tutorial_inter/lib/libgo2_tutorial_inter__rosidl_typesupport_fastrtps_c.so" to ""
-- Up-to-date: /home/xn/unitree_go2_ws/install/go2_tutorial_inter/include/go2_tutorial_inter
-- Up-to-date: /home/xn/unitree_go2_ws/install/go2_tutorial_inter/include/go2_tutorial_inter/msg
-- Installing: /home/xn/unitree_go2_ws/install/go2_tutorial_inter/include/go2_tutorial_inter/msg/rosidl_typesupport_fastrtps_cpp__visibility_control.h
-- Up-to-date: /home/xn/unitree_go2_ws/install/go2_tutorial_inter/include/go2_tutorial_inter/srv
-- Up-to-date: /home/xn/unitree_go2_ws/install/go2_tutorial_inter/include/go2_tutorial_inter/srv/detail
-- Installing: /home/xn/unitree_go2_ws/install/go2_tutorial_inter/include/go2_tutorial_inter/srv/detail/cruising__rosidl_typesupport_fastrtps_cpp.hpp
-- Installing: /home/xn/unitree_go2_ws/install/go2_tutorial_inter/include/go2_tutorial_inter/srv/detail/dds_fastrtps
-- Installing: /home/xn/unitree_go2_ws/install/go2_tutorial_inter/lib/libgo2_tutorial_inter__rosidl_typesupport_fastrtps_cpp.so
-- Set runtime path of "/home/xn/unitree_go2_ws/install/go2_tutorial_inter/lib/libgo2_tutorial_inter__rosidl_typesupport_fastrtps_cpp.so" to ""
-- Up-to-date: /home/xn/unitree_go2_ws/install/go2_tutorial_inter/include/go2_tutorial_inter
-- Up-to-date: /home/xn/unitree_go2_ws/install/go2_tutorial_inter/include/go2_tutorial_inter/msg
-- Installing: /home/xn/unitree_go2_ws/install/go2_tutorial_inter/include/go2_tutorial_inter/msg/rosidl_typesupport_introspection_c__visibility_control.h
-- Up-to-date: /home/xn/unitree_go2_ws/install/go2_tutorial_inter/include/go2_tutorial_inter/srv
-- Up-to-date: /home/xn/unitree_go2_ws/install/go2_tutorial_inter/include/go2_tutorial_inter/srv/detail
-- Installing: /home/xn/unitree_go2_ws/install/go2_tutorial_inter/include/go2_tutorial_inter/srv/detail/cruising__type_support.c
-- Installing: /home/xn/unitree_go2_ws/install/go2_tutorial_inter/include/go2_tutorial_inter/srv/detail/cruising__rosidl_typesupport_introspection_c.h
-- Installing: /home/xn/unitree_go2_ws/install/go2_tutorial_inter/lib/libgo2_tutorial_inter__rosidl_typesupport_introspection_c.so
-- Set runtime path of "/home/xn/unitree_go2_ws/install/go2_tutorial_inter/lib/libgo2_tutorial_inter__rosidl_typesupport_introspection_c.so" to ""
-- Installing: /home/xn/unitree_go2_ws/install/go2_tutorial_inter/lib/libgo2_tutorial_inter__rosidl_typesupport_c.so
-- Set runtime path of "/home/xn/unitree_go2_ws/install/go2_tutorial_inter/lib/libgo2_tutorial_inter__rosidl_typesupport_c.so" to ""
-- Up-to-date: /home/xn/unitree_go2_ws/install/go2_tutorial_inter/include/go2_tutorial_inter
-- Up-to-date: /home/xn/unitree_go2_ws/install/go2_tutorial_inter/include/go2_tutorial_inter/msg
-- Installing: /home/xn/unitree_go2_ws/install/go2_tutorial_inter/include/go2_tutorial_inter/msg/rosidl_generator_cpp__visibility_control.hpp
-- Up-to-date: /home/xn/unitree_go2_ws/install/go2_tutorial_inter/include/go2_tutorial_inter/srv
-- Installing: /home/xn/unitree_go2_ws/install/go2_tutorial_inter/include/go2_tutorial_inter/srv/cruising.hpp
-- Up-to-date: /home/xn/unitree_go2_ws/install/go2_tutorial_inter/include/go2_tutorial_inter/srv/detail
-- Installing: /home/xn/unitree_go2_ws/install/go2_tutorial_inter/include/go2_tutorial_inter/srv/detail/cruising__type_support.hpp
-- Installing: /home/xn/unitree_go2_ws/install/go2_tutorial_inter/include/go2_tutorial_inter/srv/detail/cruising__builder.hpp
-- Installing: /home/xn/unitree_go2_ws/install/go2_tutorial_inter/include/go2_tutorial_inter/srv/detail/cruising__struct.hpp
-- Installing: /home/xn/unitree_go2_ws/install/go2_tutorial_inter/include/go2_tutorial_inter/srv/detail/cruising__traits.hpp
-- Up-to-date: /home/xn/unitree_go2_ws/install/go2_tutorial_inter/include/go2_tutorial_inter
-- Up-to-date: /home/xn/unitree_go2_ws/install/go2_tutorial_inter/include/go2_tutorial_inter/srv
-- Up-to-date: /home/xn/unitree_go2_ws/install/go2_tutorial_inter/include/go2_tutorial_inter/srv/detail
-- Installing: /home/xn/unitree_go2_ws/install/go2_tutorial_inter/include/go2_tutorial_inter/srv/detail/cruising__type_support.cpp
-- Installing: /home/xn/unitree_go2_ws/install/go2_tutorial_inter/include/go2_tutorial_inter/srv/detail/cruising__rosidl_typesupport_introspection_cpp.hpp
-- Installing: /home/xn/unitree_go2_ws/install/go2_tutorial_inter/lib/libgo2_tutorial_inter__rosidl_typesupport_introspection_cpp.so
-- Set runtime path of "/home/xn/unitree_go2_ws/install/go2_tutorial_inter/lib/libgo2_tutorial_inter__rosidl_typesupport_introspection_cpp.so" to ""
-- Installing: /home/xn/unitree_go2_ws/install/go2_tutorial_inter/lib/libgo2_tutorial_inter__rosidl_typesupport_cpp.so
-- Set runtime path of "/home/xn/unitree_go2_ws/install/go2_tutorial_inter/lib/libgo2_tutorial_inter__rosidl_typesupport_cpp.so" to ""
-- Installing: /home/xn/unitree_go2_ws/install/go2_tutorial_inter/share/go2_tutorial_inter/environment/pythonpath.sh
-- Installing: /home/xn/unitree_go2_ws/install/go2_tutorial_inter/share/go2_tutorial_inter/environment/pythonpath.dsv
-- Installing: /home/xn/unitree_go2_ws/install/go2_tutorial_inter/lib/python3.8/site-packages/go2_tutorial_inter/__init__.py
Compiling '/home/xn/unitree_go2_ws/install/go2_tutorial_inter/lib/python3.8/site-packages/go2_tutorial_inter/__init__.py'...
-- Installing: /home/xn/unitree_go2_ws/install/go2_tutorial_inter/lib/python3.8/site-packages/go2_tutorial_inter/srv
-- Installing: /home/xn/unitree_go2_ws/install/go2_tutorial_inter/lib/python3.8/site-packages/go2_tutorial_inter/srv/__init__.py
-- Installing: /home/xn/unitree_go2_ws/install/go2_tutorial_inter/lib/python3.8/site-packages/go2_tutorial_inter/srv/_cruising.py
-- Installing: /home/xn/unitree_go2_ws/install/go2_tutorial_inter/lib/python3.8/site-packages/go2_tutorial_inter/srv/_cruising_s.c
-- Installing: /home/xn/unitree_go2_ws/install/go2_tutorial_inter/lib/python3.8/site-packages/go2_tutorial_inter/go2_tutorial_inter_s__rosidl_typesupport_fastrtps_c.cpython-38-x86_64-linux-gnu.so
-- Set runtime path of "/home/xn/unitree_go2_ws/install/go2_tutorial_inter/lib/python3.8/site-packages/go2_tutorial_inter/go2_tutorial_inter_s__rosidl_typesupport_fastrtps_c.cpython-38-x86_64-linux-gnu.so" to ""
-- Installing: /home/xn/unitree_go2_ws/install/go2_tutorial_inter/lib/python3.8/site-packages/go2_tutorial_inter/go2_tutorial_inter_s__rosidl_typesupport_introspection_c.cpython-38-x86_64-linux-gnu.so
-- Set runtime path of "/home/xn/unitree_go2_ws/install/go2_tutorial_inter/lib/python3.8/site-packages/go2_tutorial_inter/go2_tutorial_inter_s__rosidl_typesupport_introspection_c.cpython-38-x86_64-linux-gnu.so" to ""
-- Installing: /home/xn/unitree_go2_ws/install/go2_tutorial_inter/lib/python3.8/site-packages/go2_tutorial_inter/go2_tutorial_inter_s__rosidl_typesupport_c.cpython-38-x86_64-linux-gnu.so
-- Set runtime path of "/home/xn/unitree_go2_ws/install/go2_tutorial_inter/lib/python3.8/site-packages/go2_tutorial_inter/go2_tutorial_inter_s__rosidl_typesupport_c.cpython-38-x86_64-linux-gnu.so" to ""
-- Installing: /home/xn/unitree_go2_ws/install/go2_tutorial_inter/lib/libgo2_tutorial_inter__python.so
-- Set runtime path of "/home/xn/unitree_go2_ws/install/go2_tutorial_inter/lib/libgo2_tutorial_inter__python.so" to ""
-- Installing: /home/xn/unitree_go2_ws/install/go2_tutorial_inter/share/go2_tutorial_inter/srv/Cruising.idl
-- Installing: /home/xn/unitree_go2_ws/install/go2_tutorial_inter/share/go2_tutorial_inter/srv/Cruising.srv
-- Installing: /home/xn/unitree_go2_ws/install/go2_tutorial_inter/share/go2_tutorial_inter/srv/Cruising_Request.msg
-- Installing: /home/xn/unitree_go2_ws/install/go2_tutorial_inter/share/go2_tutorial_inter/srv/Cruising_Response.msg
-- Installing: /home/xn/unitree_go2_ws/install/go2_tutorial_inter/share/ament_index/resource_index/package_run_dependencies/go2_tutorial_inter
-- Installing: /home/xn/unitree_go2_ws/install/go2_tutorial_inter/share/ament_index/resource_index/parent_prefix_path/go2_tutorial_inter
-- Installing: /home/xn/unitree_go2_ws/install/go2_tutorial_inter/share/go2_tutorial_inter/environment/ament_prefix_path.sh
-- Installing: /home/xn/unitree_go2_ws/install/go2_tutorial_inter/share/go2_tutorial_inter/environment/ament_prefix_path.dsv
-- Installing: /home/xn/unitree_go2_ws/install/go2_tutorial_inter/share/go2_tutorial_inter/environment/path.sh
-- Installing: /home/xn/unitree_go2_ws/install/go2_tutorial_inter/share/go2_tutorial_inter/environment/path.dsv
-- Installing: /home/xn/unitree_go2_ws/install/go2_tutorial_inter/share/go2_tutorial_inter/local_setup.bash
-- Installing: /home/xn/unitree_go2_ws/install/go2_tutorial_inter/share/go2_tutorial_inter/local_setup.sh
-- Installing: /home/xn/unitree_go2_ws/install/go2_tutorial_inter/share/go2_tutorial_inter/local_setup.zsh
-- Installing: /home/xn/unitree_go2_ws/install/go2_tutorial_inter/share/go2_tutorial_inter/local_setup.dsv
-- Installing: /home/xn/unitree_go2_ws/install/go2_tutorial_inter/share/go2_tutorial_inter/package.dsv
-- Installing: /home/xn/unitree_go2_ws/install/go2_tutorial_inter/share/ament_index/resource_index/packages/go2_tutorial_inter
-- Installing: /home/xn/unitree_go2_ws/install/go2_tutorial_inter/share/go2_tutorial_inter/cmake/go2_tutorial_inter__rosidl_generator_cExport.cmake
-- Installing: /home/xn/unitree_go2_ws/install/go2_tutorial_inter/share/go2_tutorial_inter/cmake/go2_tutorial_inter__rosidl_generator_cExport-noconfig.cmake
-- Installing: /home/xn/unitree_go2_ws/install/go2_tutorial_inter/share/go2_tutorial_inter/cmake/go2_tutorial_inter__rosidl_typesupport_introspection_cExport.cmake
-- Installing: /home/xn/unitree_go2_ws/install/go2_tutorial_inter/share/go2_tutorial_inter/cmake/go2_tutorial_inter__rosidl_typesupport_introspection_cExport-noconfig.cmake
-- Installing: /home/xn/unitree_go2_ws/install/go2_tutorial_inter/share/go2_tutorial_inter/cmake/go2_tutorial_inter__rosidl_typesupport_cExport.cmake
-- Installing: /home/xn/unitree_go2_ws/install/go2_tutorial_inter/share/go2_tutorial_inter/cmake/go2_tutorial_inter__rosidl_typesupport_cExport-noconfig.cmake
-- Installing: /home/xn/unitree_go2_ws/install/go2_tutorial_inter/share/go2_tutorial_inter/cmake/go2_tutorial_inter__rosidl_generator_cppExport.cmake
-- Installing: /home/xn/unitree_go2_ws/install/go2_tutorial_inter/share/go2_tutorial_inter/cmake/go2_tutorial_inter__rosidl_typesupport_introspection_cppExport.cmake
-- Installing: /home/xn/unitree_go2_ws/install/go2_tutorial_inter/share/go2_tutorial_inter/cmake/go2_tutorial_inter__rosidl_typesupport_introspection_cppExport-noconfig.cmake
-- Installing: /home/xn/unitree_go2_ws/install/go2_tutorial_inter/share/go2_tutorial_inter/cmake/go2_tutorial_inter__rosidl_typesupport_cppExport.cmake
-- Installing: /home/xn/unitree_go2_ws/install/go2_tutorial_inter/share/go2_tutorial_inter/cmake/go2_tutorial_inter__rosidl_typesupport_cppExport-noconfig.cmake
-- Installing: /home/xn/unitree_go2_ws/install/go2_tutorial_inter/share/go2_tutorial_inter/cmake/rosidl_cmake-extras.cmake
-- Installing: /home/xn/unitree_go2_ws/install/go2_tutorial_inter/share/go2_tutorial_inter/cmake/ament_cmake_export_dependencies-extras.cmake
-- Installing: /home/xn/unitree_go2_ws/install/go2_tutorial_inter/share/go2_tutorial_inter/cmake/ament_cmake_export_libraries-extras.cmake
-- Installing: /home/xn/unitree_go2_ws/install/go2_tutorial_inter/share/go2_tutorial_inter/cmake/ament_cmake_export_targets-extras.cmake
-- Installing: /home/xn/unitree_go2_ws/install/go2_tutorial_inter/share/go2_tutorial_inter/cmake/ament_cmake_export_include_directories-extras.cmake
-- Installing: /home/xn/unitree_go2_ws/install/go2_tutorial_inter/share/go2_tutorial_inter/cmake/rosidl_cmake_export_typesupport_libraries-extras.cmake
-- Installing: /home/xn/unitree_go2_ws/install/go2_tutorial_inter/share/go2_tutorial_inter/cmake/rosidl_cmake_export_typesupport_targets-extras.cmake
-- Installing: /home/xn/unitree_go2_ws/install/go2_tutorial_inter/share/go2_tutorial_inter/cmake/go2_tutorial_interConfig.cmake
-- Installing: /home/xn/unitree_go2_ws/install/go2_tutorial_inter/share/go2_tutorial_inter/cmake/go2_tutorial_interConfig-version.cmake
-- Installing: /home/xn/unitree_go2_ws/install/go2_tutorial_inter/share/go2_tutorial_inter/package.xml
