[0.468s] Invoking command in '/home/xn/unitree_go2_ws/build/helloworld': CMAKE_PREFIX_PATH=${CMAKE_PREFIX_PATH}:/opt/ros/foxy /usr/bin/cmake --build /home/xn/unitree_go2_ws/build/helloworld -- -j8 -l8
[0.628s] [100%] Built target hello
[0.655s] Invoked command in '/home/xn/unitree_go2_ws/build/helloworld' returned '0': CMAKE_PREFIX_PATH=${CMAKE_PREFIX_PATH}:/opt/ros/foxy /usr/bin/cmake --build /home/xn/unitree_go2_ws/build/helloworld -- -j8 -l8
[0.656s] Invoking command in '/home/xn/unitree_go2_ws/build/helloworld': CMAKE_PREFIX_PATH=${CMAKE_PREFIX_PATH}:/opt/ros/foxy /usr/bin/cmake --install /home/xn/unitree_go2_ws/build/helloworld
[0.675s] -- Install configuration: ""
[0.675s] -- Up-to-date: /home/xn/unitree_go2_ws/install/helloworld/lib/helloworld/hello
[0.675s] -- Up-to-date: /home/xn/unitree_go2_ws/install/helloworld/share/ament_index/resource_index/package_run_dependencies/helloworld
[0.675s] -- Up-to-date: /home/xn/unitree_go2_ws/install/helloworld/share/ament_index/resource_index/parent_prefix_path/helloworld
[0.675s] -- Up-to-date: /home/xn/unitree_go2_ws/install/helloworld/share/helloworld/environment/ament_prefix_path.sh
[0.675s] -- Up-to-date: /home/xn/unitree_go2_ws/install/helloworld/share/helloworld/environment/ament_prefix_path.dsv
[0.675s] -- Up-to-date: /home/xn/unitree_go2_ws/install/helloworld/share/helloworld/environment/path.sh
[0.675s] -- Up-to-date: /home/xn/unitree_go2_ws/install/helloworld/share/helloworld/environment/path.dsv
[0.675s] -- Up-to-date: /home/xn/unitree_go2_ws/install/helloworld/share/helloworld/local_setup.bash
[0.675s] -- Up-to-date: /home/xn/unitree_go2_ws/install/helloworld/share/helloworld/local_setup.sh
[0.676s] -- Up-to-date: /home/xn/unitree_go2_ws/install/helloworld/share/helloworld/local_setup.zsh
[0.676s] -- Up-to-date: /home/xn/unitree_go2_ws/install/helloworld/share/helloworld/local_setup.dsv
[0.676s] -- Installing: /home/xn/unitree_go2_ws/install/helloworld/share/helloworld/package.dsv
[0.676s] -- Up-to-date: /home/xn/unitree_go2_ws/install/helloworld/share/ament_index/resource_index/packages/helloworld
[0.676s] -- Up-to-date: /home/xn/unitree_go2_ws/install/helloworld/share/helloworld/cmake/helloworldConfig.cmake
[0.676s] -- Up-to-date: /home/xn/unitree_go2_ws/install/helloworld/share/helloworld/cmake/helloworldConfig-version.cmake
[0.677s] -- Up-to-date: /home/xn/unitree_go2_ws/install/helloworld/share/helloworld/package.xml
[0.752s] Invoked command in '/home/xn/unitree_go2_ws/build/helloworld' returned '0': CMAKE_PREFIX_PATH=${CMAKE_PREFIX_PATH}:/opt/ros/foxy /usr/bin/cmake --install /home/xn/unitree_go2_ws/build/helloworld
