[0.576s] Invoking command in '/home/xn/unitree_go2_ws/build/go2_tutorial': CMAKE_PREFIX_PATH=/home/xn/unitree_go2_ws/install/go2_tutorial_inter:/home/xn/unitree_go2_ws/install/helloworld:/home/xn/unitree_go2_ws/install/go2_twist_bridge:/home/xn/unitree_go2_ws/install/go2_tutorial:/home/xn/unitree_go2_ws/install/go2_driver:/home/xn/unitree_go2_ws/install/go2_description:/home/xn/unitree_ros2/cyclonedds_ws/install/unitree_hg:/home/xn/unitree_ros2/cyclonedds_ws/install/unitree_go:/home/xn/unitree_ros2/cyclonedds_ws/install/unitree_api:/home/xn/unitree_ros2/cyclonedds_ws/install/rmw_cyclonedds_cpp:/home/xn/unitree_ros2/cyclonedds_ws/install/cyclonedds:/home/xn/unitree_go2_ws/install/my_test_py:/home/xn/unitree_go2_ws/install/helloworld_py:/home/xn/unitree_go2_ws/install/go2_twist_bridge_py:/home/xn/unitree_go2_ws/install/go2_tutorial_py:/home/xn/unitree_go2_ws/install/go2_teleop_ctrl_keyboard:/home/xn/unitree_go2_ws/install/go2_driver_py:/opt/ros/foxy PYTHONPATH=/home/xn/unitree_go2_ws/install/go2_tutorial_inter/lib/python3.8/site-packages:/home/xn/unitree_go2_ws/install/my_test_py/lib/python3.8/site-packages:/home/xn/unitree_go2_ws/install/helloworld_py/lib/python3.8/site-packages:/home/xn/unitree_go2_ws/install/go2_twist_bridge_py/lib/python3.8/site-packages:/home/xn/unitree_go2_ws/install/go2_tutorial_py/lib/python3.8/site-packages:/home/xn/unitree_go2_ws/install/go2_teleop_ctrl_keyboard/lib/python3.8/site-packages:/home/xn/unitree_go2_ws/install/go2_driver_py/lib/python3.8/site-packages:/home/xn/unitree_ros2/cyclonedds_ws/install/unitree_hg/lib/python3.8/site-packages:/home/xn/unitree_ros2/cyclonedds_ws/install/unitree_go/lib/python3.8/site-packages:/home/xn/unitree_ros2/cyclonedds_ws/install/unitree_api/lib/python3.8/site-packages:/opt/ros/foxy/lib/python3.8/site-packages /usr/bin/cmake --build /home/xn/unitree_go2_ws/build/go2_tutorial -- -j8 -l8
[0.684s] [35m[1mScanning dependencies of target go2_cruising_service[0m
[0.687s] [35m[1mScanning dependencies of target go2_cruising_client[0m
[0.749s] [ 12%] [32mBuilding CXX object CMakeFiles/go2_cruising_client.dir/src/go2_cruising_client.cpp.o[0m
[0.775s] [ 37%] Built target go2_ctrl
[0.782s] [ 50%] [32mBuilding CXX object CMakeFiles/go2_cruising_service.dir/src/go2_cruising_service.cpp.o[0m
[0.794s] [ 75%] Built target go2_state
[4.122s] [ 87%] [32m[1mLinking CXX executable go2_cruising_client[0m
[4.382s] [ 87%] Built target go2_cruising_client
[7.388s] [100%] [32m[1mLinking CXX executable go2_cruising_service[0m
[7.684s] [100%] Built target go2_cruising_service
[7.698s] Invoked command in '/home/xn/unitree_go2_ws/build/go2_tutorial' returned '0': CMAKE_PREFIX_PATH=/home/xn/unitree_go2_ws/install/go2_tutorial_inter:/home/xn/unitree_go2_ws/install/helloworld:/home/xn/unitree_go2_ws/install/go2_twist_bridge:/home/xn/unitree_go2_ws/install/go2_tutorial:/home/xn/unitree_go2_ws/install/go2_driver:/home/xn/unitree_go2_ws/install/go2_description:/home/xn/unitree_ros2/cyclonedds_ws/install/unitree_hg:/home/xn/unitree_ros2/cyclonedds_ws/install/unitree_go:/home/xn/unitree_ros2/cyclonedds_ws/install/unitree_api:/home/xn/unitree_ros2/cyclonedds_ws/install/rmw_cyclonedds_cpp:/home/xn/unitree_ros2/cyclonedds_ws/install/cyclonedds:/home/xn/unitree_go2_ws/install/my_test_py:/home/xn/unitree_go2_ws/install/helloworld_py:/home/xn/unitree_go2_ws/install/go2_twist_bridge_py:/home/xn/unitree_go2_ws/install/go2_tutorial_py:/home/xn/unitree_go2_ws/install/go2_teleop_ctrl_keyboard:/home/xn/unitree_go2_ws/install/go2_driver_py:/opt/ros/foxy PYTHONPATH=/home/xn/unitree_go2_ws/install/go2_tutorial_inter/lib/python3.8/site-packages:/home/xn/unitree_go2_ws/install/my_test_py/lib/python3.8/site-packages:/home/xn/unitree_go2_ws/install/helloworld_py/lib/python3.8/site-packages:/home/xn/unitree_go2_ws/install/go2_twist_bridge_py/lib/python3.8/site-packages:/home/xn/unitree_go2_ws/install/go2_tutorial_py/lib/python3.8/site-packages:/home/xn/unitree_go2_ws/install/go2_teleop_ctrl_keyboard/lib/python3.8/site-packages:/home/xn/unitree_go2_ws/install/go2_driver_py/lib/python3.8/site-packages:/home/xn/unitree_ros2/cyclonedds_ws/install/unitree_hg/lib/python3.8/site-packages:/home/xn/unitree_ros2/cyclonedds_ws/install/unitree_go/lib/python3.8/site-packages:/home/xn/unitree_ros2/cyclonedds_ws/install/unitree_api/lib/python3.8/site-packages:/opt/ros/foxy/lib/python3.8/site-packages /usr/bin/cmake --build /home/xn/unitree_go2_ws/build/go2_tutorial -- -j8 -l8
[7.707s] Invoking command in '/home/xn/unitree_go2_ws/build/go2_tutorial': CMAKE_PREFIX_PATH=/home/xn/unitree_go2_ws/install/go2_tutorial_inter:/home/xn/unitree_go2_ws/install/helloworld:/home/xn/unitree_go2_ws/install/go2_twist_bridge:/home/xn/unitree_go2_ws/install/go2_tutorial:/home/xn/unitree_go2_ws/install/go2_driver:/home/xn/unitree_go2_ws/install/go2_description:/home/xn/unitree_ros2/cyclonedds_ws/install/unitree_hg:/home/xn/unitree_ros2/cyclonedds_ws/install/unitree_go:/home/xn/unitree_ros2/cyclonedds_ws/install/unitree_api:/home/xn/unitree_ros2/cyclonedds_ws/install/rmw_cyclonedds_cpp:/home/xn/unitree_ros2/cyclonedds_ws/install/cyclonedds:/home/xn/unitree_go2_ws/install/my_test_py:/home/xn/unitree_go2_ws/install/helloworld_py:/home/xn/unitree_go2_ws/install/go2_twist_bridge_py:/home/xn/unitree_go2_ws/install/go2_tutorial_py:/home/xn/unitree_go2_ws/install/go2_teleop_ctrl_keyboard:/home/xn/unitree_go2_ws/install/go2_driver_py:/opt/ros/foxy PYTHONPATH=/home/xn/unitree_go2_ws/install/go2_tutorial_inter/lib/python3.8/site-packages:/home/xn/unitree_go2_ws/install/my_test_py/lib/python3.8/site-packages:/home/xn/unitree_go2_ws/install/helloworld_py/lib/python3.8/site-packages:/home/xn/unitree_go2_ws/install/go2_twist_bridge_py/lib/python3.8/site-packages:/home/xn/unitree_go2_ws/install/go2_tutorial_py/lib/python3.8/site-packages:/home/xn/unitree_go2_ws/install/go2_teleop_ctrl_keyboard/lib/python3.8/site-packages:/home/xn/unitree_go2_ws/install/go2_driver_py/lib/python3.8/site-packages:/home/xn/unitree_ros2/cyclonedds_ws/install/unitree_hg/lib/python3.8/site-packages:/home/xn/unitree_ros2/cyclonedds_ws/install/unitree_go/lib/python3.8/site-packages:/home/xn/unitree_ros2/cyclonedds_ws/install/unitree_api/lib/python3.8/site-packages:/opt/ros/foxy/lib/python3.8/site-packages /usr/bin/cmake --install /home/xn/unitree_go2_ws/build/go2_tutorial
[7.717s] -- Install configuration: ""
[7.720s] -- Up-to-date: /home/xn/unitree_go2_ws/install/go2_tutorial/lib/go2_tutorial/go2_ctrl
[7.722s] -- Up-to-date: /home/xn/unitree_go2_ws/install/go2_tutorial/lib/go2_tutorial/go2_state
[7.723s] -- Installing: /home/xn/unitree_go2_ws/install/go2_tutorial/lib/go2_tutorial/go2_cruising_client
[7.725s] -- Set runtime path of "/home/xn/unitree_go2_ws/install/go2_tutorial/lib/go2_tutorial/go2_cruising_client" to ""
[7.726s] -- Installing: /home/xn/unitree_go2_ws/install/go2_tutorial/lib/go2_tutorial/go2_cruising_service
[7.731s] -- Set runtime path of "/home/xn/unitree_go2_ws/install/go2_tutorial/lib/go2_tutorial/go2_cruising_service" to ""
[7.732s] -- Up-to-date: /home/xn/unitree_go2_ws/install/go2_tutorial/include
[7.732s] -- Up-to-date: /home/xn/unitree_go2_ws/install/go2_tutorial/include/go2_tutorial
[7.732s] -- Up-to-date: /home/xn/unitree_go2_ws/install/go2_tutorial/include/nlohmann
[7.733s] -- Up-to-date: /home/xn/unitree_go2_ws/install/go2_tutorial/include/nlohmann/json.hpp
[7.733s] -- Up-to-date: /home/xn/unitree_go2_ws/install/go2_tutorial/include/nlohmann/json_fwd.hpp
[7.733s] -- Up-to-date: /home/xn/unitree_go2_ws/install/go2_tutorial/include/nlohmann/thirdparty
[7.733s] -- Up-to-date: /home/xn/unitree_go2_ws/install/go2_tutorial/include/nlohmann/thirdparty/hedley
[7.733s] -- Up-to-date: /home/xn/unitree_go2_ws/install/go2_tutorial/include/nlohmann/thirdparty/hedley/hedley_undef.hpp
[7.733s] -- Up-to-date: /home/xn/unitree_go2_ws/install/go2_tutorial/include/nlohmann/thirdparty/hedley/hedley.hpp
[7.733s] -- Up-to-date: /home/xn/unitree_go2_ws/install/go2_tutorial/include/nlohmann/ordered_map.hpp
[7.733s] -- Up-to-date: /home/xn/unitree_go2_ws/install/go2_tutorial/include/nlohmann/adl_serializer.hpp
[7.733s] -- Up-to-date: /home/xn/unitree_go2_ws/install/go2_tutorial/include/nlohmann/detail
[7.734s] -- Up-to-date: /home/xn/unitree_go2_ws/install/go2_tutorial/include/nlohmann/detail/json_pointer.hpp
[7.734s] -- Up-to-date: /home/xn/unitree_go2_ws/install/go2_tutorial/include/nlohmann/detail/input
[7.734s] -- Up-to-date: /home/xn/unitree_go2_ws/install/go2_tutorial/include/nlohmann/detail/input/input_adapters.hpp
[7.734s] -- Up-to-date: /home/xn/unitree_go2_ws/install/go2_tutorial/include/nlohmann/detail/input/position_t.hpp
[7.734s] -- Up-to-date: /home/xn/unitree_go2_ws/install/go2_tutorial/include/nlohmann/detail/input/lexer.hpp
[7.734s] -- Up-to-date: /home/xn/unitree_go2_ws/install/go2_tutorial/include/nlohmann/detail/input/binary_reader.hpp
[7.734s] -- Up-to-date: /home/xn/unitree_go2_ws/install/go2_tutorial/include/nlohmann/detail/input/parser.hpp
[7.734s] -- Up-to-date: /home/xn/unitree_go2_ws/install/go2_tutorial/include/nlohmann/detail/input/json_sax.hpp
[7.734s] -- Up-to-date: /home/xn/unitree_go2_ws/install/go2_tutorial/include/nlohmann/detail/hash.hpp
[7.734s] -- Up-to-date: /home/xn/unitree_go2_ws/install/go2_tutorial/include/nlohmann/detail/conversions
[7.734s] -- Up-to-date: /home/xn/unitree_go2_ws/install/go2_tutorial/include/nlohmann/detail/conversions/from_json.hpp
[7.734s] -- Up-to-date: /home/xn/unitree_go2_ws/install/go2_tutorial/include/nlohmann/detail/conversions/to_chars.hpp
[7.734s] -- Up-to-date: /home/xn/unitree_go2_ws/install/go2_tutorial/include/nlohmann/detail/conversions/to_json.hpp
[7.734s] -- Up-to-date: /home/xn/unitree_go2_ws/install/go2_tutorial/include/nlohmann/detail/abi_macros.hpp
[7.734s] -- Up-to-date: /home/xn/unitree_go2_ws/install/go2_tutorial/include/nlohmann/detail/value_t.hpp
[7.734s] -- Up-to-date: /home/xn/unitree_go2_ws/install/go2_tutorial/include/nlohmann/detail/macro_unscope.hpp
[7.735s] -- Up-to-date: /home/xn/unitree_go2_ws/install/go2_tutorial/include/nlohmann/detail/output
[7.735s] -- Up-to-date: /home/xn/unitree_go2_ws/install/go2_tutorial/include/nlohmann/detail/output/binary_writer.hpp
[7.735s] -- Up-to-date: /home/xn/unitree_go2_ws/install/go2_tutorial/include/nlohmann/detail/output/serializer.hpp
[7.735s] -- Up-to-date: /home/xn/unitree_go2_ws/install/go2_tutorial/include/nlohmann/detail/output/output_adapters.hpp
[7.735s] -- Up-to-date: /home/xn/unitree_go2_ws/install/go2_tutorial/include/nlohmann/detail/string_escape.hpp
[7.735s] -- Up-to-date: /home/xn/unitree_go2_ws/install/go2_tutorial/include/nlohmann/detail/json_ref.hpp
[7.735s] -- Up-to-date: /home/xn/unitree_go2_ws/install/go2_tutorial/include/nlohmann/detail/meta
[7.735s] -- Up-to-date: /home/xn/unitree_go2_ws/install/go2_tutorial/include/nlohmann/detail/meta/std_fs.hpp
[7.735s] -- Up-to-date: /home/xn/unitree_go2_ws/install/go2_tutorial/include/nlohmann/detail/meta/call_std
[7.735s] -- Up-to-date: /home/xn/unitree_go2_ws/install/go2_tutorial/include/nlohmann/detail/meta/call_std/end.hpp
[7.735s] -- Up-to-date: /home/xn/unitree_go2_ws/install/go2_tutorial/include/nlohmann/detail/meta/call_std/begin.hpp
[7.735s] -- Up-to-date: /home/xn/unitree_go2_ws/install/go2_tutorial/include/nlohmann/detail/meta/void_t.hpp
[7.735s] -- Up-to-date: /home/xn/unitree_go2_ws/install/go2_tutorial/include/nlohmann/detail/meta/detected.hpp
[7.735s] -- Up-to-date: /home/xn/unitree_go2_ws/install/go2_tutorial/include/nlohmann/detail/meta/type_traits.hpp
[7.735s] -- Up-to-date: /home/xn/unitree_go2_ws/install/go2_tutorial/include/nlohmann/detail/meta/identity_tag.hpp
[7.735s] -- Up-to-date: /home/xn/unitree_go2_ws/install/go2_tutorial/include/nlohmann/detail/meta/is_sax.hpp
[7.735s] -- Up-to-date: /home/xn/unitree_go2_ws/install/go2_tutorial/include/nlohmann/detail/meta/cpp_future.hpp
[7.735s] -- Up-to-date: /home/xn/unitree_go2_ws/install/go2_tutorial/include/nlohmann/detail/macro_scope.hpp
[7.735s] -- Up-to-date: /home/xn/unitree_go2_ws/install/go2_tutorial/include/nlohmann/detail/json_custom_base_class.hpp
[7.735s] -- Up-to-date: /home/xn/unitree_go2_ws/install/go2_tutorial/include/nlohmann/detail/iterators
[7.735s] -- Up-to-date: /home/xn/unitree_go2_ws/install/go2_tutorial/include/nlohmann/detail/iterators/iter_impl.hpp
[7.736s] -- Up-to-date: /home/xn/unitree_go2_ws/install/go2_tutorial/include/nlohmann/detail/iterators/primitive_iterator.hpp
[7.736s] -- Up-to-date: /home/xn/unitree_go2_ws/install/go2_tutorial/include/nlohmann/detail/iterators/iterator_traits.hpp
[7.736s] -- Up-to-date: /home/xn/unitree_go2_ws/install/go2_tutorial/include/nlohmann/detail/iterators/json_reverse_iterator.hpp
[7.736s] -- Up-to-date: /home/xn/unitree_go2_ws/install/go2_tutorial/include/nlohmann/detail/iterators/internal_iterator.hpp
[7.736s] -- Up-to-date: /home/xn/unitree_go2_ws/install/go2_tutorial/include/nlohmann/detail/iterators/iteration_proxy.hpp
[7.736s] -- Up-to-date: /home/xn/unitree_go2_ws/install/go2_tutorial/include/nlohmann/detail/exceptions.hpp
[7.736s] -- Up-to-date: /home/xn/unitree_go2_ws/install/go2_tutorial/include/nlohmann/detail/string_concat.hpp
[7.736s] -- Up-to-date: /home/xn/unitree_go2_ws/install/go2_tutorial/include/nlohmann/byte_container_with_subtype.hpp
[7.738s] -- Up-to-date: /home/xn/unitree_go2_ws/install/go2_tutorial/include/sport_model.hpp
[7.738s] -- Up-to-date: /home/xn/unitree_go2_ws/install/go2_tutorial/share/go2_tutorial/launch
[7.738s] -- Up-to-date: /home/xn/unitree_go2_ws/install/go2_tutorial/share/go2_tutorial/launch/go2_state.launch.py
[7.738s] -- Up-to-date: /home/xn/unitree_go2_ws/install/go2_tutorial/share/go2_tutorial/launch/go2_ctrl.launch.py
[7.738s] -- Up-to-date: /home/xn/unitree_go2_ws/install/go2_tutorial/share/go2_tutorial/launch/go2_cruising.launch.py
[7.738s] -- Up-to-date: /home/xn/unitree_go2_ws/install/go2_tutorial/share/go2_tutorial/params
[7.738s] -- Up-to-date: /home/xn/unitree_go2_ws/install/go2_tutorial/share/go2_tutorial/params/go2_cruising_service.yaml
[7.738s] -- Up-to-date: /home/xn/unitree_go2_ws/install/go2_tutorial/share/go2_tutorial/params/go2_state.yaml
[7.738s] -- Up-to-date: /home/xn/unitree_go2_ws/install/go2_tutorial/share/ament_index/resource_index/package_run_dependencies/go2_tutorial
[7.738s] -- Up-to-date: /home/xn/unitree_go2_ws/install/go2_tutorial/share/ament_index/resource_index/parent_prefix_path/go2_tutorial
[7.738s] -- Up-to-date: /home/xn/unitree_go2_ws/install/go2_tutorial/share/go2_tutorial/environment/ament_prefix_path.sh
[7.738s] -- Up-to-date: /home/xn/unitree_go2_ws/install/go2_tutorial/share/go2_tutorial/environment/ament_prefix_path.dsv
[7.740s] -- Up-to-date: /home/xn/unitree_go2_ws/install/go2_tutorial/share/go2_tutorial/environment/path.sh
[7.740s] -- Up-to-date: /home/xn/unitree_go2_ws/install/go2_tutorial/share/go2_tutorial/environment/path.dsv
[7.740s] -- Up-to-date: /home/xn/unitree_go2_ws/install/go2_tutorial/share/go2_tutorial/local_setup.bash
[7.740s] -- Up-to-date: /home/xn/unitree_go2_ws/install/go2_tutorial/share/go2_tutorial/local_setup.sh
[7.740s] -- Up-to-date: /home/xn/unitree_go2_ws/install/go2_tutorial/share/go2_tutorial/local_setup.zsh
[7.740s] -- Up-to-date: /home/xn/unitree_go2_ws/install/go2_tutorial/share/go2_tutorial/local_setup.dsv
[7.740s] -- Installing: /home/xn/unitree_go2_ws/install/go2_tutorial/share/go2_tutorial/package.dsv
[7.741s] -- Up-to-date: /home/xn/unitree_go2_ws/install/go2_tutorial/share/ament_index/resource_index/packages/go2_tutorial
[7.741s] -- Up-to-date: /home/xn/unitree_go2_ws/install/go2_tutorial/share/go2_tutorial/cmake/go2_tutorialConfig.cmake
[7.741s] -- Up-to-date: /home/xn/unitree_go2_ws/install/go2_tutorial/share/go2_tutorial/cmake/go2_tutorialConfig-version.cmake
[7.741s] -- Up-to-date: /home/xn/unitree_go2_ws/install/go2_tutorial/share/go2_tutorial/package.xml
[7.741s] Invoked command in '/home/xn/unitree_go2_ws/build/go2_tutorial' returned '0': CMAKE_PREFIX_PATH=/home/xn/unitree_go2_ws/install/go2_tutorial_inter:/home/xn/unitree_go2_ws/install/helloworld:/home/xn/unitree_go2_ws/install/go2_twist_bridge:/home/xn/unitree_go2_ws/install/go2_tutorial:/home/xn/unitree_go2_ws/install/go2_driver:/home/xn/unitree_go2_ws/install/go2_description:/home/xn/unitree_ros2/cyclonedds_ws/install/unitree_hg:/home/xn/unitree_ros2/cyclonedds_ws/install/unitree_go:/home/xn/unitree_ros2/cyclonedds_ws/install/unitree_api:/home/xn/unitree_ros2/cyclonedds_ws/install/rmw_cyclonedds_cpp:/home/xn/unitree_ros2/cyclonedds_ws/install/cyclonedds:/home/xn/unitree_go2_ws/install/my_test_py:/home/xn/unitree_go2_ws/install/helloworld_py:/home/xn/unitree_go2_ws/install/go2_twist_bridge_py:/home/xn/unitree_go2_ws/install/go2_tutorial_py:/home/xn/unitree_go2_ws/install/go2_teleop_ctrl_keyboard:/home/xn/unitree_go2_ws/install/go2_driver_py:/opt/ros/foxy PYTHONPATH=/home/xn/unitree_go2_ws/install/go2_tutorial_inter/lib/python3.8/site-packages:/home/xn/unitree_go2_ws/install/my_test_py/lib/python3.8/site-packages:/home/xn/unitree_go2_ws/install/helloworld_py/lib/python3.8/site-packages:/home/xn/unitree_go2_ws/install/go2_twist_bridge_py/lib/python3.8/site-packages:/home/xn/unitree_go2_ws/install/go2_tutorial_py/lib/python3.8/site-packages:/home/xn/unitree_go2_ws/install/go2_teleop_ctrl_keyboard/lib/python3.8/site-packages:/home/xn/unitree_go2_ws/install/go2_driver_py/lib/python3.8/site-packages:/home/xn/unitree_ros2/cyclonedds_ws/install/unitree_hg/lib/python3.8/site-packages:/home/xn/unitree_ros2/cyclonedds_ws/install/unitree_go/lib/python3.8/site-packages:/home/xn/unitree_ros2/cyclonedds_ws/install/unitree_api/lib/python3.8/site-packages:/opt/ros/foxy/lib/python3.8/site-packages /usr/bin/cmake --install /home/xn/unitree_go2_ws/build/go2_tutorial
