[0.097s] Invoking command in '/home/xn/unitree_go2_ws/build/go2_driver': CMAKE_PREFIX_PATH=${CMAKE_PREFIX_PATH}:/opt/ros/foxy /usr/bin/cmake --build /home/xn/unitree_go2_ws/build/go2_driver -- -j8 -l8
[0.807s] [35m[1mScanning dependencies of target driver[0m
[0.807s] [ 50%] [32mBuilding CXX object CMakeFiles/driver.dir/src/driver.cpp.o[0m
[6.822s] [100%] [32m[1mLinking CXX executable driver[0m
[7.198s] [100%] Built target driver
[7.209s] Invoked command in '/home/xn/unitree_go2_ws/build/go2_driver' returned '0': CMAKE_PREFIX_PATH=${CMAKE_PREFIX_PATH}:/opt/ros/foxy /usr/bin/cmake --build /home/xn/unitree_go2_ws/build/go2_driver -- -j8 -l8
[7.215s] Invoking command in '/home/xn/unitree_go2_ws/build/go2_driver': CMAKE_PREFIX_PATH=${CMAKE_PREFIX_PATH}:/opt/ros/foxy /usr/bin/cmake --install /home/xn/unitree_go2_ws/build/go2_driver
[7.223s] -- Install configuration: ""
[7.225s] -- Installing: /home/xn/unitree_go2_ws/install/go2_driver/lib/go2_driver/driver
[7.227s] -- Set runtime path of "/home/xn/unitree_go2_ws/install/go2_driver/lib/go2_driver/driver" to ""
[7.227s] -- Up-to-date: /home/xn/unitree_go2_ws/install/go2_driver/share/go2_driver/launch
[7.227s] -- Up-to-date: /home/xn/unitree_go2_ws/install/go2_driver/share/go2_driver/launch/driver.launch.py
[7.227s] -- Up-to-date: /home/xn/unitree_go2_ws/install/go2_driver/share/go2_driver/params
[7.227s] -- Installing: /home/xn/unitree_go2_ws/install/go2_driver/share/go2_driver/params/driver.yaml
[7.228s] -- Up-to-date: /home/xn/unitree_go2_ws/install/go2_driver/share/go2_driver/rviz
[7.228s] -- Up-to-date: /home/xn/unitree_go2_ws/install/go2_driver/share/go2_driver/rviz/display.rviz
[7.228s] -- Up-to-date: /home/xn/unitree_go2_ws/install/go2_driver/share/ament_index/resource_index/package_run_dependencies/go2_driver
[7.228s] -- Up-to-date: /home/xn/unitree_go2_ws/install/go2_driver/share/ament_index/resource_index/parent_prefix_path/go2_driver
[7.228s] -- Up-to-date: /home/xn/unitree_go2_ws/install/go2_driver/share/go2_driver/environment/ament_prefix_path.sh
[7.228s] -- Up-to-date: /home/xn/unitree_go2_ws/install/go2_driver/share/go2_driver/environment/ament_prefix_path.dsv
[7.228s] -- Up-to-date: /home/xn/unitree_go2_ws/install/go2_driver/share/go2_driver/environment/path.sh
[7.228s] -- Up-to-date: /home/xn/unitree_go2_ws/install/go2_driver/share/go2_driver/environment/path.dsv
[7.228s] -- Up-to-date: /home/xn/unitree_go2_ws/install/go2_driver/share/go2_driver/local_setup.bash
[7.228s] -- Up-to-date: /home/xn/unitree_go2_ws/install/go2_driver/share/go2_driver/local_setup.sh
[7.229s] -- Up-to-date: /home/xn/unitree_go2_ws/install/go2_driver/share/go2_driver/local_setup.zsh
[7.229s] -- Up-to-date: /home/xn/unitree_go2_ws/install/go2_driver/share/go2_driver/local_setup.dsv
[7.229s] -- Installing: /home/xn/unitree_go2_ws/install/go2_driver/share/go2_driver/package.dsv
[7.229s] -- Up-to-date: /home/xn/unitree_go2_ws/install/go2_driver/share/ament_index/resource_index/packages/go2_driver
[7.229s] -- Up-to-date: /home/xn/unitree_go2_ws/install/go2_driver/share/go2_driver/cmake/go2_driverConfig.cmake
[7.229s] -- Up-to-date: /home/xn/unitree_go2_ws/install/go2_driver/share/go2_driver/cmake/go2_driverConfig-version.cmake
[7.229s] -- Up-to-date: /home/xn/unitree_go2_ws/install/go2_driver/share/go2_driver/package.xml
[7.232s] Invoked command in '/home/xn/unitree_go2_ws/build/go2_driver' returned '0': CMAKE_PREFIX_PATH=${CMAKE_PREFIX_PATH}:/opt/ros/foxy /usr/bin/cmake --install /home/xn/unitree_go2_ws/build/go2_driver
