[0.052s] Invoking command in '/home/xn/unitree_go2_ws/build/go2_driver': CMAKE_PREFIX_PATH=${CMAKE_PREFIX_PATH}:/opt/ros/foxy /usr/bin/cmake --build /home/xn/unitree_go2_ws/build/go2_driver -- -j8 -l8
[0.462s] [100%] Built target driver
[0.479s] Invoked command in '/home/xn/unitree_go2_ws/build/go2_driver' returned '0': CMAKE_PREFIX_PATH=${CMAKE_PREFIX_PATH}:/opt/ros/foxy /usr/bin/cmake --build /home/xn/unitree_go2_ws/build/go2_driver -- -j8 -l8
[0.483s] Invoking command in '/home/xn/unitree_go2_ws/build/go2_driver': CMAKE_PREFIX_PATH=${CMAKE_PREFIX_PATH}:/opt/ros/foxy /usr/bin/cmake --install /home/xn/unitree_go2_ws/build/go2_driver
[0.495s] -- Install configuration: ""
[0.495s] -- Execute custom install script
[0.496s] -- Up-to-date symlink: /home/xn/unitree_go2_ws/install/go2_driver/lib/go2_driver/driver
[0.497s] -- Up-to-date symlink: /home/xn/unitree_go2_ws/install/go2_driver/share/go2_driver/launch/driver.launch.py
[0.497s] -- Up-to-date symlink: /home/xn/unitree_go2_ws/install/go2_driver/share/go2_driver/params/driver.yaml
[0.497s] -- Up-to-date symlink: /home/xn/unitree_go2_ws/install/go2_driver/share/go2_driver/rviz/display.rviz
[0.497s] -- Up-to-date symlink: /home/xn/unitree_go2_ws/install/go2_driver/share/ament_index/resource_index/package_run_dependencies/go2_driver
[0.497s] -- Up-to-date symlink: /home/xn/unitree_go2_ws/install/go2_driver/share/ament_index/resource_index/parent_prefix_path/go2_driver
[0.497s] -- Up-to-date symlink: /home/xn/unitree_go2_ws/install/go2_driver/share/go2_driver/environment/ament_prefix_path.sh
[0.497s] -- Up-to-date symlink: /home/xn/unitree_go2_ws/install/go2_driver/share/go2_driver/environment/ament_prefix_path.dsv
[0.498s] -- Up-to-date symlink: /home/xn/unitree_go2_ws/install/go2_driver/share/go2_driver/environment/path.sh
[0.498s] -- Up-to-date symlink: /home/xn/unitree_go2_ws/install/go2_driver/share/go2_driver/environment/path.dsv
[0.498s] -- Up-to-date symlink: /home/xn/unitree_go2_ws/install/go2_driver/share/go2_driver/local_setup.bash
[0.498s] -- Up-to-date symlink: /home/xn/unitree_go2_ws/install/go2_driver/share/go2_driver/local_setup.sh
[0.498s] -- Up-to-date symlink: /home/xn/unitree_go2_ws/install/go2_driver/share/go2_driver/local_setup.zsh
[0.498s] -- Up-to-date symlink: /home/xn/unitree_go2_ws/install/go2_driver/share/go2_driver/local_setup.dsv
[0.498s] -- Symlinking: /home/xn/unitree_go2_ws/install/go2_driver/share/go2_driver/package.dsv
[0.503s] -- Up-to-date symlink: /home/xn/unitree_go2_ws/install/go2_driver/share/ament_index/resource_index/packages/go2_driver
[0.504s] -- Up-to-date symlink: /home/xn/unitree_go2_ws/install/go2_driver/share/go2_driver/cmake/go2_driverConfig.cmake
[0.504s] -- Up-to-date symlink: /home/xn/unitree_go2_ws/install/go2_driver/share/go2_driver/cmake/go2_driverConfig-version.cmake
[0.504s] -- Up-to-date symlink: /home/xn/unitree_go2_ws/install/go2_driver/share/go2_driver/package.xml
[0.541s] Invoked command in '/home/xn/unitree_go2_ws/build/go2_driver' returned '0': CMAKE_PREFIX_PATH=${CMAKE_PREFIX_PATH}:/opt/ros/foxy /usr/bin/cmake --install /home/xn/unitree_go2_ws/build/go2_driver
