[3.223s] Invoking command in '/home/xn/unitree_go2_ws/src/tutorial/go2_tutorial_py': PYTHONPATH=/home/xn/unitree_go2_ws/build/go2_tutorial_py/prefix_override:/usr/lib/python3/dist-packages/colcon_core/task/python/colcon_distutils_commands:/home/xn/unitree_go2_ws/install/go2_tutorial_py/lib/python3.8/site-packages:${PYTHONPATH} /usr/bin/python3 -W ignore:setup.py install is deprecated -W ignore:easy_install command is deprecated setup.py egg_info --egg-base ../../../build/go2_tutorial_py build --build-base /home/xn/unitree_go2_ws/build/go2_tutorial_py/build install --record /home/xn/unitree_go2_ws/build/go2_tutorial_py/install.log --install-scripts $base/lib/go2_tutorial_py --single-version-externally-managed install_data
[3.733s] running egg_info
[3.735s] writing ../../../build/go2_tutorial_py/go2_tutorial_py.egg-info/PKG-INFO
[3.739s] writing dependency_links to ../../../build/go2_tutorial_py/go2_tutorial_py.egg-info/dependency_links.txt
[3.739s] writing entry points to ../../../build/go2_tutorial_py/go2_tutorial_py.egg-info/entry_points.txt
[3.739s] writing requirements to ../../../build/go2_tutorial_py/go2_tutorial_py.egg-info/requires.txt
[3.739s] writing top-level names to ../../../build/go2_tutorial_py/go2_tutorial_py.egg-info/top_level.txt
[3.816s] reading manifest file '../../../build/go2_tutorial_py/go2_tutorial_py.egg-info/SOURCES.txt'
[3.819s] writing manifest file '../../../build/go2_tutorial_py/go2_tutorial_py.egg-info/SOURCES.txt'
[3.820s] running build
[3.821s] running build_py
[3.821s] running install
[3.822s] running install_lib
[3.824s] running install_data
[3.825s] running install_egg_info
[3.829s] removing '/home/xn/unitree_go2_ws/install/go2_tutorial_py/lib/python3.8/site-packages/go2_tutorial_py-0.0.0-py3.8.egg-info' (and everything under it)
[3.830s] Copying ../../../build/go2_tutorial_py/go2_tutorial_py.egg-info to /home/xn/unitree_go2_ws/install/go2_tutorial_py/lib/python3.8/site-packages/go2_tutorial_py-0.0.0-py3.8.egg-info
[3.834s] running install_scripts
[3.867s] Installing go2_ctrl script to /home/xn/unitree_go2_ws/install/go2_tutorial_py/lib/go2_tutorial_py
[3.868s] Installing go2_state script to /home/xn/unitree_go2_ws/install/go2_tutorial_py/lib/go2_tutorial_py
[3.880s] writing list of installed files to '/home/xn/unitree_go2_ws/build/go2_tutorial_py/install.log'
[3.946s] Invoked command in '/home/xn/unitree_go2_ws/src/tutorial/go2_tutorial_py' returned '0': PYTHONPATH=/home/xn/unitree_go2_ws/build/go2_tutorial_py/prefix_override:/usr/lib/python3/dist-packages/colcon_core/task/python/colcon_distutils_commands:/home/xn/unitree_go2_ws/install/go2_tutorial_py/lib/python3.8/site-packages:${PYTHONPATH} /usr/bin/python3 -W ignore:setup.py install is deprecated -W ignore:easy_install command is deprecated setup.py egg_info --egg-base ../../../build/go2_tutorial_py build --build-base /home/xn/unitree_go2_ws/build/go2_tutorial_py/build install --record /home/xn/unitree_go2_ws/build/go2_tutorial_py/install.log --install-scripts $base/lib/go2_tutorial_py --single-version-externally-managed install_data
