[0.114s] DEBUG:colcon:Command line arguments: ['/usr/bin/colcon', 'build']
[0.114s] DEBUG:colcon:Parsed command line arguments: Namespace(allow_overriding=[], ament_cmake_args=None, base_paths=['.'], build_base='build', catkin_cmake_args=None, catkin_skip_building_tests=False, cmake_args=None, cmake_clean_cache=False, cmake_clean_first=False, cmake_force_configure=False, cmake_target=None, cmake_target_skip_unavailable=False, continue_on_error=False, event_handlers=None, executor='parallel', ignore_user_meta=False, install_base='install', log_base=None, log_level=None, main=<bound method BuildVerb.main of <colcon_core.verb.build.BuildVerb object at 0x7fec825853a0>>, merge_install=False, metas=['./colcon.meta'], mixin=None, mixin_files=None, mixin_verb=('build',), packages_above=None, packages_above_and_dependencies=None, packages_above_depth=None, packages_end=None, packages_ignore=None, packages_ignore_regex=None, packages_select=None, packages_select_build_failed=False, packages_select_by_dep=None, packages_select_regex=None, packages_select_test_failures=False, packages_skip=None, packages_skip_build_finished=False, packages_skip_by_dep=None, packages_skip_regex=None, packages_skip_test_passed=False, packages_skip_up_to=None, packages_start=None, packages_up_to=None, packages_up_to_regex=None, parallel_workers=4, paths=None, symlink_install=False, test_result_base=None, verb_extension=<colcon_core.verb.build.BuildVerb object at 0x7fec825853a0>, verb_name='build', verb_parser=<colcon_mixin.mixin.mixin_argument.MixinArgumentDecorator object at 0x7fec825857f0>)
[0.197s] Level 1:colcon.colcon_core.package_discovery:discover_packages(colcon_meta) check parameters
[0.198s] Level 1:colcon.colcon_core.package_discovery:discover_packages(recursive) check parameters
[0.198s] Level 1:colcon.colcon_core.package_discovery:discover_packages(ignore) check parameters
[0.198s] Level 1:colcon.colcon_core.package_discovery:discover_packages(path) check parameters
[0.198s] Level 1:colcon.colcon_core.package_discovery:discover_packages(colcon_meta) discover
[0.198s] Level 1:colcon.colcon_core.package_discovery:discover_packages(recursive) discover
[0.198s] INFO:colcon.colcon_core.package_discovery:Crawling recursively for packages in '/home/xn/unitree_go2_ws'
[0.198s] Level 1:colcon.colcon_core.package_identification:_identify(.) by extensions ['ignore', 'ignore_ament_install']
[0.198s] Level 1:colcon.colcon_core.package_identification:_identify(.) by extension 'ignore'
[0.198s] Level 1:colcon.colcon_core.package_identification:_identify(.) by extension 'ignore_ament_install'
[0.198s] Level 1:colcon.colcon_core.package_identification:_identify(.) by extensions ['colcon_pkg']
[0.198s] Level 1:colcon.colcon_core.package_identification:_identify(.) by extension 'colcon_pkg'
[0.198s] Level 1:colcon.colcon_core.package_identification:_identify(.) by extensions ['colcon_meta']
[0.198s] Level 1:colcon.colcon_core.package_identification:_identify(.) by extension 'colcon_meta'
[0.198s] Level 1:colcon.colcon_core.package_identification:_identify(.) by extensions ['ros']
[0.198s] Level 1:colcon.colcon_core.package_identification:_identify(.) by extension 'ros'
[0.208s] Level 1:colcon.colcon_core.package_identification:_identify(.) by extensions ['cmake', 'python']
[0.208s] Level 1:colcon.colcon_core.package_identification:_identify(.) by extension 'cmake'
[0.208s] Level 1:colcon.colcon_core.package_identification:_identify(.) by extension 'python'
[0.208s] Level 1:colcon.colcon_core.package_identification:_identify(.) by extensions ['python_setup_py']
[0.208s] Level 1:colcon.colcon_core.package_identification:_identify(.) by extension 'python_setup_py'
[0.208s] Level 1:colcon.colcon_core.package_identification:_identify(build) by extensions ['ignore', 'ignore_ament_install']
[0.208s] Level 1:colcon.colcon_core.package_identification:_identify(build) by extension 'ignore'
[0.208s] Level 1:colcon.colcon_core.package_identification:_identify(build) ignored
[0.208s] Level 1:colcon.colcon_core.package_identification:_identify(install) by extensions ['ignore', 'ignore_ament_install']
[0.209s] Level 1:colcon.colcon_core.package_identification:_identify(install) by extension 'ignore'
[0.209s] Level 1:colcon.colcon_core.package_identification:_identify(install) ignored
[0.209s] Level 1:colcon.colcon_core.package_identification:_identify(log) by extensions ['ignore', 'ignore_ament_install']
[0.209s] Level 1:colcon.colcon_core.package_identification:_identify(log) by extension 'ignore'
[0.209s] Level 1:colcon.colcon_core.package_identification:_identify(log) ignored
[0.209s] Level 1:colcon.colcon_core.package_identification:_identify(src) by extensions ['ignore', 'ignore_ament_install']
[0.209s] Level 1:colcon.colcon_core.package_identification:_identify(src) by extension 'ignore'
[0.209s] Level 1:colcon.colcon_core.package_identification:_identify(src) by extension 'ignore_ament_install'
[0.209s] Level 1:colcon.colcon_core.package_identification:_identify(src) by extensions ['colcon_pkg']
[0.209s] Level 1:colcon.colcon_core.package_identification:_identify(src) by extension 'colcon_pkg'
[0.209s] Level 1:colcon.colcon_core.package_identification:_identify(src) by extensions ['colcon_meta']
[0.209s] Level 1:colcon.colcon_core.package_identification:_identify(src) by extension 'colcon_meta'
[0.209s] Level 1:colcon.colcon_core.package_identification:_identify(src) by extensions ['ros']
[0.209s] Level 1:colcon.colcon_core.package_identification:_identify(src) by extension 'ros'
[0.209s] Level 1:colcon.colcon_core.package_identification:_identify(src) by extensions ['cmake', 'python']
[0.209s] Level 1:colcon.colcon_core.package_identification:_identify(src) by extension 'cmake'
[0.209s] Level 1:colcon.colcon_core.package_identification:_identify(src) by extension 'python'
[0.209s] Level 1:colcon.colcon_core.package_identification:_identify(src) by extensions ['python_setup_py']
[0.209s] Level 1:colcon.colcon_core.package_identification:_identify(src) by extension 'python_setup_py'
[0.209s] Level 1:colcon.colcon_core.package_identification:_identify(src/base) by extensions ['ignore', 'ignore_ament_install']
[0.209s] Level 1:colcon.colcon_core.package_identification:_identify(src/base) by extension 'ignore'
[0.209s] Level 1:colcon.colcon_core.package_identification:_identify(src/base) by extension 'ignore_ament_install'
[0.209s] Level 1:colcon.colcon_core.package_identification:_identify(src/base) by extensions ['colcon_pkg']
[0.209s] Level 1:colcon.colcon_core.package_identification:_identify(src/base) by extension 'colcon_pkg'
[0.209s] Level 1:colcon.colcon_core.package_identification:_identify(src/base) by extensions ['colcon_meta']
[0.209s] Level 1:colcon.colcon_core.package_identification:_identify(src/base) by extension 'colcon_meta'
[0.209s] Level 1:colcon.colcon_core.package_identification:_identify(src/base) by extensions ['ros']
[0.209s] Level 1:colcon.colcon_core.package_identification:_identify(src/base) by extension 'ros'
[0.209s] Level 1:colcon.colcon_core.package_identification:_identify(src/base) by extensions ['cmake', 'python']
[0.209s] Level 1:colcon.colcon_core.package_identification:_identify(src/base) by extension 'cmake'
[0.209s] Level 1:colcon.colcon_core.package_identification:_identify(src/base) by extension 'python'
[0.209s] Level 1:colcon.colcon_core.package_identification:_identify(src/base) by extensions ['python_setup_py']
[0.209s] Level 1:colcon.colcon_core.package_identification:_identify(src/base) by extension 'python_setup_py'
[0.209s] Level 1:colcon.colcon_core.package_identification:_identify(src/base/go2_teleop_ctrl_keyboard) by extensions ['ignore', 'ignore_ament_install']
[0.209s] Level 1:colcon.colcon_core.package_identification:_identify(src/base/go2_teleop_ctrl_keyboard) by extension 'ignore'
[0.209s] Level 1:colcon.colcon_core.package_identification:_identify(src/base/go2_teleop_ctrl_keyboard) by extension 'ignore_ament_install'
[0.210s] Level 1:colcon.colcon_core.package_identification:_identify(src/base/go2_teleop_ctrl_keyboard) by extensions ['colcon_pkg']
[0.210s] Level 1:colcon.colcon_core.package_identification:_identify(src/base/go2_teleop_ctrl_keyboard) by extension 'colcon_pkg'
[0.210s] Level 1:colcon.colcon_core.package_identification:_identify(src/base/go2_teleop_ctrl_keyboard) by extensions ['colcon_meta']
[0.210s] Level 1:colcon.colcon_core.package_identification:_identify(src/base/go2_teleop_ctrl_keyboard) by extension 'colcon_meta'
[0.210s] Level 1:colcon.colcon_core.package_identification:_identify(src/base/go2_teleop_ctrl_keyboard) by extensions ['ros']
[0.210s] Level 1:colcon.colcon_core.package_identification:_identify(src/base/go2_teleop_ctrl_keyboard) by extension 'ros'
[0.211s] DEBUG:colcon.colcon_core.package_identification:Package 'src/base/go2_teleop_ctrl_keyboard' with type 'ros.ament_python' and name 'go2_teleop_ctrl_keyboard'
[0.212s] Level 1:colcon.colcon_core.package_identification:_identify(src/helloworld) by extensions ['ignore', 'ignore_ament_install']
[0.212s] Level 1:colcon.colcon_core.package_identification:_identify(src/helloworld) by extension 'ignore'
[0.212s] Level 1:colcon.colcon_core.package_identification:_identify(src/helloworld) by extension 'ignore_ament_install'
[0.212s] Level 1:colcon.colcon_core.package_identification:_identify(src/helloworld) by extensions ['colcon_pkg']
[0.212s] Level 1:colcon.colcon_core.package_identification:_identify(src/helloworld) by extension 'colcon_pkg'
[0.212s] Level 1:colcon.colcon_core.package_identification:_identify(src/helloworld) by extensions ['colcon_meta']
[0.212s] Level 1:colcon.colcon_core.package_identification:_identify(src/helloworld) by extension 'colcon_meta'
[0.212s] Level 1:colcon.colcon_core.package_identification:_identify(src/helloworld) by extensions ['ros']
[0.212s] Level 1:colcon.colcon_core.package_identification:_identify(src/helloworld) by extension 'ros'
[0.212s] Level 1:colcon.colcon_core.package_identification:_identify(src/helloworld) by extensions ['cmake', 'python']
[0.212s] Level 1:colcon.colcon_core.package_identification:_identify(src/helloworld) by extension 'cmake'
[0.212s] Level 1:colcon.colcon_core.package_identification:_identify(src/helloworld) by extension 'python'
[0.212s] Level 1:colcon.colcon_core.package_identification:_identify(src/helloworld) by extensions ['python_setup_py']
[0.212s] Level 1:colcon.colcon_core.package_identification:_identify(src/helloworld) by extension 'python_setup_py'
[0.212s] Level 1:colcon.colcon_core.package_identification:_identify(src/helloworld/helloworld) by extensions ['ignore', 'ignore_ament_install']
[0.212s] Level 1:colcon.colcon_core.package_identification:_identify(src/helloworld/helloworld) by extension 'ignore'
[0.212s] Level 1:colcon.colcon_core.package_identification:_identify(src/helloworld/helloworld) by extension 'ignore_ament_install'
[0.212s] Level 1:colcon.colcon_core.package_identification:_identify(src/helloworld/helloworld) by extensions ['colcon_pkg']
[0.212s] Level 1:colcon.colcon_core.package_identification:_identify(src/helloworld/helloworld) by extension 'colcon_pkg'
[0.212s] Level 1:colcon.colcon_core.package_identification:_identify(src/helloworld/helloworld) by extensions ['colcon_meta']
[0.212s] Level 1:colcon.colcon_core.package_identification:_identify(src/helloworld/helloworld) by extension 'colcon_meta'
[0.212s] Level 1:colcon.colcon_core.package_identification:_identify(src/helloworld/helloworld) by extensions ['ros']
[0.212s] Level 1:colcon.colcon_core.package_identification:_identify(src/helloworld/helloworld) by extension 'ros'
[0.213s] DEBUG:colcon.colcon_core.package_identification:Package 'src/helloworld/helloworld' with type 'ros.ament_cmake' and name 'helloworld'
[0.213s] Level 1:colcon.colcon_core.package_identification:_identify(src/helloworld/helloworld_py) by extensions ['ignore', 'ignore_ament_install']
[0.213s] Level 1:colcon.colcon_core.package_identification:_identify(src/helloworld/helloworld_py) by extension 'ignore'
[0.213s] Level 1:colcon.colcon_core.package_identification:_identify(src/helloworld/helloworld_py) by extension 'ignore_ament_install'
[0.213s] Level 1:colcon.colcon_core.package_identification:_identify(src/helloworld/helloworld_py) by extensions ['colcon_pkg']
[0.213s] Level 1:colcon.colcon_core.package_identification:_identify(src/helloworld/helloworld_py) by extension 'colcon_pkg'
[0.213s] Level 1:colcon.colcon_core.package_identification:_identify(src/helloworld/helloworld_py) by extensions ['colcon_meta']
[0.213s] Level 1:colcon.colcon_core.package_identification:_identify(src/helloworld/helloworld_py) by extension 'colcon_meta'
[0.213s] Level 1:colcon.colcon_core.package_identification:_identify(src/helloworld/helloworld_py) by extensions ['ros']
[0.213s] Level 1:colcon.colcon_core.package_identification:_identify(src/helloworld/helloworld_py) by extension 'ros'
[0.213s] DEBUG:colcon.colcon_core.package_identification:Package 'src/helloworld/helloworld_py' with type 'ros.ament_python' and name 'helloworld_py'
[0.213s] Level 1:colcon.colcon_core.package_identification:_identify(src/test) by extensions ['ignore', 'ignore_ament_install']
[0.213s] Level 1:colcon.colcon_core.package_identification:_identify(src/test) by extension 'ignore'
[0.213s] Level 1:colcon.colcon_core.package_identification:_identify(src/test) by extension 'ignore_ament_install'
[0.214s] Level 1:colcon.colcon_core.package_identification:_identify(src/test) by extensions ['colcon_pkg']
[0.214s] Level 1:colcon.colcon_core.package_identification:_identify(src/test) by extension 'colcon_pkg'
[0.214s] Level 1:colcon.colcon_core.package_identification:_identify(src/test) by extensions ['colcon_meta']
[0.214s] Level 1:colcon.colcon_core.package_identification:_identify(src/test) by extension 'colcon_meta'
[0.214s] Level 1:colcon.colcon_core.package_identification:_identify(src/test) by extensions ['ros']
[0.214s] Level 1:colcon.colcon_core.package_identification:_identify(src/test) by extension 'ros'
[0.214s] Level 1:colcon.colcon_core.package_identification:_identify(src/test) by extensions ['cmake', 'python']
[0.214s] Level 1:colcon.colcon_core.package_identification:_identify(src/test) by extension 'cmake'
[0.214s] Level 1:colcon.colcon_core.package_identification:_identify(src/test) by extension 'python'
[0.214s] Level 1:colcon.colcon_core.package_identification:_identify(src/test) by extensions ['python_setup_py']
[0.214s] Level 1:colcon.colcon_core.package_identification:_identify(src/test) by extension 'python_setup_py'
[0.214s] Level 1:colcon.colcon_core.package_identification:_identify(src/test/my_test_py) by extensions ['ignore', 'ignore_ament_install']
[0.214s] Level 1:colcon.colcon_core.package_identification:_identify(src/test/my_test_py) by extension 'ignore'
[0.214s] Level 1:colcon.colcon_core.package_identification:_identify(src/test/my_test_py) by extension 'ignore_ament_install'
[0.214s] Level 1:colcon.colcon_core.package_identification:_identify(src/test/my_test_py) by extensions ['colcon_pkg']
[0.214s] Level 1:colcon.colcon_core.package_identification:_identify(src/test/my_test_py) by extension 'colcon_pkg'
[0.214s] Level 1:colcon.colcon_core.package_identification:_identify(src/test/my_test_py) by extensions ['colcon_meta']
[0.214s] Level 1:colcon.colcon_core.package_identification:_identify(src/test/my_test_py) by extension 'colcon_meta'
[0.214s] Level 1:colcon.colcon_core.package_identification:_identify(src/test/my_test_py) by extensions ['ros']
[0.214s] Level 1:colcon.colcon_core.package_identification:_identify(src/test/my_test_py) by extension 'ros'
[0.214s] DEBUG:colcon.colcon_core.package_identification:Package 'src/test/my_test_py' with type 'ros.ament_python' and name 'my_test_py'
[0.214s] Level 1:colcon.colcon_core.package_identification:_identify(src/tutorial) by extensions ['ignore', 'ignore_ament_install']
[0.214s] Level 1:colcon.colcon_core.package_identification:_identify(src/tutorial) by extension 'ignore'
[0.215s] Level 1:colcon.colcon_core.package_identification:_identify(src/tutorial) by extension 'ignore_ament_install'
[0.215s] Level 1:colcon.colcon_core.package_identification:_identify(src/tutorial) by extensions ['colcon_pkg']
[0.215s] Level 1:colcon.colcon_core.package_identification:_identify(src/tutorial) by extension 'colcon_pkg'
[0.215s] Level 1:colcon.colcon_core.package_identification:_identify(src/tutorial) by extensions ['colcon_meta']
[0.215s] Level 1:colcon.colcon_core.package_identification:_identify(src/tutorial) by extension 'colcon_meta'
[0.215s] Level 1:colcon.colcon_core.package_identification:_identify(src/tutorial) by extensions ['ros']
[0.215s] Level 1:colcon.colcon_core.package_identification:_identify(src/tutorial) by extension 'ros'
[0.215s] Level 1:colcon.colcon_core.package_identification:_identify(src/tutorial) by extensions ['cmake', 'python']
[0.215s] Level 1:colcon.colcon_core.package_identification:_identify(src/tutorial) by extension 'cmake'
[0.215s] Level 1:colcon.colcon_core.package_identification:_identify(src/tutorial) by extension 'python'
[0.215s] Level 1:colcon.colcon_core.package_identification:_identify(src/tutorial) by extensions ['python_setup_py']
[0.215s] Level 1:colcon.colcon_core.package_identification:_identify(src/tutorial) by extension 'python_setup_py'
[0.215s] Level 1:colcon.colcon_core.package_discovery:discover_packages(recursive) using defaults
[0.215s] Level 1:colcon.colcon_core.package_discovery:discover_packages(ignore) discover
[0.215s] Level 1:colcon.colcon_core.package_discovery:discover_packages(ignore) using defaults
[0.215s] Level 1:colcon.colcon_core.package_discovery:discover_packages(path) discover
[0.215s] Level 1:colcon.colcon_core.package_discovery:discover_packages(path) using defaults
[0.227s] Level 1:colcon.colcon_core.package_discovery:discover_packages(prefix_path) check parameters
[0.227s] Level 1:colcon.colcon_core.package_discovery:discover_packages(prefix_path) discover
[0.229s] DEBUG:colcon.colcon_installed_package_information.package_discovery:Found 4 installed packages in /home/xn/unitree_go2_ws/install
[0.229s] DEBUG:colcon.colcon_installed_package_information.package_discovery:Found 5 installed packages in /home/xn/unitree_ros2/cyclonedds_ws/install
[0.230s] DEBUG:colcon.colcon_installed_package_information.package_discovery:Found 258 installed packages in /opt/ros/foxy
[0.241s] Level 1:colcon.colcon_core.package_discovery:discover_packages(prefix_path) using defaults
[0.279s] Level 5:colcon.colcon_core.verb:set package 'go2_teleop_ctrl_keyboard' build argument 'cmake_args' from command line to 'None'
[0.279s] Level 5:colcon.colcon_core.verb:set package 'go2_teleop_ctrl_keyboard' build argument 'cmake_target' from command line to 'None'
[0.280s] Level 5:colcon.colcon_core.verb:set package 'go2_teleop_ctrl_keyboard' build argument 'cmake_target_skip_unavailable' from command line to 'False'
[0.280s] Level 5:colcon.colcon_core.verb:set package 'go2_teleop_ctrl_keyboard' build argument 'cmake_clean_cache' from command line to 'False'
[0.280s] Level 5:colcon.colcon_core.verb:set package 'go2_teleop_ctrl_keyboard' build argument 'cmake_clean_first' from command line to 'False'
[0.280s] Level 5:colcon.colcon_core.verb:set package 'go2_teleop_ctrl_keyboard' build argument 'cmake_force_configure' from command line to 'False'
[0.280s] Level 5:colcon.colcon_core.verb:set package 'go2_teleop_ctrl_keyboard' build argument 'ament_cmake_args' from command line to 'None'
[0.280s] Level 5:colcon.colcon_core.verb:set package 'go2_teleop_ctrl_keyboard' build argument 'catkin_cmake_args' from command line to 'None'
[0.280s] Level 5:colcon.colcon_core.verb:set package 'go2_teleop_ctrl_keyboard' build argument 'catkin_skip_building_tests' from command line to 'False'
[0.280s] DEBUG:colcon.colcon_core.verb:Building package 'go2_teleop_ctrl_keyboard' with the following arguments: {'ament_cmake_args': None, 'build_base': '/home/xn/unitree_go2_ws/build/go2_teleop_ctrl_keyboard', 'catkin_cmake_args': None, 'catkin_skip_building_tests': False, 'cmake_args': None, 'cmake_clean_cache': False, 'cmake_clean_first': False, 'cmake_force_configure': False, 'cmake_target': None, 'cmake_target_skip_unavailable': False, 'install_base': '/home/xn/unitree_go2_ws/install/go2_teleop_ctrl_keyboard', 'merge_install': False, 'path': '/home/xn/unitree_go2_ws/src/base/go2_teleop_ctrl_keyboard', 'symlink_install': False, 'test_result_base': None}
[0.280s] Level 5:colcon.colcon_core.verb:set package 'helloworld' build argument 'cmake_args' from command line to 'None'
[0.280s] Level 5:colcon.colcon_core.verb:set package 'helloworld' build argument 'cmake_target' from command line to 'None'
[0.280s] Level 5:colcon.colcon_core.verb:set package 'helloworld' build argument 'cmake_target_skip_unavailable' from command line to 'False'
[0.280s] Level 5:colcon.colcon_core.verb:set package 'helloworld' build argument 'cmake_clean_cache' from command line to 'False'
[0.280s] Level 5:colcon.colcon_core.verb:set package 'helloworld' build argument 'cmake_clean_first' from command line to 'False'
[0.280s] Level 5:colcon.colcon_core.verb:set package 'helloworld' build argument 'cmake_force_configure' from command line to 'False'
[0.280s] Level 5:colcon.colcon_core.verb:set package 'helloworld' build argument 'ament_cmake_args' from command line to 'None'
[0.280s] Level 5:colcon.colcon_core.verb:set package 'helloworld' build argument 'catkin_cmake_args' from command line to 'None'
[0.280s] Level 5:colcon.colcon_core.verb:set package 'helloworld' build argument 'catkin_skip_building_tests' from command line to 'False'
[0.280s] DEBUG:colcon.colcon_core.verb:Building package 'helloworld' with the following arguments: {'ament_cmake_args': None, 'build_base': '/home/xn/unitree_go2_ws/build/helloworld', 'catkin_cmake_args': None, 'catkin_skip_building_tests': False, 'cmake_args': None, 'cmake_clean_cache': False, 'cmake_clean_first': False, 'cmake_force_configure': False, 'cmake_target': None, 'cmake_target_skip_unavailable': False, 'install_base': '/home/xn/unitree_go2_ws/install/helloworld', 'merge_install': False, 'path': '/home/xn/unitree_go2_ws/src/helloworld/helloworld', 'symlink_install': False, 'test_result_base': None}
[0.280s] Level 5:colcon.colcon_core.verb:set package 'helloworld_py' build argument 'cmake_args' from command line to 'None'
[0.280s] Level 5:colcon.colcon_core.verb:set package 'helloworld_py' build argument 'cmake_target' from command line to 'None'
[0.280s] Level 5:colcon.colcon_core.verb:set package 'helloworld_py' build argument 'cmake_target_skip_unavailable' from command line to 'False'
[0.280s] Level 5:colcon.colcon_core.verb:set package 'helloworld_py' build argument 'cmake_clean_cache' from command line to 'False'
[0.280s] Level 5:colcon.colcon_core.verb:set package 'helloworld_py' build argument 'cmake_clean_first' from command line to 'False'
[0.280s] Level 5:colcon.colcon_core.verb:set package 'helloworld_py' build argument 'cmake_force_configure' from command line to 'False'
[0.280s] Level 5:colcon.colcon_core.verb:set package 'helloworld_py' build argument 'ament_cmake_args' from command line to 'None'
[0.280s] Level 5:colcon.colcon_core.verb:set package 'helloworld_py' build argument 'catkin_cmake_args' from command line to 'None'
[0.280s] Level 5:colcon.colcon_core.verb:set package 'helloworld_py' build argument 'catkin_skip_building_tests' from command line to 'False'
[0.280s] DEBUG:colcon.colcon_core.verb:Building package 'helloworld_py' with the following arguments: {'ament_cmake_args': None, 'build_base': '/home/xn/unitree_go2_ws/build/helloworld_py', 'catkin_cmake_args': None, 'catkin_skip_building_tests': False, 'cmake_args': None, 'cmake_clean_cache': False, 'cmake_clean_first': False, 'cmake_force_configure': False, 'cmake_target': None, 'cmake_target_skip_unavailable': False, 'install_base': '/home/xn/unitree_go2_ws/install/helloworld_py', 'merge_install': False, 'path': '/home/xn/unitree_go2_ws/src/helloworld/helloworld_py', 'symlink_install': False, 'test_result_base': None}
[0.281s] Level 5:colcon.colcon_core.verb:set package 'my_test_py' build argument 'cmake_args' from command line to 'None'
[0.281s] Level 5:colcon.colcon_core.verb:set package 'my_test_py' build argument 'cmake_target' from command line to 'None'
[0.281s] Level 5:colcon.colcon_core.verb:set package 'my_test_py' build argument 'cmake_target_skip_unavailable' from command line to 'False'
[0.281s] Level 5:colcon.colcon_core.verb:set package 'my_test_py' build argument 'cmake_clean_cache' from command line to 'False'
[0.281s] Level 5:colcon.colcon_core.verb:set package 'my_test_py' build argument 'cmake_clean_first' from command line to 'False'
[0.281s] Level 5:colcon.colcon_core.verb:set package 'my_test_py' build argument 'cmake_force_configure' from command line to 'False'
[0.281s] Level 5:colcon.colcon_core.verb:set package 'my_test_py' build argument 'ament_cmake_args' from command line to 'None'
[0.281s] Level 5:colcon.colcon_core.verb:set package 'my_test_py' build argument 'catkin_cmake_args' from command line to 'None'
[0.281s] Level 5:colcon.colcon_core.verb:set package 'my_test_py' build argument 'catkin_skip_building_tests' from command line to 'False'
[0.281s] DEBUG:colcon.colcon_core.verb:Building package 'my_test_py' with the following arguments: {'ament_cmake_args': None, 'build_base': '/home/xn/unitree_go2_ws/build/my_test_py', 'catkin_cmake_args': None, 'catkin_skip_building_tests': False, 'cmake_args': None, 'cmake_clean_cache': False, 'cmake_clean_first': False, 'cmake_force_configure': False, 'cmake_target': None, 'cmake_target_skip_unavailable': False, 'install_base': '/home/xn/unitree_go2_ws/install/my_test_py', 'merge_install': False, 'path': '/home/xn/unitree_go2_ws/src/test/my_test_py', 'symlink_install': False, 'test_result_base': None}
[0.281s] INFO:colcon.colcon_core.executor:Executing jobs using 'parallel' executor
[0.282s] DEBUG:colcon.colcon_parallel_executor.executor.parallel:run_until_complete
[0.282s] INFO:colcon.colcon_ros.task.ament_python.build:Building ROS package in '/home/xn/unitree_go2_ws/src/base/go2_teleop_ctrl_keyboard' with build type 'ament_python'
[0.283s] Level 1:colcon.colcon_core.shell:create_environment_hook('go2_teleop_ctrl_keyboard', 'ament_prefix_path')
[0.284s] INFO:colcon.colcon_core.plugin_system:Skipping extension 'colcon_core.shell.bat': Not used on non-Windows systems
[0.284s] INFO:colcon.colcon_core.shell:Creating environment hook '/home/xn/unitree_go2_ws/install/go2_teleop_ctrl_keyboard/share/go2_teleop_ctrl_keyboard/hook/ament_prefix_path.ps1'
[0.285s] INFO:colcon.colcon_core.shell:Creating environment descriptor '/home/xn/unitree_go2_ws/install/go2_teleop_ctrl_keyboard/share/go2_teleop_ctrl_keyboard/hook/ament_prefix_path.dsv'
[0.286s] INFO:colcon.colcon_core.shell:Creating environment hook '/home/xn/unitree_go2_ws/install/go2_teleop_ctrl_keyboard/share/go2_teleop_ctrl_keyboard/hook/ament_prefix_path.sh'
[0.287s] INFO:colcon.colcon_core.shell:Skip shell extension 'powershell' for command environment: Not usable outside of PowerShell
[0.287s] DEBUG:colcon.colcon_core.shell:Skip shell extension 'dsv' for command environment
[0.293s] INFO:colcon.colcon_ros.task.ament_cmake.build:Building ROS package in '/home/xn/unitree_go2_ws/src/helloworld/helloworld' with build type 'ament_cmake'
[0.293s] INFO:colcon.colcon_cmake.task.cmake.build:Building CMake package in '/home/xn/unitree_go2_ws/src/helloworld/helloworld'
[0.294s] INFO:colcon.colcon_core.shell:Skip shell extension 'powershell' for command environment: Not usable outside of PowerShell
[0.294s] DEBUG:colcon.colcon_core.shell:Skip shell extension 'dsv' for command environment
[0.299s] INFO:colcon.colcon_ros.task.ament_python.build:Building ROS package in '/home/xn/unitree_go2_ws/src/helloworld/helloworld_py' with build type 'ament_python'
[0.299s] Level 1:colcon.colcon_core.shell:create_environment_hook('helloworld_py', 'ament_prefix_path')
[0.299s] INFO:colcon.colcon_core.shell:Creating environment hook '/home/xn/unitree_go2_ws/install/helloworld_py/share/helloworld_py/hook/ament_prefix_path.ps1'
[0.300s] INFO:colcon.colcon_core.shell:Creating environment descriptor '/home/xn/unitree_go2_ws/install/helloworld_py/share/helloworld_py/hook/ament_prefix_path.dsv'
[0.300s] INFO:colcon.colcon_core.shell:Creating environment hook '/home/xn/unitree_go2_ws/install/helloworld_py/share/helloworld_py/hook/ament_prefix_path.sh'
[0.301s] INFO:colcon.colcon_core.shell:Skip shell extension 'powershell' for command environment: Not usable outside of PowerShell
[0.301s] DEBUG:colcon.colcon_core.shell:Skip shell extension 'dsv' for command environment
[0.305s] INFO:colcon.colcon_ros.task.ament_python.build:Building ROS package in '/home/xn/unitree_go2_ws/src/test/my_test_py' with build type 'ament_python'
[0.305s] Level 1:colcon.colcon_core.shell:create_environment_hook('my_test_py', 'ament_prefix_path')
[0.305s] INFO:colcon.colcon_core.shell:Creating environment hook '/home/xn/unitree_go2_ws/install/my_test_py/share/my_test_py/hook/ament_prefix_path.ps1'
[0.306s] INFO:colcon.colcon_core.shell:Creating environment descriptor '/home/xn/unitree_go2_ws/install/my_test_py/share/my_test_py/hook/ament_prefix_path.dsv'
[0.306s] INFO:colcon.colcon_core.shell:Creating environment hook '/home/xn/unitree_go2_ws/install/my_test_py/share/my_test_py/hook/ament_prefix_path.sh'
[0.307s] INFO:colcon.colcon_core.shell:Skip shell extension 'powershell' for command environment: Not usable outside of PowerShell
[0.307s] DEBUG:colcon.colcon_core.shell:Skip shell extension 'dsv' for command environment
[0.453s] INFO:colcon.colcon_core.task.python.build:Building Python package in '/home/xn/unitree_go2_ws/src/base/go2_teleop_ctrl_keyboard'
[0.454s] INFO:colcon.colcon_core.shell:Skip shell extension 'powershell' for command environment: Not usable outside of PowerShell
[0.454s] DEBUG:colcon.colcon_core.shell:Skip shell extension 'dsv' for command environment
[0.463s] DEBUG:colcon.colcon_core.event_handler.log_command:Invoking command in '/home/xn/unitree_go2_ws/build/helloworld': CMAKE_PREFIX_PATH=${CMAKE_PREFIX_PATH}:/home/xn/unitree_go2_ws/install/my_test_py:/home/xn/unitree_go2_ws/install/helloworld_py:/home/xn/unitree_go2_ws/install/go2_teleop_ctrl_keyboard:/opt/ros/foxy /usr/bin/cmake --build /home/xn/unitree_go2_ws/build/helloworld -- -j4 -l4
[0.591s] INFO:colcon.colcon_core.task.python.build:Building Python package in '/home/xn/unitree_go2_ws/src/helloworld/helloworld_py'
[0.591s] INFO:colcon.colcon_core.shell:Skip shell extension 'powershell' for command environment: Not usable outside of PowerShell
[0.591s] DEBUG:colcon.colcon_core.shell:Skip shell extension 'dsv' for command environment
[0.733s] INFO:colcon.colcon_core.task.python.build:Building Python package in '/home/xn/unitree_go2_ws/src/test/my_test_py'
[0.733s] INFO:colcon.colcon_core.shell:Skip shell extension 'powershell' for command environment: Not usable outside of PowerShell
[0.733s] DEBUG:colcon.colcon_core.shell:Skip shell extension 'dsv' for command environment
[0.739s] DEBUG:colcon.colcon_core.event_handler.log_command:Invoked command in '/home/xn/unitree_go2_ws/build/helloworld' returned '0': CMAKE_PREFIX_PATH=${CMAKE_PREFIX_PATH}:/home/xn/unitree_go2_ws/install/my_test_py:/home/xn/unitree_go2_ws/install/helloworld_py:/home/xn/unitree_go2_ws/install/go2_teleop_ctrl_keyboard:/opt/ros/foxy /usr/bin/cmake --build /home/xn/unitree_go2_ws/build/helloworld -- -j4 -l4
[0.750s] DEBUG:colcon.colcon_core.event_handler.log_command:Invoking command in '/home/xn/unitree_go2_ws/build/helloworld': CMAKE_PREFIX_PATH=${CMAKE_PREFIX_PATH}:/home/xn/unitree_go2_ws/install/my_test_py:/home/xn/unitree_go2_ws/install/helloworld_py:/home/xn/unitree_go2_ws/install/go2_teleop_ctrl_keyboard:/opt/ros/foxy /usr/bin/cmake --install /home/xn/unitree_go2_ws/build/helloworld
[0.770s] Level 1:colcon.colcon_core.environment:create_environment_scripts_only(helloworld)
[0.774s] Level 1:colcon.colcon_core.environment:checking '/home/xn/unitree_go2_ws/install/helloworld' for CMake module files
[0.771s] DEBUG:colcon.colcon_core.event_handler.log_command:Invoked command in '/home/xn/unitree_go2_ws/build/helloworld' returned '0': CMAKE_PREFIX_PATH=${CMAKE_PREFIX_PATH}:/home/xn/unitree_go2_ws/install/my_test_py:/home/xn/unitree_go2_ws/install/helloworld_py:/home/xn/unitree_go2_ws/install/go2_teleop_ctrl_keyboard:/opt/ros/foxy /usr/bin/cmake --install /home/xn/unitree_go2_ws/build/helloworld
[0.775s] Level 1:colcon.colcon_core.environment:checking '/home/xn/unitree_go2_ws/install/helloworld' for CMake config files
[0.775s] Level 1:colcon.colcon_core.shell:create_environment_hook('helloworld', 'cmake_prefix_path')
[0.775s] INFO:colcon.colcon_core.shell:Creating environment hook '/home/xn/unitree_go2_ws/install/helloworld/share/helloworld/hook/cmake_prefix_path.ps1'
[0.776s] INFO:colcon.colcon_core.shell:Creating environment descriptor '/home/xn/unitree_go2_ws/install/helloworld/share/helloworld/hook/cmake_prefix_path.dsv'
[0.777s] INFO:colcon.colcon_core.shell:Creating environment hook '/home/xn/unitree_go2_ws/install/helloworld/share/helloworld/hook/cmake_prefix_path.sh'
[0.778s] Level 1:colcon.colcon_core.environment:checking '/home/xn/unitree_go2_ws/install/helloworld/lib'
[0.778s] Level 1:colcon.colcon_core.environment:checking '/home/xn/unitree_go2_ws/install/helloworld/bin'
[0.778s] Level 1:colcon.colcon_core.environment:checking '/home/xn/unitree_go2_ws/install/helloworld/lib/pkgconfig/helloworld.pc'
[0.779s] Level 1:colcon.colcon_core.environment:checking '/home/xn/unitree_go2_ws/install/helloworld/lib/python3.8/site-packages'
[0.779s] Level 1:colcon.colcon_core.environment:checking '/home/xn/unitree_go2_ws/install/helloworld/bin'
[0.779s] INFO:colcon.colcon_core.shell:Creating package script '/home/xn/unitree_go2_ws/install/helloworld/share/helloworld/package.ps1'
[0.780s] INFO:colcon.colcon_core.shell:Creating package descriptor '/home/xn/unitree_go2_ws/install/helloworld/share/helloworld/package.dsv'
[0.781s] INFO:colcon.colcon_core.shell:Creating package script '/home/xn/unitree_go2_ws/install/helloworld/share/helloworld/package.sh'
[0.782s] INFO:colcon.colcon_core.shell:Creating package script '/home/xn/unitree_go2_ws/install/helloworld/share/helloworld/package.bash'
[0.783s] INFO:colcon.colcon_core.shell:Creating package script '/home/xn/unitree_go2_ws/install/helloworld/share/helloworld/package.zsh'
[0.784s] Level 1:colcon.colcon_core.environment:create_file_with_runtime_dependencies(/home/xn/unitree_go2_ws/install/helloworld/share/colcon-core/packages/helloworld)
[0.785s] Level 1:colcon.colcon_core.environment:create_environment_scripts_only(helloworld)
[0.785s] Level 1:colcon.colcon_core.environment:checking '/home/xn/unitree_go2_ws/install/helloworld' for CMake module files
[0.785s] Level 1:colcon.colcon_core.environment:checking '/home/xn/unitree_go2_ws/install/helloworld' for CMake config files
[0.786s] Level 1:colcon.colcon_core.shell:create_environment_hook('helloworld', 'cmake_prefix_path')
[0.786s] INFO:colcon.colcon_core.shell:Creating environment hook '/home/xn/unitree_go2_ws/install/helloworld/share/helloworld/hook/cmake_prefix_path.ps1'
[0.786s] INFO:colcon.colcon_core.shell:Creating environment descriptor '/home/xn/unitree_go2_ws/install/helloworld/share/helloworld/hook/cmake_prefix_path.dsv'
[0.787s] INFO:colcon.colcon_core.shell:Creating environment hook '/home/xn/unitree_go2_ws/install/helloworld/share/helloworld/hook/cmake_prefix_path.sh'
[0.788s] Level 1:colcon.colcon_core.environment:checking '/home/xn/unitree_go2_ws/install/helloworld/lib'
[0.788s] Level 1:colcon.colcon_core.environment:checking '/home/xn/unitree_go2_ws/install/helloworld/bin'
[0.788s] Level 1:colcon.colcon_core.environment:checking '/home/xn/unitree_go2_ws/install/helloworld/lib/pkgconfig/helloworld.pc'
[0.788s] Level 1:colcon.colcon_core.environment:checking '/home/xn/unitree_go2_ws/install/helloworld/lib/python3.8/site-packages'
[0.789s] Level 1:colcon.colcon_core.environment:checking '/home/xn/unitree_go2_ws/install/helloworld/bin'
[0.789s] INFO:colcon.colcon_core.shell:Creating package script '/home/xn/unitree_go2_ws/install/helloworld/share/helloworld/package.ps1'
[0.790s] INFO:colcon.colcon_core.shell:Creating package descriptor '/home/xn/unitree_go2_ws/install/helloworld/share/helloworld/package.dsv'
[0.790s] INFO:colcon.colcon_core.shell:Creating package script '/home/xn/unitree_go2_ws/install/helloworld/share/helloworld/package.sh'
[0.791s] INFO:colcon.colcon_core.shell:Creating package script '/home/xn/unitree_go2_ws/install/helloworld/share/helloworld/package.bash'
[0.791s] INFO:colcon.colcon_core.shell:Creating package script '/home/xn/unitree_go2_ws/install/helloworld/share/helloworld/package.zsh'
[0.792s] Level 1:colcon.colcon_core.environment:create_file_with_runtime_dependencies(/home/xn/unitree_go2_ws/install/helloworld/share/colcon-core/packages/helloworld)
[1.042s] DEBUG:colcon.colcon_core.event_handler.log_command:Invoking command in '/home/xn/unitree_go2_ws/src/test/my_test_py': PYTHONPATH=/home/xn/unitree_go2_ws/build/my_test_py/prefix_override:/usr/lib/python3/dist-packages/colcon_core/task/python/colcon_distutils_commands:/home/xn/unitree_go2_ws/install/my_test_py/lib/python3.8/site-packages:${PYTHONPATH} /usr/bin/python3 -W ignore:setup.py install is deprecated -W ignore:easy_install command is deprecated setup.py egg_info --egg-base ../../../build/my_test_py build --build-base /home/xn/unitree_go2_ws/build/my_test_py/build install --record /home/xn/unitree_go2_ws/build/my_test_py/install.log --install-scripts $base/lib/my_test_py --single-version-externally-managed install_data
[1.052s] DEBUG:colcon.colcon_core.event_handler.log_command:Invoking command in '/home/xn/unitree_go2_ws/src/base/go2_teleop_ctrl_keyboard': PYTHONPATH=/home/xn/unitree_go2_ws/build/go2_teleop_ctrl_keyboard/prefix_override:/usr/lib/python3/dist-packages/colcon_core/task/python/colcon_distutils_commands:/home/xn/unitree_go2_ws/install/go2_teleop_ctrl_keyboard/lib/python3.8/site-packages:${PYTHONPATH} /usr/bin/python3 -W ignore:setup.py install is deprecated -W ignore:easy_install command is deprecated setup.py egg_info --egg-base ../../../build/go2_teleop_ctrl_keyboard build --build-base /home/xn/unitree_go2_ws/build/go2_teleop_ctrl_keyboard/build install --record /home/xn/unitree_go2_ws/build/go2_teleop_ctrl_keyboard/install.log --install-scripts $base/lib/go2_teleop_ctrl_keyboard --single-version-externally-managed install_data
[1.058s] DEBUG:colcon.colcon_core.event_handler.log_command:Invoking command in '/home/xn/unitree_go2_ws/src/helloworld/helloworld_py': PYTHONPATH=/home/xn/unitree_go2_ws/build/helloworld_py/prefix_override:/usr/lib/python3/dist-packages/colcon_core/task/python/colcon_distutils_commands:/home/xn/unitree_go2_ws/install/helloworld_py/lib/python3.8/site-packages:${PYTHONPATH} /usr/bin/python3 -W ignore:setup.py install is deprecated -W ignore:easy_install command is deprecated setup.py egg_info --egg-base ../../../build/helloworld_py build --build-base /home/xn/unitree_go2_ws/build/helloworld_py/build install --record /home/xn/unitree_go2_ws/build/helloworld_py/install.log --install-scripts $base/lib/helloworld_py --single-version-externally-managed install_data
[1.259s] Level 1:colcon.colcon_core.environment:checking '/home/xn/unitree_go2_ws/install/my_test_py' for CMake module files
[1.260s] Level 1:colcon.colcon_core.environment:checking '/home/xn/unitree_go2_ws/install/my_test_py' for CMake config files
[1.260s] Level 1:colcon.colcon_core.environment:checking '/home/xn/unitree_go2_ws/install/my_test_py/lib'
[1.260s] Level 1:colcon.colcon_core.environment:checking '/home/xn/unitree_go2_ws/install/my_test_py/bin'
[1.260s] Level 1:colcon.colcon_core.environment:checking '/home/xn/unitree_go2_ws/install/my_test_py/lib/pkgconfig/my_test_py.pc'
[1.260s] Level 1:colcon.colcon_core.environment:checking '/home/xn/unitree_go2_ws/install/my_test_py/lib/python3.8/site-packages'
[1.260s] Level 1:colcon.colcon_core.shell:create_environment_hook('my_test_py', 'pythonpath')
[1.260s] INFO:colcon.colcon_core.shell:Creating environment hook '/home/xn/unitree_go2_ws/install/my_test_py/share/my_test_py/hook/pythonpath.ps1'
[1.261s] INFO:colcon.colcon_core.shell:Creating environment descriptor '/home/xn/unitree_go2_ws/install/my_test_py/share/my_test_py/hook/pythonpath.dsv'
[1.262s] INFO:colcon.colcon_core.shell:Creating environment hook '/home/xn/unitree_go2_ws/install/my_test_py/share/my_test_py/hook/pythonpath.sh'
[1.263s] DEBUG:colcon.colcon_core.event_handler.log_command:Invoked command in '/home/xn/unitree_go2_ws/src/test/my_test_py' returned '0': PYTHONPATH=/home/xn/unitree_go2_ws/build/my_test_py/prefix_override:/usr/lib/python3/dist-packages/colcon_core/task/python/colcon_distutils_commands:/home/xn/unitree_go2_ws/install/my_test_py/lib/python3.8/site-packages:${PYTHONPATH} /usr/bin/python3 -W ignore:setup.py install is deprecated -W ignore:easy_install command is deprecated setup.py egg_info --egg-base ../../../build/my_test_py build --build-base /home/xn/unitree_go2_ws/build/my_test_py/build install --record /home/xn/unitree_go2_ws/build/my_test_py/install.log --install-scripts $base/lib/my_test_py --single-version-externally-managed install_data
[1.263s] Level 1:colcon.colcon_core.environment:checking '/home/xn/unitree_go2_ws/install/my_test_py/bin'
[1.263s] Level 1:colcon.colcon_core.environment:create_environment_scripts_only(my_test_py)
[1.264s] INFO:colcon.colcon_core.shell:Creating package script '/home/xn/unitree_go2_ws/install/my_test_py/share/my_test_py/package.ps1'
[1.264s] INFO:colcon.colcon_core.shell:Creating package descriptor '/home/xn/unitree_go2_ws/install/my_test_py/share/my_test_py/package.dsv'
[1.265s] INFO:colcon.colcon_core.shell:Creating package script '/home/xn/unitree_go2_ws/install/my_test_py/share/my_test_py/package.sh'
[1.265s] INFO:colcon.colcon_core.shell:Creating package script '/home/xn/unitree_go2_ws/install/my_test_py/share/my_test_py/package.bash'
[1.265s] INFO:colcon.colcon_core.shell:Creating package script '/home/xn/unitree_go2_ws/install/my_test_py/share/my_test_py/package.zsh'
[1.266s] Level 1:colcon.colcon_core.environment:create_file_with_runtime_dependencies(/home/xn/unitree_go2_ws/install/my_test_py/share/colcon-core/packages/my_test_py)
[1.267s] Level 1:colcon.colcon_core.environment:checking '/home/xn/unitree_go2_ws/install/go2_teleop_ctrl_keyboard' for CMake module files
[1.268s] DEBUG:colcon.colcon_core.event_handler.log_command:Invoked command in '/home/xn/unitree_go2_ws/src/base/go2_teleop_ctrl_keyboard' returned '0': PYTHONPATH=/home/xn/unitree_go2_ws/build/go2_teleop_ctrl_keyboard/prefix_override:/usr/lib/python3/dist-packages/colcon_core/task/python/colcon_distutils_commands:/home/xn/unitree_go2_ws/install/go2_teleop_ctrl_keyboard/lib/python3.8/site-packages:${PYTHONPATH} /usr/bin/python3 -W ignore:setup.py install is deprecated -W ignore:easy_install command is deprecated setup.py egg_info --egg-base ../../../build/go2_teleop_ctrl_keyboard build --build-base /home/xn/unitree_go2_ws/build/go2_teleop_ctrl_keyboard/build install --record /home/xn/unitree_go2_ws/build/go2_teleop_ctrl_keyboard/install.log --install-scripts $base/lib/go2_teleop_ctrl_keyboard --single-version-externally-managed install_data
[1.268s] Level 1:colcon.colcon_core.environment:checking '/home/xn/unitree_go2_ws/install/go2_teleop_ctrl_keyboard' for CMake config files
[1.268s] Level 1:colcon.colcon_core.environment:checking '/home/xn/unitree_go2_ws/install/go2_teleop_ctrl_keyboard/lib'
[1.269s] Level 1:colcon.colcon_core.environment:checking '/home/xn/unitree_go2_ws/install/go2_teleop_ctrl_keyboard/bin'
[1.269s] Level 1:colcon.colcon_core.environment:checking '/home/xn/unitree_go2_ws/install/go2_teleop_ctrl_keyboard/lib/pkgconfig/go2_teleop_ctrl_keyboard.pc'
[1.269s] Level 1:colcon.colcon_core.environment:checking '/home/xn/unitree_go2_ws/install/go2_teleop_ctrl_keyboard/lib/python3.8/site-packages'
[1.269s] Level 1:colcon.colcon_core.shell:create_environment_hook('go2_teleop_ctrl_keyboard', 'pythonpath')
[1.269s] INFO:colcon.colcon_core.shell:Creating environment hook '/home/xn/unitree_go2_ws/install/go2_teleop_ctrl_keyboard/share/go2_teleop_ctrl_keyboard/hook/pythonpath.ps1'
[1.269s] INFO:colcon.colcon_core.shell:Creating environment descriptor '/home/xn/unitree_go2_ws/install/go2_teleop_ctrl_keyboard/share/go2_teleop_ctrl_keyboard/hook/pythonpath.dsv'
[1.270s] INFO:colcon.colcon_core.shell:Creating environment hook '/home/xn/unitree_go2_ws/install/go2_teleop_ctrl_keyboard/share/go2_teleop_ctrl_keyboard/hook/pythonpath.sh'
[1.271s] Level 1:colcon.colcon_core.environment:checking '/home/xn/unitree_go2_ws/install/go2_teleop_ctrl_keyboard/bin'
[1.271s] Level 1:colcon.colcon_core.environment:create_environment_scripts_only(go2_teleop_ctrl_keyboard)
[1.272s] INFO:colcon.colcon_core.shell:Creating package script '/home/xn/unitree_go2_ws/install/go2_teleop_ctrl_keyboard/share/go2_teleop_ctrl_keyboard/package.ps1'
[1.272s] INFO:colcon.colcon_core.shell:Creating package descriptor '/home/xn/unitree_go2_ws/install/go2_teleop_ctrl_keyboard/share/go2_teleop_ctrl_keyboard/package.dsv'
[1.273s] INFO:colcon.colcon_core.shell:Creating package script '/home/xn/unitree_go2_ws/install/go2_teleop_ctrl_keyboard/share/go2_teleop_ctrl_keyboard/package.sh'
[1.273s] INFO:colcon.colcon_core.shell:Creating package script '/home/xn/unitree_go2_ws/install/go2_teleop_ctrl_keyboard/share/go2_teleop_ctrl_keyboard/package.bash'
[1.274s] INFO:colcon.colcon_core.shell:Creating package script '/home/xn/unitree_go2_ws/install/go2_teleop_ctrl_keyboard/share/go2_teleop_ctrl_keyboard/package.zsh'
[1.274s] Level 1:colcon.colcon_core.environment:create_file_with_runtime_dependencies(/home/xn/unitree_go2_ws/install/go2_teleop_ctrl_keyboard/share/colcon-core/packages/go2_teleop_ctrl_keyboard)
[1.275s] Level 1:colcon.colcon_core.environment:checking '/home/xn/unitree_go2_ws/install/helloworld_py' for CMake module files
[1.276s] DEBUG:colcon.colcon_core.event_handler.log_command:Invoked command in '/home/xn/unitree_go2_ws/src/helloworld/helloworld_py' returned '0': PYTHONPATH=/home/xn/unitree_go2_ws/build/helloworld_py/prefix_override:/usr/lib/python3/dist-packages/colcon_core/task/python/colcon_distutils_commands:/home/xn/unitree_go2_ws/install/helloworld_py/lib/python3.8/site-packages:${PYTHONPATH} /usr/bin/python3 -W ignore:setup.py install is deprecated -W ignore:easy_install command is deprecated setup.py egg_info --egg-base ../../../build/helloworld_py build --build-base /home/xn/unitree_go2_ws/build/helloworld_py/build install --record /home/xn/unitree_go2_ws/build/helloworld_py/install.log --install-scripts $base/lib/helloworld_py --single-version-externally-managed install_data
[1.276s] Level 1:colcon.colcon_core.environment:checking '/home/xn/unitree_go2_ws/install/helloworld_py' for CMake config files
[1.276s] Level 1:colcon.colcon_core.environment:checking '/home/xn/unitree_go2_ws/install/helloworld_py/lib'
[1.276s] Level 1:colcon.colcon_core.environment:checking '/home/xn/unitree_go2_ws/install/helloworld_py/bin'
[1.277s] Level 1:colcon.colcon_core.environment:checking '/home/xn/unitree_go2_ws/install/helloworld_py/lib/pkgconfig/helloworld_py.pc'
[1.277s] Level 1:colcon.colcon_core.environment:checking '/home/xn/unitree_go2_ws/install/helloworld_py/lib/python3.8/site-packages'
[1.277s] Level 1:colcon.colcon_core.shell:create_environment_hook('helloworld_py', 'pythonpath')
[1.277s] INFO:colcon.colcon_core.shell:Creating environment hook '/home/xn/unitree_go2_ws/install/helloworld_py/share/helloworld_py/hook/pythonpath.ps1'
[1.277s] INFO:colcon.colcon_core.shell:Creating environment descriptor '/home/xn/unitree_go2_ws/install/helloworld_py/share/helloworld_py/hook/pythonpath.dsv'
[1.278s] INFO:colcon.colcon_core.shell:Creating environment hook '/home/xn/unitree_go2_ws/install/helloworld_py/share/helloworld_py/hook/pythonpath.sh'
[1.279s] Level 1:colcon.colcon_core.environment:checking '/home/xn/unitree_go2_ws/install/helloworld_py/bin'
[1.279s] Level 1:colcon.colcon_core.environment:create_environment_scripts_only(helloworld_py)
[1.279s] INFO:colcon.colcon_core.shell:Creating package script '/home/xn/unitree_go2_ws/install/helloworld_py/share/helloworld_py/package.ps1'
[1.279s] INFO:colcon.colcon_core.shell:Creating package descriptor '/home/xn/unitree_go2_ws/install/helloworld_py/share/helloworld_py/package.dsv'
[1.280s] INFO:colcon.colcon_core.shell:Creating package script '/home/xn/unitree_go2_ws/install/helloworld_py/share/helloworld_py/package.sh'
[1.281s] INFO:colcon.colcon_core.shell:Creating package script '/home/xn/unitree_go2_ws/install/helloworld_py/share/helloworld_py/package.bash'
[1.281s] INFO:colcon.colcon_core.shell:Creating package script '/home/xn/unitree_go2_ws/install/helloworld_py/share/helloworld_py/package.zsh'
[1.282s] Level 1:colcon.colcon_core.environment:create_file_with_runtime_dependencies(/home/xn/unitree_go2_ws/install/helloworld_py/share/colcon-core/packages/helloworld_py)
[1.282s] DEBUG:colcon.colcon_parallel_executor.executor.parallel:closing loop
[1.283s] DEBUG:colcon.colcon_parallel_executor.executor.parallel:loop closed
[1.283s] DEBUG:colcon.colcon_parallel_executor.executor.parallel:run_until_complete finished with '0'
[1.283s] DEBUG:colcon.colcon_core.event_reactor:joining thread
[1.287s] INFO:colcon.colcon_core.plugin_system:Skipping extension 'colcon_notification.desktop_notification.terminal_notifier': Not used on non-Darwin systems
[1.287s] INFO:colcon.colcon_core.plugin_system:Skipping extension 'colcon_notification.desktop_notification.win32': Not used on non-Windows systems
[1.287s] INFO:colcon.colcon_notification.desktop_notification:Sending desktop notification using 'notify2'
[1.301s] DEBUG:colcon.colcon_core.event_reactor:joined thread
[1.301s] INFO:colcon.colcon_core.shell:Creating prefix script '/home/xn/unitree_go2_ws/install/local_setup.ps1'
[1.302s] INFO:colcon.colcon_core.shell:Creating prefix util module '/home/xn/unitree_go2_ws/install/_local_setup_util_ps1.py'
[1.303s] INFO:colcon.colcon_core.shell:Creating prefix chain script '/home/xn/unitree_go2_ws/install/setup.ps1'
[1.304s] INFO:colcon.colcon_core.shell:Creating prefix script '/home/xn/unitree_go2_ws/install/local_setup.sh'
[1.304s] INFO:colcon.colcon_core.shell:Creating prefix util module '/home/xn/unitree_go2_ws/install/_local_setup_util_sh.py'
[1.305s] INFO:colcon.colcon_core.shell:Creating prefix chain script '/home/xn/unitree_go2_ws/install/setup.sh'
[1.307s] INFO:colcon.colcon_core.shell:Creating prefix script '/home/xn/unitree_go2_ws/install/local_setup.bash'
[1.307s] INFO:colcon.colcon_core.shell:Creating prefix chain script '/home/xn/unitree_go2_ws/install/setup.bash'
[1.308s] INFO:colcon.colcon_core.shell:Creating prefix script '/home/xn/unitree_go2_ws/install/local_setup.zsh'
[1.308s] INFO:colcon.colcon_core.shell:Creating prefix chain script '/home/xn/unitree_go2_ws/install/setup.zsh'
