[3.793s] Invoking command in '/home/xn/unitree_go2_ws/src/helloworld/helloworld_py': PYTHONPATH=/home/xn/unitree_go2_ws/build/helloworld_py/prefix_override:/usr/lib/python3/dist-packages/colcon_core/task/python/colcon_distutils_commands:/home/xn/unitree_go2_ws/install/helloworld_py/lib/python3.8/site-packages:${PYTHONPATH} /usr/bin/python3 -W ignore:setup.py install is deprecated -W ignore:easy_install command is deprecated setup.py egg_info --egg-base ../../../build/helloworld_py build --build-base /home/xn/unitree_go2_ws/build/helloworld_py/build install --record /home/xn/unitree_go2_ws/build/helloworld_py/install.log --install-scripts $base/lib/helloworld_py --single-version-externally-managed install_data
[4.917s] running egg_info
[4.925s] writing ../../../build/helloworld_py/helloworld_py.egg-info/PKG-INFO
[4.926s] writing dependency_links to ../../../build/helloworld_py/helloworld_py.egg-info/dependency_links.txt
[4.926s] writing entry points to ../../../build/helloworld_py/helloworld_py.egg-info/entry_points.txt
[4.926s] writing requirements to ../../../build/helloworld_py/helloworld_py.egg-info/requires.txt
[4.927s] writing top-level names to ../../../build/helloworld_py/helloworld_py.egg-info/top_level.txt
[5.179s] reading manifest file '../../../build/helloworld_py/helloworld_py.egg-info/SOURCES.txt'
[5.179s] writing manifest file '../../../build/helloworld_py/helloworld_py.egg-info/SOURCES.txt'
[5.179s] running build
[5.179s] running build_py
[5.179s] running install
[5.179s] running install_lib
[5.179s] running install_data
[5.179s] running install_egg_info
[5.184s] removing '/home/xn/unitree_go2_ws/install/helloworld_py/lib/python3.8/site-packages/helloworld_py-0.0.0-py3.8.egg-info' (and everything under it)
[5.185s] Copying ../../../build/helloworld_py/helloworld_py.egg-info to /home/xn/unitree_go2_ws/install/helloworld_py/lib/python3.8/site-packages/helloworld_py-0.0.0-py3.8.egg-info
[5.185s] running install_scripts
[5.221s] Installing hello_py script to /home/xn/unitree_go2_ws/install/helloworld_py/lib/helloworld_py
[5.222s] writing list of installed files to '/home/xn/unitree_go2_ws/build/helloworld_py/install.log'
[5.258s] Invoked command in '/home/xn/unitree_go2_ws/src/helloworld/helloworld_py' returned '0': PYTHONPATH=/home/xn/unitree_go2_ws/build/helloworld_py/prefix_override:/usr/lib/python3/dist-packages/colcon_core/task/python/colcon_distutils_commands:/home/xn/unitree_go2_ws/install/helloworld_py/lib/python3.8/site-packages:${PYTHONPATH} /usr/bin/python3 -W ignore:setup.py install is deprecated -W ignore:easy_install command is deprecated setup.py egg_info --egg-base ../../../build/helloworld_py build --build-base /home/xn/unitree_go2_ws/build/helloworld_py/build install --record /home/xn/unitree_go2_ws/build/helloworld_py/install.log --install-scripts $base/lib/helloworld_py --single-version-externally-managed install_data
