[0.083s] Invoking command in '/home/xn/unitree_go2_ws/build/go2_tutorial': CMAKE_PREFIX_PATH=/home/xn/unitree_go2_ws/install/go2_tutorial_inter:/home/xn/unitree_go2_ws/install/helloworld:/home/xn/unitree_go2_ws/install/go2_twist_bridge:/home/xn/unitree_go2_ws/install/go2_tutorial:/home/xn/unitree_go2_ws/install/go2_driver:/home/xn/unitree_go2_ws/install/go2_description:/home/xn/unitree_ros2/cyclonedds_ws/install/unitree_hg:/home/xn/unitree_ros2/cyclonedds_ws/install/unitree_go:/home/xn/unitree_ros2/cyclonedds_ws/install/unitree_api:/home/xn/unitree_ros2/cyclonedds_ws/install/rmw_cyclonedds_cpp:/home/xn/unitree_ros2/cyclonedds_ws/install/cyclonedds:/home/xn/unitree_go2_ws/install/my_test_py:/home/xn/unitree_go2_ws/install/helloworld_py:/home/xn/unitree_go2_ws/install/go2_twist_bridge_py:/home/xn/unitree_go2_ws/install/go2_tutorial_py:/home/xn/unitree_go2_ws/install/go2_teleop_ctrl_keyboard:/home/xn/unitree_go2_ws/install/go2_driver_py:/opt/ros/foxy PYTHONPATH=/home/xn/unitree_go2_ws/install/go2_tutorial_inter/lib/python3.8/site-packages:/home/xn/unitree_go2_ws/install/my_test_py/lib/python3.8/site-packages:/home/xn/unitree_go2_ws/install/helloworld_py/lib/python3.8/site-packages:/home/xn/unitree_go2_ws/install/go2_twist_bridge_py/lib/python3.8/site-packages:/home/xn/unitree_go2_ws/install/go2_tutorial_py/lib/python3.8/site-packages:/home/xn/unitree_go2_ws/install/go2_teleop_ctrl_keyboard/lib/python3.8/site-packages:/home/xn/unitree_go2_ws/install/go2_driver_py/lib/python3.8/site-packages:/home/xn/unitree_ros2/cyclonedds_ws/install/unitree_hg/lib/python3.8/site-packages:/home/xn/unitree_ros2/cyclonedds_ws/install/unitree_go/lib/python3.8/site-packages:/home/xn/unitree_ros2/cyclonedds_ws/install/unitree_api/lib/python3.8/site-packages:/opt/ros/foxy/lib/python3.8/site-packages /usr/bin/cmake --build /home/xn/unitree_go2_ws/build/go2_tutorial -- -j8 -l8
[0.204s] [35m[1mScanning dependencies of target go2_ctrl[0m
[0.213s] [ 25%] Built target go2_cruising_client
[0.268s] [ 50%] Built target go2_state
[0.280s] [ 62%] [32mBuilding CXX object CMakeFiles/go2_ctrl.dir/src/go2_ctrl.cpp.o[0m
[0.280s] [ 87%] Built target go2_cruising_service
[3.699s] [100%] [32m[1mLinking CXX executable go2_ctrl[0m
[3.876s] [100%] Built target go2_ctrl
[3.889s] Invoked command in '/home/xn/unitree_go2_ws/build/go2_tutorial' returned '0': CMAKE_PREFIX_PATH=/home/xn/unitree_go2_ws/install/go2_tutorial_inter:/home/xn/unitree_go2_ws/install/helloworld:/home/xn/unitree_go2_ws/install/go2_twist_bridge:/home/xn/unitree_go2_ws/install/go2_tutorial:/home/xn/unitree_go2_ws/install/go2_driver:/home/xn/unitree_go2_ws/install/go2_description:/home/xn/unitree_ros2/cyclonedds_ws/install/unitree_hg:/home/xn/unitree_ros2/cyclonedds_ws/install/unitree_go:/home/xn/unitree_ros2/cyclonedds_ws/install/unitree_api:/home/xn/unitree_ros2/cyclonedds_ws/install/rmw_cyclonedds_cpp:/home/xn/unitree_ros2/cyclonedds_ws/install/cyclonedds:/home/xn/unitree_go2_ws/install/my_test_py:/home/xn/unitree_go2_ws/install/helloworld_py:/home/xn/unitree_go2_ws/install/go2_twist_bridge_py:/home/xn/unitree_go2_ws/install/go2_tutorial_py:/home/xn/unitree_go2_ws/install/go2_teleop_ctrl_keyboard:/home/xn/unitree_go2_ws/install/go2_driver_py:/opt/ros/foxy PYTHONPATH=/home/xn/unitree_go2_ws/install/go2_tutorial_inter/lib/python3.8/site-packages:/home/xn/unitree_go2_ws/install/my_test_py/lib/python3.8/site-packages:/home/xn/unitree_go2_ws/install/helloworld_py/lib/python3.8/site-packages:/home/xn/unitree_go2_ws/install/go2_twist_bridge_py/lib/python3.8/site-packages:/home/xn/unitree_go2_ws/install/go2_tutorial_py/lib/python3.8/site-packages:/home/xn/unitree_go2_ws/install/go2_teleop_ctrl_keyboard/lib/python3.8/site-packages:/home/xn/unitree_go2_ws/install/go2_driver_py/lib/python3.8/site-packages:/home/xn/unitree_ros2/cyclonedds_ws/install/unitree_hg/lib/python3.8/site-packages:/home/xn/unitree_ros2/cyclonedds_ws/install/unitree_go/lib/python3.8/site-packages:/home/xn/unitree_ros2/cyclonedds_ws/install/unitree_api/lib/python3.8/site-packages:/opt/ros/foxy/lib/python3.8/site-packages /usr/bin/cmake --build /home/xn/unitree_go2_ws/build/go2_tutorial -- -j8 -l8
[3.896s] Invoking command in '/home/xn/unitree_go2_ws/build/go2_tutorial': CMAKE_PREFIX_PATH=/home/xn/unitree_go2_ws/install/go2_tutorial_inter:/home/xn/unitree_go2_ws/install/helloworld:/home/xn/unitree_go2_ws/install/go2_twist_bridge:/home/xn/unitree_go2_ws/install/go2_tutorial:/home/xn/unitree_go2_ws/install/go2_driver:/home/xn/unitree_go2_ws/install/go2_description:/home/xn/unitree_ros2/cyclonedds_ws/install/unitree_hg:/home/xn/unitree_ros2/cyclonedds_ws/install/unitree_go:/home/xn/unitree_ros2/cyclonedds_ws/install/unitree_api:/home/xn/unitree_ros2/cyclonedds_ws/install/rmw_cyclonedds_cpp:/home/xn/unitree_ros2/cyclonedds_ws/install/cyclonedds:/home/xn/unitree_go2_ws/install/my_test_py:/home/xn/unitree_go2_ws/install/helloworld_py:/home/xn/unitree_go2_ws/install/go2_twist_bridge_py:/home/xn/unitree_go2_ws/install/go2_tutorial_py:/home/xn/unitree_go2_ws/install/go2_teleop_ctrl_keyboard:/home/xn/unitree_go2_ws/install/go2_driver_py:/opt/ros/foxy PYTHONPATH=/home/xn/unitree_go2_ws/install/go2_tutorial_inter/lib/python3.8/site-packages:/home/xn/unitree_go2_ws/install/my_test_py/lib/python3.8/site-packages:/home/xn/unitree_go2_ws/install/helloworld_py/lib/python3.8/site-packages:/home/xn/unitree_go2_ws/install/go2_twist_bridge_py/lib/python3.8/site-packages:/home/xn/unitree_go2_ws/install/go2_tutorial_py/lib/python3.8/site-packages:/home/xn/unitree_go2_ws/install/go2_teleop_ctrl_keyboard/lib/python3.8/site-packages:/home/xn/unitree_go2_ws/install/go2_driver_py/lib/python3.8/site-packages:/home/xn/unitree_ros2/cyclonedds_ws/install/unitree_hg/lib/python3.8/site-packages:/home/xn/unitree_ros2/cyclonedds_ws/install/unitree_go/lib/python3.8/site-packages:/home/xn/unitree_ros2/cyclonedds_ws/install/unitree_api/lib/python3.8/site-packages:/opt/ros/foxy/lib/python3.8/site-packages /usr/bin/cmake --install /home/xn/unitree_go2_ws/build/go2_tutorial
[3.903s] -- Install configuration: ""
[3.904s] -- Installing: /home/xn/unitree_go2_ws/install/go2_tutorial/lib/go2_tutorial/go2_ctrl
[3.905s] -- Set runtime path of "/home/xn/unitree_go2_ws/install/go2_tutorial/lib/go2_tutorial/go2_ctrl" to ""
[3.906s] -- Up-to-date: /home/xn/unitree_go2_ws/install/go2_tutorial/lib/go2_tutorial/go2_state
[3.907s] -- Up-to-date: /home/xn/unitree_go2_ws/install/go2_tutorial/lib/go2_tutorial/go2_cruising_client
[3.907s] -- Up-to-date: /home/xn/unitree_go2_ws/install/go2_tutorial/lib/go2_tutorial/go2_cruising_service
[3.907s] -- Up-to-date: /home/xn/unitree_go2_ws/install/go2_tutorial/include
[3.907s] -- Up-to-date: /home/xn/unitree_go2_ws/install/go2_tutorial/include/go2_tutorial
[3.908s] -- Up-to-date: /home/xn/unitree_go2_ws/install/go2_tutorial/include/nlohmann
[3.908s] -- Up-to-date: /home/xn/unitree_go2_ws/install/go2_tutorial/include/nlohmann/json.hpp
[3.908s] -- Up-to-date: /home/xn/unitree_go2_ws/install/go2_tutorial/include/nlohmann/json_fwd.hpp
[3.908s] -- Up-to-date: /home/xn/unitree_go2_ws/install/go2_tutorial/include/nlohmann/thirdparty
[3.908s] -- Up-to-date: /home/xn/unitree_go2_ws/install/go2_tutorial/include/nlohmann/thirdparty/hedley
[3.908s] -- Up-to-date: /home/xn/unitree_go2_ws/install/go2_tutorial/include/nlohmann/thirdparty/hedley/hedley_undef.hpp
[3.908s] -- Up-to-date: /home/xn/unitree_go2_ws/install/go2_tutorial/include/nlohmann/thirdparty/hedley/hedley.hpp
[3.908s] -- Up-to-date: /home/xn/unitree_go2_ws/install/go2_tutorial/include/nlohmann/ordered_map.hpp
[3.908s] -- Up-to-date: /home/xn/unitree_go2_ws/install/go2_tutorial/include/nlohmann/adl_serializer.hpp
[3.908s] -- Up-to-date: /home/xn/unitree_go2_ws/install/go2_tutorial/include/nlohmann/detail
[3.908s] -- Up-to-date: /home/xn/unitree_go2_ws/install/go2_tutorial/include/nlohmann/detail/json_pointer.hpp
[3.909s] -- Up-to-date: /home/xn/unitree_go2_ws/install/go2_tutorial/include/nlohmann/detail/input
[3.909s] -- Up-to-date: /home/xn/unitree_go2_ws/install/go2_tutorial/include/nlohmann/detail/input/input_adapters.hpp
[3.909s] -- Up-to-date: /home/xn/unitree_go2_ws/install/go2_tutorial/include/nlohmann/detail/input/position_t.hpp
[3.909s] -- Up-to-date: /home/xn/unitree_go2_ws/install/go2_tutorial/include/nlohmann/detail/input/lexer.hpp
[3.909s] -- Up-to-date: /home/xn/unitree_go2_ws/install/go2_tutorial/include/nlohmann/detail/input/binary_reader.hpp
[3.909s] -- Up-to-date: /home/xn/unitree_go2_ws/install/go2_tutorial/include/nlohmann/detail/input/parser.hpp
[3.909s] -- Up-to-date: /home/xn/unitree_go2_ws/install/go2_tutorial/include/nlohmann/detail/input/json_sax.hpp
[3.909s] -- Up-to-date: /home/xn/unitree_go2_ws/install/go2_tutorial/include/nlohmann/detail/hash.hpp
[3.910s] -- Up-to-date: /home/xn/unitree_go2_ws/install/go2_tutorial/include/nlohmann/detail/conversions
[3.910s] -- Up-to-date: /home/xn/unitree_go2_ws/install/go2_tutorial/include/nlohmann/detail/conversions/from_json.hpp
[3.910s] -- Up-to-date: /home/xn/unitree_go2_ws/install/go2_tutorial/include/nlohmann/detail/conversions/to_chars.hpp
[3.910s] -- Up-to-date: /home/xn/unitree_go2_ws/install/go2_tutorial/include/nlohmann/detail/conversions/to_json.hpp
[3.910s] -- Up-to-date: /home/xn/unitree_go2_ws/install/go2_tutorial/include/nlohmann/detail/abi_macros.hpp
[3.910s] -- Up-to-date: /home/xn/unitree_go2_ws/install/go2_tutorial/include/nlohmann/detail/value_t.hpp
[3.910s] -- Up-to-date: /home/xn/unitree_go2_ws/install/go2_tutorial/include/nlohmann/detail/macro_unscope.hpp
[3.910s] -- Up-to-date: /home/xn/unitree_go2_ws/install/go2_tutorial/include/nlohmann/detail/output
[3.910s] -- Up-to-date: /home/xn/unitree_go2_ws/install/go2_tutorial/include/nlohmann/detail/output/binary_writer.hpp
[3.910s] -- Up-to-date: /home/xn/unitree_go2_ws/install/go2_tutorial/include/nlohmann/detail/output/serializer.hpp
[3.910s] -- Up-to-date: /home/xn/unitree_go2_ws/install/go2_tutorial/include/nlohmann/detail/output/output_adapters.hpp
[3.910s] -- Up-to-date: /home/xn/unitree_go2_ws/install/go2_tutorial/include/nlohmann/detail/string_escape.hpp
[3.910s] -- Up-to-date: /home/xn/unitree_go2_ws/install/go2_tutorial/include/nlohmann/detail/json_ref.hpp
[3.910s] -- Up-to-date: /home/xn/unitree_go2_ws/install/go2_tutorial/include/nlohmann/detail/meta
[3.911s] -- Up-to-date: /home/xn/unitree_go2_ws/install/go2_tutorial/include/nlohmann/detail/meta/std_fs.hpp
[3.911s] -- Up-to-date: /home/xn/unitree_go2_ws/install/go2_tutorial/include/nlohmann/detail/meta/call_std
[3.911s] -- Up-to-date: /home/xn/unitree_go2_ws/install/go2_tutorial/include/nlohmann/detail/meta/call_std/end.hpp
[3.911s] -- Up-to-date: /home/xn/unitree_go2_ws/install/go2_tutorial/include/nlohmann/detail/meta/call_std/begin.hpp
[3.911s] -- Up-to-date: /home/xn/unitree_go2_ws/install/go2_tutorial/include/nlohmann/detail/meta/void_t.hpp
[3.911s] -- Up-to-date: /home/xn/unitree_go2_ws/install/go2_tutorial/include/nlohmann/detail/meta/detected.hpp
[3.911s] -- Up-to-date: /home/xn/unitree_go2_ws/install/go2_tutorial/include/nlohmann/detail/meta/type_traits.hpp
[3.911s] -- Up-to-date: /home/xn/unitree_go2_ws/install/go2_tutorial/include/nlohmann/detail/meta/identity_tag.hpp
[3.911s] -- Up-to-date: /home/xn/unitree_go2_ws/install/go2_tutorial/include/nlohmann/detail/meta/is_sax.hpp
[3.911s] -- Up-to-date: /home/xn/unitree_go2_ws/install/go2_tutorial/include/nlohmann/detail/meta/cpp_future.hpp
[3.911s] -- Up-to-date: /home/xn/unitree_go2_ws/install/go2_tutorial/include/nlohmann/detail/macro_scope.hpp
[3.911s] -- Up-to-date: /home/xn/unitree_go2_ws/install/go2_tutorial/include/nlohmann/detail/json_custom_base_class.hpp
[3.911s] -- Up-to-date: /home/xn/unitree_go2_ws/install/go2_tutorial/include/nlohmann/detail/iterators
[3.911s] -- Up-to-date: /home/xn/unitree_go2_ws/install/go2_tutorial/include/nlohmann/detail/iterators/iter_impl.hpp
[3.911s] -- Up-to-date: /home/xn/unitree_go2_ws/install/go2_tutorial/include/nlohmann/detail/iterators/primitive_iterator.hpp
[3.911s] -- Up-to-date: /home/xn/unitree_go2_ws/install/go2_tutorial/include/nlohmann/detail/iterators/iterator_traits.hpp
[3.911s] -- Up-to-date: /home/xn/unitree_go2_ws/install/go2_tutorial/include/nlohmann/detail/iterators/json_reverse_iterator.hpp
[3.911s] -- Up-to-date: /home/xn/unitree_go2_ws/install/go2_tutorial/include/nlohmann/detail/iterators/internal_iterator.hpp
[3.911s] -- Up-to-date: /home/xn/unitree_go2_ws/install/go2_tutorial/include/nlohmann/detail/iterators/iteration_proxy.hpp
[3.911s] -- Up-to-date: /home/xn/unitree_go2_ws/install/go2_tutorial/include/nlohmann/detail/exceptions.hpp
[3.912s] -- Up-to-date: /home/xn/unitree_go2_ws/install/go2_tutorial/include/nlohmann/detail/string_concat.hpp
[3.912s] -- Up-to-date: /home/xn/unitree_go2_ws/install/go2_tutorial/include/nlohmann/byte_container_with_subtype.hpp
[3.912s] -- Up-to-date: /home/xn/unitree_go2_ws/install/go2_tutorial/include/sport_model.hpp
[3.913s] -- Up-to-date: /home/xn/unitree_go2_ws/install/go2_tutorial/share/go2_tutorial/launch
[3.913s] -- Up-to-date: /home/xn/unitree_go2_ws/install/go2_tutorial/share/go2_tutorial/launch/go2_state.launch.py
[3.914s] -- Up-to-date: /home/xn/unitree_go2_ws/install/go2_tutorial/share/go2_tutorial/launch/go2_ctrl.launch.py
[3.914s] -- Up-to-date: /home/xn/unitree_go2_ws/install/go2_tutorial/share/go2_tutorial/launch/go2_cruising.launch.py
[3.914s] -- Up-to-date: /home/xn/unitree_go2_ws/install/go2_tutorial/share/go2_tutorial/params
[3.914s] -- Up-to-date: /home/xn/unitree_go2_ws/install/go2_tutorial/share/go2_tutorial/params/go2_cruising_service.yaml
[3.914s] -- Up-to-date: /home/xn/unitree_go2_ws/install/go2_tutorial/share/go2_tutorial/params/go2_state.yaml
[3.914s] -- Up-to-date: /home/xn/unitree_go2_ws/install/go2_tutorial/share/ament_index/resource_index/package_run_dependencies/go2_tutorial
[3.914s] -- Up-to-date: /home/xn/unitree_go2_ws/install/go2_tutorial/share/ament_index/resource_index/parent_prefix_path/go2_tutorial
[3.914s] -- Up-to-date: /home/xn/unitree_go2_ws/install/go2_tutorial/share/go2_tutorial/environment/ament_prefix_path.sh
[3.914s] -- Up-to-date: /home/xn/unitree_go2_ws/install/go2_tutorial/share/go2_tutorial/environment/ament_prefix_path.dsv
[3.914s] -- Up-to-date: /home/xn/unitree_go2_ws/install/go2_tutorial/share/go2_tutorial/environment/path.sh
[3.914s] -- Up-to-date: /home/xn/unitree_go2_ws/install/go2_tutorial/share/go2_tutorial/environment/path.dsv
[3.915s] -- Up-to-date: /home/xn/unitree_go2_ws/install/go2_tutorial/share/go2_tutorial/local_setup.bash
[3.915s] -- Up-to-date: /home/xn/unitree_go2_ws/install/go2_tutorial/share/go2_tutorial/local_setup.sh
[3.915s] -- Up-to-date: /home/xn/unitree_go2_ws/install/go2_tutorial/share/go2_tutorial/local_setup.zsh
[3.915s] -- Up-to-date: /home/xn/unitree_go2_ws/install/go2_tutorial/share/go2_tutorial/local_setup.dsv
[3.915s] -- Installing: /home/xn/unitree_go2_ws/install/go2_tutorial/share/go2_tutorial/package.dsv
[3.915s] -- Up-to-date: /home/xn/unitree_go2_ws/install/go2_tutorial/share/ament_index/resource_index/packages/go2_tutorial
[3.915s] -- Up-to-date: /home/xn/unitree_go2_ws/install/go2_tutorial/share/go2_tutorial/cmake/go2_tutorialConfig.cmake
[3.915s] -- Up-to-date: /home/xn/unitree_go2_ws/install/go2_tutorial/share/go2_tutorial/cmake/go2_tutorialConfig-version.cmake
[3.915s] -- Up-to-date: /home/xn/unitree_go2_ws/install/go2_tutorial/share/go2_tutorial/package.xml
[3.915s] Invoked command in '/home/xn/unitree_go2_ws/build/go2_tutorial' returned '0': CMAKE_PREFIX_PATH=/home/xn/unitree_go2_ws/install/go2_tutorial_inter:/home/xn/unitree_go2_ws/install/helloworld:/home/xn/unitree_go2_ws/install/go2_twist_bridge:/home/xn/unitree_go2_ws/install/go2_tutorial:/home/xn/unitree_go2_ws/install/go2_driver:/home/xn/unitree_go2_ws/install/go2_description:/home/xn/unitree_ros2/cyclonedds_ws/install/unitree_hg:/home/xn/unitree_ros2/cyclonedds_ws/install/unitree_go:/home/xn/unitree_ros2/cyclonedds_ws/install/unitree_api:/home/xn/unitree_ros2/cyclonedds_ws/install/rmw_cyclonedds_cpp:/home/xn/unitree_ros2/cyclonedds_ws/install/cyclonedds:/home/xn/unitree_go2_ws/install/my_test_py:/home/xn/unitree_go2_ws/install/helloworld_py:/home/xn/unitree_go2_ws/install/go2_twist_bridge_py:/home/xn/unitree_go2_ws/install/go2_tutorial_py:/home/xn/unitree_go2_ws/install/go2_teleop_ctrl_keyboard:/home/xn/unitree_go2_ws/install/go2_driver_py:/opt/ros/foxy PYTHONPATH=/home/xn/unitree_go2_ws/install/go2_tutorial_inter/lib/python3.8/site-packages:/home/xn/unitree_go2_ws/install/my_test_py/lib/python3.8/site-packages:/home/xn/unitree_go2_ws/install/helloworld_py/lib/python3.8/site-packages:/home/xn/unitree_go2_ws/install/go2_twist_bridge_py/lib/python3.8/site-packages:/home/xn/unitree_go2_ws/install/go2_tutorial_py/lib/python3.8/site-packages:/home/xn/unitree_go2_ws/install/go2_teleop_ctrl_keyboard/lib/python3.8/site-packages:/home/xn/unitree_go2_ws/install/go2_driver_py/lib/python3.8/site-packages:/home/xn/unitree_ros2/cyclonedds_ws/install/unitree_hg/lib/python3.8/site-packages:/home/xn/unitree_ros2/cyclonedds_ws/install/unitree_go/lib/python3.8/site-packages:/home/xn/unitree_ros2/cyclonedds_ws/install/unitree_api/lib/python3.8/site-packages:/opt/ros/foxy/lib/python3.8/site-packages /usr/bin/cmake --install /home/xn/unitree_go2_ws/build/go2_tutorial
