[0.304s] Invoking command in '/home/xn/unitree_go2_ws/build/go2_tutorial_inter': CMAKE_PREFIX_PATH=${CMAKE_PREFIX_PATH}:/opt/ros/foxy /usr/bin/cmake /home/xn/unitree_go2_ws/src/tutorial/go2_tutorial_inter -DCMAKE_INSTALL_PREFIX=/home/xn/unitree_go2_ws/install/go2_tutorial_inter
[0.457s] -- Found ament_cmake: 0.9.12 (/opt/ros/foxy/share/ament_cmake/cmake)
[0.459s] -- Found PythonInterp: /usr/bin/python3 (found suitable version "3.8.10", minimum required is "3") 
[0.459s] -- Using PYTHON_EXECUTABLE: /usr/bin/python3
[0.459s] -- Found geometry_msgs: 2.0.5 (/opt/ros/foxy/share/geometry_msgs/cmake)
[0.460s] -- Using all available rosidl_typesupport_c: rosidl_typesupport_fastrtps_c;rosidl_typesupport_introspection_c
[0.462s] -- Found rosidl_adapter: 1.3.1 (/opt/ros/foxy/share/rosidl_adapter/cmake)
[0.568s] -- Using all available rosidl_typesupport_cpp: rosidl_typesupport_fastrtps_cpp;rosidl_typesupport_introspection_cpp
[0.663s] -- Found rosidl_default_generators: 1.0.1 (/opt/ros/foxy/share/rosidl_default_generators/cmake)
[0.693s] -- Found PythonInterp: /usr/bin/python3 (found version "3.8.10") 
[0.852s] CMake Error at /opt/ros/foxy/share/rosidl_adapter/cmake/rosidl_adapt_interfaces.cmake:60 (message):
[0.852s]   execute_process(/usr/bin/python3 -m rosidl_adapter --package-name
[0.852s]   go2_tutorial_inter --arguments-file
[0.852s]   /home/xn/unitree_go2_ws/build/go2_tutorial_inter/rosidl_adapter__arguments__go2_tutorial_inter.json
[0.852s]   --output-dir
[0.852s]   /home/xn/unitree_go2_ws/build/go2_tutorial_inter/rosidl_adapter/go2_tutorial_inter
[0.852s]   --output-file
[0.852s]   /home/xn/unitree_go2_ws/build/go2_tutorial_inter/rosidl_adapter/go2_tutorial_inter.idls)
[0.852s]   returned error code 1:
[0.852s] 
[0.852s]   Error processing 'geometry_msgs/Point Point' of
[0.852s]   'go2_tutorial_inter/Cruising_Response': ''Point' is an invalid field name.
[0.852s]   It should have the pattern '^(?!.*__)(?!.*_$)[a-z][a-z0-9_]*$''
[0.852s] 
[0.853s]   Traceback (most recent call last):
[0.853s] 
[0.853s]     File "/usr/lib/python3.8/runpy.py", line 194, in _run_module_as_main
[0.853s]       return _run_code(code, main_globals, None,
[0.853s]     File "/usr/lib/python3.8/runpy.py", line 87, in _run_code
[0.853s]       exec(code, run_globals)
[0.853s]     File "/opt/ros/foxy/lib/python3.8/site-packages/rosidl_adapter/__main__.py", line 19, in <module>
[0.853s]       sys.exit(main())
[0.853s]     File "/opt/ros/foxy/lib/python3.8/site-packages/rosidl_adapter/main.py", line 53, in main
[0.853s]       abs_idl_file = convert_to_idl(
[0.853s]     File "/opt/ros/foxy/lib/python3.8/site-packages/rosidl_adapter/__init__.py", line 24, in convert_to_idl
[0.853s]       return convert_srv_to_idl(
[0.853s]     File "/opt/ros/foxy/lib/python3.8/site-packages/rosidl_adapter/srv/__init__.py", line 28, in convert_srv_to_idl
[0.853s]       srv = parse_service_string(package_name, input_file.stem, content)
[0.853s]     File "/opt/ros/foxy/lib/python3.8/site-packages/rosidl_adapter/parser.py", line 856, in parse_service_string
[0.853s]       response_message = parse_message_string(
[0.853s]     File "/opt/ros/foxy/lib/python3.8/site-packages/rosidl_adapter/parser.py", line 515, in parse_message_string
[0.853s]       fields.append(Field(
[0.853s]     File "/opt/ros/foxy/lib/python3.8/site-packages/rosidl_adapter/parser.py", line 353, in __init__
[0.853s]       raise NameError(
[0.853s] 
[0.854s]   NameError: 'Point' is an invalid field name.  It should have the pattern
[0.854s]   '^(?!.*__)(?!.*_$)[a-z][a-z0-9_]*$'
[0.854s] 
[0.854s] Call Stack (most recent call first):
[0.854s]   /opt/ros/foxy/share/rosidl_cmake/cmake/rosidl_generate_interfaces.cmake:130 (rosidl_adapt_interfaces)
[0.854s]   CMakeLists.txt:24 (rosidl_generate_interfaces)
[0.854s] 
[0.854s] 
[0.854s] -- Configuring incomplete, errors occurred!
[0.854s] See also "/home/xn/unitree_go2_ws/build/go2_tutorial_inter/CMakeFiles/CMakeOutput.log".
[0.983s] Invoked command in '/home/xn/unitree_go2_ws/build/go2_tutorial_inter' returned '1': CMAKE_PREFIX_PATH=${CMAKE_PREFIX_PATH}:/opt/ros/foxy /usr/bin/cmake /home/xn/unitree_go2_ws/src/tutorial/go2_tutorial_inter -DCMAKE_INSTALL_PREFIX=/home/xn/unitree_go2_ws/install/go2_tutorial_inter
