[0.396s] Invoking command in '/home/xn/unitree_go2_ws/build/go2_twist_bridge': CMAKE_PREFIX_PATH=${CMAKE_PREFIX_PATH}:/home/xn/unitree_go2_ws/install/my_test_py:/home/xn/unitree_go2_ws/install/helloworld_py:/home/xn/unitree_go2_ws/install/go2_twist_bridge_py:/home/xn/unitree_go2_ws/install/go2_teleop_ctrl_keyboard:/home/xn/unitree_go2_ws/install/go2_driver_py:/opt/ros/foxy /usr/bin/cmake --build /home/xn/unitree_go2_ws/build/go2_twist_bridge -- -j8 -l8
[0.609s] [100%] Built target twist_bridge
[1.071s] Invoked command in '/home/xn/unitree_go2_ws/build/go2_twist_bridge' returned '0': CMAKE_PREFIX_PATH=${CMAKE_PREFIX_PATH}:/home/xn/unitree_go2_ws/install/my_test_py:/home/xn/unitree_go2_ws/install/helloworld_py:/home/xn/unitree_go2_ws/install/go2_twist_bridge_py:/home/xn/unitree_go2_ws/install/go2_teleop_ctrl_keyboard:/home/xn/unitree_go2_ws/install/go2_driver_py:/opt/ros/foxy /usr/bin/cmake --build /home/xn/unitree_go2_ws/build/go2_twist_bridge -- -j8 -l8
[1.077s] Invoking command in '/home/xn/unitree_go2_ws/build/go2_twist_bridge': CMAKE_PREFIX_PATH=${CMAKE_PREFIX_PATH}:/home/xn/unitree_go2_ws/install/my_test_py:/home/xn/unitree_go2_ws/install/helloworld_py:/home/xn/unitree_go2_ws/install/go2_twist_bridge_py:/home/xn/unitree_go2_ws/install/go2_teleop_ctrl_keyboard:/home/xn/unitree_go2_ws/install/go2_driver_py:/opt/ros/foxy /usr/bin/cmake --install /home/xn/unitree_go2_ws/build/go2_twist_bridge
[1.090s] -- Install configuration: ""
[1.093s] -- Up-to-date: /home/xn/unitree_go2_ws/install/go2_twist_bridge/lib/go2_twist_bridge/twist_bridge
[1.098s] -- Up-to-date: /home/xn/unitree_go2_ws/install/go2_twist_bridge/share/ament_index/resource_index/package_run_dependencies/go2_twist_bridge
[1.103s] -- Up-to-date: /home/xn/unitree_go2_ws/install/go2_twist_bridge/share/ament_index/resource_index/parent_prefix_path/go2_twist_bridge
[1.103s] -- Up-to-date: /home/xn/unitree_go2_ws/install/go2_twist_bridge/share/go2_twist_bridge/environment/ament_prefix_path.sh
[1.103s] -- Up-to-date: /home/xn/unitree_go2_ws/install/go2_twist_bridge/share/go2_twist_bridge/environment/ament_prefix_path.dsv
[1.105s] -- Up-to-date: /home/xn/unitree_go2_ws/install/go2_twist_bridge/share/go2_twist_bridge/environment/path.sh
[1.108s] -- Up-to-date: /home/xn/unitree_go2_ws/install/go2_twist_bridge/share/go2_twist_bridge/environment/path.dsv
[1.110s] -- Up-to-date: /home/xn/unitree_go2_ws/install/go2_twist_bridge/share/go2_twist_bridge/local_setup.bash
[1.111s] -- Up-to-date: /home/xn/unitree_go2_ws/install/go2_twist_bridge/share/go2_twist_bridge/local_setup.sh
[1.111s] -- Up-to-date: /home/xn/unitree_go2_ws/install/go2_twist_bridge/share/go2_twist_bridge/local_setup.zsh
[1.112s] -- Up-to-date: /home/xn/unitree_go2_ws/install/go2_twist_bridge/share/go2_twist_bridge/local_setup.dsv
[1.112s] -- Installing: /home/xn/unitree_go2_ws/install/go2_twist_bridge/share/go2_twist_bridge/package.dsv
[1.112s] -- Up-to-date: /home/xn/unitree_go2_ws/install/go2_twist_bridge/share/ament_index/resource_index/packages/go2_twist_bridge
[1.112s] -- Up-to-date: /home/xn/unitree_go2_ws/install/go2_twist_bridge/share/go2_twist_bridge/cmake/go2_twist_bridgeConfig.cmake
[1.112s] -- Up-to-date: /home/xn/unitree_go2_ws/install/go2_twist_bridge/share/go2_twist_bridge/cmake/go2_twist_bridgeConfig-version.cmake
[1.114s] -- Up-to-date: /home/xn/unitree_go2_ws/install/go2_twist_bridge/share/go2_twist_bridge/package.xml
[1.218s] Invoked command in '/home/xn/unitree_go2_ws/build/go2_twist_bridge' returned '0': CMAKE_PREFIX_PATH=${CMAKE_PREFIX_PATH}:/home/xn/unitree_go2_ws/install/my_test_py:/home/xn/unitree_go2_ws/install/helloworld_py:/home/xn/unitree_go2_ws/install/go2_twist_bridge_py:/home/xn/unitree_go2_ws/install/go2_teleop_ctrl_keyboard:/home/xn/unitree_go2_ws/install/go2_driver_py:/opt/ros/foxy /usr/bin/cmake --install /home/xn/unitree_go2_ws/build/go2_twist_bridge
