running egg_info
creating ../../../build/go2_tutorial_py/go2_tutorial_py.egg-info
writing ../../../build/go2_tutorial_py/go2_tutorial_py.egg-info/PKG-INFO
writing dependency_links to ../../../build/go2_tutorial_py/go2_tutorial_py.egg-info/dependency_links.txt
writing entry points to ../../../build/go2_tutorial_py/go2_tutorial_py.egg-info/entry_points.txt
writing requirements to ../../../build/go2_tutorial_py/go2_tutorial_py.egg-info/requires.txt
writing top-level names to ../../../build/go2_tutorial_py/go2_tutorial_py.egg-info/top_level.txt
writing manifest file '../../../build/go2_tutorial_py/go2_tutorial_py.egg-info/SOURCES.txt'
reading manifest file '../../../build/go2_tutorial_py/go2_tutorial_py.egg-info/SOURCES.txt'
writing manifest file '../../../build/go2_tutorial_py/go2_tutorial_py.egg-info/SOURCES.txt'
running build
running build_py
creating /home/xn/unitree_go2_ws/build/go2_tutorial_py/build
creating /home/xn/unitree_go2_ws/build/go2_tutorial_py/build/lib
creating /home/xn/unitree_go2_ws/build/go2_tutorial_py/build/lib/go2_tutorial_py
copying go2_tutorial_py/go2_ctrl.py -> /home/xn/unitree_go2_ws/build/go2_tutorial_py/build/lib/go2_tutorial_py
copying go2_tutorial_py/__init__.py -> /home/xn/unitree_go2_ws/build/go2_tutorial_py/build/lib/go2_tutorial_py
running install
running install_lib
creating /home/xn/unitree_go2_ws/install/go2_tutorial_py/lib/python3.8/site-packages/go2_tutorial_py
copying /home/xn/unitree_go2_ws/build/go2_tutorial_py/build/lib/go2_tutorial_py/go2_ctrl.py -> /home/xn/unitree_go2_ws/install/go2_tutorial_py/lib/python3.8/site-packages/go2_tutorial_py
copying /home/xn/unitree_go2_ws/build/go2_tutorial_py/build/lib/go2_tutorial_py/__init__.py -> /home/xn/unitree_go2_ws/install/go2_tutorial_py/lib/python3.8/site-packages/go2_tutorial_py
byte-compiling /home/xn/unitree_go2_ws/install/go2_tutorial_py/lib/python3.8/site-packages/go2_tutorial_py/go2_ctrl.py to go2_ctrl.cpython-38.pyc
byte-compiling /home/xn/unitree_go2_ws/install/go2_tutorial_py/lib/python3.8/site-packages/go2_tutorial_py/__init__.py to __init__.cpython-38.pyc
running install_data
creating /home/xn/unitree_go2_ws/install/go2_tutorial_py/share/ament_index
creating /home/xn/unitree_go2_ws/install/go2_tutorial_py/share/ament_index/resource_index
creating /home/xn/unitree_go2_ws/install/go2_tutorial_py/share/ament_index/resource_index/packages
copying resource/go2_tutorial_py -> /home/xn/unitree_go2_ws/install/go2_tutorial_py/share/ament_index/resource_index/packages
copying package.xml -> /home/xn/unitree_go2_ws/install/go2_tutorial_py/share/go2_tutorial_py
running install_egg_info
Copying ../../../build/go2_tutorial_py/go2_tutorial_py.egg-info to /home/xn/unitree_go2_ws/install/go2_tutorial_py/lib/python3.8/site-packages/go2_tutorial_py-0.0.0-py3.8.egg-info
running install_scripts
Installing go2_ctrl script to /home/xn/unitree_go2_ws/install/go2_tutorial_py/lib/go2_tutorial_py
writing list of installed files to '/home/xn/unitree_go2_ws/build/go2_tutorial_py/install.log'
