[0.086s] Invoking command in '/home/xn/unitree_go2_ws/build/go2_description': CMAKE_PREFIX_PATH=${CMAKE_PREFIX_PATH}:/home/xn/unitree_go2_ws/install/my_test_py:/home/xn/unitree_go2_ws/install/helloworld_py:/home/xn/unitree_go2_ws/install/go2_twist_bridge_py:/home/xn/unitree_go2_ws/install/go2_tutorial_py:/home/xn/unitree_go2_ws/install/go2_teleop_ctrl_keyboard:/home/xn/unitree_go2_ws/install/go2_driver_py:/opt/ros/foxy /usr/bin/cmake --build /home/xn/unitree_go2_ws/build/go2_description -- -j8 -l8
[1.395s] Invoked command in '/home/xn/unitree_go2_ws/build/go2_description' returned '0': CMAKE_PREFIX_PATH=${CMAKE_PREFIX_PATH}:/home/xn/unitree_go2_ws/install/my_test_py:/home/xn/unitree_go2_ws/install/helloworld_py:/home/xn/unitree_go2_ws/install/go2_twist_bridge_py:/home/xn/unitree_go2_ws/install/go2_tutorial_py:/home/xn/unitree_go2_ws/install/go2_teleop_ctrl_keyboard:/home/xn/unitree_go2_ws/install/go2_driver_py:/opt/ros/foxy /usr/bin/cmake --build /home/xn/unitree_go2_ws/build/go2_description -- -j8 -l8
[1.402s] Invoking command in '/home/xn/unitree_go2_ws/build/go2_description': CMAKE_PREFIX_PATH=${CMAKE_PREFIX_PATH}:/home/xn/unitree_go2_ws/install/my_test_py:/home/xn/unitree_go2_ws/install/helloworld_py:/home/xn/unitree_go2_ws/install/go2_twist_bridge_py:/home/xn/unitree_go2_ws/install/go2_tutorial_py:/home/xn/unitree_go2_ws/install/go2_teleop_ctrl_keyboard:/home/xn/unitree_go2_ws/install/go2_driver_py:/opt/ros/foxy /usr/bin/cmake --install /home/xn/unitree_go2_ws/build/go2_description
[1.442s] -- Install configuration: ""
[1.442s] -- Up-to-date: /home/xn/unitree_go2_ws/install/go2_description/share/go2_description/launch
[1.442s] -- Up-to-date: /home/xn/unitree_go2_ws/install/go2_description/share/go2_description/launch/display.launch.py
[1.449s] -- Up-to-date: /home/xn/unitree_go2_ws/install/go2_description/share/go2_description/dae
[1.449s] -- Up-to-date: /home/xn/unitree_go2_ws/install/go2_description/share/go2_description/dae/foot.dae
[1.450s] -- Up-to-date: /home/xn/unitree_go2_ws/install/go2_description/share/go2_description/dae/calf_mirror.dae
[1.450s] -- Up-to-date: /home/xn/unitree_go2_ws/install/go2_description/share/go2_description/dae/base.dae
[1.450s] -- Up-to-date: /home/xn/unitree_go2_ws/install/go2_description/share/go2_description/dae/hip.dae
[1.450s] -- Up-to-date: /home/xn/unitree_go2_ws/install/go2_description/share/go2_description/dae/calf.dae
[1.450s] -- Up-to-date: /home/xn/unitree_go2_ws/install/go2_description/share/go2_description/dae/thigh_mirror.dae
[1.450s] -- Up-to-date: /home/xn/unitree_go2_ws/install/go2_description/share/go2_description/dae/thigh.dae
[1.450s] -- Up-to-date: /home/xn/unitree_go2_ws/install/go2_description/share/go2_description/urdf
[1.450s] -- Up-to-date: /home/xn/unitree_go2_ws/install/go2_description/share/go2_description/urdf/Normal_collision_model.png
[1.450s] -- Up-to-date: /home/xn/unitree_go2_ws/install/go2_description/share/go2_description/urdf/Amended_collision_model.png
[1.450s] -- Up-to-date: /home/xn/unitree_go2_ws/install/go2_description/share/go2_description/urdf/go2_description.urdf
[1.450s] -- Up-to-date: /home/xn/unitree_go2_ws/install/go2_description/share/go2_description/urdf/.history
[1.451s] -- Up-to-date: /home/xn/unitree_go2_ws/install/go2_description/share/go2_description/urdf/.history/go2_description_20230905113840.urdf
[1.451s] -- Up-to-date: /home/xn/unitree_go2_ws/install/go2_description/share/go2_description/urdf/.history/go2_description_20230904193653.urdf
[1.452s] -- Up-to-date: /home/xn/unitree_go2_ws/install/go2_description/share/go2_description/urdf/.history/go2_description_20230905112944.urdf
[1.452s] -- Up-to-date: /home/xn/unitree_go2_ws/install/go2_description/share/go2_description/urdf/.history/go2_description_20230905112735.urdf
[1.452s] -- Up-to-date: /home/xn/unitree_go2_ws/install/go2_description/share/go2_description/urdf/.history/go2_description_20230905115215.urdf
[1.452s] -- Up-to-date: /home/xn/unitree_go2_ws/install/go2_description/share/go2_description/urdf/.history/go2_description_20230905113755.urdf
[1.453s] -- Up-to-date: /home/xn/unitree_go2_ws/install/go2_description/share/go2_description/urdf/.history/go2_description_20230905115313.urdf
[1.453s] -- Up-to-date: /home/xn/unitree_go2_ws/install/go2_description/share/go2_description/urdf/.history/go2_description_20230904193644.urdf
[1.453s] -- Up-to-date: /home/xn/unitree_go2_ws/install/go2_description/share/go2_description/urdf/.history/go2_description_20230905113754.urdf
[1.453s] -- Up-to-date: /home/xn/unitree_go2_ws/install/go2_description/share/go2_description/urdf/.history/go2_description_20230905113059.urdf
[1.453s] -- Up-to-date: /home/xn/unitree_go2_ws/install/go2_description/share/go2_description/urdf/.history/go2_description_20230904182446.urdf
[1.453s] -- Up-to-date: /home/xn/unitree_go2_ws/install/go2_description/share/go2_description/urdf/.history/go2_description_20230905115040.urdf
[1.453s] -- Up-to-date: /home/xn/unitree_go2_ws/install/go2_description/share/go2_description/urdf/.history/go2_description_20230904193705.urdf
[1.453s] -- Up-to-date: /home/xn/unitree_go2_ws/install/go2_description/share/go2_description/urdf/.history/go2_description_20230905114819.urdf
[1.453s] -- Up-to-date: /home/xn/unitree_go2_ws/install/go2_description/share/go2_description/urdf/.history/go2_description_20230905112752.urdf
[1.453s] -- Up-to-date: /home/xn/unitree_go2_ws/install/go2_description/share/go2_description/urdf/.history/go2_description_20230904193710.urdf
[1.454s] -- Up-to-date: /home/xn/unitree_go2_ws/install/go2_description/share/go2_description/urdf/.history/go2_description_20230905112047.urdf
[1.454s] -- Up-to-date: /home/xn/unitree_go2_ws/install/go2_description/share/go2_description/urdf/.history/go2_description_20230905115226.urdf
[1.454s] -- Up-to-date: /home/xn/unitree_go2_ws/install/go2_description/share/go2_description/urdf/.history/go2_description_20230905113000.urdf
[1.454s] -- Up-to-date: /home/xn/unitree_go2_ws/install/go2_description/share/go2_description/urdf/.history/go2_description_20230905115300.urdf
[1.454s] -- Up-to-date: /home/xn/unitree_go2_ws/install/go2_description/share/go2_description/urdf/.history/go2_description_20230905115022.urdf
[1.455s] -- Up-to-date: /home/xn/unitree_go2_ws/install/go2_description/share/go2_description/urdf/.history/go2_description_20230905112217.urdf
[1.455s] -- Up-to-date: /home/xn/unitree_go2_ws/install/go2_description/share/go2_description/urdf/.history/go2_description_20230904144240.urdf
[1.455s] -- Up-to-date: /home/xn/unitree_go2_ws/install/go2_description/share/go2_description/urdf/.history/go2_description_20230905115021.urdf
[1.455s] -- Up-to-date: /home/xn/unitree_go2_ws/install/go2_description/share/go2_description/urdf/.history/go2_description_20230905112749.urdf
[1.455s] -- Up-to-date: /home/xn/unitree_go2_ws/install/go2_description/share/go2_description/urdf/.history/go2_description_20230905113633.urdf
[1.455s] -- Up-to-date: /home/xn/unitree_go2_ws/install/go2_description/share/go2_description/urdf/.history/go2_description_20230905112143.urdf
[1.456s] -- Up-to-date: /home/xn/unitree_go2_ws/install/go2_description/share/go2_description/urdf/.history/go2_description_20230905113839.urdf
[1.456s] -- Up-to-date: /home/xn/unitree_go2_ws/install/go2_description/share/go2_description/urdf/.history/go2_description_20230904193711.urdf
[1.456s] -- Up-to-date: /home/xn/unitree_go2_ws/install/go2_description/share/go2_description/urdf/.history/go2_description_20230905114759.urdf
[1.457s] -- Up-to-date: /home/xn/unitree_go2_ws/install/go2_description/share/go2_description/urdf/.history/go2_description_20230904193628.urdf
[1.457s] -- Up-to-date: /home/xn/unitree_go2_ws/install/go2_description/share/go2_description/meshes
[1.458s] -- Up-to-date: /home/xn/unitree_go2_ws/install/go2_description/share/go2_description/meshes/foot.dae
[1.461s] -- Up-to-date: /home/xn/unitree_go2_ws/install/go2_description/share/go2_description/meshes/calf_mirror.dae
[1.462s] -- Up-to-date: /home/xn/unitree_go2_ws/install/go2_description/share/go2_description/meshes/hip.dae
[1.462s] -- Up-to-date: /home/xn/unitree_go2_ws/install/go2_description/share/go2_description/meshes/calf.dae
[1.463s] -- Up-to-date: /home/xn/unitree_go2_ws/install/go2_description/share/go2_description/meshes/thigh_mirror.dae
[1.463s] -- Up-to-date: /home/xn/unitree_go2_ws/install/go2_description/share/go2_description/meshes/trunk.dae
[1.464s] -- Up-to-date: /home/xn/unitree_go2_ws/install/go2_description/share/go2_description/meshes/thigh.dae
[1.464s] -- Up-to-date: /home/xn/unitree_go2_ws/install/go2_description/share/ament_index/resource_index/package_run_dependencies/go2_description
[1.464s] -- Up-to-date: /home/xn/unitree_go2_ws/install/go2_description/share/ament_index/resource_index/parent_prefix_path/go2_description
[1.464s] -- Up-to-date: /home/xn/unitree_go2_ws/install/go2_description/share/go2_description/environment/ament_prefix_path.sh
[1.464s] -- Up-to-date: /home/xn/unitree_go2_ws/install/go2_description/share/go2_description/environment/ament_prefix_path.dsv
[1.464s] -- Up-to-date: /home/xn/unitree_go2_ws/install/go2_description/share/go2_description/environment/path.sh
[1.464s] -- Up-to-date: /home/xn/unitree_go2_ws/install/go2_description/share/go2_description/environment/path.dsv
[1.465s] -- Up-to-date: /home/xn/unitree_go2_ws/install/go2_description/share/go2_description/local_setup.bash
[1.465s] -- Up-to-date: /home/xn/unitree_go2_ws/install/go2_description/share/go2_description/local_setup.sh
[1.465s] -- Up-to-date: /home/xn/unitree_go2_ws/install/go2_description/share/go2_description/local_setup.zsh
[1.465s] -- Up-to-date: /home/xn/unitree_go2_ws/install/go2_description/share/go2_description/local_setup.dsv
[1.465s] -- Installing: /home/xn/unitree_go2_ws/install/go2_description/share/go2_description/package.dsv
[1.466s] -- Up-to-date: /home/xn/unitree_go2_ws/install/go2_description/share/ament_index/resource_index/packages/go2_description
[1.466s] -- Up-to-date: /home/xn/unitree_go2_ws/install/go2_description/share/go2_description/cmake/go2_descriptionConfig.cmake
[1.466s] -- Up-to-date: /home/xn/unitree_go2_ws/install/go2_description/share/go2_description/cmake/go2_descriptionConfig-version.cmake
[1.466s] -- Up-to-date: /home/xn/unitree_go2_ws/install/go2_description/share/go2_description/package.xml
[1.543s] Invoked command in '/home/xn/unitree_go2_ws/build/go2_description' returned '0': CMAKE_PREFIX_PATH=${CMAKE_PREFIX_PATH}:/home/xn/unitree_go2_ws/install/my_test_py:/home/xn/unitree_go2_ws/install/helloworld_py:/home/xn/unitree_go2_ws/install/go2_twist_bridge_py:/home/xn/unitree_go2_ws/install/go2_tutorial_py:/home/xn/unitree_go2_ws/install/go2_teleop_ctrl_keyboard:/home/xn/unitree_go2_ws/install/go2_driver_py:/opt/ros/foxy /usr/bin/cmake --install /home/xn/unitree_go2_ws/build/go2_description
